Building DAG of jobs...
Using shell: /usr/bin/bash
Provided cores: 15
Rules claiming more threads will be scaled down.
Job stats:
job      count    min threads    max threads
-----  -------  -------------  -------------
GFSu         1              1              1
all          1              1              1
total        2              1              1

Select jobs to execute...

[Wed Nov  8 15:38:18 2023]
rule GFSu:
    input: output/seed_2_sep/1_feature_selection/seed_2_sep.counts.train.VST.tsv, output/seed_2_sep/1_feature_selection/seed_2_sep.counts.test.VST.tsv, output/seed_2_sep/1_feature_selection/seed_2_sep.counts.val.VST.tsv, input/seed_2_sep/seed_2_sep.metadata.train.tsv, input/seed_2_sep/seed_2_sep.metadata.test.tsv, input/seed_2_sep/seed_2_sep.metadata.val.tsv, output/seed_2_sep/1_feature_selection/seed_2_sep.deseqResults.tsv
    output: output/seed_2_sep/GFSu/GFSu_seed_2_sep.GFSu.rds, output/seed_2_sep/GFSu/GFSu_seed_2_sep.GFSu.train.txt, output/seed_2_sep/GFSu/GFSu_seed_2_sep.GFSu.test.txt, output/seed_2_sep/GFSu/GFSu_seed_2_sep.GFSu.val.txt
    jobid: 16
    reason: Missing output files: output/seed_2_sep/GFSu/GFSu_seed_2_sep.GFSu.train.txt, output/seed_2_sep/GFSu/GFSu_seed_2_sep.GFSu.val.txt, output/seed_2_sep/GFSu/GFSu_seed_2_sep.GFSu.test.txt, output/seed_2_sep/GFSu/GFSu_seed_2_sep.GFSu.rds
    wildcards: sample=seed_2_sep
    resources: tmpdir=/tmp

[Wed Nov  8 15:38:21 2023]
Finished job 16.
1 of 2 steps (50%) done
Select jobs to execute...

[Wed Nov  8 15:38:21 2023]
localrule all:
    input: output/seed_2_sep/1_feature_selection/seed_2_sep.counts.train.VST.tsv, output/seed_2_sep/1_feature_selection/seed_2_sep.counts.test.VST.tsv, output/seed_2_sep/1_feature_selection/seed_2_sep.counts.val.VST.tsv, output/seed_2_sep/1_feature_selection/seed_2_sep.deseqResults.tsv, output/seed_2_sep/C5/seed_2_sep.C5.rds, output/seed_2_sep/EXTRATREES/seed_2_sep.EXTRATREES.rds, output/seed_2_sep/GLM/seed_2_sep.GLM.rds, output/seed_2_sep/GLMNETLasso/seed_2_sep.GLMNETLasso.rds, output/seed_2_sep/GLMNETRidge/seed_2_sep.GLMNETRidge.rds, output/seed_2_sep/KNN/seed_2_sep.KNN.rds, output/seed_2_sep/LDA/seed_2_sep.LDA.rds, output/seed_2_sep/NB/seed_2_sep.NB.rds, output/seed_2_sep/NNET/seed_2_sep.NNET.rds, output/seed_2_sep/PAM/seed_2_sep.PAM.rds, output/seed_2_sep/RF/seed_2_sep.RF.rds, output/seed_2_sep/RPART/seed_2_sep.RPART.rds, output/seed_2_sep/SVMLIN/seed_2_sep.SVMLIN.rds, output/seed_2_sep/SVMRAD/seed_2_sep.SVMRAD.rds, output/seed_2_sep/C5/seed_2_sep.C5.train.txt, output/seed_2_sep/EXTRATREES/seed_2_sep.EXTRATREES.train.txt, output/seed_2_sep/GLM/seed_2_sep.GLM.train.txt, output/seed_2_sep/GLMNETLasso/seed_2_sep.GLMNETLasso.train.txt, output/seed_2_sep/GLMNETRidge/seed_2_sep.GLMNETRidge.train.txt, output/seed_2_sep/KNN/seed_2_sep.KNN.train.txt, output/seed_2_sep/LDA/seed_2_sep.LDA.train.txt, output/seed_2_sep/NB/seed_2_sep.NB.train.txt, output/seed_2_sep/NNET/seed_2_sep.NNET.train.txt, output/seed_2_sep/PAM/seed_2_sep.PAM.train.txt, output/seed_2_sep/RF/seed_2_sep.RF.train.txt, output/seed_2_sep/RPART/seed_2_sep.RPART.train.txt, output/seed_2_sep/SVMLIN/seed_2_sep.SVMLIN.train.txt, output/seed_2_sep/SVMRAD/seed_2_sep.SVMRAD.train.txt, output/seed_2_sep/C5/seed_2_sep.C5.test.txt, output/seed_2_sep/EXTRATREES/seed_2_sep.EXTRATREES.test.txt, output/seed_2_sep/GLM/seed_2_sep.GLM.test.txt, output/seed_2_sep/GLMNETLasso/seed_2_sep.GLMNETLasso.test.txt, output/seed_2_sep/GLMNETRidge/seed_2_sep.GLMNETRidge.test.txt, output/seed_2_sep/KNN/seed_2_sep.KNN.test.txt, output/seed_2_sep/LDA/seed_2_sep.LDA.test.txt, output/seed_2_sep/NB/seed_2_sep.NB.test.txt, output/seed_2_sep/NNET/seed_2_sep.NNET.test.txt, output/seed_2_sep/PAM/seed_2_sep.PAM.test.txt, output/seed_2_sep/RF/seed_2_sep.RF.test.txt, output/seed_2_sep/RPART/seed_2_sep.RPART.test.txt, output/seed_2_sep/SVMLIN/seed_2_sep.SVMLIN.test.txt, output/seed_2_sep/SVMRAD/seed_2_sep.SVMRAD.test.txt, output/seed_2_sep/C5/seed_2_sep.C5.val.txt, output/seed_2_sep/EXTRATREES/seed_2_sep.EXTRATREES.val.txt, output/seed_2_sep/GLM/seed_2_sep.GLM.val.txt, output/seed_2_sep/GLMNETLasso/seed_2_sep.GLMNETLasso.val.txt, output/seed_2_sep/GLMNETRidge/seed_2_sep.GLMNETRidge.val.txt, output/seed_2_sep/KNN/seed_2_sep.KNN.val.txt, output/seed_2_sep/LDA/seed_2_sep.LDA.val.txt, output/seed_2_sep/NB/seed_2_sep.NB.val.txt, output/seed_2_sep/NNET/seed_2_sep.NNET.val.txt, output/seed_2_sep/PAM/seed_2_sep.PAM.val.txt, output/seed_2_sep/RF/seed_2_sep.RF.val.txt, output/seed_2_sep/RPART/seed_2_sep.RPART.val.txt, output/seed_2_sep/SVMLIN/seed_2_sep.SVMLIN.val.txt, output/seed_2_sep/SVMRAD/seed_2_sep.SVMRAD.val.txt, output/seed_2_sep/GFSu/GFSu_seed_2_sep.GFSu.rds, output/seed_2_sep/GFSu/GFSu_seed_2_sep.GFSu.train.txt, output/seed_2_sep/GFSu/GFSu_seed_2_sep.GFSu.test.txt, output/seed_2_sep/GFSu/GFSu_seed_2_sep.GFSu.val.txt
    jobid: 0
    reason: Input files updated by another job: output/seed_2_sep/GFSu/GFSu_seed_2_sep.GFSu.val.txt, output/seed_2_sep/GFSu/GFSu_seed_2_sep.GFSu.test.txt, output/seed_2_sep/GFSu/GFSu_seed_2_sep.GFSu.train.txt, output/seed_2_sep/GFSu/GFSu_seed_2_sep.GFSu.rds
    resources: tmpdir=/tmp

[Wed Nov  8 15:38:21 2023]
Finished job 0.
2 of 2 steps (100%) done
Complete log: .snakemake/log/2023-11-08T153818.202131.snakemake.log
