Building DAG of jobs...
Using shell: /usr/bin/bash
Provided cores: 15
Rules claiming more threads will be scaled down.
Job stats:
job                                    count    min threads    max threads
-----------------------------------  -------  -------------  -------------
all                                        1              1              1
feature_selection_and_normalization        2              1              1
models                                     2              1              1
total                                      5              1              1

Select jobs to execute...

[Wed Nov  8 13:33:39 2023]
rule feature_selection_and_normalization:
    input: input/seed_1_sep/seed_1_sep.counts.train.tsv, input/seed_1_sep/seed_1_sep.counts.test.tsv, input/seed_1_sep/seed_1_sep.counts.val.tsv, input/seed_1_sep/seed_1_sep.metadata.train.tsv, input/seed_1_sep/seed_1_sep.metadata.test.tsv, input/seed_1_sep/seed_1_sep.metadata.val.tsv
    output: output/seed_1_sep/1_feature_selection/seed_1_sep.counts.train.VST.tsv, output/seed_1_sep/1_feature_selection/seed_1_sep.counts.test.VST.tsv, output/seed_1_sep/1_feature_selection/seed_1_sep.counts.val.VST.tsv, output/seed_1_sep/1_feature_selection/seed_1_sep.deseqResults.tsv
    jobid: 1
    reason: Missing output files: output/seed_1_sep/1_feature_selection/seed_1_sep.counts.train.VST.tsv, output/seed_1_sep/1_feature_selection/seed_1_sep.counts.val.VST.tsv, output/seed_1_sep/1_feature_selection/seed_1_sep.counts.test.VST.tsv, output/seed_1_sep/1_feature_selection/seed_1_sep.deseqResults.tsv; Updated input files: input/seed_1_sep/seed_1_sep.counts.test.tsv, input/seed_1_sep/seed_1_sep.counts.train.tsv, input/seed_1_sep/seed_1_sep.metadata.val.tsv, input/seed_1_sep/seed_1_sep.metadata.train.tsv, input/seed_1_sep/seed_1_sep.metadata.test.tsv, input/seed_1_sep/seed_1_sep.counts.val.tsv
    wildcards: sample=seed_1_sep
    resources: tmpdir=/tmp

[Wed Nov  8 13:33:39 2023]
rule feature_selection_and_normalization:
    input: input/seed_2_sep/seed_2_sep.counts.train.tsv, input/seed_2_sep/seed_2_sep.counts.test.tsv, input/seed_2_sep/seed_2_sep.counts.val.tsv, input/seed_2_sep/seed_2_sep.metadata.train.tsv, input/seed_2_sep/seed_2_sep.metadata.test.tsv, input/seed_2_sep/seed_2_sep.metadata.val.tsv
    output: output/seed_2_sep/1_feature_selection/seed_2_sep.counts.train.VST.tsv, output/seed_2_sep/1_feature_selection/seed_2_sep.counts.test.VST.tsv, output/seed_2_sep/1_feature_selection/seed_2_sep.counts.val.VST.tsv, output/seed_2_sep/1_feature_selection/seed_2_sep.deseqResults.tsv
    jobid: 2
    reason: Missing output files: output/seed_2_sep/1_feature_selection/seed_2_sep.deseqResults.tsv, output/seed_2_sep/1_feature_selection/seed_2_sep.counts.test.VST.tsv, output/seed_2_sep/1_feature_selection/seed_2_sep.counts.train.VST.tsv, output/seed_2_sep/1_feature_selection/seed_2_sep.counts.val.VST.tsv; Updated input files: input/seed_2_sep/seed_2_sep.counts.train.tsv, input/seed_2_sep/seed_2_sep.metadata.train.tsv, input/seed_2_sep/seed_2_sep.metadata.test.tsv, input/seed_2_sep/seed_2_sep.counts.val.tsv, input/seed_2_sep/seed_2_sep.counts.test.tsv, input/seed_2_sep/seed_2_sep.metadata.val.tsv
    wildcards: sample=seed_2_sep
    resources: tmpdir=/tmp

Terminating processes on user request, this might take some time.
[Wed Nov  8 13:33:42 2023]
Error in rule feature_selection_and_normalization:
    jobid: 1
    input: input/seed_1_sep/seed_1_sep.counts.train.tsv, input/seed_1_sep/seed_1_sep.counts.test.tsv, input/seed_1_sep/seed_1_sep.counts.val.tsv, input/seed_1_sep/seed_1_sep.metadata.train.tsv, input/seed_1_sep/seed_1_sep.metadata.test.tsv, input/seed_1_sep/seed_1_sep.metadata.val.tsv
    output: output/seed_1_sep/1_feature_selection/seed_1_sep.counts.train.VST.tsv, output/seed_1_sep/1_feature_selection/seed_1_sep.counts.test.VST.tsv, output/seed_1_sep/1_feature_selection/seed_1_sep.counts.val.VST.tsv, output/seed_1_sep/1_feature_selection/seed_1_sep.deseqResults.tsv

RuleException:
CalledProcessError in line 21 of /local/workdir/cjl332/tb-cfrna/snakemake_pipeline/workflow/rules/main.smk:
Command 'set -euo pipefail;  Rscript --vanilla /local/workdir/cjl332/tb-cfrna/snakemake_pipeline/.snakemake/scripts/tmpx_oon6qj.1_feature-selection.R' returned non-zero exit status 1.
  File "/local/workdir/cjl332/tb-cfrna/snakemake_pipeline/workflow/rules/main.smk", line 21, in __rule_feature_selection_and_normalization
  File "/usr/lib64/python3.9/concurrent/futures/thread.py", line 58, in run
[Wed Nov  8 13:33:42 2023]
Error in rule feature_selection_and_normalization:
    jobid: 2
    input: input/seed_2_sep/seed_2_sep.counts.train.tsv, input/seed_2_sep/seed_2_sep.counts.test.tsv, input/seed_2_sep/seed_2_sep.counts.val.tsv, input/seed_2_sep/seed_2_sep.metadata.train.tsv, input/seed_2_sep/seed_2_sep.metadata.test.tsv, input/seed_2_sep/seed_2_sep.metadata.val.tsv
    output: output/seed_2_sep/1_feature_selection/seed_2_sep.counts.train.VST.tsv, output/seed_2_sep/1_feature_selection/seed_2_sep.counts.test.VST.tsv, output/seed_2_sep/1_feature_selection/seed_2_sep.counts.val.VST.tsv, output/seed_2_sep/1_feature_selection/seed_2_sep.deseqResults.tsv

RuleException:
CalledProcessError in line 21 of /local/workdir/cjl332/tb-cfrna/snakemake_pipeline/workflow/rules/main.smk:
Command 'set -euo pipefail;  Rscript --vanilla /local/workdir/cjl332/tb-cfrna/snakemake_pipeline/.snakemake/scripts/tmpb2p1a7es.1_feature-selection.R' returned non-zero exit status 1.
  File "/local/workdir/cjl332/tb-cfrna/snakemake_pipeline/workflow/rules/main.smk", line 21, in __rule_feature_selection_and_normalization
  File "/usr/lib64/python3.9/concurrent/futures/thread.py", line 58, in run
Complete log: .snakemake/log/2023-11-08T133338.859700.snakemake.log
