Building DAG of jobs...
Using shell: /usr/bin/bash
Provided cores: 15
Rules claiming more threads will be scaled down.
Job stats:
job       count    min threads    max threads
------  -------  -------------  -------------
all           1              1              1
models        6              1              1
total         7              1              1

Select jobs to execute...

[Wed Nov  8 13:12:27 2023]
rule models:
    input: output/seed_2_sep/1_feature_selection/seed_2_sep.counts.train.VST.tsv, output/seed_2_sep/1_feature_selection/seed_2_sep.counts.test.VST.tsv, output/seed_2_sep/1_feature_selection/seed_2_sep.counts.val.VST.tsv, output/seed_2_sep/0_input/seed_2_sep.metadata.train.tsv, output/seed_2_sep/0_input/seed_2_sep.metadata.test.tsv, output/seed_2_sep/0_input/seed_2_sep.metadata.val.tsv, output/seed_2_sep/1_feature_selection/seed_2_sep.deseqResults.tsv
    output: output/seed_2_sep/GLM/seed_2_sep.GLM.rds, output/seed_2_sep/GLM/seed_2_sep.GLM.train.txt, output/seed_2_sep/GLM/seed_2_sep.GLM.test.txt, output/seed_2_sep/GLM/seed_2_sep.GLM.val.txt
    jobid: 6
    reason: Code has changed since last execution
    wildcards: sample=seed_2_sep, model=GLM
    resources: tmpdir=/tmp

[Wed Nov  8 13:12:27 2023]
rule models:
    input: output/seed_2_sep/1_feature_selection/seed_2_sep.counts.train.VST.tsv, output/seed_2_sep/1_feature_selection/seed_2_sep.counts.test.VST.tsv, output/seed_2_sep/1_feature_selection/seed_2_sep.counts.val.VST.tsv, output/seed_2_sep/0_input/seed_2_sep.metadata.train.tsv, output/seed_2_sep/0_input/seed_2_sep.metadata.test.tsv, output/seed_2_sep/0_input/seed_2_sep.metadata.val.tsv, output/seed_2_sep/1_feature_selection/seed_2_sep.deseqResults.tsv
    output: output/seed_2_sep/GLMNETLasso/seed_2_sep.GLMNETLasso.rds, output/seed_2_sep/GLMNETLasso/seed_2_sep.GLMNETLasso.train.txt, output/seed_2_sep/GLMNETLasso/seed_2_sep.GLMNETLasso.test.txt, output/seed_2_sep/GLMNETLasso/seed_2_sep.GLMNETLasso.val.txt
    jobid: 7
    reason: Missing output files: output/seed_2_sep/GLMNETLasso/seed_2_sep.GLMNETLasso.rds
    wildcards: sample=seed_2_sep, model=GLMNETLasso
    resources: tmpdir=/tmp

[Wed Nov  8 13:12:27 2023]
rule models:
    input: output/seed_1_sep/1_feature_selection/seed_1_sep.counts.train.VST.tsv, output/seed_1_sep/1_feature_selection/seed_1_sep.counts.test.VST.tsv, output/seed_1_sep/1_feature_selection/seed_1_sep.counts.val.VST.tsv, output/seed_1_sep/0_input/seed_1_sep.metadata.train.tsv, output/seed_1_sep/0_input/seed_1_sep.metadata.test.tsv, output/seed_1_sep/0_input/seed_1_sep.metadata.val.tsv, output/seed_1_sep/1_feature_selection/seed_1_sep.deseqResults.tsv
    output: output/seed_1_sep/GLM/seed_1_sep.GLM.rds, output/seed_1_sep/GLM/seed_1_sep.GLM.train.txt, output/seed_1_sep/GLM/seed_1_sep.GLM.test.txt, output/seed_1_sep/GLM/seed_1_sep.GLM.val.txt
    jobid: 3
    reason: Code has changed since last execution
    wildcards: sample=seed_1_sep, model=GLM
    resources: tmpdir=/tmp

[Wed Nov  8 13:12:27 2023]
rule models:
    input: output/seed_1_sep/1_feature_selection/seed_1_sep.counts.train.VST.tsv, output/seed_1_sep/1_feature_selection/seed_1_sep.counts.test.VST.tsv, output/seed_1_sep/1_feature_selection/seed_1_sep.counts.val.VST.tsv, output/seed_1_sep/0_input/seed_1_sep.metadata.train.tsv, output/seed_1_sep/0_input/seed_1_sep.metadata.test.tsv, output/seed_1_sep/0_input/seed_1_sep.metadata.val.tsv, output/seed_1_sep/1_feature_selection/seed_1_sep.deseqResults.tsv
    output: output/seed_1_sep/RF/seed_1_sep.RF.rds, output/seed_1_sep/RF/seed_1_sep.RF.train.txt, output/seed_1_sep/RF/seed_1_sep.RF.test.txt, output/seed_1_sep/RF/seed_1_sep.RF.val.txt
    jobid: 5
    reason: Missing output files: output/seed_1_sep/RF/seed_1_sep.RF.rds
    wildcards: sample=seed_1_sep, model=RF
    resources: tmpdir=/tmp

[Wed Nov  8 13:12:27 2023]
rule models:
    input: output/seed_2_sep/1_feature_selection/seed_2_sep.counts.train.VST.tsv, output/seed_2_sep/1_feature_selection/seed_2_sep.counts.test.VST.tsv, output/seed_2_sep/1_feature_selection/seed_2_sep.counts.val.VST.tsv, output/seed_2_sep/0_input/seed_2_sep.metadata.train.tsv, output/seed_2_sep/0_input/seed_2_sep.metadata.test.tsv, output/seed_2_sep/0_input/seed_2_sep.metadata.val.tsv, output/seed_2_sep/1_feature_selection/seed_2_sep.deseqResults.tsv
    output: output/seed_2_sep/RF/seed_2_sep.RF.rds, output/seed_2_sep/RF/seed_2_sep.RF.train.txt, output/seed_2_sep/RF/seed_2_sep.RF.test.txt, output/seed_2_sep/RF/seed_2_sep.RF.val.txt
    jobid: 8
    reason: Missing output files: output/seed_2_sep/RF/seed_2_sep.RF.rds
    wildcards: sample=seed_2_sep, model=RF
    resources: tmpdir=/tmp

[Wed Nov  8 13:12:27 2023]
rule models:
    input: output/seed_1_sep/1_feature_selection/seed_1_sep.counts.train.VST.tsv, output/seed_1_sep/1_feature_selection/seed_1_sep.counts.test.VST.tsv, output/seed_1_sep/1_feature_selection/seed_1_sep.counts.val.VST.tsv, output/seed_1_sep/0_input/seed_1_sep.metadata.train.tsv, output/seed_1_sep/0_input/seed_1_sep.metadata.test.tsv, output/seed_1_sep/0_input/seed_1_sep.metadata.val.tsv, output/seed_1_sep/1_feature_selection/seed_1_sep.deseqResults.tsv
    output: output/seed_1_sep/GLMNETLasso/seed_1_sep.GLMNETLasso.rds, output/seed_1_sep/GLMNETLasso/seed_1_sep.GLMNETLasso.train.txt, output/seed_1_sep/GLMNETLasso/seed_1_sep.GLMNETLasso.test.txt, output/seed_1_sep/GLMNETLasso/seed_1_sep.GLMNETLasso.val.txt
    jobid: 4
    reason: Missing output files: output/seed_1_sep/GLMNETLasso/seed_1_sep.GLMNETLasso.rds
    wildcards: sample=seed_1_sep, model=GLMNETLasso
    resources: tmpdir=/tmp

[Wed Nov  8 13:12:31 2023]
Finished job 3.
1 of 7 steps (14%) done
[Wed Nov  8 13:12:31 2023]
Finished job 6.
2 of 7 steps (29%) done
[Wed Nov  8 13:13:12 2023]
Finished job 7.
3 of 7 steps (43%) done
[Wed Nov  8 13:13:12 2023]
Finished job 4.
4 of 7 steps (57%) done
[Wed Nov  8 13:13:21 2023]
Finished job 5.
5 of 7 steps (71%) done
[Wed Nov  8 13:13:35 2023]
Finished job 8.
6 of 7 steps (86%) done
Select jobs to execute...

[Wed Nov  8 13:13:35 2023]
localrule all:
    input: output/seed_1_sep/1_feature_selection/seed_1_sep.counts.train.VST.tsv, output/seed_2_sep/1_feature_selection/seed_2_sep.counts.train.VST.tsv, output/seed_1_sep/1_feature_selection/seed_1_sep.counts.test.VST.tsv, output/seed_2_sep/1_feature_selection/seed_2_sep.counts.test.VST.tsv, output/seed_1_sep/1_feature_selection/seed_1_sep.counts.val.VST.tsv, output/seed_2_sep/1_feature_selection/seed_2_sep.counts.val.VST.tsv, output/seed_1_sep/1_feature_selection/seed_1_sep.deseqResults.tsv, output/seed_2_sep/1_feature_selection/seed_2_sep.deseqResults.tsv, output/seed_1_sep/GLM/seed_1_sep.GLM.rds, output/seed_1_sep/GLMNETLasso/seed_1_sep.GLMNETLasso.rds, output/seed_1_sep/RF/seed_1_sep.RF.rds, output/seed_2_sep/GLM/seed_2_sep.GLM.rds, output/seed_2_sep/GLMNETLasso/seed_2_sep.GLMNETLasso.rds, output/seed_2_sep/RF/seed_2_sep.RF.rds, output/seed_1_sep/GLM/seed_1_sep.GLM.rds, output/seed_1_sep/GLMNETLasso/seed_1_sep.GLMNETLasso.rds, output/seed_1_sep/RF/seed_1_sep.RF.rds, output/seed_2_sep/GLM/seed_2_sep.GLM.rds, output/seed_2_sep/GLMNETLasso/seed_2_sep.GLMNETLasso.rds, output/seed_2_sep/RF/seed_2_sep.RF.rds, output/seed_1_sep/GLM/seed_1_sep.GLM.rds, output/seed_1_sep/GLMNETLasso/seed_1_sep.GLMNETLasso.rds, output/seed_1_sep/RF/seed_1_sep.RF.rds, output/seed_2_sep/GLM/seed_2_sep.GLM.rds, output/seed_2_sep/GLMNETLasso/seed_2_sep.GLMNETLasso.rds, output/seed_2_sep/RF/seed_2_sep.RF.rds, output/seed_1_sep/GLM/seed_1_sep.GLM.rds, output/seed_1_sep/GLMNETLasso/seed_1_sep.GLMNETLasso.rds, output/seed_1_sep/RF/seed_1_sep.RF.rds, output/seed_2_sep/GLM/seed_2_sep.GLM.rds, output/seed_2_sep/GLMNETLasso/seed_2_sep.GLMNETLasso.rds, output/seed_2_sep/RF/seed_2_sep.RF.rds
    jobid: 0
    reason: Input files updated by another job: output/seed_1_sep/RF/seed_1_sep.RF.rds, output/seed_1_sep/GLMNETLasso/seed_1_sep.GLMNETLasso.rds, output/seed_2_sep/GLMNETLasso/seed_2_sep.GLMNETLasso.rds, output/seed_2_sep/RF/seed_2_sep.RF.rds, output/seed_1_sep/GLM/seed_1_sep.GLM.rds, output/seed_2_sep/GLM/seed_2_sep.GLM.rds
    resources: tmpdir=/tmp

[Wed Nov  8 13:13:35 2023]
Finished job 0.
7 of 7 steps (100%) done
Complete log: .snakemake/log/2023-11-08T131227.362967.snakemake.log
