Building DAG of jobs...
Using shell: /usr/bin/bash
Provided cores: 15
Rules claiming more threads will be scaled down.
Job stats:
job                                    count    min threads    max threads
-----------------------------------  -------  -------------  -------------
all                                        1              1              1
feature_selection_and_normalization        6              1              1
models                                     6              1              1
total                                     13              1              1

Select jobs to execute...

[Sun Dec  3 17:12:25 2023]
rule feature_selection_and_normalization:
    input: /workdir/cjl332/prevail/PAPER2/0_DATA/counts_train.7030.csv, /workdir/cjl332/prevail/PAPER2/0_DATA/counts_test.7030.csv, /workdir/cjl332/prevail/PAPER2/0_DATA/counts_test.7030.csv, /workdir/cjl332/prevail/PAPER2/0_DATA/counts_train_vst.7030.csv, /workdir/cjl332/prevail/PAPER2/0_DATA/counts_test_vst.7030.csv, /workdir/cjl332/prevail/PAPER2/0_DATA/counts_test_vst.7030.csv, /workdir/cjl332/prevail/PAPER2/0_DATA/meta_data_train.7030.csv, /workdir/cjl332/prevail/PAPER2/0_DATA/meta_data_test.7030.csv, /workdir/cjl332/prevail/PAPER2/0_DATA/meta_data_test.7030.csv
    output: output/viral_infection<>bacterial_infection/1_feature_selection/viral_infection<>bacterial_infection.counts.train.VST.SIG.tsv, output/viral_infection<>bacterial_infection/1_feature_selection/viral_infection<>bacterial_infection.counts.test.VST.SIG.tsv, output/viral_infection<>bacterial_infection/1_feature_selection/viral_infection<>bacterial_infection.counts.val.VST.SIG.tsv, output/viral_infection<>bacterial_infection/1_feature_selection/viral_infection<>bacterial_infection.deseqResults.tsv
    jobid: 6
    reason: Missing output files: output/viral_infection<>bacterial_infection/1_feature_selection/viral_infection<>bacterial_infection.counts.test.VST.SIG.tsv, output/viral_infection<>bacterial_infection/1_feature_selection/viral_infection<>bacterial_infection.counts.train.VST.SIG.tsv, output/viral_infection<>bacterial_infection/1_feature_selection/viral_infection<>bacterial_infection.deseqResults.tsv, output/viral_infection<>bacterial_infection/1_feature_selection/viral_infection<>bacterial_infection.counts.val.VST.SIG.tsv
    wildcards: condition_pair=viral_infection<>bacterial_infection
    resources: tmpdir=/tmp

[Sun Dec  3 17:12:25 2023]
rule feature_selection_and_normalization:
    input: /workdir/cjl332/prevail/PAPER2/0_DATA/counts_train.7030.csv, /workdir/cjl332/prevail/PAPER2/0_DATA/counts_test.7030.csv, /workdir/cjl332/prevail/PAPER2/0_DATA/counts_test.7030.csv, /workdir/cjl332/prevail/PAPER2/0_DATA/counts_train_vst.7030.csv, /workdir/cjl332/prevail/PAPER2/0_DATA/counts_test_vst.7030.csv, /workdir/cjl332/prevail/PAPER2/0_DATA/counts_test_vst.7030.csv, /workdir/cjl332/prevail/PAPER2/0_DATA/meta_data_train.7030.csv, /workdir/cjl332/prevail/PAPER2/0_DATA/meta_data_test.7030.csv, /workdir/cjl332/prevail/PAPER2/0_DATA/meta_data_test.7030.csv
    output: output/MISC<>KD/1_feature_selection/MISC<>KD.counts.train.VST.SIG.tsv, output/MISC<>KD/1_feature_selection/MISC<>KD.counts.test.VST.SIG.tsv, output/MISC<>KD/1_feature_selection/MISC<>KD.counts.val.VST.SIG.tsv, output/MISC<>KD/1_feature_selection/MISC<>KD.deseqResults.tsv
    jobid: 1
    reason: Missing output files: output/MISC<>KD/1_feature_selection/MISC<>KD.counts.train.VST.SIG.tsv, output/MISC<>KD/1_feature_selection/MISC<>KD.deseqResults.tsv, output/MISC<>KD/1_feature_selection/MISC<>KD.counts.val.VST.SIG.tsv, output/MISC<>KD/1_feature_selection/MISC<>KD.counts.test.VST.SIG.tsv
    wildcards: condition_pair=MISC<>KD
    resources: tmpdir=/tmp

[Sun Dec  3 17:12:25 2023]
rule feature_selection_and_normalization:
    input: /workdir/cjl332/prevail/PAPER2/0_DATA/counts_train.7030.csv, /workdir/cjl332/prevail/PAPER2/0_DATA/counts_test.7030.csv, /workdir/cjl332/prevail/PAPER2/0_DATA/counts_test.7030.csv, /workdir/cjl332/prevail/PAPER2/0_DATA/counts_train_vst.7030.csv, /workdir/cjl332/prevail/PAPER2/0_DATA/counts_test_vst.7030.csv, /workdir/cjl332/prevail/PAPER2/0_DATA/counts_test_vst.7030.csv, /workdir/cjl332/prevail/PAPER2/0_DATA/meta_data_train.7030.csv, /workdir/cjl332/prevail/PAPER2/0_DATA/meta_data_test.7030.csv, /workdir/cjl332/prevail/PAPER2/0_DATA/meta_data_test.7030.csv
    output: output/MISC<>bacterial_infection/1_feature_selection/MISC<>bacterial_infection.counts.train.VST.SIG.tsv, output/MISC<>bacterial_infection/1_feature_selection/MISC<>bacterial_infection.counts.test.VST.SIG.tsv, output/MISC<>bacterial_infection/1_feature_selection/MISC<>bacterial_infection.counts.val.VST.SIG.tsv, output/MISC<>bacterial_infection/1_feature_selection/MISC<>bacterial_infection.deseqResults.tsv
    jobid: 3
    reason: Missing output files: output/MISC<>bacterial_infection/1_feature_selection/MISC<>bacterial_infection.counts.train.VST.SIG.tsv, output/MISC<>bacterial_infection/1_feature_selection/MISC<>bacterial_infection.deseqResults.tsv, output/MISC<>bacterial_infection/1_feature_selection/MISC<>bacterial_infection.counts.val.VST.SIG.tsv, output/MISC<>bacterial_infection/1_feature_selection/MISC<>bacterial_infection.counts.test.VST.SIG.tsv
    wildcards: condition_pair=MISC<>bacterial_infection
    resources: tmpdir=/tmp

[Sun Dec  3 17:12:25 2023]
rule feature_selection_and_normalization:
    input: /workdir/cjl332/prevail/PAPER2/0_DATA/counts_train.7030.csv, /workdir/cjl332/prevail/PAPER2/0_DATA/counts_test.7030.csv, /workdir/cjl332/prevail/PAPER2/0_DATA/counts_test.7030.csv, /workdir/cjl332/prevail/PAPER2/0_DATA/counts_train_vst.7030.csv, /workdir/cjl332/prevail/PAPER2/0_DATA/counts_test_vst.7030.csv, /workdir/cjl332/prevail/PAPER2/0_DATA/counts_test_vst.7030.csv, /workdir/cjl332/prevail/PAPER2/0_DATA/meta_data_train.7030.csv, /workdir/cjl332/prevail/PAPER2/0_DATA/meta_data_test.7030.csv, /workdir/cjl332/prevail/PAPER2/0_DATA/meta_data_test.7030.csv
    output: output/KD<>bacterial_infection/1_feature_selection/KD<>bacterial_infection.counts.train.VST.SIG.tsv, output/KD<>bacterial_infection/1_feature_selection/KD<>bacterial_infection.counts.test.VST.SIG.tsv, output/KD<>bacterial_infection/1_feature_selection/KD<>bacterial_infection.counts.val.VST.SIG.tsv, output/KD<>bacterial_infection/1_feature_selection/KD<>bacterial_infection.deseqResults.tsv
    jobid: 5
    reason: Missing output files: output/KD<>bacterial_infection/1_feature_selection/KD<>bacterial_infection.counts.test.VST.SIG.tsv, output/KD<>bacterial_infection/1_feature_selection/KD<>bacterial_infection.counts.train.VST.SIG.tsv, output/KD<>bacterial_infection/1_feature_selection/KD<>bacterial_infection.deseqResults.tsv, output/KD<>bacterial_infection/1_feature_selection/KD<>bacterial_infection.counts.val.VST.SIG.tsv
    wildcards: condition_pair=KD<>bacterial_infection
    resources: tmpdir=/tmp

[Sun Dec  3 17:12:25 2023]
rule feature_selection_and_normalization:
    input: /workdir/cjl332/prevail/PAPER2/0_DATA/counts_train.7030.csv, /workdir/cjl332/prevail/PAPER2/0_DATA/counts_test.7030.csv, /workdir/cjl332/prevail/PAPER2/0_DATA/counts_test.7030.csv, /workdir/cjl332/prevail/PAPER2/0_DATA/counts_train_vst.7030.csv, /workdir/cjl332/prevail/PAPER2/0_DATA/counts_test_vst.7030.csv, /workdir/cjl332/prevail/PAPER2/0_DATA/counts_test_vst.7030.csv, /workdir/cjl332/prevail/PAPER2/0_DATA/meta_data_train.7030.csv, /workdir/cjl332/prevail/PAPER2/0_DATA/meta_data_test.7030.csv, /workdir/cjl332/prevail/PAPER2/0_DATA/meta_data_test.7030.csv
    output: output/MISC<>viral_infection/1_feature_selection/MISC<>viral_infection.counts.train.VST.SIG.tsv, output/MISC<>viral_infection/1_feature_selection/MISC<>viral_infection.counts.test.VST.SIG.tsv, output/MISC<>viral_infection/1_feature_selection/MISC<>viral_infection.counts.val.VST.SIG.tsv, output/MISC<>viral_infection/1_feature_selection/MISC<>viral_infection.deseqResults.tsv
    jobid: 2
    reason: Missing output files: output/MISC<>viral_infection/1_feature_selection/MISC<>viral_infection.counts.test.VST.SIG.tsv, output/MISC<>viral_infection/1_feature_selection/MISC<>viral_infection.counts.val.VST.SIG.tsv, output/MISC<>viral_infection/1_feature_selection/MISC<>viral_infection.deseqResults.tsv, output/MISC<>viral_infection/1_feature_selection/MISC<>viral_infection.counts.train.VST.SIG.tsv
    wildcards: condition_pair=MISC<>viral_infection
    resources: tmpdir=/tmp

[Sun Dec  3 17:12:25 2023]
rule feature_selection_and_normalization:
    input: /workdir/cjl332/prevail/PAPER2/0_DATA/counts_train.7030.csv, /workdir/cjl332/prevail/PAPER2/0_DATA/counts_test.7030.csv, /workdir/cjl332/prevail/PAPER2/0_DATA/counts_test.7030.csv, /workdir/cjl332/prevail/PAPER2/0_DATA/counts_train_vst.7030.csv, /workdir/cjl332/prevail/PAPER2/0_DATA/counts_test_vst.7030.csv, /workdir/cjl332/prevail/PAPER2/0_DATA/counts_test_vst.7030.csv, /workdir/cjl332/prevail/PAPER2/0_DATA/meta_data_train.7030.csv, /workdir/cjl332/prevail/PAPER2/0_DATA/meta_data_test.7030.csv, /workdir/cjl332/prevail/PAPER2/0_DATA/meta_data_test.7030.csv
    output: output/KD<>viral_infection/1_feature_selection/KD<>viral_infection.counts.train.VST.SIG.tsv, output/KD<>viral_infection/1_feature_selection/KD<>viral_infection.counts.test.VST.SIG.tsv, output/KD<>viral_infection/1_feature_selection/KD<>viral_infection.counts.val.VST.SIG.tsv, output/KD<>viral_infection/1_feature_selection/KD<>viral_infection.deseqResults.tsv
    jobid: 4
    reason: Missing output files: output/KD<>viral_infection/1_feature_selection/KD<>viral_infection.counts.train.VST.SIG.tsv, output/KD<>viral_infection/1_feature_selection/KD<>viral_infection.counts.test.VST.SIG.tsv, output/KD<>viral_infection/1_feature_selection/KD<>viral_infection.deseqResults.tsv, output/KD<>viral_infection/1_feature_selection/KD<>viral_infection.counts.val.VST.SIG.tsv
    wildcards: condition_pair=KD<>viral_infection
    resources: tmpdir=/tmp

[Sun Dec  3 17:12:48 2023]
Finished job 6.
1 of 13 steps (8%) done
Select jobs to execute...

[Sun Dec  3 17:12:48 2023]
rule models:
    input: output/viral_infection<>bacterial_infection/1_feature_selection/viral_infection<>bacterial_infection.counts.train.VST.SIG.tsv, output/viral_infection<>bacterial_infection/1_feature_selection/viral_infection<>bacterial_infection.counts.test.VST.SIG.tsv, output/viral_infection<>bacterial_infection/1_feature_selection/viral_infection<>bacterial_infection.counts.val.VST.SIG.tsv, /workdir/cjl332/prevail/PAPER2/0_DATA/meta_data_train.7030.csv, /workdir/cjl332/prevail/PAPER2/0_DATA/meta_data_test.7030.csv, /workdir/cjl332/prevail/PAPER2/0_DATA/meta_data_test.7030.csv
    output: output/viral_infection<>bacterial_infection/GLMNETLasso/viral_infection<>bacterial_infection.GLMNETLasso.rds, output/viral_infection<>bacterial_infection/GLMNETLasso/viral_infection<>bacterial_infection.GLMNETLasso.train.txt, output/viral_infection<>bacterial_infection/GLMNETLasso/viral_infection<>bacterial_infection.GLMNETLasso.test.txt, output/viral_infection<>bacterial_infection/GLMNETLasso/viral_infection<>bacterial_infection.GLMNETLasso.val.txt
    jobid: 12
    reason: Missing output files: output/viral_infection<>bacterial_infection/GLMNETLasso/viral_infection<>bacterial_infection.GLMNETLasso.train.txt, output/viral_infection<>bacterial_infection/GLMNETLasso/viral_infection<>bacterial_infection.GLMNETLasso.test.txt, output/viral_infection<>bacterial_infection/GLMNETLasso/viral_infection<>bacterial_infection.GLMNETLasso.rds, output/viral_infection<>bacterial_infection/GLMNETLasso/viral_infection<>bacterial_infection.GLMNETLasso.val.txt; Input files updated by another job: output/viral_infection<>bacterial_infection/1_feature_selection/viral_infection<>bacterial_infection.counts.test.VST.SIG.tsv, output/viral_infection<>bacterial_infection/1_feature_selection/viral_infection<>bacterial_infection.counts.train.VST.SIG.tsv, output/viral_infection<>bacterial_infection/1_feature_selection/viral_infection<>bacterial_infection.counts.val.VST.SIG.tsv
    wildcards: condition_pair=viral_infection<>bacterial_infection, model=GLMNETLasso
    resources: tmpdir=/tmp

[Sun Dec  3 17:12:48 2023]
Finished job 3.
2 of 13 steps (15%) done
Select jobs to execute...

[Sun Dec  3 17:12:48 2023]
rule models:
    input: output/MISC<>bacterial_infection/1_feature_selection/MISC<>bacterial_infection.counts.train.VST.SIG.tsv, output/MISC<>bacterial_infection/1_feature_selection/MISC<>bacterial_infection.counts.test.VST.SIG.tsv, output/MISC<>bacterial_infection/1_feature_selection/MISC<>bacterial_infection.counts.val.VST.SIG.tsv, /workdir/cjl332/prevail/PAPER2/0_DATA/meta_data_train.7030.csv, /workdir/cjl332/prevail/PAPER2/0_DATA/meta_data_test.7030.csv, /workdir/cjl332/prevail/PAPER2/0_DATA/meta_data_test.7030.csv
    output: output/MISC<>bacterial_infection/GLMNETLasso/MISC<>bacterial_infection.GLMNETLasso.rds, output/MISC<>bacterial_infection/GLMNETLasso/MISC<>bacterial_infection.GLMNETLasso.train.txt, output/MISC<>bacterial_infection/GLMNETLasso/MISC<>bacterial_infection.GLMNETLasso.test.txt, output/MISC<>bacterial_infection/GLMNETLasso/MISC<>bacterial_infection.GLMNETLasso.val.txt
    jobid: 9
    reason: Missing output files: output/MISC<>bacterial_infection/GLMNETLasso/MISC<>bacterial_infection.GLMNETLasso.train.txt, output/MISC<>bacterial_infection/GLMNETLasso/MISC<>bacterial_infection.GLMNETLasso.test.txt, output/MISC<>bacterial_infection/GLMNETLasso/MISC<>bacterial_infection.GLMNETLasso.rds, output/MISC<>bacterial_infection/GLMNETLasso/MISC<>bacterial_infection.GLMNETLasso.val.txt; Input files updated by another job: output/MISC<>bacterial_infection/1_feature_selection/MISC<>bacterial_infection.counts.train.VST.SIG.tsv, output/MISC<>bacterial_infection/1_feature_selection/MISC<>bacterial_infection.counts.val.VST.SIG.tsv, output/MISC<>bacterial_infection/1_feature_selection/MISC<>bacterial_infection.counts.test.VST.SIG.tsv
    wildcards: condition_pair=MISC<>bacterial_infection, model=GLMNETLasso
    resources: tmpdir=/tmp

[Sun Dec  3 17:12:49 2023]
Finished job 5.
3 of 13 steps (23%) done
Select jobs to execute...

[Sun Dec  3 17:12:49 2023]
rule models:
    input: output/KD<>bacterial_infection/1_feature_selection/KD<>bacterial_infection.counts.train.VST.SIG.tsv, output/KD<>bacterial_infection/1_feature_selection/KD<>bacterial_infection.counts.test.VST.SIG.tsv, output/KD<>bacterial_infection/1_feature_selection/KD<>bacterial_infection.counts.val.VST.SIG.tsv, /workdir/cjl332/prevail/PAPER2/0_DATA/meta_data_train.7030.csv, /workdir/cjl332/prevail/PAPER2/0_DATA/meta_data_test.7030.csv, /workdir/cjl332/prevail/PAPER2/0_DATA/meta_data_test.7030.csv
    output: output/KD<>bacterial_infection/GLMNETLasso/KD<>bacterial_infection.GLMNETLasso.rds, output/KD<>bacterial_infection/GLMNETLasso/KD<>bacterial_infection.GLMNETLasso.train.txt, output/KD<>bacterial_infection/GLMNETLasso/KD<>bacterial_infection.GLMNETLasso.test.txt, output/KD<>bacterial_infection/GLMNETLasso/KD<>bacterial_infection.GLMNETLasso.val.txt
    jobid: 11
    reason: Missing output files: output/KD<>bacterial_infection/GLMNETLasso/KD<>bacterial_infection.GLMNETLasso.rds, output/KD<>bacterial_infection/GLMNETLasso/KD<>bacterial_infection.GLMNETLasso.test.txt, output/KD<>bacterial_infection/GLMNETLasso/KD<>bacterial_infection.GLMNETLasso.val.txt, output/KD<>bacterial_infection/GLMNETLasso/KD<>bacterial_infection.GLMNETLasso.train.txt; Input files updated by another job: output/KD<>bacterial_infection/1_feature_selection/KD<>bacterial_infection.counts.test.VST.SIG.tsv, output/KD<>bacterial_infection/1_feature_selection/KD<>bacterial_infection.counts.train.VST.SIG.tsv, output/KD<>bacterial_infection/1_feature_selection/KD<>bacterial_infection.counts.val.VST.SIG.tsv
    wildcards: condition_pair=KD<>bacterial_infection, model=GLMNETLasso
    resources: tmpdir=/tmp

[Sun Dec  3 17:12:49 2023]
Finished job 4.
4 of 13 steps (31%) done
Select jobs to execute...

[Sun Dec  3 17:12:49 2023]
rule models:
    input: output/KD<>viral_infection/1_feature_selection/KD<>viral_infection.counts.train.VST.SIG.tsv, output/KD<>viral_infection/1_feature_selection/KD<>viral_infection.counts.test.VST.SIG.tsv, output/KD<>viral_infection/1_feature_selection/KD<>viral_infection.counts.val.VST.SIG.tsv, /workdir/cjl332/prevail/PAPER2/0_DATA/meta_data_train.7030.csv, /workdir/cjl332/prevail/PAPER2/0_DATA/meta_data_test.7030.csv, /workdir/cjl332/prevail/PAPER2/0_DATA/meta_data_test.7030.csv
    output: output/KD<>viral_infection/GLMNETLasso/KD<>viral_infection.GLMNETLasso.rds, output/KD<>viral_infection/GLMNETLasso/KD<>viral_infection.GLMNETLasso.train.txt, output/KD<>viral_infection/GLMNETLasso/KD<>viral_infection.GLMNETLasso.test.txt, output/KD<>viral_infection/GLMNETLasso/KD<>viral_infection.GLMNETLasso.val.txt
    jobid: 10
    reason: Missing output files: output/KD<>viral_infection/GLMNETLasso/KD<>viral_infection.GLMNETLasso.train.txt, output/KD<>viral_infection/GLMNETLasso/KD<>viral_infection.GLMNETLasso.val.txt, output/KD<>viral_infection/GLMNETLasso/KD<>viral_infection.GLMNETLasso.rds, output/KD<>viral_infection/GLMNETLasso/KD<>viral_infection.GLMNETLasso.test.txt; Input files updated by another job: output/KD<>viral_infection/1_feature_selection/KD<>viral_infection.counts.train.VST.SIG.tsv, output/KD<>viral_infection/1_feature_selection/KD<>viral_infection.counts.val.VST.SIG.tsv, output/KD<>viral_infection/1_feature_selection/KD<>viral_infection.counts.test.VST.SIG.tsv
    wildcards: condition_pair=KD<>viral_infection, model=GLMNETLasso
    resources: tmpdir=/tmp

[Sun Dec  3 17:12:50 2023]
Finished job 2.
5 of 13 steps (38%) done
Select jobs to execute...

[Sun Dec  3 17:12:50 2023]
rule models:
    input: output/MISC<>viral_infection/1_feature_selection/MISC<>viral_infection.counts.train.VST.SIG.tsv, output/MISC<>viral_infection/1_feature_selection/MISC<>viral_infection.counts.test.VST.SIG.tsv, output/MISC<>viral_infection/1_feature_selection/MISC<>viral_infection.counts.val.VST.SIG.tsv, /workdir/cjl332/prevail/PAPER2/0_DATA/meta_data_train.7030.csv, /workdir/cjl332/prevail/PAPER2/0_DATA/meta_data_test.7030.csv, /workdir/cjl332/prevail/PAPER2/0_DATA/meta_data_test.7030.csv
    output: output/MISC<>viral_infection/GLMNETLasso/MISC<>viral_infection.GLMNETLasso.rds, output/MISC<>viral_infection/GLMNETLasso/MISC<>viral_infection.GLMNETLasso.train.txt, output/MISC<>viral_infection/GLMNETLasso/MISC<>viral_infection.GLMNETLasso.test.txt, output/MISC<>viral_infection/GLMNETLasso/MISC<>viral_infection.GLMNETLasso.val.txt
    jobid: 8
    reason: Missing output files: output/MISC<>viral_infection/GLMNETLasso/MISC<>viral_infection.GLMNETLasso.rds, output/MISC<>viral_infection/GLMNETLasso/MISC<>viral_infection.GLMNETLasso.test.txt, output/MISC<>viral_infection/GLMNETLasso/MISC<>viral_infection.GLMNETLasso.val.txt, output/MISC<>viral_infection/GLMNETLasso/MISC<>viral_infection.GLMNETLasso.train.txt; Input files updated by another job: output/MISC<>viral_infection/1_feature_selection/MISC<>viral_infection.counts.val.VST.SIG.tsv, output/MISC<>viral_infection/1_feature_selection/MISC<>viral_infection.counts.train.VST.SIG.tsv, output/MISC<>viral_infection/1_feature_selection/MISC<>viral_infection.counts.test.VST.SIG.tsv
    wildcards: condition_pair=MISC<>viral_infection, model=GLMNETLasso
    resources: tmpdir=/tmp

[Sun Dec  3 17:12:51 2023]
Finished job 1.
6 of 13 steps (46%) done
Select jobs to execute...

[Sun Dec  3 17:12:51 2023]
rule models:
    input: output/MISC<>KD/1_feature_selection/MISC<>KD.counts.train.VST.SIG.tsv, output/MISC<>KD/1_feature_selection/MISC<>KD.counts.test.VST.SIG.tsv, output/MISC<>KD/1_feature_selection/MISC<>KD.counts.val.VST.SIG.tsv, /workdir/cjl332/prevail/PAPER2/0_DATA/meta_data_train.7030.csv, /workdir/cjl332/prevail/PAPER2/0_DATA/meta_data_test.7030.csv, /workdir/cjl332/prevail/PAPER2/0_DATA/meta_data_test.7030.csv
    output: output/MISC<>KD/GLMNETLasso/MISC<>KD.GLMNETLasso.rds, output/MISC<>KD/GLMNETLasso/MISC<>KD.GLMNETLasso.train.txt, output/MISC<>KD/GLMNETLasso/MISC<>KD.GLMNETLasso.test.txt, output/MISC<>KD/GLMNETLasso/MISC<>KD.GLMNETLasso.val.txt
    jobid: 7
    reason: Missing output files: output/MISC<>KD/GLMNETLasso/MISC<>KD.GLMNETLasso.val.txt, output/MISC<>KD/GLMNETLasso/MISC<>KD.GLMNETLasso.test.txt, output/MISC<>KD/GLMNETLasso/MISC<>KD.GLMNETLasso.train.txt, output/MISC<>KD/GLMNETLasso/MISC<>KD.GLMNETLasso.rds; Input files updated by another job: output/MISC<>KD/1_feature_selection/MISC<>KD.counts.train.VST.SIG.tsv, output/MISC<>KD/1_feature_selection/MISC<>KD.counts.val.VST.SIG.tsv, output/MISC<>KD/1_feature_selection/MISC<>KD.counts.test.VST.SIG.tsv
    wildcards: condition_pair=MISC<>KD, model=GLMNETLasso
    resources: tmpdir=/tmp

[Sun Dec  3 17:13:33 2023]
Error in rule models:
    jobid: 9
    input: output/MISC<>bacterial_infection/1_feature_selection/MISC<>bacterial_infection.counts.train.VST.SIG.tsv, output/MISC<>bacterial_infection/1_feature_selection/MISC<>bacterial_infection.counts.test.VST.SIG.tsv, output/MISC<>bacterial_infection/1_feature_selection/MISC<>bacterial_infection.counts.val.VST.SIG.tsv, /workdir/cjl332/prevail/PAPER2/0_DATA/meta_data_train.7030.csv, /workdir/cjl332/prevail/PAPER2/0_DATA/meta_data_test.7030.csv, /workdir/cjl332/prevail/PAPER2/0_DATA/meta_data_test.7030.csv
    output: output/MISC<>bacterial_infection/GLMNETLasso/MISC<>bacterial_infection.GLMNETLasso.rds, output/MISC<>bacterial_infection/GLMNETLasso/MISC<>bacterial_infection.GLMNETLasso.train.txt, output/MISC<>bacterial_infection/GLMNETLasso/MISC<>bacterial_infection.GLMNETLasso.test.txt, output/MISC<>bacterial_infection/GLMNETLasso/MISC<>bacterial_infection.GLMNETLasso.val.txt

RuleException:
CalledProcessError in line 49 of /local/workdir/cjl332/prevail/PAPER2/3_Multiclass_1v1/ML_split70-30/1_all/workflow/rules/main.smk:
Command 'set -euo pipefail;  Rscript --vanilla /local/workdir/cjl332/prevail/PAPER2/3_Multiclass_1v1/ML_split70-30/1_all/.snakemake/scripts/tmp9t4l1488.2_train-models.R' returned non-zero exit status 1.
  File "/local/workdir/cjl332/prevail/PAPER2/3_Multiclass_1v1/ML_split70-30/1_all/workflow/rules/main.smk", line 49, in __rule_models
  File "/usr/lib64/python3.9/concurrent/futures/thread.py", line 58, in run
[Sun Dec  3 17:13:34 2023]
Error in rule models:
    jobid: 12
    input: output/viral_infection<>bacterial_infection/1_feature_selection/viral_infection<>bacterial_infection.counts.train.VST.SIG.tsv, output/viral_infection<>bacterial_infection/1_feature_selection/viral_infection<>bacterial_infection.counts.test.VST.SIG.tsv, output/viral_infection<>bacterial_infection/1_feature_selection/viral_infection<>bacterial_infection.counts.val.VST.SIG.tsv, /workdir/cjl332/prevail/PAPER2/0_DATA/meta_data_train.7030.csv, /workdir/cjl332/prevail/PAPER2/0_DATA/meta_data_test.7030.csv, /workdir/cjl332/prevail/PAPER2/0_DATA/meta_data_test.7030.csv
    output: output/viral_infection<>bacterial_infection/GLMNETLasso/viral_infection<>bacterial_infection.GLMNETLasso.rds, output/viral_infection<>bacterial_infection/GLMNETLasso/viral_infection<>bacterial_infection.GLMNETLasso.train.txt, output/viral_infection<>bacterial_infection/GLMNETLasso/viral_infection<>bacterial_infection.GLMNETLasso.test.txt, output/viral_infection<>bacterial_infection/GLMNETLasso/viral_infection<>bacterial_infection.GLMNETLasso.val.txt

RuleException:
CalledProcessError in line 49 of /local/workdir/cjl332/prevail/PAPER2/3_Multiclass_1v1/ML_split70-30/1_all/workflow/rules/main.smk:
Command 'set -euo pipefail;  Rscript --vanilla /local/workdir/cjl332/prevail/PAPER2/3_Multiclass_1v1/ML_split70-30/1_all/.snakemake/scripts/tmpymlpgzu3.2_train-models.R' returned non-zero exit status 1.
  File "/local/workdir/cjl332/prevail/PAPER2/3_Multiclass_1v1/ML_split70-30/1_all/workflow/rules/main.smk", line 49, in __rule_models
  File "/usr/lib64/python3.9/concurrent/futures/thread.py", line 58, in run
[Sun Dec  3 17:13:35 2023]
Error in rule models:
    jobid: 10
    input: output/KD<>viral_infection/1_feature_selection/KD<>viral_infection.counts.train.VST.SIG.tsv, output/KD<>viral_infection/1_feature_selection/KD<>viral_infection.counts.test.VST.SIG.tsv, output/KD<>viral_infection/1_feature_selection/KD<>viral_infection.counts.val.VST.SIG.tsv, /workdir/cjl332/prevail/PAPER2/0_DATA/meta_data_train.7030.csv, /workdir/cjl332/prevail/PAPER2/0_DATA/meta_data_test.7030.csv, /workdir/cjl332/prevail/PAPER2/0_DATA/meta_data_test.7030.csv
    output: output/KD<>viral_infection/GLMNETLasso/KD<>viral_infection.GLMNETLasso.rds, output/KD<>viral_infection/GLMNETLasso/KD<>viral_infection.GLMNETLasso.train.txt, output/KD<>viral_infection/GLMNETLasso/KD<>viral_infection.GLMNETLasso.test.txt, output/KD<>viral_infection/GLMNETLasso/KD<>viral_infection.GLMNETLasso.val.txt

RuleException:
CalledProcessError in line 49 of /local/workdir/cjl332/prevail/PAPER2/3_Multiclass_1v1/ML_split70-30/1_all/workflow/rules/main.smk:
Command 'set -euo pipefail;  Rscript --vanilla /local/workdir/cjl332/prevail/PAPER2/3_Multiclass_1v1/ML_split70-30/1_all/.snakemake/scripts/tmp_nzxhzh4.2_train-models.R' returned non-zero exit status 1.
  File "/local/workdir/cjl332/prevail/PAPER2/3_Multiclass_1v1/ML_split70-30/1_all/workflow/rules/main.smk", line 49, in __rule_models
  File "/usr/lib64/python3.9/concurrent/futures/thread.py", line 58, in run
[Sun Dec  3 17:13:36 2023]
Error in rule models:
    jobid: 11
    input: output/KD<>bacterial_infection/1_feature_selection/KD<>bacterial_infection.counts.train.VST.SIG.tsv, output/KD<>bacterial_infection/1_feature_selection/KD<>bacterial_infection.counts.test.VST.SIG.tsv, output/KD<>bacterial_infection/1_feature_selection/KD<>bacterial_infection.counts.val.VST.SIG.tsv, /workdir/cjl332/prevail/PAPER2/0_DATA/meta_data_train.7030.csv, /workdir/cjl332/prevail/PAPER2/0_DATA/meta_data_test.7030.csv, /workdir/cjl332/prevail/PAPER2/0_DATA/meta_data_test.7030.csv
    output: output/KD<>bacterial_infection/GLMNETLasso/KD<>bacterial_infection.GLMNETLasso.rds, output/KD<>bacterial_infection/GLMNETLasso/KD<>bacterial_infection.GLMNETLasso.train.txt, output/KD<>bacterial_infection/GLMNETLasso/KD<>bacterial_infection.GLMNETLasso.test.txt, output/KD<>bacterial_infection/GLMNETLasso/KD<>bacterial_infection.GLMNETLasso.val.txt

RuleException:
CalledProcessError in line 49 of /local/workdir/cjl332/prevail/PAPER2/3_Multiclass_1v1/ML_split70-30/1_all/workflow/rules/main.smk:
Command 'set -euo pipefail;  Rscript --vanilla /local/workdir/cjl332/prevail/PAPER2/3_Multiclass_1v1/ML_split70-30/1_all/.snakemake/scripts/tmpf013kznc.2_train-models.R' returned non-zero exit status 1.
  File "/local/workdir/cjl332/prevail/PAPER2/3_Multiclass_1v1/ML_split70-30/1_all/workflow/rules/main.smk", line 49, in __rule_models
  File "/usr/lib64/python3.9/concurrent/futures/thread.py", line 58, in run
[Sun Dec  3 17:13:36 2023]
Error in rule models:
    jobid: 8
    input: output/MISC<>viral_infection/1_feature_selection/MISC<>viral_infection.counts.train.VST.SIG.tsv, output/MISC<>viral_infection/1_feature_selection/MISC<>viral_infection.counts.test.VST.SIG.tsv, output/MISC<>viral_infection/1_feature_selection/MISC<>viral_infection.counts.val.VST.SIG.tsv, /workdir/cjl332/prevail/PAPER2/0_DATA/meta_data_train.7030.csv, /workdir/cjl332/prevail/PAPER2/0_DATA/meta_data_test.7030.csv, /workdir/cjl332/prevail/PAPER2/0_DATA/meta_data_test.7030.csv
    output: output/MISC<>viral_infection/GLMNETLasso/MISC<>viral_infection.GLMNETLasso.rds, output/MISC<>viral_infection/GLMNETLasso/MISC<>viral_infection.GLMNETLasso.train.txt, output/MISC<>viral_infection/GLMNETLasso/MISC<>viral_infection.GLMNETLasso.test.txt, output/MISC<>viral_infection/GLMNETLasso/MISC<>viral_infection.GLMNETLasso.val.txt

RuleException:
CalledProcessError in line 49 of /local/workdir/cjl332/prevail/PAPER2/3_Multiclass_1v1/ML_split70-30/1_all/workflow/rules/main.smk:
Command 'set -euo pipefail;  Rscript --vanilla /local/workdir/cjl332/prevail/PAPER2/3_Multiclass_1v1/ML_split70-30/1_all/.snakemake/scripts/tmpix1irtgx.2_train-models.R' returned non-zero exit status 1.
  File "/local/workdir/cjl332/prevail/PAPER2/3_Multiclass_1v1/ML_split70-30/1_all/workflow/rules/main.smk", line 49, in __rule_models
  File "/usr/lib64/python3.9/concurrent/futures/thread.py", line 58, in run
[Sun Dec  3 17:13:38 2023]
Error in rule models:
    jobid: 7
    input: output/MISC<>KD/1_feature_selection/MISC<>KD.counts.train.VST.SIG.tsv, output/MISC<>KD/1_feature_selection/MISC<>KD.counts.test.VST.SIG.tsv, output/MISC<>KD/1_feature_selection/MISC<>KD.counts.val.VST.SIG.tsv, /workdir/cjl332/prevail/PAPER2/0_DATA/meta_data_train.7030.csv, /workdir/cjl332/prevail/PAPER2/0_DATA/meta_data_test.7030.csv, /workdir/cjl332/prevail/PAPER2/0_DATA/meta_data_test.7030.csv
    output: output/MISC<>KD/GLMNETLasso/MISC<>KD.GLMNETLasso.rds, output/MISC<>KD/GLMNETLasso/MISC<>KD.GLMNETLasso.train.txt, output/MISC<>KD/GLMNETLasso/MISC<>KD.GLMNETLasso.test.txt, output/MISC<>KD/GLMNETLasso/MISC<>KD.GLMNETLasso.val.txt

RuleException:
CalledProcessError in line 49 of /local/workdir/cjl332/prevail/PAPER2/3_Multiclass_1v1/ML_split70-30/1_all/workflow/rules/main.smk:
Command 'set -euo pipefail;  Rscript --vanilla /local/workdir/cjl332/prevail/PAPER2/3_Multiclass_1v1/ML_split70-30/1_all/.snakemake/scripts/tmpxv10tp34.2_train-models.R' returned non-zero exit status 1.
  File "/local/workdir/cjl332/prevail/PAPER2/3_Multiclass_1v1/ML_split70-30/1_all/workflow/rules/main.smk", line 49, in __rule_models
  File "/usr/lib64/python3.9/concurrent/futures/thread.py", line 58, in run
Exiting because a job execution failed. Look above for error message
Complete log: .snakemake/log/2023-12-03T171225.415391.snakemake.log
