Building DAG of jobs...
Using shell: /usr/bin/bash
Provided cores: 15
Rules claiming more threads will be scaled down.
Job stats:
job       count    min threads    max threads
------  -------  -------------  -------------
all           1              1              1
models       28              1              1
total        29              1              1

Select jobs to execute...

[Wed Nov  8 13:43:52 2023]
rule models:
    input: output/seed_1_sep/1_feature_selection/seed_1_sep.counts.train.VST.tsv, output/seed_1_sep/1_feature_selection/seed_1_sep.counts.test.VST.tsv, output/seed_1_sep/1_feature_selection/seed_1_sep.counts.val.VST.tsv, input/seed_1_sep/seed_1_sep.metadata.train.tsv, input/seed_1_sep/seed_1_sep.metadata.test.tsv, input/seed_1_sep/seed_1_sep.metadata.val.tsv, output/seed_1_sep/1_feature_selection/seed_1_sep.deseqResults.tsv
    output: output/seed_1_sep/GLMNETLasso/seed_1_sep.GLMNETLasso.rds, output/seed_1_sep/GLMNETLasso/seed_1_sep.GLMNETLasso.train.txt, output/seed_1_sep/GLMNETLasso/seed_1_sep.GLMNETLasso.test.txt, output/seed_1_sep/GLMNETLasso/seed_1_sep.GLMNETLasso.val.txt
    jobid: 6
    reason: Code has changed since last execution
    wildcards: sample=seed_1_sep, model=GLMNETLasso
    resources: tmpdir=/tmp

[Wed Nov  8 13:43:52 2023]
rule models:
    input: output/seed_1_sep/1_feature_selection/seed_1_sep.counts.train.VST.tsv, output/seed_1_sep/1_feature_selection/seed_1_sep.counts.test.VST.tsv, output/seed_1_sep/1_feature_selection/seed_1_sep.counts.val.VST.tsv, input/seed_1_sep/seed_1_sep.metadata.train.tsv, input/seed_1_sep/seed_1_sep.metadata.test.tsv, input/seed_1_sep/seed_1_sep.metadata.val.tsv, output/seed_1_sep/1_feature_selection/seed_1_sep.deseqResults.tsv
    output: output/seed_1_sep/GLMNETRidge/seed_1_sep.GLMNETRidge.rds, output/seed_1_sep/GLMNETRidge/seed_1_sep.GLMNETRidge.train.txt, output/seed_1_sep/GLMNETRidge/seed_1_sep.GLMNETRidge.test.txt, output/seed_1_sep/GLMNETRidge/seed_1_sep.GLMNETRidge.val.txt
    jobid: 7
    reason: Code has changed since last execution
    wildcards: sample=seed_1_sep, model=GLMNETRidge
    resources: tmpdir=/tmp

[Wed Nov  8 13:43:52 2023]
rule models:
    input: output/seed_2_sep/1_feature_selection/seed_2_sep.counts.train.VST.tsv, output/seed_2_sep/1_feature_selection/seed_2_sep.counts.test.VST.tsv, output/seed_2_sep/1_feature_selection/seed_2_sep.counts.val.VST.tsv, input/seed_2_sep/seed_2_sep.metadata.train.tsv, input/seed_2_sep/seed_2_sep.metadata.test.tsv, input/seed_2_sep/seed_2_sep.metadata.val.tsv, output/seed_2_sep/1_feature_selection/seed_2_sep.deseqResults.tsv
    output: output/seed_2_sep/GLMNETRidge/seed_2_sep.GLMNETRidge.rds, output/seed_2_sep/GLMNETRidge/seed_2_sep.GLMNETRidge.train.txt, output/seed_2_sep/GLMNETRidge/seed_2_sep.GLMNETRidge.test.txt, output/seed_2_sep/GLMNETRidge/seed_2_sep.GLMNETRidge.val.txt
    jobid: 21
    reason: Code has changed since last execution
    wildcards: sample=seed_2_sep, model=GLMNETRidge
    resources: tmpdir=/tmp

[Wed Nov  8 13:43:52 2023]
rule models:
    input: output/seed_1_sep/1_feature_selection/seed_1_sep.counts.train.VST.tsv, output/seed_1_sep/1_feature_selection/seed_1_sep.counts.test.VST.tsv, output/seed_1_sep/1_feature_selection/seed_1_sep.counts.val.VST.tsv, input/seed_1_sep/seed_1_sep.metadata.train.tsv, input/seed_1_sep/seed_1_sep.metadata.test.tsv, input/seed_1_sep/seed_1_sep.metadata.val.tsv, output/seed_1_sep/1_feature_selection/seed_1_sep.deseqResults.tsv
    output: output/seed_1_sep/LDA/seed_1_sep.LDA.rds, output/seed_1_sep/LDA/seed_1_sep.LDA.train.txt, output/seed_1_sep/LDA/seed_1_sep.LDA.test.txt, output/seed_1_sep/LDA/seed_1_sep.LDA.val.txt
    jobid: 9
    reason: Code has changed since last execution
    wildcards: sample=seed_1_sep, model=LDA
    resources: tmpdir=/tmp

[Wed Nov  8 13:43:52 2023]
rule models:
    input: output/seed_1_sep/1_feature_selection/seed_1_sep.counts.train.VST.tsv, output/seed_1_sep/1_feature_selection/seed_1_sep.counts.test.VST.tsv, output/seed_1_sep/1_feature_selection/seed_1_sep.counts.val.VST.tsv, input/seed_1_sep/seed_1_sep.metadata.train.tsv, input/seed_1_sep/seed_1_sep.metadata.test.tsv, input/seed_1_sep/seed_1_sep.metadata.val.tsv, output/seed_1_sep/1_feature_selection/seed_1_sep.deseqResults.tsv
    output: output/seed_1_sep/NNET/seed_1_sep.NNET.rds, output/seed_1_sep/NNET/seed_1_sep.NNET.train.txt, output/seed_1_sep/NNET/seed_1_sep.NNET.test.txt, output/seed_1_sep/NNET/seed_1_sep.NNET.val.txt
    jobid: 11
    reason: Code has changed since last execution
    wildcards: sample=seed_1_sep, model=NNET
    resources: tmpdir=/tmp

[Wed Nov  8 13:43:52 2023]
rule models:
    input: output/seed_1_sep/1_feature_selection/seed_1_sep.counts.train.VST.tsv, output/seed_1_sep/1_feature_selection/seed_1_sep.counts.test.VST.tsv, output/seed_1_sep/1_feature_selection/seed_1_sep.counts.val.VST.tsv, input/seed_1_sep/seed_1_sep.metadata.train.tsv, input/seed_1_sep/seed_1_sep.metadata.test.tsv, input/seed_1_sep/seed_1_sep.metadata.val.tsv, output/seed_1_sep/1_feature_selection/seed_1_sep.deseqResults.tsv
    output: output/seed_1_sep/RF/seed_1_sep.RF.rds, output/seed_1_sep/RF/seed_1_sep.RF.train.txt, output/seed_1_sep/RF/seed_1_sep.RF.test.txt, output/seed_1_sep/RF/seed_1_sep.RF.val.txt
    jobid: 13
    reason: Code has changed since last execution
    wildcards: sample=seed_1_sep, model=RF
    resources: tmpdir=/tmp

[Wed Nov  8 13:43:52 2023]
rule models:
    input: output/seed_1_sep/1_feature_selection/seed_1_sep.counts.train.VST.tsv, output/seed_1_sep/1_feature_selection/seed_1_sep.counts.test.VST.tsv, output/seed_1_sep/1_feature_selection/seed_1_sep.counts.val.VST.tsv, input/seed_1_sep/seed_1_sep.metadata.train.tsv, input/seed_1_sep/seed_1_sep.metadata.test.tsv, input/seed_1_sep/seed_1_sep.metadata.val.tsv, output/seed_1_sep/1_feature_selection/seed_1_sep.deseqResults.tsv
    output: output/seed_1_sep/C5/seed_1_sep.C5.rds, output/seed_1_sep/C5/seed_1_sep.C5.train.txt, output/seed_1_sep/C5/seed_1_sep.C5.test.txt, output/seed_1_sep/C5/seed_1_sep.C5.val.txt
    jobid: 3
    reason: Code has changed since last execution
    wildcards: sample=seed_1_sep, model=C5
    resources: tmpdir=/tmp

[Wed Nov  8 13:43:52 2023]
rule models:
    input: output/seed_1_sep/1_feature_selection/seed_1_sep.counts.train.VST.tsv, output/seed_1_sep/1_feature_selection/seed_1_sep.counts.test.VST.tsv, output/seed_1_sep/1_feature_selection/seed_1_sep.counts.val.VST.tsv, input/seed_1_sep/seed_1_sep.metadata.train.tsv, input/seed_1_sep/seed_1_sep.metadata.test.tsv, input/seed_1_sep/seed_1_sep.metadata.val.tsv, output/seed_1_sep/1_feature_selection/seed_1_sep.deseqResults.tsv
    output: output/seed_1_sep/SVMLIN/seed_1_sep.SVMLIN.rds, output/seed_1_sep/SVMLIN/seed_1_sep.SVMLIN.train.txt, output/seed_1_sep/SVMLIN/seed_1_sep.SVMLIN.test.txt, output/seed_1_sep/SVMLIN/seed_1_sep.SVMLIN.val.txt
    jobid: 15
    reason: Missing output files: output/seed_1_sep/SVMLIN/seed_1_sep.SVMLIN.rds
    wildcards: sample=seed_1_sep, model=SVMLIN
    resources: tmpdir=/tmp

[Wed Nov  8 13:43:52 2023]
rule models:
    input: output/seed_1_sep/1_feature_selection/seed_1_sep.counts.train.VST.tsv, output/seed_1_sep/1_feature_selection/seed_1_sep.counts.test.VST.tsv, output/seed_1_sep/1_feature_selection/seed_1_sep.counts.val.VST.tsv, input/seed_1_sep/seed_1_sep.metadata.train.tsv, input/seed_1_sep/seed_1_sep.metadata.test.tsv, input/seed_1_sep/seed_1_sep.metadata.val.tsv, output/seed_1_sep/1_feature_selection/seed_1_sep.deseqResults.tsv
    output: output/seed_1_sep/GLM/seed_1_sep.GLM.rds, output/seed_1_sep/GLM/seed_1_sep.GLM.train.txt, output/seed_1_sep/GLM/seed_1_sep.GLM.test.txt, output/seed_1_sep/GLM/seed_1_sep.GLM.val.txt
    jobid: 5
    reason: Code has changed since last execution
    wildcards: sample=seed_1_sep, model=GLM
    resources: tmpdir=/tmp

[Wed Nov  8 13:43:52 2023]
rule models:
    input: output/seed_1_sep/1_feature_selection/seed_1_sep.counts.train.VST.tsv, output/seed_1_sep/1_feature_selection/seed_1_sep.counts.test.VST.tsv, output/seed_1_sep/1_feature_selection/seed_1_sep.counts.val.VST.tsv, input/seed_1_sep/seed_1_sep.metadata.train.tsv, input/seed_1_sep/seed_1_sep.metadata.test.tsv, input/seed_1_sep/seed_1_sep.metadata.val.tsv, output/seed_1_sep/1_feature_selection/seed_1_sep.deseqResults.tsv
    output: output/seed_1_sep/KNN/seed_1_sep.KNN.rds, output/seed_1_sep/KNN/seed_1_sep.KNN.train.txt, output/seed_1_sep/KNN/seed_1_sep.KNN.test.txt, output/seed_1_sep/KNN/seed_1_sep.KNN.val.txt
    jobid: 8
    reason: Code has changed since last execution
    wildcards: sample=seed_1_sep, model=KNN
    resources: tmpdir=/tmp

[Wed Nov  8 13:43:52 2023]
rule models:
    input: output/seed_1_sep/1_feature_selection/seed_1_sep.counts.train.VST.tsv, output/seed_1_sep/1_feature_selection/seed_1_sep.counts.test.VST.tsv, output/seed_1_sep/1_feature_selection/seed_1_sep.counts.val.VST.tsv, input/seed_1_sep/seed_1_sep.metadata.train.tsv, input/seed_1_sep/seed_1_sep.metadata.test.tsv, input/seed_1_sep/seed_1_sep.metadata.val.tsv, output/seed_1_sep/1_feature_selection/seed_1_sep.deseqResults.tsv
    output: output/seed_1_sep/NB/seed_1_sep.NB.rds, output/seed_1_sep/NB/seed_1_sep.NB.train.txt, output/seed_1_sep/NB/seed_1_sep.NB.test.txt, output/seed_1_sep/NB/seed_1_sep.NB.val.txt
    jobid: 10
    reason: Code has changed since last execution
    wildcards: sample=seed_1_sep, model=NB
    resources: tmpdir=/tmp

[Wed Nov  8 13:43:52 2023]
rule models:
    input: output/seed_1_sep/1_feature_selection/seed_1_sep.counts.train.VST.tsv, output/seed_1_sep/1_feature_selection/seed_1_sep.counts.test.VST.tsv, output/seed_1_sep/1_feature_selection/seed_1_sep.counts.val.VST.tsv, input/seed_1_sep/seed_1_sep.metadata.train.tsv, input/seed_1_sep/seed_1_sep.metadata.test.tsv, input/seed_1_sep/seed_1_sep.metadata.val.tsv, output/seed_1_sep/1_feature_selection/seed_1_sep.deseqResults.tsv
    output: output/seed_1_sep/PAM/seed_1_sep.PAM.rds, output/seed_1_sep/PAM/seed_1_sep.PAM.train.txt, output/seed_1_sep/PAM/seed_1_sep.PAM.test.txt, output/seed_1_sep/PAM/seed_1_sep.PAM.val.txt
    jobid: 12
    reason: Code has changed since last execution
    wildcards: sample=seed_1_sep, model=PAM
    resources: tmpdir=/tmp

[Wed Nov  8 13:43:52 2023]
rule models:
    input: output/seed_1_sep/1_feature_selection/seed_1_sep.counts.train.VST.tsv, output/seed_1_sep/1_feature_selection/seed_1_sep.counts.test.VST.tsv, output/seed_1_sep/1_feature_selection/seed_1_sep.counts.val.VST.tsv, input/seed_1_sep/seed_1_sep.metadata.train.tsv, input/seed_1_sep/seed_1_sep.metadata.test.tsv, input/seed_1_sep/seed_1_sep.metadata.val.tsv, output/seed_1_sep/1_feature_selection/seed_1_sep.deseqResults.tsv
    output: output/seed_1_sep/RPART/seed_1_sep.RPART.rds, output/seed_1_sep/RPART/seed_1_sep.RPART.train.txt, output/seed_1_sep/RPART/seed_1_sep.RPART.test.txt, output/seed_1_sep/RPART/seed_1_sep.RPART.val.txt
    jobid: 14
    reason: Code has changed since last execution
    wildcards: sample=seed_1_sep, model=RPART
    resources: tmpdir=/tmp

[Wed Nov  8 13:43:52 2023]
rule models:
    input: output/seed_1_sep/1_feature_selection/seed_1_sep.counts.train.VST.tsv, output/seed_1_sep/1_feature_selection/seed_1_sep.counts.test.VST.tsv, output/seed_1_sep/1_feature_selection/seed_1_sep.counts.val.VST.tsv, input/seed_1_sep/seed_1_sep.metadata.train.tsv, input/seed_1_sep/seed_1_sep.metadata.test.tsv, input/seed_1_sep/seed_1_sep.metadata.val.tsv, output/seed_1_sep/1_feature_selection/seed_1_sep.deseqResults.tsv
    output: output/seed_1_sep/SVMRAD/seed_1_sep.SVMRAD.rds, output/seed_1_sep/SVMRAD/seed_1_sep.SVMRAD.train.txt, output/seed_1_sep/SVMRAD/seed_1_sep.SVMRAD.test.txt, output/seed_1_sep/SVMRAD/seed_1_sep.SVMRAD.val.txt
    jobid: 16
    reason: Code has changed since last execution
    wildcards: sample=seed_1_sep, model=SVMRAD
    resources: tmpdir=/tmp

[Wed Nov  8 13:43:52 2023]
rule models:
    input: output/seed_1_sep/1_feature_selection/seed_1_sep.counts.train.VST.tsv, output/seed_1_sep/1_feature_selection/seed_1_sep.counts.test.VST.tsv, output/seed_1_sep/1_feature_selection/seed_1_sep.counts.val.VST.tsv, input/seed_1_sep/seed_1_sep.metadata.train.tsv, input/seed_1_sep/seed_1_sep.metadata.test.tsv, input/seed_1_sep/seed_1_sep.metadata.val.tsv, output/seed_1_sep/1_feature_selection/seed_1_sep.deseqResults.tsv
    output: output/seed_1_sep/EXTRATREES/seed_1_sep.EXTRATREES.rds, output/seed_1_sep/EXTRATREES/seed_1_sep.EXTRATREES.train.txt, output/seed_1_sep/EXTRATREES/seed_1_sep.EXTRATREES.test.txt, output/seed_1_sep/EXTRATREES/seed_1_sep.EXTRATREES.val.txt
    jobid: 4
    reason: Code has changed since last execution
    wildcards: sample=seed_1_sep, model=EXTRATREES
    resources: tmpdir=/tmp

[Wed Nov  8 13:43:55 2023]
Finished job 9.
1 of 29 steps (3%) done
Select jobs to execute...

[Wed Nov  8 13:43:55 2023]
rule models:
    input: output/seed_2_sep/1_feature_selection/seed_2_sep.counts.train.VST.tsv, output/seed_2_sep/1_feature_selection/seed_2_sep.counts.test.VST.tsv, output/seed_2_sep/1_feature_selection/seed_2_sep.counts.val.VST.tsv, input/seed_2_sep/seed_2_sep.metadata.train.tsv, input/seed_2_sep/seed_2_sep.metadata.test.tsv, input/seed_2_sep/seed_2_sep.metadata.val.tsv, output/seed_2_sep/1_feature_selection/seed_2_sep.deseqResults.tsv
    output: output/seed_2_sep/GLMNETLasso/seed_2_sep.GLMNETLasso.rds, output/seed_2_sep/GLMNETLasso/seed_2_sep.GLMNETLasso.train.txt, output/seed_2_sep/GLMNETLasso/seed_2_sep.GLMNETLasso.test.txt, output/seed_2_sep/GLMNETLasso/seed_2_sep.GLMNETLasso.val.txt
    jobid: 20
    reason: Code has changed since last execution
    wildcards: sample=seed_2_sep, model=GLMNETLasso
    resources: tmpdir=/tmp

[Wed Nov  8 13:43:55 2023]
Finished job 12.
2 of 29 steps (7%) done
Select jobs to execute...

[Wed Nov  8 13:43:55 2023]
rule models:
    input: output/seed_2_sep/1_feature_selection/seed_2_sep.counts.train.VST.tsv, output/seed_2_sep/1_feature_selection/seed_2_sep.counts.test.VST.tsv, output/seed_2_sep/1_feature_selection/seed_2_sep.counts.val.VST.tsv, input/seed_2_sep/seed_2_sep.metadata.train.tsv, input/seed_2_sep/seed_2_sep.metadata.test.tsv, input/seed_2_sep/seed_2_sep.metadata.val.tsv, output/seed_2_sep/1_feature_selection/seed_2_sep.deseqResults.tsv
    output: output/seed_2_sep/LDA/seed_2_sep.LDA.rds, output/seed_2_sep/LDA/seed_2_sep.LDA.train.txt, output/seed_2_sep/LDA/seed_2_sep.LDA.test.txt, output/seed_2_sep/LDA/seed_2_sep.LDA.val.txt
    jobid: 23
    reason: Code has changed since last execution
    wildcards: sample=seed_2_sep, model=LDA
    resources: tmpdir=/tmp

[Wed Nov  8 13:43:55 2023]
Finished job 5.
3 of 29 steps (10%) done
Select jobs to execute...

[Wed Nov  8 13:43:55 2023]
rule models:
    input: output/seed_2_sep/1_feature_selection/seed_2_sep.counts.train.VST.tsv, output/seed_2_sep/1_feature_selection/seed_2_sep.counts.test.VST.tsv, output/seed_2_sep/1_feature_selection/seed_2_sep.counts.val.VST.tsv, input/seed_2_sep/seed_2_sep.metadata.train.tsv, input/seed_2_sep/seed_2_sep.metadata.test.tsv, input/seed_2_sep/seed_2_sep.metadata.val.tsv, output/seed_2_sep/1_feature_selection/seed_2_sep.deseqResults.tsv
    output: output/seed_2_sep/NNET/seed_2_sep.NNET.rds, output/seed_2_sep/NNET/seed_2_sep.NNET.train.txt, output/seed_2_sep/NNET/seed_2_sep.NNET.test.txt, output/seed_2_sep/NNET/seed_2_sep.NNET.val.txt
    jobid: 25
    reason: Code has changed since last execution
    wildcards: sample=seed_2_sep, model=NNET
    resources: tmpdir=/tmp

[Wed Nov  8 13:43:56 2023]
Finished job 14.
4 of 29 steps (14%) done
Select jobs to execute...

[Wed Nov  8 13:43:56 2023]
rule models:
    input: output/seed_2_sep/1_feature_selection/seed_2_sep.counts.train.VST.tsv, output/seed_2_sep/1_feature_selection/seed_2_sep.counts.test.VST.tsv, output/seed_2_sep/1_feature_selection/seed_2_sep.counts.val.VST.tsv, input/seed_2_sep/seed_2_sep.metadata.train.tsv, input/seed_2_sep/seed_2_sep.metadata.test.tsv, input/seed_2_sep/seed_2_sep.metadata.val.tsv, output/seed_2_sep/1_feature_selection/seed_2_sep.deseqResults.tsv
    output: output/seed_2_sep/RF/seed_2_sep.RF.rds, output/seed_2_sep/RF/seed_2_sep.RF.train.txt, output/seed_2_sep/RF/seed_2_sep.RF.test.txt, output/seed_2_sep/RF/seed_2_sep.RF.val.txt
    jobid: 27
    reason: Code has changed since last execution
    wildcards: sample=seed_2_sep, model=RF
    resources: tmpdir=/tmp

[Wed Nov  8 13:43:56 2023]
Finished job 3.
5 of 29 steps (17%) done
Select jobs to execute...

[Wed Nov  8 13:43:56 2023]
rule models:
    input: output/seed_2_sep/1_feature_selection/seed_2_sep.counts.train.VST.tsv, output/seed_2_sep/1_feature_selection/seed_2_sep.counts.test.VST.tsv, output/seed_2_sep/1_feature_selection/seed_2_sep.counts.val.VST.tsv, input/seed_2_sep/seed_2_sep.metadata.train.tsv, input/seed_2_sep/seed_2_sep.metadata.test.tsv, input/seed_2_sep/seed_2_sep.metadata.val.tsv, output/seed_2_sep/1_feature_selection/seed_2_sep.deseqResults.tsv
    output: output/seed_2_sep/SVMLIN/seed_2_sep.SVMLIN.rds, output/seed_2_sep/SVMLIN/seed_2_sep.SVMLIN.train.txt, output/seed_2_sep/SVMLIN/seed_2_sep.SVMLIN.test.txt, output/seed_2_sep/SVMLIN/seed_2_sep.SVMLIN.val.txt
    jobid: 29
    reason: Missing output files: output/seed_2_sep/SVMLIN/seed_2_sep.SVMLIN.rds
    wildcards: sample=seed_2_sep, model=SVMLIN
    resources: tmpdir=/tmp

[Wed Nov  8 13:43:57 2023]
Finished job 8.
6 of 29 steps (21%) done
Select jobs to execute...

[Wed Nov  8 13:43:57 2023]
rule models:
    input: output/seed_2_sep/1_feature_selection/seed_2_sep.counts.train.VST.tsv, output/seed_2_sep/1_feature_selection/seed_2_sep.counts.test.VST.tsv, output/seed_2_sep/1_feature_selection/seed_2_sep.counts.val.VST.tsv, input/seed_2_sep/seed_2_sep.metadata.train.tsv, input/seed_2_sep/seed_2_sep.metadata.test.tsv, input/seed_2_sep/seed_2_sep.metadata.val.tsv, output/seed_2_sep/1_feature_selection/seed_2_sep.deseqResults.tsv
    output: output/seed_2_sep/C5/seed_2_sep.C5.rds, output/seed_2_sep/C5/seed_2_sep.C5.train.txt, output/seed_2_sep/C5/seed_2_sep.C5.test.txt, output/seed_2_sep/C5/seed_2_sep.C5.val.txt
    jobid: 17
    reason: Code has changed since last execution
    wildcards: sample=seed_2_sep, model=C5
    resources: tmpdir=/tmp

[Wed Nov  8 13:43:58 2023]
Finished job 23.
7 of 29 steps (24%) done
Select jobs to execute...

[Wed Nov  8 13:43:58 2023]
rule models:
    input: output/seed_2_sep/1_feature_selection/seed_2_sep.counts.train.VST.tsv, output/seed_2_sep/1_feature_selection/seed_2_sep.counts.test.VST.tsv, output/seed_2_sep/1_feature_selection/seed_2_sep.counts.val.VST.tsv, input/seed_2_sep/seed_2_sep.metadata.train.tsv, input/seed_2_sep/seed_2_sep.metadata.test.tsv, input/seed_2_sep/seed_2_sep.metadata.val.tsv, output/seed_2_sep/1_feature_selection/seed_2_sep.deseqResults.tsv
    output: output/seed_2_sep/GLM/seed_2_sep.GLM.rds, output/seed_2_sep/GLM/seed_2_sep.GLM.train.txt, output/seed_2_sep/GLM/seed_2_sep.GLM.test.txt, output/seed_2_sep/GLM/seed_2_sep.GLM.val.txt
    jobid: 19
    reason: Code has changed since last execution
    wildcards: sample=seed_2_sep, model=GLM
    resources: tmpdir=/tmp

[Wed Nov  8 13:44:01 2023]
Finished job 17.
8 of 29 steps (28%) done
Select jobs to execute...

[Wed Nov  8 13:44:01 2023]
rule models:
    input: output/seed_2_sep/1_feature_selection/seed_2_sep.counts.train.VST.tsv, output/seed_2_sep/1_feature_selection/seed_2_sep.counts.test.VST.tsv, output/seed_2_sep/1_feature_selection/seed_2_sep.counts.val.VST.tsv, input/seed_2_sep/seed_2_sep.metadata.train.tsv, input/seed_2_sep/seed_2_sep.metadata.test.tsv, input/seed_2_sep/seed_2_sep.metadata.val.tsv, output/seed_2_sep/1_feature_selection/seed_2_sep.deseqResults.tsv
    output: output/seed_2_sep/KNN/seed_2_sep.KNN.rds, output/seed_2_sep/KNN/seed_2_sep.KNN.train.txt, output/seed_2_sep/KNN/seed_2_sep.KNN.test.txt, output/seed_2_sep/KNN/seed_2_sep.KNN.val.txt
    jobid: 22
    reason: Code has changed since last execution
    wildcards: sample=seed_2_sep, model=KNN
    resources: tmpdir=/tmp

[Wed Nov  8 13:44:02 2023]
Finished job 19.
9 of 29 steps (31%) done
Select jobs to execute...

[Wed Nov  8 13:44:02 2023]
rule models:
    input: output/seed_2_sep/1_feature_selection/seed_2_sep.counts.train.VST.tsv, output/seed_2_sep/1_feature_selection/seed_2_sep.counts.test.VST.tsv, output/seed_2_sep/1_feature_selection/seed_2_sep.counts.val.VST.tsv, input/seed_2_sep/seed_2_sep.metadata.train.tsv, input/seed_2_sep/seed_2_sep.metadata.test.tsv, input/seed_2_sep/seed_2_sep.metadata.val.tsv, output/seed_2_sep/1_feature_selection/seed_2_sep.deseqResults.tsv
    output: output/seed_2_sep/NB/seed_2_sep.NB.rds, output/seed_2_sep/NB/seed_2_sep.NB.train.txt, output/seed_2_sep/NB/seed_2_sep.NB.test.txt, output/seed_2_sep/NB/seed_2_sep.NB.val.txt
    jobid: 24
    reason: Code has changed since last execution
    wildcards: sample=seed_2_sep, model=NB
    resources: tmpdir=/tmp

[Wed Nov  8 13:44:04 2023]
Finished job 4.
10 of 29 steps (34%) done
Select jobs to execute...

[Wed Nov  8 13:44:04 2023]
rule models:
    input: output/seed_2_sep/1_feature_selection/seed_2_sep.counts.train.VST.tsv, output/seed_2_sep/1_feature_selection/seed_2_sep.counts.test.VST.tsv, output/seed_2_sep/1_feature_selection/seed_2_sep.counts.val.VST.tsv, input/seed_2_sep/seed_2_sep.metadata.train.tsv, input/seed_2_sep/seed_2_sep.metadata.test.tsv, input/seed_2_sep/seed_2_sep.metadata.val.tsv, output/seed_2_sep/1_feature_selection/seed_2_sep.deseqResults.tsv
    output: output/seed_2_sep/PAM/seed_2_sep.PAM.rds, output/seed_2_sep/PAM/seed_2_sep.PAM.train.txt, output/seed_2_sep/PAM/seed_2_sep.PAM.test.txt, output/seed_2_sep/PAM/seed_2_sep.PAM.val.txt
    jobid: 26
    reason: Code has changed since last execution
    wildcards: sample=seed_2_sep, model=PAM
    resources: tmpdir=/tmp

[Wed Nov  8 13:44:05 2023]
Finished job 22.
11 of 29 steps (38%) done
Select jobs to execute...

[Wed Nov  8 13:44:05 2023]
rule models:
    input: output/seed_2_sep/1_feature_selection/seed_2_sep.counts.train.VST.tsv, output/seed_2_sep/1_feature_selection/seed_2_sep.counts.test.VST.tsv, output/seed_2_sep/1_feature_selection/seed_2_sep.counts.val.VST.tsv, input/seed_2_sep/seed_2_sep.metadata.train.tsv, input/seed_2_sep/seed_2_sep.metadata.test.tsv, input/seed_2_sep/seed_2_sep.metadata.val.tsv, output/seed_2_sep/1_feature_selection/seed_2_sep.deseqResults.tsv
    output: output/seed_2_sep/RPART/seed_2_sep.RPART.rds, output/seed_2_sep/RPART/seed_2_sep.RPART.train.txt, output/seed_2_sep/RPART/seed_2_sep.RPART.test.txt, output/seed_2_sep/RPART/seed_2_sep.RPART.val.txt
    jobid: 28
    reason: Code has changed since last execution
    wildcards: sample=seed_2_sep, model=RPART
    resources: tmpdir=/tmp

[Wed Nov  8 13:44:06 2023]
Finished job 10.
12 of 29 steps (41%) done
Select jobs to execute...

[Wed Nov  8 13:44:06 2023]
rule models:
    input: output/seed_2_sep/1_feature_selection/seed_2_sep.counts.train.VST.tsv, output/seed_2_sep/1_feature_selection/seed_2_sep.counts.test.VST.tsv, output/seed_2_sep/1_feature_selection/seed_2_sep.counts.val.VST.tsv, input/seed_2_sep/seed_2_sep.metadata.train.tsv, input/seed_2_sep/seed_2_sep.metadata.test.tsv, input/seed_2_sep/seed_2_sep.metadata.val.tsv, output/seed_2_sep/1_feature_selection/seed_2_sep.deseqResults.tsv
    output: output/seed_2_sep/SVMRAD/seed_2_sep.SVMRAD.rds, output/seed_2_sep/SVMRAD/seed_2_sep.SVMRAD.train.txt, output/seed_2_sep/SVMRAD/seed_2_sep.SVMRAD.test.txt, output/seed_2_sep/SVMRAD/seed_2_sep.SVMRAD.val.txt
    jobid: 30
    reason: Code has changed since last execution
    wildcards: sample=seed_2_sep, model=SVMRAD
    resources: tmpdir=/tmp

[Wed Nov  8 13:44:07 2023]
Finished job 26.
13 of 29 steps (45%) done
Select jobs to execute...

[Wed Nov  8 13:44:07 2023]
rule models:
    input: output/seed_2_sep/1_feature_selection/seed_2_sep.counts.train.VST.tsv, output/seed_2_sep/1_feature_selection/seed_2_sep.counts.test.VST.tsv, output/seed_2_sep/1_feature_selection/seed_2_sep.counts.val.VST.tsv, input/seed_2_sep/seed_2_sep.metadata.train.tsv, input/seed_2_sep/seed_2_sep.metadata.test.tsv, input/seed_2_sep/seed_2_sep.metadata.val.tsv, output/seed_2_sep/1_feature_selection/seed_2_sep.deseqResults.tsv
    output: output/seed_2_sep/EXTRATREES/seed_2_sep.EXTRATREES.rds, output/seed_2_sep/EXTRATREES/seed_2_sep.EXTRATREES.train.txt, output/seed_2_sep/EXTRATREES/seed_2_sep.EXTRATREES.test.txt, output/seed_2_sep/EXTRATREES/seed_2_sep.EXTRATREES.val.txt
    jobid: 18
    reason: Missing output files: output/seed_2_sep/EXTRATREES/seed_2_sep.EXTRATREES.rds
    wildcards: sample=seed_2_sep, model=EXTRATREES
    resources: tmpdir=/tmp

[Wed Nov  8 13:44:08 2023]
Finished job 28.
14 of 29 steps (48%) done
[Wed Nov  8 13:44:09 2023]
Finished job 24.
15 of 29 steps (52%) done
[Wed Nov  8 13:44:09 2023]
Error in rule models:
    jobid: 18
    input: output/seed_2_sep/1_feature_selection/seed_2_sep.counts.train.VST.tsv, output/seed_2_sep/1_feature_selection/seed_2_sep.counts.test.VST.tsv, output/seed_2_sep/1_feature_selection/seed_2_sep.counts.val.VST.tsv, input/seed_2_sep/seed_2_sep.metadata.train.tsv, input/seed_2_sep/seed_2_sep.metadata.test.tsv, input/seed_2_sep/seed_2_sep.metadata.val.tsv, output/seed_2_sep/1_feature_selection/seed_2_sep.deseqResults.tsv
    output: output/seed_2_sep/EXTRATREES/seed_2_sep.EXTRATREES.rds, output/seed_2_sep/EXTRATREES/seed_2_sep.EXTRATREES.train.txt, output/seed_2_sep/EXTRATREES/seed_2_sep.EXTRATREES.test.txt, output/seed_2_sep/EXTRATREES/seed_2_sep.EXTRATREES.val.txt

RuleException:
CalledProcessError in line 47 of /local/workdir/cjl332/tb-cfrna/snakemake_pipeline/workflow/rules/main.smk:
Command 'set -euo pipefail;  Rscript --vanilla /local/workdir/cjl332/tb-cfrna/snakemake_pipeline/.snakemake/scripts/tmpp4t1e2t2.2_train-models.R' returned non-zero exit status 1.
  File "/local/workdir/cjl332/tb-cfrna/snakemake_pipeline/workflow/rules/main.smk", line 47, in __rule_models
  File "/usr/lib64/python3.9/concurrent/futures/thread.py", line 58, in run
[Wed Nov  8 13:44:10 2023]
Finished job 27.
16 of 29 steps (55%) done
[Wed Nov  8 13:44:15 2023]
Finished job 13.
17 of 29 steps (59%) done
[Wed Nov  8 13:44:28 2023]
Finished job 11.
18 of 29 steps (62%) done
[Wed Nov  8 13:44:38 2023]
Finished job 21.
19 of 29 steps (66%) done
[Wed Nov  8 13:44:39 2023]
Finished job 6.
20 of 29 steps (69%) done
[Wed Nov  8 13:44:41 2023]
Finished job 7.
21 of 29 steps (72%) done
[Wed Nov  8 13:44:41 2023]
Finished job 20.
22 of 29 steps (76%) done
[Wed Nov  8 13:44:54 2023]
Finished job 25.
23 of 29 steps (79%) done
[Wed Nov  8 13:45:09 2023]
Finished job 29.
24 of 29 steps (83%) done
[Wed Nov  8 13:45:24 2023]
Finished job 15.
25 of 29 steps (86%) done
[Wed Nov  8 13:47:35 2023]
Finished job 30.
26 of 29 steps (90%) done
[Wed Nov  8 13:47:58 2023]
Finished job 16.
27 of 29 steps (93%) done
Exiting because a job execution failed. Look above for error message
Complete log: .snakemake/log/2023-11-08T134352.215515.snakemake.log
