Building DAG of jobs...
Using shell: /usr/bin/bash
Provided cores: 15
Rules claiming more threads will be scaled down.
Job stats:
job                                    count    min threads    max threads
-----------------------------------  -------  -------------  -------------
all                                        1              1              1
feature_selection_and_normalization        6              1              1
models                                     6              1              1
total                                     13              1              1

Select jobs to execute...

[Tue May  7 21:20:30 2024]
rule feature_selection_and_normalization:
    input: /workdir/cjl332/prevail/PAPER2/0_DATA/counts_train.7030.csv, /workdir/cjl332/prevail/PAPER2/0_DATA/counts_test.7030.csv, /workdir/cjl332/prevail/PAPER2/0_DATA/counts_test.7030.csv, /workdir/cjl332/prevail/PAPER2/0_DATA/counts_train_vst.7030.csv, /workdir/cjl332/prevail/PAPER2/0_DATA/counts_test_vst.7030.csv, /workdir/cjl332/prevail/PAPER2/0_DATA/counts_test_vst.7030.csv, /workdir/cjl332/prevail/PAPER2/0_DATA/meta_data_train.7030.csv, /workdir/cjl332/prevail/PAPER2/0_DATA/meta_data_test.7030.csv, /workdir/cjl332/prevail/PAPER2/0_DATA/meta_data_test.7030.csv
    output: output/viral_infection<>bacterial_infection/1_feature_selection/viral_infection<>bacterial_infection.counts.train.VST.SIG.tsv, output/viral_infection<>bacterial_infection/1_feature_selection/viral_infection<>bacterial_infection.counts.test.VST.SIG.tsv, output/viral_infection<>bacterial_infection/1_feature_selection/viral_infection<>bacterial_infection.counts.val.VST.SIG.tsv, output/viral_infection<>bacterial_infection/1_feature_selection/viral_infection<>bacterial_infection.deseqResults.tsv
    jobid: 6
    reason: Missing output files: output/viral_infection<>bacterial_infection/1_feature_selection/viral_infection<>bacterial_infection.counts.train.VST.SIG.tsv, output/viral_infection<>bacterial_infection/1_feature_selection/viral_infection<>bacterial_infection.counts.test.VST.SIG.tsv, output/viral_infection<>bacterial_infection/1_feature_selection/viral_infection<>bacterial_infection.counts.val.VST.SIG.tsv, output/viral_infection<>bacterial_infection/1_feature_selection/viral_infection<>bacterial_infection.deseqResults.tsv
    wildcards: condition_pair=viral_infection<>bacterial_infection
    resources: tmpdir=/tmp

[Tue May  7 21:20:30 2024]
rule feature_selection_and_normalization:
    input: /workdir/cjl332/prevail/PAPER2/0_DATA/counts_train.7030.csv, /workdir/cjl332/prevail/PAPER2/0_DATA/counts_test.7030.csv, /workdir/cjl332/prevail/PAPER2/0_DATA/counts_test.7030.csv, /workdir/cjl332/prevail/PAPER2/0_DATA/counts_train_vst.7030.csv, /workdir/cjl332/prevail/PAPER2/0_DATA/counts_test_vst.7030.csv, /workdir/cjl332/prevail/PAPER2/0_DATA/counts_test_vst.7030.csv, /workdir/cjl332/prevail/PAPER2/0_DATA/meta_data_train.7030.csv, /workdir/cjl332/prevail/PAPER2/0_DATA/meta_data_test.7030.csv, /workdir/cjl332/prevail/PAPER2/0_DATA/meta_data_test.7030.csv
    output: output/MISC<>KD/1_feature_selection/MISC<>KD.counts.train.VST.SIG.tsv, output/MISC<>KD/1_feature_selection/MISC<>KD.counts.test.VST.SIG.tsv, output/MISC<>KD/1_feature_selection/MISC<>KD.counts.val.VST.SIG.tsv, output/MISC<>KD/1_feature_selection/MISC<>KD.deseqResults.tsv
    jobid: 1
    reason: Missing output files: output/MISC<>KD/1_feature_selection/MISC<>KD.counts.train.VST.SIG.tsv, output/MISC<>KD/1_feature_selection/MISC<>KD.counts.test.VST.SIG.tsv, output/MISC<>KD/1_feature_selection/MISC<>KD.deseqResults.tsv, output/MISC<>KD/1_feature_selection/MISC<>KD.counts.val.VST.SIG.tsv
    wildcards: condition_pair=MISC<>KD
    resources: tmpdir=/tmp

[Tue May  7 21:20:30 2024]
rule feature_selection_and_normalization:
    input: /workdir/cjl332/prevail/PAPER2/0_DATA/counts_train.7030.csv, /workdir/cjl332/prevail/PAPER2/0_DATA/counts_test.7030.csv, /workdir/cjl332/prevail/PAPER2/0_DATA/counts_test.7030.csv, /workdir/cjl332/prevail/PAPER2/0_DATA/counts_train_vst.7030.csv, /workdir/cjl332/prevail/PAPER2/0_DATA/counts_test_vst.7030.csv, /workdir/cjl332/prevail/PAPER2/0_DATA/counts_test_vst.7030.csv, /workdir/cjl332/prevail/PAPER2/0_DATA/meta_data_train.7030.csv, /workdir/cjl332/prevail/PAPER2/0_DATA/meta_data_test.7030.csv, /workdir/cjl332/prevail/PAPER2/0_DATA/meta_data_test.7030.csv
    output: output/MISC<>bacterial_infection/1_feature_selection/MISC<>bacterial_infection.counts.train.VST.SIG.tsv, output/MISC<>bacterial_infection/1_feature_selection/MISC<>bacterial_infection.counts.test.VST.SIG.tsv, output/MISC<>bacterial_infection/1_feature_selection/MISC<>bacterial_infection.counts.val.VST.SIG.tsv, output/MISC<>bacterial_infection/1_feature_selection/MISC<>bacterial_infection.deseqResults.tsv
    jobid: 3
    reason: Missing output files: output/MISC<>bacterial_infection/1_feature_selection/MISC<>bacterial_infection.counts.train.VST.SIG.tsv, output/MISC<>bacterial_infection/1_feature_selection/MISC<>bacterial_infection.counts.test.VST.SIG.tsv, output/MISC<>bacterial_infection/1_feature_selection/MISC<>bacterial_infection.deseqResults.tsv, output/MISC<>bacterial_infection/1_feature_selection/MISC<>bacterial_infection.counts.val.VST.SIG.tsv
    wildcards: condition_pair=MISC<>bacterial_infection
    resources: tmpdir=/tmp

[Tue May  7 21:20:30 2024]
rule feature_selection_and_normalization:
    input: /workdir/cjl332/prevail/PAPER2/0_DATA/counts_train.7030.csv, /workdir/cjl332/prevail/PAPER2/0_DATA/counts_test.7030.csv, /workdir/cjl332/prevail/PAPER2/0_DATA/counts_test.7030.csv, /workdir/cjl332/prevail/PAPER2/0_DATA/counts_train_vst.7030.csv, /workdir/cjl332/prevail/PAPER2/0_DATA/counts_test_vst.7030.csv, /workdir/cjl332/prevail/PAPER2/0_DATA/counts_test_vst.7030.csv, /workdir/cjl332/prevail/PAPER2/0_DATA/meta_data_train.7030.csv, /workdir/cjl332/prevail/PAPER2/0_DATA/meta_data_test.7030.csv, /workdir/cjl332/prevail/PAPER2/0_DATA/meta_data_test.7030.csv
    output: output/KD<>bacterial_infection/1_feature_selection/KD<>bacterial_infection.counts.train.VST.SIG.tsv, output/KD<>bacterial_infection/1_feature_selection/KD<>bacterial_infection.counts.test.VST.SIG.tsv, output/KD<>bacterial_infection/1_feature_selection/KD<>bacterial_infection.counts.val.VST.SIG.tsv, output/KD<>bacterial_infection/1_feature_selection/KD<>bacterial_infection.deseqResults.tsv
    jobid: 5
    reason: Missing output files: output/KD<>bacterial_infection/1_feature_selection/KD<>bacterial_infection.deseqResults.tsv, output/KD<>bacterial_infection/1_feature_selection/KD<>bacterial_infection.counts.val.VST.SIG.tsv, output/KD<>bacterial_infection/1_feature_selection/KD<>bacterial_infection.counts.train.VST.SIG.tsv, output/KD<>bacterial_infection/1_feature_selection/KD<>bacterial_infection.counts.test.VST.SIG.tsv
    wildcards: condition_pair=KD<>bacterial_infection
    resources: tmpdir=/tmp

[Tue May  7 21:20:30 2024]
rule feature_selection_and_normalization:
    input: /workdir/cjl332/prevail/PAPER2/0_DATA/counts_train.7030.csv, /workdir/cjl332/prevail/PAPER2/0_DATA/counts_test.7030.csv, /workdir/cjl332/prevail/PAPER2/0_DATA/counts_test.7030.csv, /workdir/cjl332/prevail/PAPER2/0_DATA/counts_train_vst.7030.csv, /workdir/cjl332/prevail/PAPER2/0_DATA/counts_test_vst.7030.csv, /workdir/cjl332/prevail/PAPER2/0_DATA/counts_test_vst.7030.csv, /workdir/cjl332/prevail/PAPER2/0_DATA/meta_data_train.7030.csv, /workdir/cjl332/prevail/PAPER2/0_DATA/meta_data_test.7030.csv, /workdir/cjl332/prevail/PAPER2/0_DATA/meta_data_test.7030.csv
    output: output/MISC<>viral_infection/1_feature_selection/MISC<>viral_infection.counts.train.VST.SIG.tsv, output/MISC<>viral_infection/1_feature_selection/MISC<>viral_infection.counts.test.VST.SIG.tsv, output/MISC<>viral_infection/1_feature_selection/MISC<>viral_infection.counts.val.VST.SIG.tsv, output/MISC<>viral_infection/1_feature_selection/MISC<>viral_infection.deseqResults.tsv
    jobid: 2
    reason: Missing output files: output/MISC<>viral_infection/1_feature_selection/MISC<>viral_infection.counts.train.VST.SIG.tsv, output/MISC<>viral_infection/1_feature_selection/MISC<>viral_infection.counts.val.VST.SIG.tsv, output/MISC<>viral_infection/1_feature_selection/MISC<>viral_infection.counts.test.VST.SIG.tsv, output/MISC<>viral_infection/1_feature_selection/MISC<>viral_infection.deseqResults.tsv
    wildcards: condition_pair=MISC<>viral_infection
    resources: tmpdir=/tmp

[Tue May  7 21:20:30 2024]
rule feature_selection_and_normalization:
    input: /workdir/cjl332/prevail/PAPER2/0_DATA/counts_train.7030.csv, /workdir/cjl332/prevail/PAPER2/0_DATA/counts_test.7030.csv, /workdir/cjl332/prevail/PAPER2/0_DATA/counts_test.7030.csv, /workdir/cjl332/prevail/PAPER2/0_DATA/counts_train_vst.7030.csv, /workdir/cjl332/prevail/PAPER2/0_DATA/counts_test_vst.7030.csv, /workdir/cjl332/prevail/PAPER2/0_DATA/counts_test_vst.7030.csv, /workdir/cjl332/prevail/PAPER2/0_DATA/meta_data_train.7030.csv, /workdir/cjl332/prevail/PAPER2/0_DATA/meta_data_test.7030.csv, /workdir/cjl332/prevail/PAPER2/0_DATA/meta_data_test.7030.csv
    output: output/KD<>viral_infection/1_feature_selection/KD<>viral_infection.counts.train.VST.SIG.tsv, output/KD<>viral_infection/1_feature_selection/KD<>viral_infection.counts.test.VST.SIG.tsv, output/KD<>viral_infection/1_feature_selection/KD<>viral_infection.counts.val.VST.SIG.tsv, output/KD<>viral_infection/1_feature_selection/KD<>viral_infection.deseqResults.tsv
    jobid: 4
    reason: Missing output files: output/KD<>viral_infection/1_feature_selection/KD<>viral_infection.counts.test.VST.SIG.tsv, output/KD<>viral_infection/1_feature_selection/KD<>viral_infection.counts.val.VST.SIG.tsv, output/KD<>viral_infection/1_feature_selection/KD<>viral_infection.deseqResults.tsv, output/KD<>viral_infection/1_feature_selection/KD<>viral_infection.counts.train.VST.SIG.tsv
    wildcards: condition_pair=KD<>viral_infection
    resources: tmpdir=/tmp

[Tue May  7 21:20:52 2024]
Error in rule feature_selection_and_normalization:
    jobid: 5
    input: /workdir/cjl332/prevail/PAPER2/0_DATA/counts_train.7030.csv, /workdir/cjl332/prevail/PAPER2/0_DATA/counts_test.7030.csv, /workdir/cjl332/prevail/PAPER2/0_DATA/counts_test.7030.csv, /workdir/cjl332/prevail/PAPER2/0_DATA/counts_train_vst.7030.csv, /workdir/cjl332/prevail/PAPER2/0_DATA/counts_test_vst.7030.csv, /workdir/cjl332/prevail/PAPER2/0_DATA/counts_test_vst.7030.csv, /workdir/cjl332/prevail/PAPER2/0_DATA/meta_data_train.7030.csv, /workdir/cjl332/prevail/PAPER2/0_DATA/meta_data_test.7030.csv, /workdir/cjl332/prevail/PAPER2/0_DATA/meta_data_test.7030.csv
    output: output/KD<>bacterial_infection/1_feature_selection/KD<>bacterial_infection.counts.train.VST.SIG.tsv, output/KD<>bacterial_infection/1_feature_selection/KD<>bacterial_infection.counts.test.VST.SIG.tsv, output/KD<>bacterial_infection/1_feature_selection/KD<>bacterial_infection.counts.val.VST.SIG.tsv, output/KD<>bacterial_infection/1_feature_selection/KD<>bacterial_infection.deseqResults.tsv

RuleException:
CalledProcessError in line 25 of /local/workdir/cjl332/prevail/PAPER2/3_Multiclass_1v1/ML_split70-30/1_all/workflow/rules/main.smk:
Command 'set -euo pipefail;  Rscript --vanilla /local/workdir/cjl332/prevail/PAPER2/3_Multiclass_1v1/ML_split70-30/1_all/.snakemake/scripts/tmpqv34gjzb.1_feature-selection.R' returned non-zero exit status 1.
  File "/local/workdir/cjl332/prevail/PAPER2/3_Multiclass_1v1/ML_split70-30/1_all/workflow/rules/main.smk", line 25, in __rule_feature_selection_and_normalization
  File "/usr/lib64/python3.9/concurrent/futures/thread.py", line 58, in run
[Tue May  7 21:20:52 2024]
Error in rule feature_selection_and_normalization:
    jobid: 6
    input: /workdir/cjl332/prevail/PAPER2/0_DATA/counts_train.7030.csv, /workdir/cjl332/prevail/PAPER2/0_DATA/counts_test.7030.csv, /workdir/cjl332/prevail/PAPER2/0_DATA/counts_test.7030.csv, /workdir/cjl332/prevail/PAPER2/0_DATA/counts_train_vst.7030.csv, /workdir/cjl332/prevail/PAPER2/0_DATA/counts_test_vst.7030.csv, /workdir/cjl332/prevail/PAPER2/0_DATA/counts_test_vst.7030.csv, /workdir/cjl332/prevail/PAPER2/0_DATA/meta_data_train.7030.csv, /workdir/cjl332/prevail/PAPER2/0_DATA/meta_data_test.7030.csv, /workdir/cjl332/prevail/PAPER2/0_DATA/meta_data_test.7030.csv
    output: output/viral_infection<>bacterial_infection/1_feature_selection/viral_infection<>bacterial_infection.counts.train.VST.SIG.tsv, output/viral_infection<>bacterial_infection/1_feature_selection/viral_infection<>bacterial_infection.counts.test.VST.SIG.tsv, output/viral_infection<>bacterial_infection/1_feature_selection/viral_infection<>bacterial_infection.counts.val.VST.SIG.tsv, output/viral_infection<>bacterial_infection/1_feature_selection/viral_infection<>bacterial_infection.deseqResults.tsv

RuleException:
CalledProcessError in line 25 of /local/workdir/cjl332/prevail/PAPER2/3_Multiclass_1v1/ML_split70-30/1_all/workflow/rules/main.smk:
Command 'set -euo pipefail;  Rscript --vanilla /local/workdir/cjl332/prevail/PAPER2/3_Multiclass_1v1/ML_split70-30/1_all/.snakemake/scripts/tmpkam7tnbg.1_feature-selection.R' returned non-zero exit status 1.
  File "/local/workdir/cjl332/prevail/PAPER2/3_Multiclass_1v1/ML_split70-30/1_all/workflow/rules/main.smk", line 25, in __rule_feature_selection_and_normalization
  File "/usr/lib64/python3.9/concurrent/futures/thread.py", line 58, in run
[Tue May  7 21:20:52 2024]
Error in rule feature_selection_and_normalization:
    jobid: 2
    input: /workdir/cjl332/prevail/PAPER2/0_DATA/counts_train.7030.csv, /workdir/cjl332/prevail/PAPER2/0_DATA/counts_test.7030.csv, /workdir/cjl332/prevail/PAPER2/0_DATA/counts_test.7030.csv, /workdir/cjl332/prevail/PAPER2/0_DATA/counts_train_vst.7030.csv, /workdir/cjl332/prevail/PAPER2/0_DATA/counts_test_vst.7030.csv, /workdir/cjl332/prevail/PAPER2/0_DATA/counts_test_vst.7030.csv, /workdir/cjl332/prevail/PAPER2/0_DATA/meta_data_train.7030.csv, /workdir/cjl332/prevail/PAPER2/0_DATA/meta_data_test.7030.csv, /workdir/cjl332/prevail/PAPER2/0_DATA/meta_data_test.7030.csv
    output: output/MISC<>viral_infection/1_feature_selection/MISC<>viral_infection.counts.train.VST.SIG.tsv, output/MISC<>viral_infection/1_feature_selection/MISC<>viral_infection.counts.test.VST.SIG.tsv, output/MISC<>viral_infection/1_feature_selection/MISC<>viral_infection.counts.val.VST.SIG.tsv, output/MISC<>viral_infection/1_feature_selection/MISC<>viral_infection.deseqResults.tsv

RuleException:
CalledProcessError in line 25 of /local/workdir/cjl332/prevail/PAPER2/3_Multiclass_1v1/ML_split70-30/1_all/workflow/rules/main.smk:
Command 'set -euo pipefail;  Rscript --vanilla /local/workdir/cjl332/prevail/PAPER2/3_Multiclass_1v1/ML_split70-30/1_all/.snakemake/scripts/tmp6b1r83pi.1_feature-selection.R' returned non-zero exit status 1.
  File "/local/workdir/cjl332/prevail/PAPER2/3_Multiclass_1v1/ML_split70-30/1_all/workflow/rules/main.smk", line 25, in __rule_feature_selection_and_normalization
  File "/usr/lib64/python3.9/concurrent/futures/thread.py", line 58, in run
[Tue May  7 21:20:52 2024]
Error in rule feature_selection_and_normalization:
    jobid: 4
    input: /workdir/cjl332/prevail/PAPER2/0_DATA/counts_train.7030.csv, /workdir/cjl332/prevail/PAPER2/0_DATA/counts_test.7030.csv, /workdir/cjl332/prevail/PAPER2/0_DATA/counts_test.7030.csv, /workdir/cjl332/prevail/PAPER2/0_DATA/counts_train_vst.7030.csv, /workdir/cjl332/prevail/PAPER2/0_DATA/counts_test_vst.7030.csv, /workdir/cjl332/prevail/PAPER2/0_DATA/counts_test_vst.7030.csv, /workdir/cjl332/prevail/PAPER2/0_DATA/meta_data_train.7030.csv, /workdir/cjl332/prevail/PAPER2/0_DATA/meta_data_test.7030.csv, /workdir/cjl332/prevail/PAPER2/0_DATA/meta_data_test.7030.csv
    output: output/KD<>viral_infection/1_feature_selection/KD<>viral_infection.counts.train.VST.SIG.tsv, output/KD<>viral_infection/1_feature_selection/KD<>viral_infection.counts.test.VST.SIG.tsv, output/KD<>viral_infection/1_feature_selection/KD<>viral_infection.counts.val.VST.SIG.tsv, output/KD<>viral_infection/1_feature_selection/KD<>viral_infection.deseqResults.tsv

RuleException:
CalledProcessError in line 25 of /local/workdir/cjl332/prevail/PAPER2/3_Multiclass_1v1/ML_split70-30/1_all/workflow/rules/main.smk:
Command 'set -euo pipefail;  Rscript --vanilla /local/workdir/cjl332/prevail/PAPER2/3_Multiclass_1v1/ML_split70-30/1_all/.snakemake/scripts/tmpo9dkx_5a.1_feature-selection.R' returned non-zero exit status 1.
  File "/local/workdir/cjl332/prevail/PAPER2/3_Multiclass_1v1/ML_split70-30/1_all/workflow/rules/main.smk", line 25, in __rule_feature_selection_and_normalization
  File "/usr/lib64/python3.9/concurrent/futures/thread.py", line 58, in run
[Tue May  7 21:20:52 2024]
Error in rule feature_selection_and_normalization:
    jobid: 1
    input: /workdir/cjl332/prevail/PAPER2/0_DATA/counts_train.7030.csv, /workdir/cjl332/prevail/PAPER2/0_DATA/counts_test.7030.csv, /workdir/cjl332/prevail/PAPER2/0_DATA/counts_test.7030.csv, /workdir/cjl332/prevail/PAPER2/0_DATA/counts_train_vst.7030.csv, /workdir/cjl332/prevail/PAPER2/0_DATA/counts_test_vst.7030.csv, /workdir/cjl332/prevail/PAPER2/0_DATA/counts_test_vst.7030.csv, /workdir/cjl332/prevail/PAPER2/0_DATA/meta_data_train.7030.csv, /workdir/cjl332/prevail/PAPER2/0_DATA/meta_data_test.7030.csv, /workdir/cjl332/prevail/PAPER2/0_DATA/meta_data_test.7030.csv
    output: output/MISC<>KD/1_feature_selection/MISC<>KD.counts.train.VST.SIG.tsv, output/MISC<>KD/1_feature_selection/MISC<>KD.counts.test.VST.SIG.tsv, output/MISC<>KD/1_feature_selection/MISC<>KD.counts.val.VST.SIG.tsv, output/MISC<>KD/1_feature_selection/MISC<>KD.deseqResults.tsv

RuleException:
CalledProcessError in line 25 of /local/workdir/cjl332/prevail/PAPER2/3_Multiclass_1v1/ML_split70-30/1_all/workflow/rules/main.smk:
Command 'set -euo pipefail;  Rscript --vanilla /local/workdir/cjl332/prevail/PAPER2/3_Multiclass_1v1/ML_split70-30/1_all/.snakemake/scripts/tmpyjzuyacz.1_feature-selection.R' returned non-zero exit status 1.
  File "/local/workdir/cjl332/prevail/PAPER2/3_Multiclass_1v1/ML_split70-30/1_all/workflow/rules/main.smk", line 25, in __rule_feature_selection_and_normalization
  File "/usr/lib64/python3.9/concurrent/futures/thread.py", line 58, in run
[Tue May  7 21:20:52 2024]
Error in rule feature_selection_and_normalization:
    jobid: 3
    input: /workdir/cjl332/prevail/PAPER2/0_DATA/counts_train.7030.csv, /workdir/cjl332/prevail/PAPER2/0_DATA/counts_test.7030.csv, /workdir/cjl332/prevail/PAPER2/0_DATA/counts_test.7030.csv, /workdir/cjl332/prevail/PAPER2/0_DATA/counts_train_vst.7030.csv, /workdir/cjl332/prevail/PAPER2/0_DATA/counts_test_vst.7030.csv, /workdir/cjl332/prevail/PAPER2/0_DATA/counts_test_vst.7030.csv, /workdir/cjl332/prevail/PAPER2/0_DATA/meta_data_train.7030.csv, /workdir/cjl332/prevail/PAPER2/0_DATA/meta_data_test.7030.csv, /workdir/cjl332/prevail/PAPER2/0_DATA/meta_data_test.7030.csv
    output: output/MISC<>bacterial_infection/1_feature_selection/MISC<>bacterial_infection.counts.train.VST.SIG.tsv, output/MISC<>bacterial_infection/1_feature_selection/MISC<>bacterial_infection.counts.test.VST.SIG.tsv, output/MISC<>bacterial_infection/1_feature_selection/MISC<>bacterial_infection.counts.val.VST.SIG.tsv, output/MISC<>bacterial_infection/1_feature_selection/MISC<>bacterial_infection.deseqResults.tsv

RuleException:
CalledProcessError in line 25 of /local/workdir/cjl332/prevail/PAPER2/3_Multiclass_1v1/ML_split70-30/1_all/workflow/rules/main.smk:
Command 'set -euo pipefail;  Rscript --vanilla /local/workdir/cjl332/prevail/PAPER2/3_Multiclass_1v1/ML_split70-30/1_all/.snakemake/scripts/tmpduoiorut.1_feature-selection.R' returned non-zero exit status 1.
  File "/local/workdir/cjl332/prevail/PAPER2/3_Multiclass_1v1/ML_split70-30/1_all/workflow/rules/main.smk", line 25, in __rule_feature_selection_and_normalization
  File "/usr/lib64/python3.9/concurrent/futures/thread.py", line 58, in run
Exiting because a job execution failed. Look above for error message
Complete log: .snakemake/log/2024-05-07T212029.804837.snakemake.log
