Building DAG of jobs...
Using shell: /usr/bin/bash
Provided cores: 15
Rules claiming more threads will be scaled down.
Job stats:
job      count    min threads    max threads
-----  -------  -------------  -------------
GFSu         5              1              1
all          1              1              1
total        6              1              1

Select jobs to execute...

[Tue Nov 21 00:20:14 2023]
rule GFSu:
    input: output/MISC/1_feature_selection/MISC.counts.train.VST.SIG.tsv, output/MISC/1_feature_selection/MISC.counts.test.VST.SIG.tsv, output/MISC/1_feature_selection/MISC.counts.val.VST.SIG.tsv, /workdir/cjl332/prevail/PAPER2/0_DATA/meta_data_train.7030.csv, /workdir/cjl332/prevail/PAPER2/0_DATA/meta_data_test.7030.csv, /workdir/cjl332/prevail/PAPER2/0_DATA/meta_data_test.7030.csv, output/MISC/1_feature_selection/MISC.deseqResults.tsv
    output: output/MISC/GFSu/GFSu_MISC.GFSu.rds, output/MISC/GFSu/GFSu_MISC.GFSu.train.txt, output/MISC/GFSu/GFSu_MISC.GFSu.test.txt, output/MISC/GFSu/GFSu_MISC.GFSu.val.txt
    jobid: 76
    reason: Missing output files: output/MISC/GFSu/GFSu_MISC.GFSu.test.txt, output/MISC/GFSu/GFSu_MISC.GFSu.val.txt, output/MISC/GFSu/GFSu_MISC.GFSu.rds, output/MISC/GFSu/GFSu_MISC.GFSu.train.txt
    wildcards: sample=MISC
    resources: tmpdir=/tmp

[Tue Nov 21 00:20:14 2023]
rule GFSu:
    input: output/KD/1_feature_selection/KD.counts.train.VST.SIG.tsv, output/KD/1_feature_selection/KD.counts.test.VST.SIG.tsv, output/KD/1_feature_selection/KD.counts.val.VST.SIG.tsv, /workdir/cjl332/prevail/PAPER2/0_DATA/meta_data_train.7030.csv, /workdir/cjl332/prevail/PAPER2/0_DATA/meta_data_test.7030.csv, /workdir/cjl332/prevail/PAPER2/0_DATA/meta_data_test.7030.csv, output/KD/1_feature_selection/KD.deseqResults.tsv
    output: output/KD/GFSu/GFSu_KD.GFSu.rds, output/KD/GFSu/GFSu_KD.GFSu.train.txt, output/KD/GFSu/GFSu_KD.GFSu.test.txt, output/KD/GFSu/GFSu_KD.GFSu.val.txt
    jobid: 77
    reason: Missing output files: output/KD/GFSu/GFSu_KD.GFSu.val.txt, output/KD/GFSu/GFSu_KD.GFSu.train.txt, output/KD/GFSu/GFSu_KD.GFSu.test.txt, output/KD/GFSu/GFSu_KD.GFSu.rds
    wildcards: sample=KD
    resources: tmpdir=/tmp

[Tue Nov 21 00:20:14 2023]
rule GFSu:
    input: output/COVID19/1_feature_selection/COVID19.counts.train.VST.SIG.tsv, output/COVID19/1_feature_selection/COVID19.counts.test.VST.SIG.tsv, output/COVID19/1_feature_selection/COVID19.counts.val.VST.SIG.tsv, /workdir/cjl332/prevail/PAPER2/0_DATA/meta_data_train.7030.csv, /workdir/cjl332/prevail/PAPER2/0_DATA/meta_data_test.7030.csv, /workdir/cjl332/prevail/PAPER2/0_DATA/meta_data_test.7030.csv, output/COVID19/1_feature_selection/COVID19.deseqResults.tsv
    output: output/COVID19/GFSu/GFSu_COVID19.GFSu.rds, output/COVID19/GFSu/GFSu_COVID19.GFSu.train.txt, output/COVID19/GFSu/GFSu_COVID19.GFSu.test.txt, output/COVID19/GFSu/GFSu_COVID19.GFSu.val.txt
    jobid: 79
    reason: Missing output files: output/COVID19/GFSu/GFSu_COVID19.GFSu.val.txt, output/COVID19/GFSu/GFSu_COVID19.GFSu.train.txt, output/COVID19/GFSu/GFSu_COVID19.GFSu.rds, output/COVID19/GFSu/GFSu_COVID19.GFSu.test.txt
    wildcards: sample=COVID19
    resources: tmpdir=/tmp

[Tue Nov 21 00:20:14 2023]
rule GFSu:
    input: output/viral_infection/1_feature_selection/viral_infection.counts.train.VST.SIG.tsv, output/viral_infection/1_feature_selection/viral_infection.counts.test.VST.SIG.tsv, output/viral_infection/1_feature_selection/viral_infection.counts.val.VST.SIG.tsv, /workdir/cjl332/prevail/PAPER2/0_DATA/meta_data_train.7030.csv, /workdir/cjl332/prevail/PAPER2/0_DATA/meta_data_test.7030.csv, /workdir/cjl332/prevail/PAPER2/0_DATA/meta_data_test.7030.csv, output/viral_infection/1_feature_selection/viral_infection.deseqResults.tsv
    output: output/viral_infection/GFSu/GFSu_viral_infection.GFSu.rds, output/viral_infection/GFSu/GFSu_viral_infection.GFSu.train.txt, output/viral_infection/GFSu/GFSu_viral_infection.GFSu.test.txt, output/viral_infection/GFSu/GFSu_viral_infection.GFSu.val.txt
    jobid: 78
    reason: Missing output files: output/viral_infection/GFSu/GFSu_viral_infection.GFSu.train.txt, output/viral_infection/GFSu/GFSu_viral_infection.GFSu.rds, output/viral_infection/GFSu/GFSu_viral_infection.GFSu.val.txt, output/viral_infection/GFSu/GFSu_viral_infection.GFSu.test.txt
    wildcards: sample=viral_infection
    resources: tmpdir=/tmp

[Tue Nov 21 00:20:14 2023]
rule GFSu:
    input: output/bacterial_infection/1_feature_selection/bacterial_infection.counts.train.VST.SIG.tsv, output/bacterial_infection/1_feature_selection/bacterial_infection.counts.test.VST.SIG.tsv, output/bacterial_infection/1_feature_selection/bacterial_infection.counts.val.VST.SIG.tsv, /workdir/cjl332/prevail/PAPER2/0_DATA/meta_data_train.7030.csv, /workdir/cjl332/prevail/PAPER2/0_DATA/meta_data_test.7030.csv, /workdir/cjl332/prevail/PAPER2/0_DATA/meta_data_test.7030.csv, output/bacterial_infection/1_feature_selection/bacterial_infection.deseqResults.tsv
    output: output/bacterial_infection/GFSu/GFSu_bacterial_infection.GFSu.rds, output/bacterial_infection/GFSu/GFSu_bacterial_infection.GFSu.train.txt, output/bacterial_infection/GFSu/GFSu_bacterial_infection.GFSu.test.txt, output/bacterial_infection/GFSu/GFSu_bacterial_infection.GFSu.val.txt
    jobid: 80
    reason: Missing output files: output/bacterial_infection/GFSu/GFSu_bacterial_infection.GFSu.rds, output/bacterial_infection/GFSu/GFSu_bacterial_infection.GFSu.train.txt, output/bacterial_infection/GFSu/GFSu_bacterial_infection.GFSu.test.txt, output/bacterial_infection/GFSu/GFSu_bacterial_infection.GFSu.val.txt
    wildcards: sample=bacterial_infection
    resources: tmpdir=/tmp

Waiting at most 5 seconds for missing files.
MissingOutputException in rule GFSu  in line 53 of /local/workdir/cjl332/prevail/PAPER2/3_Multiclass/ML_split70-30/1_all/workflow/rules/main.smk:
Job Missing files after 5 seconds. This might be due to filesystem latency. If that is the case, consider to increase the wait time with --latency-wait:
output/bacterial_infection/GFSu/GFSu_bacterial_infection.GFSu.rds
output/bacterial_infection/GFSu/GFSu_bacterial_infection.GFSu.train.txt
output/bacterial_infection/GFSu/GFSu_bacterial_infection.GFSu.test.txt
output/bacterial_infection/GFSu/GFSu_bacterial_infection.GFSu.val.txt completed successfully, but some output files are missing. 80
Waiting at most 5 seconds for missing files.
MissingOutputException in rule GFSu  in line 53 of /local/workdir/cjl332/prevail/PAPER2/3_Multiclass/ML_split70-30/1_all/workflow/rules/main.smk:
Job Missing files after 5 seconds. This might be due to filesystem latency. If that is the case, consider to increase the wait time with --latency-wait:
output/viral_infection/GFSu/GFSu_viral_infection.GFSu.rds
output/viral_infection/GFSu/GFSu_viral_infection.GFSu.train.txt
output/viral_infection/GFSu/GFSu_viral_infection.GFSu.test.txt
output/viral_infection/GFSu/GFSu_viral_infection.GFSu.val.txt completed successfully, but some output files are missing. 78
Waiting at most 5 seconds for missing files.
MissingOutputException in rule GFSu  in line 53 of /local/workdir/cjl332/prevail/PAPER2/3_Multiclass/ML_split70-30/1_all/workflow/rules/main.smk:
Job Missing files after 5 seconds. This might be due to filesystem latency. If that is the case, consider to increase the wait time with --latency-wait:
output/MISC/GFSu/GFSu_MISC.GFSu.rds
output/MISC/GFSu/GFSu_MISC.GFSu.train.txt
output/MISC/GFSu/GFSu_MISC.GFSu.test.txt
output/MISC/GFSu/GFSu_MISC.GFSu.val.txt completed successfully, but some output files are missing. 76
Waiting at most 5 seconds for missing files.
MissingOutputException in rule GFSu  in line 53 of /local/workdir/cjl332/prevail/PAPER2/3_Multiclass/ML_split70-30/1_all/workflow/rules/main.smk:
Job Missing files after 5 seconds. This might be due to filesystem latency. If that is the case, consider to increase the wait time with --latency-wait:
output/COVID19/GFSu/GFSu_COVID19.GFSu.rds
output/COVID19/GFSu/GFSu_COVID19.GFSu.train.txt
output/COVID19/GFSu/GFSu_COVID19.GFSu.test.txt
output/COVID19/GFSu/GFSu_COVID19.GFSu.val.txt completed successfully, but some output files are missing. 79
Waiting at most 5 seconds for missing files.
MissingOutputException in rule GFSu  in line 53 of /local/workdir/cjl332/prevail/PAPER2/3_Multiclass/ML_split70-30/1_all/workflow/rules/main.smk:
Job Missing files after 5 seconds. This might be due to filesystem latency. If that is the case, consider to increase the wait time with --latency-wait:
output/KD/GFSu/GFSu_KD.GFSu.rds
output/KD/GFSu/GFSu_KD.GFSu.train.txt
output/KD/GFSu/GFSu_KD.GFSu.test.txt
output/KD/GFSu/GFSu_KD.GFSu.val.txt completed successfully, but some output files are missing. 77
Exiting because a job execution failed. Look above for error message
Complete log: .snakemake/log/2023-11-21T002013.862178.snakemake.log
