Building DAG of jobs...
Using shell: /usr/bin/bash
Provided cores: 15
Rules claiming more threads will be scaled down.
Job stats:
job       count    min threads    max threads
------  -------  -------------  -------------
all           1              1              1
models        1              1              1
total         2              1              1

Select jobs to execute...

[Wed Nov  8 13:48:28 2023]
rule models:
    input: output/seed_2_sep/1_feature_selection/seed_2_sep.counts.train.VST.tsv, output/seed_2_sep/1_feature_selection/seed_2_sep.counts.test.VST.tsv, output/seed_2_sep/1_feature_selection/seed_2_sep.counts.val.VST.tsv, input/seed_2_sep/seed_2_sep.metadata.train.tsv, input/seed_2_sep/seed_2_sep.metadata.test.tsv, input/seed_2_sep/seed_2_sep.metadata.val.tsv, output/seed_2_sep/1_feature_selection/seed_2_sep.deseqResults.tsv
    output: output/seed_2_sep/EXTRATREES/seed_2_sep.EXTRATREES.rds, output/seed_2_sep/EXTRATREES/seed_2_sep.EXTRATREES.train.txt, output/seed_2_sep/EXTRATREES/seed_2_sep.EXTRATREES.test.txt, output/seed_2_sep/EXTRATREES/seed_2_sep.EXTRATREES.val.txt
    jobid: 18
    reason: Missing output files: output/seed_2_sep/EXTRATREES/seed_2_sep.EXTRATREES.rds
    wildcards: sample=seed_2_sep, model=EXTRATREES
    resources: tmpdir=/tmp

[Wed Nov  8 13:48:31 2023]
Error in rule models:
    jobid: 18
    input: output/seed_2_sep/1_feature_selection/seed_2_sep.counts.train.VST.tsv, output/seed_2_sep/1_feature_selection/seed_2_sep.counts.test.VST.tsv, output/seed_2_sep/1_feature_selection/seed_2_sep.counts.val.VST.tsv, input/seed_2_sep/seed_2_sep.metadata.train.tsv, input/seed_2_sep/seed_2_sep.metadata.test.tsv, input/seed_2_sep/seed_2_sep.metadata.val.tsv, output/seed_2_sep/1_feature_selection/seed_2_sep.deseqResults.tsv
    output: output/seed_2_sep/EXTRATREES/seed_2_sep.EXTRATREES.rds, output/seed_2_sep/EXTRATREES/seed_2_sep.EXTRATREES.train.txt, output/seed_2_sep/EXTRATREES/seed_2_sep.EXTRATREES.test.txt, output/seed_2_sep/EXTRATREES/seed_2_sep.EXTRATREES.val.txt

RuleException:
CalledProcessError in line 47 of /local/workdir/cjl332/tb-cfrna/snakemake_pipeline/workflow/rules/main.smk:
Command 'set -euo pipefail;  Rscript --vanilla /local/workdir/cjl332/tb-cfrna/snakemake_pipeline/.snakemake/scripts/tmpch5rx7sb.2_train-models.R' returned non-zero exit status 1.
  File "/local/workdir/cjl332/tb-cfrna/snakemake_pipeline/workflow/rules/main.smk", line 47, in __rule_models
  File "/usr/lib64/python3.9/concurrent/futures/thread.py", line 58, in run
Exiting because a job execution failed. Look above for error message
Complete log: .snakemake/log/2023-11-08T134828.695875.snakemake.log
