Building DAG of jobs...
Using shell: /usr/bin/bash
Provided cores: 15
Rules claiming more threads will be scaled down.
Job stats:
job                                    count    min threads    max threads
-----------------------------------  -------  -------------  -------------
all                                        1              1              1
feature_selection_and_normalization        2              1              1
models                                     2              1              1
total                                      5              1              1

Select jobs to execute...

[Wed Nov  8 13:07:16 2023]
rule feature_selection_and_normalization:
    input: output/seed_1_sep/0_input/seed_1_sep.counts.train.tsv, output/seed_1_sep/0_input/seed_1_sep.counts.test.tsv, output/seed_1_sep/0_input/seed_1_sep.counts.val.tsv, output/seed_1_sep/0_input/seed_1_sep.metadata.train.tsv, output/seed_1_sep/0_input/seed_1_sep.metadata.test.tsv, output/seed_1_sep/0_input/seed_1_sep.metadata.val.tsv
    output: output/seed_1_sep/1_feature_selection/seed_1_sep.counts.train.VST.tsv, output/seed_1_sep/1_feature_selection/seed_1_sep.counts.test.VST.tsv, output/seed_1_sep/1_feature_selection/seed_1_sep.counts.val.VST.tsv, output/seed_1_sep/1_feature_selection/seed_1_sep.deseqResults.tsv
    jobid: 1
    reason: Missing output files: output/seed_1_sep/1_feature_selection/seed_1_sep.counts.train.VST.tsv, output/seed_1_sep/1_feature_selection/seed_1_sep.counts.test.VST.tsv, output/seed_1_sep/1_feature_selection/seed_1_sep.deseqResults.tsv, output/seed_1_sep/1_feature_selection/seed_1_sep.counts.val.VST.tsv
    wildcards: sample=seed_1_sep
    resources: tmpdir=/tmp

[Wed Nov  8 13:07:16 2023]
rule feature_selection_and_normalization:
    input: output/seed_2_sep/0_input/seed_2_sep.counts.train.tsv, output/seed_2_sep/0_input/seed_2_sep.counts.test.tsv, output/seed_2_sep/0_input/seed_2_sep.counts.val.tsv, output/seed_2_sep/0_input/seed_2_sep.metadata.train.tsv, output/seed_2_sep/0_input/seed_2_sep.metadata.test.tsv, output/seed_2_sep/0_input/seed_2_sep.metadata.val.tsv
    output: output/seed_2_sep/1_feature_selection/seed_2_sep.counts.train.VST.tsv, output/seed_2_sep/1_feature_selection/seed_2_sep.counts.test.VST.tsv, output/seed_2_sep/1_feature_selection/seed_2_sep.counts.val.VST.tsv, output/seed_2_sep/1_feature_selection/seed_2_sep.deseqResults.tsv
    jobid: 2
    reason: Missing output files: output/seed_2_sep/1_feature_selection/seed_2_sep.counts.test.VST.tsv, output/seed_2_sep/1_feature_selection/seed_2_sep.counts.val.VST.tsv, output/seed_2_sep/1_feature_selection/seed_2_sep.deseqResults.tsv, output/seed_2_sep/1_feature_selection/seed_2_sep.counts.train.VST.tsv
    wildcards: sample=seed_2_sep
    resources: tmpdir=/tmp

[Wed Nov  8 13:10:22 2023]
Finished job 1.
1 of 5 steps (20%) done
Select jobs to execute...

[Wed Nov  8 13:10:22 2023]
rule models:
    input: output/seed_1_sep/1_feature_selection/seed_1_sep.counts.train.VST.tsv, output/seed_1_sep/1_feature_selection/seed_1_sep.counts.test.VST.tsv, output/seed_1_sep/1_feature_selection/seed_1_sep.counts.val.VST.tsv, output/seed_1_sep/0_input/seed_1_sep.metadata.train.tsv, output/seed_1_sep/0_input/seed_1_sep.metadata.test.tsv, output/seed_1_sep/0_input/seed_1_sep.metadata.val.tsv, output/seed_1_sep/1_feature_selection/seed_1_sep.deseqResults.tsv
    output: output/seed_1_sep/GLM/seed_1_sep.GLM.rds, output/seed_1_sep/GLM/seed_1_sep.GLM.train.txt, output/seed_1_sep/GLM/seed_1_sep.GLM.test.txt, output/seed_1_sep/GLM/seed_1_sep.GLM.val.txt
    jobid: 3
    reason: Missing output files: output/seed_1_sep/GLM/seed_1_sep.GLM.rds; Input files updated by another job: output/seed_1_sep/1_feature_selection/seed_1_sep.counts.train.VST.tsv, output/seed_1_sep/1_feature_selection/seed_1_sep.counts.test.VST.tsv, output/seed_1_sep/1_feature_selection/seed_1_sep.deseqResults.tsv, output/seed_1_sep/1_feature_selection/seed_1_sep.counts.val.VST.tsv
    wildcards: sample=seed_1_sep, model=GLM
    resources: tmpdir=/tmp

[Wed Nov  8 13:10:23 2023]
Finished job 2.
2 of 5 steps (40%) done
Select jobs to execute...

[Wed Nov  8 13:10:23 2023]
rule models:
    input: output/seed_2_sep/1_feature_selection/seed_2_sep.counts.train.VST.tsv, output/seed_2_sep/1_feature_selection/seed_2_sep.counts.test.VST.tsv, output/seed_2_sep/1_feature_selection/seed_2_sep.counts.val.VST.tsv, output/seed_2_sep/0_input/seed_2_sep.metadata.train.tsv, output/seed_2_sep/0_input/seed_2_sep.metadata.test.tsv, output/seed_2_sep/0_input/seed_2_sep.metadata.val.tsv, output/seed_2_sep/1_feature_selection/seed_2_sep.deseqResults.tsv
    output: output/seed_2_sep/GLM/seed_2_sep.GLM.rds, output/seed_2_sep/GLM/seed_2_sep.GLM.train.txt, output/seed_2_sep/GLM/seed_2_sep.GLM.test.txt, output/seed_2_sep/GLM/seed_2_sep.GLM.val.txt
    jobid: 4
    reason: Missing output files: output/seed_2_sep/GLM/seed_2_sep.GLM.rds; Input files updated by another job: output/seed_2_sep/1_feature_selection/seed_2_sep.counts.test.VST.tsv, output/seed_2_sep/1_feature_selection/seed_2_sep.counts.val.VST.tsv, output/seed_2_sep/1_feature_selection/seed_2_sep.deseqResults.tsv, output/seed_2_sep/1_feature_selection/seed_2_sep.counts.train.VST.tsv
    wildcards: sample=seed_2_sep, model=GLM
    resources: tmpdir=/tmp

[Wed Nov  8 13:10:26 2023]
Finished job 3.
3 of 5 steps (60%) done
[Wed Nov  8 13:10:27 2023]
Finished job 4.
4 of 5 steps (80%) done
Select jobs to execute...

[Wed Nov  8 13:10:27 2023]
localrule all:
    input: output/seed_1_sep/1_feature_selection/seed_1_sep.counts.train.VST.tsv, output/seed_2_sep/1_feature_selection/seed_2_sep.counts.train.VST.tsv, output/seed_1_sep/1_feature_selection/seed_1_sep.counts.test.VST.tsv, output/seed_2_sep/1_feature_selection/seed_2_sep.counts.test.VST.tsv, output/seed_1_sep/1_feature_selection/seed_1_sep.counts.val.VST.tsv, output/seed_2_sep/1_feature_selection/seed_2_sep.counts.val.VST.tsv, output/seed_1_sep/1_feature_selection/seed_1_sep.deseqResults.tsv, output/seed_2_sep/1_feature_selection/seed_2_sep.deseqResults.tsv, output/seed_1_sep/GLM/seed_1_sep.GLM.rds, output/seed_2_sep/GLM/seed_2_sep.GLM.rds, output/seed_1_sep/GLM/seed_1_sep.GLM.rds, output/seed_2_sep/GLM/seed_2_sep.GLM.rds, output/seed_1_sep/GLM/seed_1_sep.GLM.rds, output/seed_2_sep/GLM/seed_2_sep.GLM.rds, output/seed_1_sep/GLM/seed_1_sep.GLM.rds, output/seed_2_sep/GLM/seed_2_sep.GLM.rds
    jobid: 0
    reason: Input files updated by another job: output/seed_1_sep/1_feature_selection/seed_1_sep.counts.train.VST.tsv, output/seed_1_sep/GLM/seed_1_sep.GLM.rds, output/seed_2_sep/1_feature_selection/seed_2_sep.counts.test.VST.tsv, output/seed_1_sep/1_feature_selection/seed_1_sep.counts.test.VST.tsv, output/seed_2_sep/1_feature_selection/seed_2_sep.deseqResults.tsv, output/seed_1_sep/1_feature_selection/seed_1_sep.deseqResults.tsv, output/seed_2_sep/GLM/seed_2_sep.GLM.rds, output/seed_2_sep/1_feature_selection/seed_2_sep.counts.val.VST.tsv, output/seed_2_sep/1_feature_selection/seed_2_sep.counts.train.VST.tsv, output/seed_1_sep/1_feature_selection/seed_1_sep.counts.val.VST.tsv
    resources: tmpdir=/tmp

[Wed Nov  8 13:10:27 2023]
Finished job 0.
5 of 5 steps (100%) done
Complete log: .snakemake/log/2023-11-08T130716.431937.snakemake.log
