Building DAG of jobs...
Relative file path './output/seed_1_sep/1_feature_selection/seed_1_sep.counts.train.VST.tsv' starts with './'. This is redundant and strongly discouraged. It can also lead to inconsistent results of the file-matching approach used by Snakemake. You can simply omit the './' for relative file paths.
Relative file path './output/seed_1_sep/1_feature_selection/seed_1_sep.counts.test.VST.tsv' starts with './'. This is redundant and strongly discouraged. It can also lead to inconsistent results of the file-matching approach used by Snakemake. You can simply omit the './' for relative file paths.
Relative file path './output/seed_1_sep/1_feature_selection/seed_1_sep.counts.val.VST.tsv' starts with './'. This is redundant and strongly discouraged. It can also lead to inconsistent results of the file-matching approach used by Snakemake. You can simply omit the './' for relative file paths.
Relative file path './output/seed_1_sep/1_feature_selection/seed_1_sep.deseqResults.tsv' starts with './'. This is redundant and strongly discouraged. It can also lead to inconsistent results of the file-matching approach used by Snakemake. You can simply omit the './' for relative file paths.
Relative file path './output/seed_1_sep/0_input/seed_1_sep.counts.train.tsv' starts with './'. This is redundant and strongly discouraged. It can also lead to inconsistent results of the file-matching approach used by Snakemake. You can simply omit the './' for relative file paths.
Relative file path './output/seed_1_sep/0_input/seed_1_sep.counts.test.tsv' starts with './'. This is redundant and strongly discouraged. It can also lead to inconsistent results of the file-matching approach used by Snakemake. You can simply omit the './' for relative file paths.
Relative file path './output/seed_1_sep/0_input/seed_1_sep.counts.val.tsv' starts with './'. This is redundant and strongly discouraged. It can also lead to inconsistent results of the file-matching approach used by Snakemake. You can simply omit the './' for relative file paths.
Relative file path './output/seed_1_sep/0_input/seed_1_sep.metadata.train.tsv' starts with './'. This is redundant and strongly discouraged. It can also lead to inconsistent results of the file-matching approach used by Snakemake. You can simply omit the './' for relative file paths.
Relative file path './output/seed_1_sep/0_input/seed_1_sep.metadata.test.tsv' starts with './'. This is redundant and strongly discouraged. It can also lead to inconsistent results of the file-matching approach used by Snakemake. You can simply omit the './' for relative file paths.
Relative file path './output/seed_1_sep/0_input/seed_1_sep.metadata.val.tsv' starts with './'. This is redundant and strongly discouraged. It can also lead to inconsistent results of the file-matching approach used by Snakemake. You can simply omit the './' for relative file paths.
Relative file path './output/seed_1_sep/1_feature_selection/seed_1_sep.counts.train.VST.tsv' starts with './'. This is redundant and strongly discouraged. It can also lead to inconsistent results of the file-matching approach used by Snakemake. You can simply omit the './' for relative file paths.
Relative file path './output/seed_1_sep/1_feature_selection/seed_1_sep.counts.test.VST.tsv' starts with './'. This is redundant and strongly discouraged. It can also lead to inconsistent results of the file-matching approach used by Snakemake. You can simply omit the './' for relative file paths.
Relative file path './output/seed_1_sep/1_feature_selection/seed_1_sep.counts.val.VST.tsv' starts with './'. This is redundant and strongly discouraged. It can also lead to inconsistent results of the file-matching approach used by Snakemake. You can simply omit the './' for relative file paths.
Relative file path './output/seed_1_sep/1_feature_selection/seed_1_sep.deseqResults.tsv' starts with './'. This is redundant and strongly discouraged. It can also lead to inconsistent results of the file-matching approach used by Snakemake. You can simply omit the './' for relative file paths.
Using shell: /usr/bin/bash
Provided cores: 15
Rules claiming more threads will be scaled down.
Job stats:
job                                    count    min threads    max threads
-----------------------------------  -------  -------------  -------------
all                                        1              1              1
feature_selection_and_normalization        1              1              1
total                                      2              1              1

Select jobs to execute...

[Wed Nov  8 11:45:01 2023]
rule feature_selection_and_normalization:
    input: ./output/seed_1_sep/0_input/seed_1_sep.counts.train.tsv, ./output/seed_1_sep/0_input/seed_1_sep.counts.test.tsv, ./output/seed_1_sep/0_input/seed_1_sep.counts.val.tsv, ./output/seed_1_sep/0_input/seed_1_sep.metadata.train.tsv, ./output/seed_1_sep/0_input/seed_1_sep.metadata.test.tsv, ./output/seed_1_sep/0_input/seed_1_sep.metadata.val.tsv
    output: ./output/seed_1_sep/1_feature_selection/seed_1_sep.counts.train.VST.tsv, ./output/seed_1_sep/1_feature_selection/seed_1_sep.counts.test.VST.tsv, ./output/seed_1_sep/1_feature_selection/seed_1_sep.counts.val.VST.tsv, ./output/seed_1_sep/1_feature_selection/seed_1_sep.deseqResults.tsv
    jobid: 1
    reason: Missing output files: ./output/seed_1_sep/1_feature_selection/seed_1_sep.counts.train.VST.tsv, ./output/seed_1_sep/1_feature_selection/seed_1_sep.counts.val.VST.tsv, ./output/seed_1_sep/1_feature_selection/seed_1_sep.counts.test.VST.tsv, ./output/seed_1_sep/1_feature_selection/seed_1_sep.deseqResults.tsv
    wildcards: sample=seed_1_sep
    resources: tmpdir=/tmp

Terminating processes on user request, this might take some time.
[Wed Nov  8 11:45:34 2023]
Error in rule feature_selection_and_normalization:
    jobid: 1
    input: ./output/seed_1_sep/0_input/seed_1_sep.counts.train.tsv, ./output/seed_1_sep/0_input/seed_1_sep.counts.test.tsv, ./output/seed_1_sep/0_input/seed_1_sep.counts.val.tsv, ./output/seed_1_sep/0_input/seed_1_sep.metadata.train.tsv, ./output/seed_1_sep/0_input/seed_1_sep.metadata.test.tsv, ./output/seed_1_sep/0_input/seed_1_sep.metadata.val.tsv
    output: ./output/seed_1_sep/1_feature_selection/seed_1_sep.counts.train.VST.tsv, ./output/seed_1_sep/1_feature_selection/seed_1_sep.counts.test.VST.tsv, ./output/seed_1_sep/1_feature_selection/seed_1_sep.counts.val.VST.tsv, ./output/seed_1_sep/1_feature_selection/seed_1_sep.deseqResults.tsv
    shell:
        
        Rscript workflow/scripts/1_feature-selection.r ./output/seed_1_sep/0_input/seed_1_sep.counts.train.tsv ./output/seed_1_sep/0_input/seed_1_sep.counts.test.tsv ./output/seed_1_sep/0_input/seed_1_sep.counts.val.tsv ./output/seed_1_sep/0_input/seed_1_sep.metadata.train.tsv ./output/seed_1_sep/0_input/seed_1_sep.metadata.test.tsv ./output/seed_1_sep/0_input/seed_1_sep.metadata.val.tsv ./output/seed_1_sep/1_feature_selection/seed_1_sep
        
        
        (one of the commands exited with non-zero exit code; note that snakemake uses bash strict mode!)

Complete log: .snakemake/log/2023-11-08T114500.747588.snakemake.log
