Building DAG of jobs...
Using shell: /usr/bin/bash
Provided cores: 15
Rules claiming more threads will be scaled down.
Job stats:
job       count    min threads    max threads
------  -------  -------------  -------------
all           1              1              1
models        2              1              1
total         3              1              1

Select jobs to execute...

[Wed Nov  8 13:11:50 2023]
rule models:
    input: output/seed_1_sep/1_feature_selection/seed_1_sep.counts.train.VST.tsv, output/seed_1_sep/1_feature_selection/seed_1_sep.counts.test.VST.tsv, output/seed_1_sep/1_feature_selection/seed_1_sep.counts.val.VST.tsv, output/seed_1_sep/0_input/seed_1_sep.metadata.train.tsv, output/seed_1_sep/0_input/seed_1_sep.metadata.test.tsv, output/seed_1_sep/0_input/seed_1_sep.metadata.val.tsv, output/seed_1_sep/1_feature_selection/seed_1_sep.deseqResults.tsv
    output: output/seed_1_sep/GLM , GLMNETLasso, RF/seed_1_sep.GLM , GLMNETLasso, RF.rds, output/seed_1_sep/GLM , GLMNETLasso, RF/seed_1_sep.GLM , GLMNETLasso, RF.train.txt, output/seed_1_sep/GLM , GLMNETLasso, RF/seed_1_sep.GLM , GLMNETLasso, RF.test.txt, output/seed_1_sep/GLM , GLMNETLasso, RF/seed_1_sep.GLM , GLMNETLasso, RF.val.txt
    jobid: 3
    reason: Missing output files: output/seed_1_sep/GLM , GLMNETLasso, RF/seed_1_sep.GLM , GLMNETLasso, RF.rds
    wildcards: sample=seed_1_sep, model=GLM , GLMNETLasso, RF
    resources: tmpdir=/tmp

[Wed Nov  8 13:11:50 2023]
rule models:
    input: output/seed_2_sep/1_feature_selection/seed_2_sep.counts.train.VST.tsv, output/seed_2_sep/1_feature_selection/seed_2_sep.counts.test.VST.tsv, output/seed_2_sep/1_feature_selection/seed_2_sep.counts.val.VST.tsv, output/seed_2_sep/0_input/seed_2_sep.metadata.train.tsv, output/seed_2_sep/0_input/seed_2_sep.metadata.test.tsv, output/seed_2_sep/0_input/seed_2_sep.metadata.val.tsv, output/seed_2_sep/1_feature_selection/seed_2_sep.deseqResults.tsv
    output: output/seed_2_sep/GLM , GLMNETLasso, RF/seed_2_sep.GLM , GLMNETLasso, RF.rds, output/seed_2_sep/GLM , GLMNETLasso, RF/seed_2_sep.GLM , GLMNETLasso, RF.train.txt, output/seed_2_sep/GLM , GLMNETLasso, RF/seed_2_sep.GLM , GLMNETLasso, RF.test.txt, output/seed_2_sep/GLM , GLMNETLasso, RF/seed_2_sep.GLM , GLMNETLasso, RF.val.txt
    jobid: 4
    reason: Missing output files: output/seed_2_sep/GLM , GLMNETLasso, RF/seed_2_sep.GLM , GLMNETLasso, RF.rds
    wildcards: sample=seed_2_sep, model=GLM , GLMNETLasso, RF
    resources: tmpdir=/tmp

[Wed Nov  8 13:11:52 2023]
Error in rule models:
    jobid: 4
    input: output/seed_2_sep/1_feature_selection/seed_2_sep.counts.train.VST.tsv, output/seed_2_sep/1_feature_selection/seed_2_sep.counts.test.VST.tsv, output/seed_2_sep/1_feature_selection/seed_2_sep.counts.val.VST.tsv, output/seed_2_sep/0_input/seed_2_sep.metadata.train.tsv, output/seed_2_sep/0_input/seed_2_sep.metadata.test.tsv, output/seed_2_sep/0_input/seed_2_sep.metadata.val.tsv, output/seed_2_sep/1_feature_selection/seed_2_sep.deseqResults.tsv
    output: output/seed_2_sep/GLM , GLMNETLasso, RF/seed_2_sep.GLM , GLMNETLasso, RF.rds, output/seed_2_sep/GLM , GLMNETLasso, RF/seed_2_sep.GLM , GLMNETLasso, RF.train.txt, output/seed_2_sep/GLM , GLMNETLasso, RF/seed_2_sep.GLM , GLMNETLasso, RF.test.txt, output/seed_2_sep/GLM , GLMNETLasso, RF/seed_2_sep.GLM , GLMNETLasso, RF.val.txt

RuleException:
CalledProcessError in line 47 of /local/workdir/cjl332/tb-cfrna/snakemake_pipeline/workflow/rules/tmp.smk:
Command 'set -euo pipefail;  Rscript --vanilla /local/workdir/cjl332/tb-cfrna/snakemake_pipeline/.snakemake/scripts/tmpbmxw67on.2_train-models.R' returned non-zero exit status 1.
  File "/local/workdir/cjl332/tb-cfrna/snakemake_pipeline/workflow/rules/tmp.smk", line 47, in __rule_models
  File "/usr/lib64/python3.9/concurrent/futures/thread.py", line 58, in run
[Wed Nov  8 13:11:52 2023]
Error in rule models:
    jobid: 3
    input: output/seed_1_sep/1_feature_selection/seed_1_sep.counts.train.VST.tsv, output/seed_1_sep/1_feature_selection/seed_1_sep.counts.test.VST.tsv, output/seed_1_sep/1_feature_selection/seed_1_sep.counts.val.VST.tsv, output/seed_1_sep/0_input/seed_1_sep.metadata.train.tsv, output/seed_1_sep/0_input/seed_1_sep.metadata.test.tsv, output/seed_1_sep/0_input/seed_1_sep.metadata.val.tsv, output/seed_1_sep/1_feature_selection/seed_1_sep.deseqResults.tsv
    output: output/seed_1_sep/GLM , GLMNETLasso, RF/seed_1_sep.GLM , GLMNETLasso, RF.rds, output/seed_1_sep/GLM , GLMNETLasso, RF/seed_1_sep.GLM , GLMNETLasso, RF.train.txt, output/seed_1_sep/GLM , GLMNETLasso, RF/seed_1_sep.GLM , GLMNETLasso, RF.test.txt, output/seed_1_sep/GLM , GLMNETLasso, RF/seed_1_sep.GLM , GLMNETLasso, RF.val.txt

RuleException:
CalledProcessError in line 47 of /local/workdir/cjl332/tb-cfrna/snakemake_pipeline/workflow/rules/tmp.smk:
Command 'set -euo pipefail;  Rscript --vanilla /local/workdir/cjl332/tb-cfrna/snakemake_pipeline/.snakemake/scripts/tmpwkd4darg.2_train-models.R' returned non-zero exit status 1.
  File "/local/workdir/cjl332/tb-cfrna/snakemake_pipeline/workflow/rules/tmp.smk", line 47, in __rule_models
  File "/usr/lib64/python3.9/concurrent/futures/thread.py", line 58, in run
Shutting down, this might take some time.
Exiting because a job execution failed. Look above for error message
Complete log: .snakemake/log/2023-11-08T131149.786862.snakemake.log
