Building DAG of jobs...
Using shell: /usr/bin/bash
Provided cores: 15
Rules claiming more threads will be scaled down.
Job stats:
job       count    min threads    max threads
------  -------  -------------  -------------
all           1              1              1
models        6              1              1
total         7              1              1

Select jobs to execute...

[Sun Dec  3 17:26:13 2023]
rule models:
    input: output/MISC<>KD/1_feature_selection/MISC<>KD.counts.train.VST.SIG.tsv, output/MISC<>KD/1_feature_selection/MISC<>KD.counts.test.VST.SIG.tsv, output/MISC<>KD/1_feature_selection/MISC<>KD.counts.val.VST.SIG.tsv, /workdir/cjl332/prevail/PAPER2/0_DATA/meta_data_train.7030.csv, /workdir/cjl332/prevail/PAPER2/0_DATA/meta_data_test.7030.csv, /workdir/cjl332/prevail/PAPER2/0_DATA/meta_data_test.7030.csv
    output: output/MISC<>KD/GLMNETLasso/MISC<>KD.GLMNETLasso.rds, output/MISC<>KD/GLMNETLasso/MISC<>KD.GLMNETLasso.train.txt, output/MISC<>KD/GLMNETLasso/MISC<>KD.GLMNETLasso.test.txt, output/MISC<>KD/GLMNETLasso/MISC<>KD.GLMNETLasso.val.txt
    jobid: 7
    reason: Missing output files: output/MISC<>KD/GLMNETLasso/MISC<>KD.GLMNETLasso.train.txt, output/MISC<>KD/GLMNETLasso/MISC<>KD.GLMNETLasso.test.txt, output/MISC<>KD/GLMNETLasso/MISC<>KD.GLMNETLasso.rds, output/MISC<>KD/GLMNETLasso/MISC<>KD.GLMNETLasso.val.txt
    wildcards: condition_pair=MISC<>KD, model=GLMNETLasso
    resources: tmpdir=/tmp

[Sun Dec  3 17:26:13 2023]
rule models:
    input: output/MISC<>bacterial_infection/1_feature_selection/MISC<>bacterial_infection.counts.train.VST.SIG.tsv, output/MISC<>bacterial_infection/1_feature_selection/MISC<>bacterial_infection.counts.test.VST.SIG.tsv, output/MISC<>bacterial_infection/1_feature_selection/MISC<>bacterial_infection.counts.val.VST.SIG.tsv, /workdir/cjl332/prevail/PAPER2/0_DATA/meta_data_train.7030.csv, /workdir/cjl332/prevail/PAPER2/0_DATA/meta_data_test.7030.csv, /workdir/cjl332/prevail/PAPER2/0_DATA/meta_data_test.7030.csv
    output: output/MISC<>bacterial_infection/GLMNETLasso/MISC<>bacterial_infection.GLMNETLasso.rds, output/MISC<>bacterial_infection/GLMNETLasso/MISC<>bacterial_infection.GLMNETLasso.train.txt, output/MISC<>bacterial_infection/GLMNETLasso/MISC<>bacterial_infection.GLMNETLasso.test.txt, output/MISC<>bacterial_infection/GLMNETLasso/MISC<>bacterial_infection.GLMNETLasso.val.txt
    jobid: 9
    reason: Missing output files: output/MISC<>bacterial_infection/GLMNETLasso/MISC<>bacterial_infection.GLMNETLasso.val.txt, output/MISC<>bacterial_infection/GLMNETLasso/MISC<>bacterial_infection.GLMNETLasso.rds, output/MISC<>bacterial_infection/GLMNETLasso/MISC<>bacterial_infection.GLMNETLasso.test.txt, output/MISC<>bacterial_infection/GLMNETLasso/MISC<>bacterial_infection.GLMNETLasso.train.txt
    wildcards: condition_pair=MISC<>bacterial_infection, model=GLMNETLasso
    resources: tmpdir=/tmp

[Sun Dec  3 17:26:13 2023]
rule models:
    input: output/KD<>bacterial_infection/1_feature_selection/KD<>bacterial_infection.counts.train.VST.SIG.tsv, output/KD<>bacterial_infection/1_feature_selection/KD<>bacterial_infection.counts.test.VST.SIG.tsv, output/KD<>bacterial_infection/1_feature_selection/KD<>bacterial_infection.counts.val.VST.SIG.tsv, /workdir/cjl332/prevail/PAPER2/0_DATA/meta_data_train.7030.csv, /workdir/cjl332/prevail/PAPER2/0_DATA/meta_data_test.7030.csv, /workdir/cjl332/prevail/PAPER2/0_DATA/meta_data_test.7030.csv
    output: output/KD<>bacterial_infection/GLMNETLasso/KD<>bacterial_infection.GLMNETLasso.rds, output/KD<>bacterial_infection/GLMNETLasso/KD<>bacterial_infection.GLMNETLasso.train.txt, output/KD<>bacterial_infection/GLMNETLasso/KD<>bacterial_infection.GLMNETLasso.test.txt, output/KD<>bacterial_infection/GLMNETLasso/KD<>bacterial_infection.GLMNETLasso.val.txt
    jobid: 11
    reason: Missing output files: output/KD<>bacterial_infection/GLMNETLasso/KD<>bacterial_infection.GLMNETLasso.test.txt, output/KD<>bacterial_infection/GLMNETLasso/KD<>bacterial_infection.GLMNETLasso.rds, output/KD<>bacterial_infection/GLMNETLasso/KD<>bacterial_infection.GLMNETLasso.train.txt, output/KD<>bacterial_infection/GLMNETLasso/KD<>bacterial_infection.GLMNETLasso.val.txt
    wildcards: condition_pair=KD<>bacterial_infection, model=GLMNETLasso
    resources: tmpdir=/tmp

[Sun Dec  3 17:26:13 2023]
rule models:
    input: output/MISC<>viral_infection/1_feature_selection/MISC<>viral_infection.counts.train.VST.SIG.tsv, output/MISC<>viral_infection/1_feature_selection/MISC<>viral_infection.counts.test.VST.SIG.tsv, output/MISC<>viral_infection/1_feature_selection/MISC<>viral_infection.counts.val.VST.SIG.tsv, /workdir/cjl332/prevail/PAPER2/0_DATA/meta_data_train.7030.csv, /workdir/cjl332/prevail/PAPER2/0_DATA/meta_data_test.7030.csv, /workdir/cjl332/prevail/PAPER2/0_DATA/meta_data_test.7030.csv
    output: output/MISC<>viral_infection/GLMNETLasso/MISC<>viral_infection.GLMNETLasso.rds, output/MISC<>viral_infection/GLMNETLasso/MISC<>viral_infection.GLMNETLasso.train.txt, output/MISC<>viral_infection/GLMNETLasso/MISC<>viral_infection.GLMNETLasso.test.txt, output/MISC<>viral_infection/GLMNETLasso/MISC<>viral_infection.GLMNETLasso.val.txt
    jobid: 8
    reason: Missing output files: output/MISC<>viral_infection/GLMNETLasso/MISC<>viral_infection.GLMNETLasso.rds, output/MISC<>viral_infection/GLMNETLasso/MISC<>viral_infection.GLMNETLasso.train.txt, output/MISC<>viral_infection/GLMNETLasso/MISC<>viral_infection.GLMNETLasso.test.txt, output/MISC<>viral_infection/GLMNETLasso/MISC<>viral_infection.GLMNETLasso.val.txt
    wildcards: condition_pair=MISC<>viral_infection, model=GLMNETLasso
    resources: tmpdir=/tmp

[Sun Dec  3 17:26:13 2023]
rule models:
    input: output/KD<>viral_infection/1_feature_selection/KD<>viral_infection.counts.train.VST.SIG.tsv, output/KD<>viral_infection/1_feature_selection/KD<>viral_infection.counts.test.VST.SIG.tsv, output/KD<>viral_infection/1_feature_selection/KD<>viral_infection.counts.val.VST.SIG.tsv, /workdir/cjl332/prevail/PAPER2/0_DATA/meta_data_train.7030.csv, /workdir/cjl332/prevail/PAPER2/0_DATA/meta_data_test.7030.csv, /workdir/cjl332/prevail/PAPER2/0_DATA/meta_data_test.7030.csv
    output: output/KD<>viral_infection/GLMNETLasso/KD<>viral_infection.GLMNETLasso.rds, output/KD<>viral_infection/GLMNETLasso/KD<>viral_infection.GLMNETLasso.train.txt, output/KD<>viral_infection/GLMNETLasso/KD<>viral_infection.GLMNETLasso.test.txt, output/KD<>viral_infection/GLMNETLasso/KD<>viral_infection.GLMNETLasso.val.txt
    jobid: 10
    reason: Missing output files: output/KD<>viral_infection/GLMNETLasso/KD<>viral_infection.GLMNETLasso.train.txt, output/KD<>viral_infection/GLMNETLasso/KD<>viral_infection.GLMNETLasso.val.txt, output/KD<>viral_infection/GLMNETLasso/KD<>viral_infection.GLMNETLasso.rds, output/KD<>viral_infection/GLMNETLasso/KD<>viral_infection.GLMNETLasso.test.txt
    wildcards: condition_pair=KD<>viral_infection, model=GLMNETLasso
    resources: tmpdir=/tmp

[Sun Dec  3 17:26:13 2023]
rule models:
    input: output/viral_infection<>bacterial_infection/1_feature_selection/viral_infection<>bacterial_infection.counts.train.VST.SIG.tsv, output/viral_infection<>bacterial_infection/1_feature_selection/viral_infection<>bacterial_infection.counts.test.VST.SIG.tsv, output/viral_infection<>bacterial_infection/1_feature_selection/viral_infection<>bacterial_infection.counts.val.VST.SIG.tsv, /workdir/cjl332/prevail/PAPER2/0_DATA/meta_data_train.7030.csv, /workdir/cjl332/prevail/PAPER2/0_DATA/meta_data_test.7030.csv, /workdir/cjl332/prevail/PAPER2/0_DATA/meta_data_test.7030.csv
    output: output/viral_infection<>bacterial_infection/GLMNETLasso/viral_infection<>bacterial_infection.GLMNETLasso.rds, output/viral_infection<>bacterial_infection/GLMNETLasso/viral_infection<>bacterial_infection.GLMNETLasso.train.txt, output/viral_infection<>bacterial_infection/GLMNETLasso/viral_infection<>bacterial_infection.GLMNETLasso.test.txt, output/viral_infection<>bacterial_infection/GLMNETLasso/viral_infection<>bacterial_infection.GLMNETLasso.val.txt
    jobid: 12
    reason: Missing output files: output/viral_infection<>bacterial_infection/GLMNETLasso/viral_infection<>bacterial_infection.GLMNETLasso.train.txt, output/viral_infection<>bacterial_infection/GLMNETLasso/viral_infection<>bacterial_infection.GLMNETLasso.val.txt, output/viral_infection<>bacterial_infection/GLMNETLasso/viral_infection<>bacterial_infection.GLMNETLasso.rds, output/viral_infection<>bacterial_infection/GLMNETLasso/viral_infection<>bacterial_infection.GLMNETLasso.test.txt
    wildcards: condition_pair=viral_infection<>bacterial_infection, model=GLMNETLasso
    resources: tmpdir=/tmp

Terminating processes on user request, this might take some time.
[Sun Dec  3 17:26:19 2023]
Error in rule models:
    jobid: 9
    input: output/MISC<>bacterial_infection/1_feature_selection/MISC<>bacterial_infection.counts.train.VST.SIG.tsv, output/MISC<>bacterial_infection/1_feature_selection/MISC<>bacterial_infection.counts.test.VST.SIG.tsv, output/MISC<>bacterial_infection/1_feature_selection/MISC<>bacterial_infection.counts.val.VST.SIG.tsv, /workdir/cjl332/prevail/PAPER2/0_DATA/meta_data_train.7030.csv, /workdir/cjl332/prevail/PAPER2/0_DATA/meta_data_test.7030.csv, /workdir/cjl332/prevail/PAPER2/0_DATA/meta_data_test.7030.csv
    output: output/MISC<>bacterial_infection/GLMNETLasso/MISC<>bacterial_infection.GLMNETLasso.rds, output/MISC<>bacterial_infection/GLMNETLasso/MISC<>bacterial_infection.GLMNETLasso.train.txt, output/MISC<>bacterial_infection/GLMNETLasso/MISC<>bacterial_infection.GLMNETLasso.test.txt, output/MISC<>bacterial_infection/GLMNETLasso/MISC<>bacterial_infection.GLMNETLasso.val.txt

[Sun Dec  3 17:26:19 2023]
[Sun Dec  3 17:26:19 2023]
Error in rule models:
    jobid: 7
    input: output/MISC<>KD/1_feature_selection/MISC<>KD.counts.train.VST.SIG.tsv, output/MISC<>KD/1_feature_selection/MISC<>KD.counts.test.VST.SIG.tsv, output/MISC<>KD/1_feature_selection/MISC<>KD.counts.val.VST.SIG.tsv, /workdir/cjl332/prevail/PAPER2/0_DATA/meta_data_train.7030.csv, /workdir/cjl332/prevail/PAPER2/0_DATA/meta_data_test.7030.csv, /workdir/cjl332/prevail/PAPER2/0_DATA/meta_data_test.7030.csv
    output: output/MISC<>KD/GLMNETLasso/MISC<>KD.GLMNETLasso.rds, output/MISC<>KD/GLMNETLasso/MISC<>KD.GLMNETLasso.train.txt, output/MISC<>KD/GLMNETLasso/MISC<>KD.GLMNETLasso.test.txt, output/MISC<>KD/GLMNETLasso/MISC<>KD.GLMNETLasso.val.txt

Error in rule models:
    jobid: 12
    input: output/viral_infection<>bacterial_infection/1_feature_selection/viral_infection<>bacterial_infection.counts.train.VST.SIG.tsv, output/viral_infection<>bacterial_infection/1_feature_selection/viral_infection<>bacterial_infection.counts.test.VST.SIG.tsv, output/viral_infection<>bacterial_infection/1_feature_selection/viral_infection<>bacterial_infection.counts.val.VST.SIG.tsv, /workdir/cjl332/prevail/PAPER2/0_DATA/meta_data_train.7030.csv, /workdir/cjl332/prevail/PAPER2/0_DATA/meta_data_test.7030.csv, /workdir/cjl332/prevail/PAPER2/0_DATA/meta_data_test.7030.csv
    output: output/viral_infection<>bacterial_infection/GLMNETLasso/viral_infection<>bacterial_infection.GLMNETLasso.rds, output/viral_infection<>bacterial_infection/GLMNETLasso/viral_infection<>bacterial_infection.GLMNETLasso.train.txt, output/viral_infection<>bacterial_infection/GLMNETLasso/viral_infection<>bacterial_infection.GLMNETLasso.test.txt, output/viral_infection<>bacterial_infection/GLMNETLasso/viral_infection<>bacterial_infection.GLMNETLasso.val.txt

RuleException:
CalledProcessError in line 49 of /local/workdir/cjl332/prevail/PAPER2/3_Multiclass_1v1/ML_split70-30/1_all/workflow/rules/main.smk:
Command 'set -euo pipefail;  Rscript --vanilla /local/workdir/cjl332/prevail/PAPER2/3_Multiclass_1v1/ML_split70-30/1_all/.snakemake/scripts/tmpgrtoh96j.2_train-models.R' returned non-zero exit status 1.
  File "/local/workdir/cjl332/prevail/PAPER2/3_Multiclass_1v1/ML_split70-30/1_all/workflow/rules/main.smk", line 49, in __rule_models
  File "/usr/lib64/python3.9/concurrent/futures/thread.py", line 58, in run
RuleException:
CalledProcessError in line 49 of /local/workdir/cjl332/prevail/PAPER2/3_Multiclass_1v1/ML_split70-30/1_all/workflow/rules/main.smk:
Command 'set -euo pipefail;  Rscript --vanilla /local/workdir/cjl332/prevail/PAPER2/3_Multiclass_1v1/ML_split70-30/1_all/.snakemake/scripts/tmpjv6pzzas.2_train-models.R' returned non-zero exit status 1.
  File "/local/workdir/cjl332/prevail/PAPER2/3_Multiclass_1v1/ML_split70-30/1_all/workflow/rules/main.smk", line 49, in __rule_models
  File "/usr/lib64/python3.9/concurrent/futures/thread.py", line 58, in run
RuleException:
CalledProcessError in line 49 of /local/workdir/cjl332/prevail/PAPER2/3_Multiclass_1v1/ML_split70-30/1_all/workflow/rules/main.smk:
Command 'set -euo pipefail;  Rscript --vanilla /local/workdir/cjl332/prevail/PAPER2/3_Multiclass_1v1/ML_split70-30/1_all/.snakemake/scripts/tmp3dz0gl9w.2_train-models.R' returned non-zero exit status 1.
  File "/local/workdir/cjl332/prevail/PAPER2/3_Multiclass_1v1/ML_split70-30/1_all/workflow/rules/main.smk", line 49, in __rule_models
  File "/usr/lib64/python3.9/concurrent/futures/thread.py", line 58, in run
[Sun Dec  3 17:26:19 2023]
Error in rule models:
    jobid: 8
    input: output/MISC<>viral_infection/1_feature_selection/MISC<>viral_infection.counts.train.VST.SIG.tsv, output/MISC<>viral_infection/1_feature_selection/MISC<>viral_infection.counts.test.VST.SIG.tsv, output/MISC<>viral_infection/1_feature_selection/MISC<>viral_infection.counts.val.VST.SIG.tsv, /workdir/cjl332/prevail/PAPER2/0_DATA/meta_data_train.7030.csv, /workdir/cjl332/prevail/PAPER2/0_DATA/meta_data_test.7030.csv, /workdir/cjl332/prevail/PAPER2/0_DATA/meta_data_test.7030.csv
    output: output/MISC<>viral_infection/GLMNETLasso/MISC<>viral_infection.GLMNETLasso.rds, output/MISC<>viral_infection/GLMNETLasso/MISC<>viral_infection.GLMNETLasso.train.txt, output/MISC<>viral_infection/GLMNETLasso/MISC<>viral_infection.GLMNETLasso.test.txt, output/MISC<>viral_infection/GLMNETLasso/MISC<>viral_infection.GLMNETLasso.val.txt

RuleException:
CalledProcessError in line 49 of /local/workdir/cjl332/prevail/PAPER2/3_Multiclass_1v1/ML_split70-30/1_all/workflow/rules/main.smk:
Command 'set -euo pipefail;  Rscript --vanilla /local/workdir/cjl332/prevail/PAPER2/3_Multiclass_1v1/ML_split70-30/1_all/.snakemake/scripts/tmp8g3_kfoa.2_train-models.R' returned non-zero exit status 1.
  File "/local/workdir/cjl332/prevail/PAPER2/3_Multiclass_1v1/ML_split70-30/1_all/workflow/rules/main.smk", line 49, in __rule_models
  File "/usr/lib64/python3.9/concurrent/futures/thread.py", line 58, in run
[Sun Dec  3 17:26:19 2023]
Error in rule models:
    jobid: 11
    input: output/KD<>bacterial_infection/1_feature_selection/KD<>bacterial_infection.counts.train.VST.SIG.tsv, output/KD<>bacterial_infection/1_feature_selection/KD<>bacterial_infection.counts.test.VST.SIG.tsv, output/KD<>bacterial_infection/1_feature_selection/KD<>bacterial_infection.counts.val.VST.SIG.tsv, /workdir/cjl332/prevail/PAPER2/0_DATA/meta_data_train.7030.csv, /workdir/cjl332/prevail/PAPER2/0_DATA/meta_data_test.7030.csv, /workdir/cjl332/prevail/PAPER2/0_DATA/meta_data_test.7030.csv
    output: output/KD<>bacterial_infection/GLMNETLasso/KD<>bacterial_infection.GLMNETLasso.rds, output/KD<>bacterial_infection/GLMNETLasso/KD<>bacterial_infection.GLMNETLasso.train.txt, output/KD<>bacterial_infection/GLMNETLasso/KD<>bacterial_infection.GLMNETLasso.test.txt, output/KD<>bacterial_infection/GLMNETLasso/KD<>bacterial_infection.GLMNETLasso.val.txt

RuleException:
CalledProcessError in line 49 of /local/workdir/cjl332/prevail/PAPER2/3_Multiclass_1v1/ML_split70-30/1_all/workflow/rules/main.smk:
Command 'set -euo pipefail;  Rscript --vanilla /local/workdir/cjl332/prevail/PAPER2/3_Multiclass_1v1/ML_split70-30/1_all/.snakemake/scripts/tmpe5hb0zfm.2_train-models.R' returned non-zero exit status 1.
  File "/local/workdir/cjl332/prevail/PAPER2/3_Multiclass_1v1/ML_split70-30/1_all/workflow/rules/main.smk", line 49, in __rule_models
  File "/usr/lib64/python3.9/concurrent/futures/thread.py", line 58, in run
[Sun Dec  3 17:26:19 2023]
Error in rule models:
    jobid: 10
    input: output/KD<>viral_infection/1_feature_selection/KD<>viral_infection.counts.train.VST.SIG.tsv, output/KD<>viral_infection/1_feature_selection/KD<>viral_infection.counts.test.VST.SIG.tsv, output/KD<>viral_infection/1_feature_selection/KD<>viral_infection.counts.val.VST.SIG.tsv, /workdir/cjl332/prevail/PAPER2/0_DATA/meta_data_train.7030.csv, /workdir/cjl332/prevail/PAPER2/0_DATA/meta_data_test.7030.csv, /workdir/cjl332/prevail/PAPER2/0_DATA/meta_data_test.7030.csv
    output: output/KD<>viral_infection/GLMNETLasso/KD<>viral_infection.GLMNETLasso.rds, output/KD<>viral_infection/GLMNETLasso/KD<>viral_infection.GLMNETLasso.train.txt, output/KD<>viral_infection/GLMNETLasso/KD<>viral_infection.GLMNETLasso.test.txt, output/KD<>viral_infection/GLMNETLasso/KD<>viral_infection.GLMNETLasso.val.txt

RuleException:
CalledProcessError in line 49 of /local/workdir/cjl332/prevail/PAPER2/3_Multiclass_1v1/ML_split70-30/1_all/workflow/rules/main.smk:
Command 'set -euo pipefail;  Rscript --vanilla /local/workdir/cjl332/prevail/PAPER2/3_Multiclass_1v1/ML_split70-30/1_all/.snakemake/scripts/tmpo_tvfghv.2_train-models.R' returned non-zero exit status 1.
  File "/local/workdir/cjl332/prevail/PAPER2/3_Multiclass_1v1/ML_split70-30/1_all/workflow/rules/main.smk", line 49, in __rule_models
  File "/usr/lib64/python3.9/concurrent/futures/thread.py", line 58, in run
Complete log: .snakemake/log/2023-12-03T172613.346820.snakemake.log
