Building DAG of jobs...
Using shell: /usr/bin/bash
Provided cores: 15
Rules claiming more threads will be scaled down.
Job stats:
job                                    count    min threads    max threads
-----------------------------------  -------  -------------  -------------
GFSu                                       1              1              1
all                                        1              1              1
feature_selection_and_normalization        1              1              1
models                                     1              1              1
total                                      4              1              1

Select jobs to execute...

[Sun Dec  3 16:47:09 2023]
rule feature_selection_and_normalization:
    input: /workdir/cjl332/prevail/PAPER2/0_DATA/counts_train.7030.csv, /workdir/cjl332/prevail/PAPER2/0_DATA/counts_test.7030.csv, /workdir/cjl332/prevail/PAPER2/0_DATA/counts_test.7030.csv, /workdir/cjl332/prevail/PAPER2/0_DATA/counts_train_vst.7030.csv, /workdir/cjl332/prevail/PAPER2/0_DATA/counts_test_vst.7030.csv, /workdir/cjl332/prevail/PAPER2/0_DATA/counts_test_vst.7030.csv, /workdir/cjl332/prevail/PAPER2/0_DATA/meta_data_train.7030.csv, /workdir/cjl332/prevail/PAPER2/0_DATA/meta_data_test.7030.csv, /workdir/cjl332/prevail/PAPER2/0_DATA/meta_data_test.7030.csv
    output: output/MISC<>KD/1_feature_selection/MISC<>KD.counts.train.VST.SIG.tsv, output/MISC<>KD/1_feature_selection/MISC<>KD.counts.test.VST.SIG.tsv, output/MISC<>KD/1_feature_selection/MISC<>KD.counts.val.VST.SIG.tsv, output/MISC<>KD/1_feature_selection/MISC<>KD.deseqResults.tsv
    jobid: 1
    reason: Missing output files: output/MISC<>KD/1_feature_selection/MISC<>KD.counts.val.VST.SIG.tsv, output/MISC<>KD/1_feature_selection/MISC<>KD.counts.train.VST.SIG.tsv, output/MISC<>KD/1_feature_selection/MISC<>KD.counts.test.VST.SIG.tsv, output/MISC<>KD/1_feature_selection/MISC<>KD.deseqResults.tsv
    wildcards: condition_pair=MISC<>KD
    resources: tmpdir=/tmp

[Sun Dec  3 16:47:32 2023]
Finished job 1.
1 of 4 steps (25%) done
Select jobs to execute...

[Sun Dec  3 16:47:32 2023]
rule models:
    input: output/MISC<>KD/1_feature_selection/MISC<>KD.counts.train.VST.SIG.tsv, output/MISC<>KD/1_feature_selection/MISC<>KD.counts.test.VST.SIG.tsv, output/MISC<>KD/1_feature_selection/MISC<>KD.counts.val.VST.SIG.tsv, /workdir/cjl332/prevail/PAPER2/0_DATA/meta_data_train.7030.csv, /workdir/cjl332/prevail/PAPER2/0_DATA/meta_data_test.7030.csv, /workdir/cjl332/prevail/PAPER2/0_DATA/meta_data_test.7030.csv
    output: output/MISC<>KD/GLMNETLasso/MISC<>KD.GLMNETLasso.rds, output/MISC<>KD/GLMNETLasso/MISC<>KD.GLMNETLasso.train.txt, output/MISC<>KD/GLMNETLasso/MISC<>KD.GLMNETLasso.test.txt, output/MISC<>KD/GLMNETLasso/MISC<>KD.GLMNETLasso.val.txt
    jobid: 2
    reason: Missing output files: output/MISC<>KD/GLMNETLasso/MISC<>KD.GLMNETLasso.train.txt, output/MISC<>KD/GLMNETLasso/MISC<>KD.GLMNETLasso.val.txt, output/MISC<>KD/GLMNETLasso/MISC<>KD.GLMNETLasso.test.txt, output/MISC<>KD/GLMNETLasso/MISC<>KD.GLMNETLasso.rds; Input files updated by another job: output/MISC<>KD/1_feature_selection/MISC<>KD.counts.test.VST.SIG.tsv, output/MISC<>KD/1_feature_selection/MISC<>KD.counts.train.VST.SIG.tsv, output/MISC<>KD/1_feature_selection/MISC<>KD.counts.val.VST.SIG.tsv
    wildcards: condition_pair=MISC<>KD, model=GLMNETLasso
    resources: tmpdir=/tmp

[Sun Dec  3 16:47:32 2023]
rule GFSu:
    input: output/MISC<>KD/1_feature_selection/MISC<>KD.counts.train.VST.SIG.tsv, output/MISC<>KD/1_feature_selection/MISC<>KD.counts.test.VST.SIG.tsv, output/MISC<>KD/1_feature_selection/MISC<>KD.counts.val.VST.SIG.tsv, /workdir/cjl332/prevail/PAPER2/0_DATA/meta_data_train.7030.csv, /workdir/cjl332/prevail/PAPER2/0_DATA/meta_data_test.7030.csv, /workdir/cjl332/prevail/PAPER2/0_DATA/meta_data_test.7030.csv, output/MISC<>KD/1_feature_selection/MISC<>KD.deseqResults.tsv
    output: output/MISC<>KD/GFSu/GFSu_MISC<>KD.GFSu.rds, output/MISC<>KD/GFSu/GFSu_MISC<>KD.GFSu.train.txt, output/MISC<>KD/GFSu/GFSu_MISC<>KD.GFSu.test.txt, output/MISC<>KD/GFSu/GFSu_MISC<>KD.GFSu.val.txt
    jobid: 3
    reason: Missing output files: output/MISC<>KD/GFSu/GFSu_MISC<>KD.GFSu.train.txt, output/MISC<>KD/GFSu/GFSu_MISC<>KD.GFSu.val.txt, output/MISC<>KD/GFSu/GFSu_MISC<>KD.GFSu.rds, output/MISC<>KD/GFSu/GFSu_MISC<>KD.GFSu.test.txt; Input files updated by another job: output/MISC<>KD/1_feature_selection/MISC<>KD.counts.test.VST.SIG.tsv, output/MISC<>KD/1_feature_selection/MISC<>KD.counts.train.VST.SIG.tsv, output/MISC<>KD/1_feature_selection/MISC<>KD.deseqResults.tsv, output/MISC<>KD/1_feature_selection/MISC<>KD.counts.val.VST.SIG.tsv
    wildcards: condition_pair=MISC<>KD
    resources: tmpdir=/tmp

[Sun Dec  3 16:47:42 2023]
Error in rule GFSu:
    jobid: 3
    input: output/MISC<>KD/1_feature_selection/MISC<>KD.counts.train.VST.SIG.tsv, output/MISC<>KD/1_feature_selection/MISC<>KD.counts.test.VST.SIG.tsv, output/MISC<>KD/1_feature_selection/MISC<>KD.counts.val.VST.SIG.tsv, /workdir/cjl332/prevail/PAPER2/0_DATA/meta_data_train.7030.csv, /workdir/cjl332/prevail/PAPER2/0_DATA/meta_data_test.7030.csv, /workdir/cjl332/prevail/PAPER2/0_DATA/meta_data_test.7030.csv, output/MISC<>KD/1_feature_selection/MISC<>KD.deseqResults.tsv
    output: output/MISC<>KD/GFSu/GFSu_MISC<>KD.GFSu.rds, output/MISC<>KD/GFSu/GFSu_MISC<>KD.GFSu.train.txt, output/MISC<>KD/GFSu/GFSu_MISC<>KD.GFSu.test.txt, output/MISC<>KD/GFSu/GFSu_MISC<>KD.GFSu.val.txt

RuleException:
CalledProcessError in line 73 of /local/workdir/cjl332/prevail/PAPER2/3_Multiclass_1v1/ML_split70-30/1_all/workflow/rules/main.smk:
Command 'set -euo pipefail;  Rscript --vanilla /local/workdir/cjl332/prevail/PAPER2/3_Multiclass_1v1/ML_split70-30/1_all/.snakemake/scripts/tmp58yy4zvy.2_train-GFSu.R' returned non-zero exit status 1.
  File "/local/workdir/cjl332/prevail/PAPER2/3_Multiclass_1v1/ML_split70-30/1_all/workflow/rules/main.smk", line 73, in __rule_GFSu
  File "/usr/lib64/python3.9/concurrent/futures/thread.py", line 58, in run
[Sun Dec  3 16:48:24 2023]
Finished job 2.
2 of 4 steps (50%) done
Exiting because a job execution failed. Look above for error message
Complete log: .snakemake/log/2023-12-03T164709.159013.snakemake.log
