Building DAG of jobs...
Using shell: /usr/bin/bash
Provided cores: 15
Rules claiming more threads will be scaled down.
Job stats:
job       count    min threads    max threads
------  -------  -------------  -------------
all           1              1              1
models        1              1              1
total         2              1              1

Select jobs to execute...

[Thu Nov  9 08:49:58 2023]
rule models:
    input: output/seed_2_sep/1_feature_selection/seed_2_sep.counts.train.VST.tsv, output/seed_2_sep/1_feature_selection/seed_2_sep.counts.test.VST.tsv, output/seed_2_sep/1_feature_selection/seed_2_sep.counts.val.VST.tsv, input/seed_2_sep/seed_2_sep.metadata.train.tsv, input/seed_2_sep/seed_2_sep.metadata.test.tsv, input/seed_2_sep/seed_2_sep.metadata.val.tsv, output/seed_2_sep/1_feature_selection/seed_2_sep.deseqResults.tsv
    output: output/seed_2_sep/GLM/seed_2_sep.GLM.rds, output/seed_2_sep/GLM/seed_2_sep.GLM.train.txt, output/seed_2_sep/GLM/seed_2_sep.GLM.test.txt, output/seed_2_sep/GLM/seed_2_sep.GLM.val.txt
    jobid: 2
    reason: Missing output files: output/seed_2_sep/GLM/seed_2_sep.GLM.val.txt, output/seed_2_sep/GLM/seed_2_sep.GLM.test.txt, output/seed_2_sep/GLM/seed_2_sep.GLM.rds, output/seed_2_sep/GLM/seed_2_sep.GLM.train.txt
    wildcards: sample=seed_2_sep, model=GLM
    resources: tmpdir=/tmp

[Thu Nov  9 08:50:05 2023]
Finished job 2.
1 of 2 steps (50%) done
Select jobs to execute...

[Thu Nov  9 08:50:05 2023]
localrule all:
    input: output/seed_2_sep/1_feature_selection/seed_2_sep.counts.train.VST.tsv, output/seed_2_sep/1_feature_selection/seed_2_sep.counts.test.VST.tsv, output/seed_2_sep/1_feature_selection/seed_2_sep.counts.val.VST.tsv, output/seed_2_sep/1_feature_selection/seed_2_sep.deseqResults.tsv, output/seed_2_sep/GLM/seed_2_sep.GLM.rds, output/seed_2_sep/GLM/seed_2_sep.GLM.train.txt, output/seed_2_sep/GLM/seed_2_sep.GLM.test.txt, output/seed_2_sep/GLM/seed_2_sep.GLM.val.txt, output/seed_2_sep/GFSu/GFSu_seed_2_sep.GFSu.rds, output/seed_2_sep/GFSu/GFSu_seed_2_sep.GFSu.train.txt, output/seed_2_sep/GFSu/GFSu_seed_2_sep.GFSu.test.txt, output/seed_2_sep/GFSu/GFSu_seed_2_sep.GFSu.val.txt
    jobid: 0
    reason: Input files updated by another job: output/seed_2_sep/GLM/seed_2_sep.GLM.test.txt, output/seed_2_sep/GLM/seed_2_sep.GLM.rds, output/seed_2_sep/GLM/seed_2_sep.GLM.train.txt, output/seed_2_sep/GLM/seed_2_sep.GLM.val.txt
    resources: tmpdir=/tmp

[Thu Nov  9 08:50:05 2023]
Finished job 0.
2 of 2 steps (100%) done
Complete log: .snakemake/log/2023-11-09T084958.686103.snakemake.log
