Building DAG of jobs...
Using shell: /usr/bin/bash
Provided cores: 15
Rules claiming more threads will be scaled down.
Job stats:
job       count    min threads    max threads
------  -------  -------------  -------------
all           1              1              1
models        6              1              1
total         7              1              1

Select jobs to execute...

[Sun Dec  3 18:05:44 2023]
rule models:
    input: output/MISC<>KD/1_feature_selection/MISC<>KD.counts.train.VST.SIG.tsv, output/MISC<>KD/1_feature_selection/MISC<>KD.counts.test.VST.SIG.tsv, output/MISC<>KD/1_feature_selection/MISC<>KD.counts.val.VST.SIG.tsv, /workdir/cjl332/prevail/PAPER2/0_DATA/meta_data_train.7030.csv, /workdir/cjl332/prevail/PAPER2/0_DATA/meta_data_test.7030.csv, /workdir/cjl332/prevail/PAPER2/0_DATA/meta_data_test.7030.csv
    output: output/MISC<>KD/GLMNETLasso/MISC<>KD.GLMNETLasso.rds, output/MISC<>KD/GLMNETLasso/MISC<>KD.GLMNETLasso.train.txt, output/MISC<>KD/GLMNETLasso/MISC<>KD.GLMNETLasso.test.txt, output/MISC<>KD/GLMNETLasso/MISC<>KD.GLMNETLasso.val.txt
    jobid: 7
    reason: Missing output files: output/MISC<>KD/GLMNETLasso/MISC<>KD.GLMNETLasso.val.txt, output/MISC<>KD/GLMNETLasso/MISC<>KD.GLMNETLasso.train.txt, output/MISC<>KD/GLMNETLasso/MISC<>KD.GLMNETLasso.rds, output/MISC<>KD/GLMNETLasso/MISC<>KD.GLMNETLasso.test.txt
    wildcards: condition_pair=MISC<>KD, model=GLMNETLasso
    resources: tmpdir=/tmp

[Sun Dec  3 18:05:44 2023]
rule models:
    input: output/MISC<>bacterial_infection/1_feature_selection/MISC<>bacterial_infection.counts.train.VST.SIG.tsv, output/MISC<>bacterial_infection/1_feature_selection/MISC<>bacterial_infection.counts.test.VST.SIG.tsv, output/MISC<>bacterial_infection/1_feature_selection/MISC<>bacterial_infection.counts.val.VST.SIG.tsv, /workdir/cjl332/prevail/PAPER2/0_DATA/meta_data_train.7030.csv, /workdir/cjl332/prevail/PAPER2/0_DATA/meta_data_test.7030.csv, /workdir/cjl332/prevail/PAPER2/0_DATA/meta_data_test.7030.csv
    output: output/MISC<>bacterial_infection/GLMNETLasso/MISC<>bacterial_infection.GLMNETLasso.rds, output/MISC<>bacterial_infection/GLMNETLasso/MISC<>bacterial_infection.GLMNETLasso.train.txt, output/MISC<>bacterial_infection/GLMNETLasso/MISC<>bacterial_infection.GLMNETLasso.test.txt, output/MISC<>bacterial_infection/GLMNETLasso/MISC<>bacterial_infection.GLMNETLasso.val.txt
    jobid: 9
    reason: Missing output files: output/MISC<>bacterial_infection/GLMNETLasso/MISC<>bacterial_infection.GLMNETLasso.test.txt, output/MISC<>bacterial_infection/GLMNETLasso/MISC<>bacterial_infection.GLMNETLasso.rds, output/MISC<>bacterial_infection/GLMNETLasso/MISC<>bacterial_infection.GLMNETLasso.train.txt, output/MISC<>bacterial_infection/GLMNETLasso/MISC<>bacterial_infection.GLMNETLasso.val.txt
    wildcards: condition_pair=MISC<>bacterial_infection, model=GLMNETLasso
    resources: tmpdir=/tmp

[Sun Dec  3 18:05:44 2023]
rule models:
    input: output/KD<>bacterial_infection/1_feature_selection/KD<>bacterial_infection.counts.train.VST.SIG.tsv, output/KD<>bacterial_infection/1_feature_selection/KD<>bacterial_infection.counts.test.VST.SIG.tsv, output/KD<>bacterial_infection/1_feature_selection/KD<>bacterial_infection.counts.val.VST.SIG.tsv, /workdir/cjl332/prevail/PAPER2/0_DATA/meta_data_train.7030.csv, /workdir/cjl332/prevail/PAPER2/0_DATA/meta_data_test.7030.csv, /workdir/cjl332/prevail/PAPER2/0_DATA/meta_data_test.7030.csv
    output: output/KD<>bacterial_infection/GLMNETLasso/KD<>bacterial_infection.GLMNETLasso.rds, output/KD<>bacterial_infection/GLMNETLasso/KD<>bacterial_infection.GLMNETLasso.train.txt, output/KD<>bacterial_infection/GLMNETLasso/KD<>bacterial_infection.GLMNETLasso.test.txt, output/KD<>bacterial_infection/GLMNETLasso/KD<>bacterial_infection.GLMNETLasso.val.txt
    jobid: 11
    reason: Missing output files: output/KD<>bacterial_infection/GLMNETLasso/KD<>bacterial_infection.GLMNETLasso.train.txt, output/KD<>bacterial_infection/GLMNETLasso/KD<>bacterial_infection.GLMNETLasso.val.txt, output/KD<>bacterial_infection/GLMNETLasso/KD<>bacterial_infection.GLMNETLasso.rds, output/KD<>bacterial_infection/GLMNETLasso/KD<>bacterial_infection.GLMNETLasso.test.txt
    wildcards: condition_pair=KD<>bacterial_infection, model=GLMNETLasso
    resources: tmpdir=/tmp

[Sun Dec  3 18:05:44 2023]
rule models:
    input: output/MISC<>viral_infection/1_feature_selection/MISC<>viral_infection.counts.train.VST.SIG.tsv, output/MISC<>viral_infection/1_feature_selection/MISC<>viral_infection.counts.test.VST.SIG.tsv, output/MISC<>viral_infection/1_feature_selection/MISC<>viral_infection.counts.val.VST.SIG.tsv, /workdir/cjl332/prevail/PAPER2/0_DATA/meta_data_train.7030.csv, /workdir/cjl332/prevail/PAPER2/0_DATA/meta_data_test.7030.csv, /workdir/cjl332/prevail/PAPER2/0_DATA/meta_data_test.7030.csv
    output: output/MISC<>viral_infection/GLMNETLasso/MISC<>viral_infection.GLMNETLasso.rds, output/MISC<>viral_infection/GLMNETLasso/MISC<>viral_infection.GLMNETLasso.train.txt, output/MISC<>viral_infection/GLMNETLasso/MISC<>viral_infection.GLMNETLasso.test.txt, output/MISC<>viral_infection/GLMNETLasso/MISC<>viral_infection.GLMNETLasso.val.txt
    jobid: 8
    reason: Missing output files: output/MISC<>viral_infection/GLMNETLasso/MISC<>viral_infection.GLMNETLasso.rds, output/MISC<>viral_infection/GLMNETLasso/MISC<>viral_infection.GLMNETLasso.test.txt, output/MISC<>viral_infection/GLMNETLasso/MISC<>viral_infection.GLMNETLasso.train.txt, output/MISC<>viral_infection/GLMNETLasso/MISC<>viral_infection.GLMNETLasso.val.txt
    wildcards: condition_pair=MISC<>viral_infection, model=GLMNETLasso
    resources: tmpdir=/tmp

[Sun Dec  3 18:05:44 2023]
rule models:
    input: output/KD<>viral_infection/1_feature_selection/KD<>viral_infection.counts.train.VST.SIG.tsv, output/KD<>viral_infection/1_feature_selection/KD<>viral_infection.counts.test.VST.SIG.tsv, output/KD<>viral_infection/1_feature_selection/KD<>viral_infection.counts.val.VST.SIG.tsv, /workdir/cjl332/prevail/PAPER2/0_DATA/meta_data_train.7030.csv, /workdir/cjl332/prevail/PAPER2/0_DATA/meta_data_test.7030.csv, /workdir/cjl332/prevail/PAPER2/0_DATA/meta_data_test.7030.csv
    output: output/KD<>viral_infection/GLMNETLasso/KD<>viral_infection.GLMNETLasso.rds, output/KD<>viral_infection/GLMNETLasso/KD<>viral_infection.GLMNETLasso.train.txt, output/KD<>viral_infection/GLMNETLasso/KD<>viral_infection.GLMNETLasso.test.txt, output/KD<>viral_infection/GLMNETLasso/KD<>viral_infection.GLMNETLasso.val.txt
    jobid: 10
    reason: Missing output files: output/KD<>viral_infection/GLMNETLasso/KD<>viral_infection.GLMNETLasso.train.txt, output/KD<>viral_infection/GLMNETLasso/KD<>viral_infection.GLMNETLasso.test.txt, output/KD<>viral_infection/GLMNETLasso/KD<>viral_infection.GLMNETLasso.rds, output/KD<>viral_infection/GLMNETLasso/KD<>viral_infection.GLMNETLasso.val.txt
    wildcards: condition_pair=KD<>viral_infection, model=GLMNETLasso
    resources: tmpdir=/tmp

[Sun Dec  3 18:05:44 2023]
rule models:
    input: output/viral_infection<>bacterial_infection/1_feature_selection/viral_infection<>bacterial_infection.counts.train.VST.SIG.tsv, output/viral_infection<>bacterial_infection/1_feature_selection/viral_infection<>bacterial_infection.counts.test.VST.SIG.tsv, output/viral_infection<>bacterial_infection/1_feature_selection/viral_infection<>bacterial_infection.counts.val.VST.SIG.tsv, /workdir/cjl332/prevail/PAPER2/0_DATA/meta_data_train.7030.csv, /workdir/cjl332/prevail/PAPER2/0_DATA/meta_data_test.7030.csv, /workdir/cjl332/prevail/PAPER2/0_DATA/meta_data_test.7030.csv
    output: output/viral_infection<>bacterial_infection/GLMNETLasso/viral_infection<>bacterial_infection.GLMNETLasso.rds, output/viral_infection<>bacterial_infection/GLMNETLasso/viral_infection<>bacterial_infection.GLMNETLasso.train.txt, output/viral_infection<>bacterial_infection/GLMNETLasso/viral_infection<>bacterial_infection.GLMNETLasso.test.txt, output/viral_infection<>bacterial_infection/GLMNETLasso/viral_infection<>bacterial_infection.GLMNETLasso.val.txt
    jobid: 12
    reason: Missing output files: output/viral_infection<>bacterial_infection/GLMNETLasso/viral_infection<>bacterial_infection.GLMNETLasso.rds, output/viral_infection<>bacterial_infection/GLMNETLasso/viral_infection<>bacterial_infection.GLMNETLasso.val.txt, output/viral_infection<>bacterial_infection/GLMNETLasso/viral_infection<>bacterial_infection.GLMNETLasso.test.txt, output/viral_infection<>bacterial_infection/GLMNETLasso/viral_infection<>bacterial_infection.GLMNETLasso.train.txt
    wildcards: condition_pair=viral_infection<>bacterial_infection, model=GLMNETLasso
    resources: tmpdir=/tmp

[Sun Dec  3 18:06:30 2023]
Finished job 12.
1 of 7 steps (14%) done
[Sun Dec  3 18:06:31 2023]
Finished job 11.
2 of 7 steps (29%) done
[Sun Dec  3 18:06:31 2023]
Finished job 7.
3 of 7 steps (43%) done
[Sun Dec  3 18:06:31 2023]
Finished job 8.
4 of 7 steps (57%) done
[Sun Dec  3 18:06:32 2023]
Finished job 10.
5 of 7 steps (71%) done
[Sun Dec  3 18:06:32 2023]
Finished job 9.
6 of 7 steps (86%) done
Select jobs to execute...

[Sun Dec  3 18:06:32 2023]
localrule all:
    input: output/MISC<>KD/1_feature_selection/MISC<>KD.counts.train.VST.SIG.tsv, output/MISC<>viral_infection/1_feature_selection/MISC<>viral_infection.counts.train.VST.SIG.tsv, output/MISC<>bacterial_infection/1_feature_selection/MISC<>bacterial_infection.counts.train.VST.SIG.tsv, output/KD<>viral_infection/1_feature_selection/KD<>viral_infection.counts.train.VST.SIG.tsv, output/KD<>bacterial_infection/1_feature_selection/KD<>bacterial_infection.counts.train.VST.SIG.tsv, output/viral_infection<>bacterial_infection/1_feature_selection/viral_infection<>bacterial_infection.counts.train.VST.SIG.tsv, output/MISC<>KD/1_feature_selection/MISC<>KD.counts.test.VST.SIG.tsv, output/MISC<>viral_infection/1_feature_selection/MISC<>viral_infection.counts.test.VST.SIG.tsv, output/MISC<>bacterial_infection/1_feature_selection/MISC<>bacterial_infection.counts.test.VST.SIG.tsv, output/KD<>viral_infection/1_feature_selection/KD<>viral_infection.counts.test.VST.SIG.tsv, output/KD<>bacterial_infection/1_feature_selection/KD<>bacterial_infection.counts.test.VST.SIG.tsv, output/viral_infection<>bacterial_infection/1_feature_selection/viral_infection<>bacterial_infection.counts.test.VST.SIG.tsv, output/MISC<>KD/1_feature_selection/MISC<>KD.counts.val.VST.SIG.tsv, output/MISC<>viral_infection/1_feature_selection/MISC<>viral_infection.counts.val.VST.SIG.tsv, output/MISC<>bacterial_infection/1_feature_selection/MISC<>bacterial_infection.counts.val.VST.SIG.tsv, output/KD<>viral_infection/1_feature_selection/KD<>viral_infection.counts.val.VST.SIG.tsv, output/KD<>bacterial_infection/1_feature_selection/KD<>bacterial_infection.counts.val.VST.SIG.tsv, output/viral_infection<>bacterial_infection/1_feature_selection/viral_infection<>bacterial_infection.counts.val.VST.SIG.tsv, output/MISC<>KD/1_feature_selection/MISC<>KD.deseqResults.tsv, output/MISC<>viral_infection/1_feature_selection/MISC<>viral_infection.deseqResults.tsv, output/MISC<>bacterial_infection/1_feature_selection/MISC<>bacterial_infection.deseqResults.tsv, output/KD<>viral_infection/1_feature_selection/KD<>viral_infection.deseqResults.tsv, output/KD<>bacterial_infection/1_feature_selection/KD<>bacterial_infection.deseqResults.tsv, output/viral_infection<>bacterial_infection/1_feature_selection/viral_infection<>bacterial_infection.deseqResults.tsv, output/MISC<>KD/GLMNETLasso/MISC<>KD.GLMNETLasso.rds, output/MISC<>viral_infection/GLMNETLasso/MISC<>viral_infection.GLMNETLasso.rds, output/MISC<>bacterial_infection/GLMNETLasso/MISC<>bacterial_infection.GLMNETLasso.rds, output/KD<>viral_infection/GLMNETLasso/KD<>viral_infection.GLMNETLasso.rds, output/KD<>bacterial_infection/GLMNETLasso/KD<>bacterial_infection.GLMNETLasso.rds, output/viral_infection<>bacterial_infection/GLMNETLasso/viral_infection<>bacterial_infection.GLMNETLasso.rds, output/MISC<>KD/GLMNETLasso/MISC<>KD.GLMNETLasso.train.txt, output/MISC<>viral_infection/GLMNETLasso/MISC<>viral_infection.GLMNETLasso.train.txt, output/MISC<>bacterial_infection/GLMNETLasso/MISC<>bacterial_infection.GLMNETLasso.train.txt, output/KD<>viral_infection/GLMNETLasso/KD<>viral_infection.GLMNETLasso.train.txt, output/KD<>bacterial_infection/GLMNETLasso/KD<>bacterial_infection.GLMNETLasso.train.txt, output/viral_infection<>bacterial_infection/GLMNETLasso/viral_infection<>bacterial_infection.GLMNETLasso.train.txt, output/MISC<>KD/GLMNETLasso/MISC<>KD.GLMNETLasso.test.txt, output/MISC<>viral_infection/GLMNETLasso/MISC<>viral_infection.GLMNETLasso.test.txt, output/MISC<>bacterial_infection/GLMNETLasso/MISC<>bacterial_infection.GLMNETLasso.test.txt, output/KD<>viral_infection/GLMNETLasso/KD<>viral_infection.GLMNETLasso.test.txt, output/KD<>bacterial_infection/GLMNETLasso/KD<>bacterial_infection.GLMNETLasso.test.txt, output/viral_infection<>bacterial_infection/GLMNETLasso/viral_infection<>bacterial_infection.GLMNETLasso.test.txt, output/MISC<>KD/GLMNETLasso/MISC<>KD.GLMNETLasso.val.txt, output/MISC<>viral_infection/GLMNETLasso/MISC<>viral_infection.GLMNETLasso.val.txt, output/MISC<>bacterial_infection/GLMNETLasso/MISC<>bacterial_infection.GLMNETLasso.val.txt, output/KD<>viral_infection/GLMNETLasso/KD<>viral_infection.GLMNETLasso.val.txt, output/KD<>bacterial_infection/GLMNETLasso/KD<>bacterial_infection.GLMNETLasso.val.txt, output/viral_infection<>bacterial_infection/GLMNETLasso/viral_infection<>bacterial_infection.GLMNETLasso.val.txt
    jobid: 0
    reason: Input files updated by another job: output/KD<>bacterial_infection/GLMNETLasso/KD<>bacterial_infection.GLMNETLasso.rds, output/viral_infection<>bacterial_infection/GLMNETLasso/viral_infection<>bacterial_infection.GLMNETLasso.val.txt, output/MISC<>viral_infection/GLMNETLasso/MISC<>viral_infection.GLMNETLasso.train.txt, output/KD<>viral_infection/GLMNETLasso/KD<>viral_infection.GLMNETLasso.rds, output/MISC<>KD/GLMNETLasso/MISC<>KD.GLMNETLasso.rds, output/MISC<>KD/GLMNETLasso/MISC<>KD.GLMNETLasso.test.txt, output/MISC<>bacterial_infection/GLMNETLasso/MISC<>bacterial_infection.GLMNETLasso.train.txt, output/MISC<>viral_infection/GLMNETLasso/MISC<>viral_infection.GLMNETLasso.val.txt, output/MISC<>viral_infection/GLMNETLasso/MISC<>viral_infection.GLMNETLasso.rds, output/MISC<>bacterial_infection/GLMNETLasso/MISC<>bacterial_infection.GLMNETLasso.rds, output/KD<>viral_infection/GLMNETLasso/KD<>viral_infection.GLMNETLasso.test.txt, output/MISC<>KD/GLMNETLasso/MISC<>KD.GLMNETLasso.train.txt, output/MISC<>bacterial_infection/GLMNETLasso/MISC<>bacterial_infection.GLMNETLasso.val.txt, output/MISC<>bacterial_infection/GLMNETLasso/MISC<>bacterial_infection.GLMNETLasso.test.txt, output/MISC<>viral_infection/GLMNETLasso/MISC<>viral_infection.GLMNETLasso.test.txt, output/KD<>bacterial_infection/GLMNETLasso/KD<>bacterial_infection.GLMNETLasso.val.txt, output/viral_infection<>bacterial_infection/GLMNETLasso/viral_infection<>bacterial_infection.GLMNETLasso.train.txt, output/KD<>bacterial_infection/GLMNETLasso/KD<>bacterial_infection.GLMNETLasso.test.txt, output/KD<>viral_infection/GLMNETLasso/KD<>viral_infection.GLMNETLasso.train.txt, output/KD<>bacterial_infection/GLMNETLasso/KD<>bacterial_infection.GLMNETLasso.train.txt, output/KD<>viral_infection/GLMNETLasso/KD<>viral_infection.GLMNETLasso.val.txt, output/viral_infection<>bacterial_infection/GLMNETLasso/viral_infection<>bacterial_infection.GLMNETLasso.rds, output/viral_infection<>bacterial_infection/GLMNETLasso/viral_infection<>bacterial_infection.GLMNETLasso.test.txt, output/MISC<>KD/GLMNETLasso/MISC<>KD.GLMNETLasso.val.txt
    resources: tmpdir=/tmp

[Sun Dec  3 18:06:32 2023]
Finished job 0.
7 of 7 steps (100%) done
Complete log: .snakemake/log/2023-12-03T180544.247123.snakemake.log
