Building DAG of jobs...
Using shell: /usr/bin/bash
Provided cores: 10
Rules claiming more threads will be scaled down.
Job stats:
job       count    min threads    max threads
------  -------  -------------  -------------
GFSu         97              1              1
all           1              1              1
models     1400              1              1
total      1498              1              1

Select jobs to execute...

[Thu Nov  9 09:03:11 2023]
rule models:
    input: output/seed_91_sep/1_feature_selection/seed_91_sep.counts.train.VST.tsv, output/seed_91_sep/1_feature_selection/seed_91_sep.counts.test.VST.tsv, output/seed_91_sep/1_feature_selection/seed_91_sep.counts.val.VST.tsv, input/seed_91_sep/seed_91_sep.metadata.train.tsv, input/seed_91_sep/seed_91_sep.metadata.test.tsv, input/seed_91_sep/seed_91_sep.metadata.val.tsv, output/seed_91_sep/1_feature_selection/seed_91_sep.deseqResults.tsv
    output: output/seed_91_sep/GLM/seed_91_sep.GLM.rds, output/seed_91_sep/GLM/seed_91_sep.GLM.train.txt, output/seed_91_sep/GLM/seed_91_sep.GLM.test.txt, output/seed_91_sep/GLM/seed_91_sep.GLM.val.txt
    jobid: 1363
    reason: Missing output files: output/seed_91_sep/GLM/seed_91_sep.GLM.val.txt, output/seed_91_sep/GLM/seed_91_sep.GLM.rds, output/seed_91_sep/GLM/seed_91_sep.GLM.test.txt, output/seed_91_sep/GLM/seed_91_sep.GLM.train.txt
    wildcards: sample=seed_91_sep, model=GLM
    resources: tmpdir=/tmp

[Thu Nov  9 09:03:11 2023]
rule models:
    input: output/seed_91_sep/1_feature_selection/seed_91_sep.counts.train.VST.tsv, output/seed_91_sep/1_feature_selection/seed_91_sep.counts.test.VST.tsv, output/seed_91_sep/1_feature_selection/seed_91_sep.counts.val.VST.tsv, input/seed_91_sep/seed_91_sep.metadata.train.tsv, input/seed_91_sep/seed_91_sep.metadata.test.tsv, input/seed_91_sep/seed_91_sep.metadata.val.tsv, output/seed_91_sep/1_feature_selection/seed_91_sep.deseqResults.tsv
    output: output/seed_91_sep/GLMNETRidge/seed_91_sep.GLMNETRidge.rds, output/seed_91_sep/GLMNETRidge/seed_91_sep.GLMNETRidge.train.txt, output/seed_91_sep/GLMNETRidge/seed_91_sep.GLMNETRidge.test.txt, output/seed_91_sep/GLMNETRidge/seed_91_sep.GLMNETRidge.val.txt
    jobid: 1365
    reason: Missing output files: output/seed_91_sep/GLMNETRidge/seed_91_sep.GLMNETRidge.test.txt, output/seed_91_sep/GLMNETRidge/seed_91_sep.GLMNETRidge.rds, output/seed_91_sep/GLMNETRidge/seed_91_sep.GLMNETRidge.train.txt, output/seed_91_sep/GLMNETRidge/seed_91_sep.GLMNETRidge.val.txt
    wildcards: sample=seed_91_sep, model=GLMNETRidge
    resources: tmpdir=/tmp

[Thu Nov  9 09:03:11 2023]
rule models:
    input: output/seed_91_sep/1_feature_selection/seed_91_sep.counts.train.VST.tsv, output/seed_91_sep/1_feature_selection/seed_91_sep.counts.test.VST.tsv, output/seed_91_sep/1_feature_selection/seed_91_sep.counts.val.VST.tsv, input/seed_91_sep/seed_91_sep.metadata.train.tsv, input/seed_91_sep/seed_91_sep.metadata.test.tsv, input/seed_91_sep/seed_91_sep.metadata.val.tsv, output/seed_91_sep/1_feature_selection/seed_91_sep.deseqResults.tsv
    output: output/seed_91_sep/LDA/seed_91_sep.LDA.rds, output/seed_91_sep/LDA/seed_91_sep.LDA.train.txt, output/seed_91_sep/LDA/seed_91_sep.LDA.test.txt, output/seed_91_sep/LDA/seed_91_sep.LDA.val.txt
    jobid: 1367
    reason: Missing output files: output/seed_91_sep/LDA/seed_91_sep.LDA.val.txt, output/seed_91_sep/LDA/seed_91_sep.LDA.train.txt, output/seed_91_sep/LDA/seed_91_sep.LDA.rds, output/seed_91_sep/LDA/seed_91_sep.LDA.test.txt
    wildcards: sample=seed_91_sep, model=LDA
    resources: tmpdir=/tmp

[Thu Nov  9 09:03:11 2023]
rule models:
    input: output/seed_91_sep/1_feature_selection/seed_91_sep.counts.train.VST.tsv, output/seed_91_sep/1_feature_selection/seed_91_sep.counts.test.VST.tsv, output/seed_91_sep/1_feature_selection/seed_91_sep.counts.val.VST.tsv, input/seed_91_sep/seed_91_sep.metadata.train.tsv, input/seed_91_sep/seed_91_sep.metadata.test.tsv, input/seed_91_sep/seed_91_sep.metadata.val.tsv, output/seed_91_sep/1_feature_selection/seed_91_sep.deseqResults.tsv
    output: output/seed_91_sep/NNET/seed_91_sep.NNET.rds, output/seed_91_sep/NNET/seed_91_sep.NNET.train.txt, output/seed_91_sep/NNET/seed_91_sep.NNET.test.txt, output/seed_91_sep/NNET/seed_91_sep.NNET.val.txt
    jobid: 1369
    reason: Missing output files: output/seed_91_sep/NNET/seed_91_sep.NNET.test.txt, output/seed_91_sep/NNET/seed_91_sep.NNET.train.txt, output/seed_91_sep/NNET/seed_91_sep.NNET.rds, output/seed_91_sep/NNET/seed_91_sep.NNET.val.txt
    wildcards: sample=seed_91_sep, model=NNET
    resources: tmpdir=/tmp

[Thu Nov  9 09:03:11 2023]
rule models:
    input: output/seed_91_sep/1_feature_selection/seed_91_sep.counts.train.VST.tsv, output/seed_91_sep/1_feature_selection/seed_91_sep.counts.test.VST.tsv, output/seed_91_sep/1_feature_selection/seed_91_sep.counts.val.VST.tsv, input/seed_91_sep/seed_91_sep.metadata.train.tsv, input/seed_91_sep/seed_91_sep.metadata.test.tsv, input/seed_91_sep/seed_91_sep.metadata.val.tsv, output/seed_91_sep/1_feature_selection/seed_91_sep.deseqResults.tsv
    output: output/seed_91_sep/RF/seed_91_sep.RF.rds, output/seed_91_sep/RF/seed_91_sep.RF.train.txt, output/seed_91_sep/RF/seed_91_sep.RF.test.txt, output/seed_91_sep/RF/seed_91_sep.RF.val.txt
    jobid: 1371
    reason: Missing output files: output/seed_91_sep/RF/seed_91_sep.RF.val.txt, output/seed_91_sep/RF/seed_91_sep.RF.train.txt, output/seed_91_sep/RF/seed_91_sep.RF.test.txt, output/seed_91_sep/RF/seed_91_sep.RF.rds
    wildcards: sample=seed_91_sep, model=RF
    resources: tmpdir=/tmp

[Thu Nov  9 09:03:11 2023]
rule models:
    input: output/seed_91_sep/1_feature_selection/seed_91_sep.counts.train.VST.tsv, output/seed_91_sep/1_feature_selection/seed_91_sep.counts.test.VST.tsv, output/seed_91_sep/1_feature_selection/seed_91_sep.counts.val.VST.tsv, input/seed_91_sep/seed_91_sep.metadata.train.tsv, input/seed_91_sep/seed_91_sep.metadata.test.tsv, input/seed_91_sep/seed_91_sep.metadata.val.tsv, output/seed_91_sep/1_feature_selection/seed_91_sep.deseqResults.tsv
    output: output/seed_91_sep/GLMNETLasso/seed_91_sep.GLMNETLasso.rds, output/seed_91_sep/GLMNETLasso/seed_91_sep.GLMNETLasso.train.txt, output/seed_91_sep/GLMNETLasso/seed_91_sep.GLMNETLasso.test.txt, output/seed_91_sep/GLMNETLasso/seed_91_sep.GLMNETLasso.val.txt
    jobid: 1364
    reason: Missing output files: output/seed_91_sep/GLMNETLasso/seed_91_sep.GLMNETLasso.train.txt, output/seed_91_sep/GLMNETLasso/seed_91_sep.GLMNETLasso.rds, output/seed_91_sep/GLMNETLasso/seed_91_sep.GLMNETLasso.val.txt, output/seed_91_sep/GLMNETLasso/seed_91_sep.GLMNETLasso.test.txt
    wildcards: sample=seed_91_sep, model=GLMNETLasso
    resources: tmpdir=/tmp

[Thu Nov  9 09:03:11 2023]
rule models:
    input: output/seed_91_sep/1_feature_selection/seed_91_sep.counts.train.VST.tsv, output/seed_91_sep/1_feature_selection/seed_91_sep.counts.test.VST.tsv, output/seed_91_sep/1_feature_selection/seed_91_sep.counts.val.VST.tsv, input/seed_91_sep/seed_91_sep.metadata.train.tsv, input/seed_91_sep/seed_91_sep.metadata.test.tsv, input/seed_91_sep/seed_91_sep.metadata.val.tsv, output/seed_91_sep/1_feature_selection/seed_91_sep.deseqResults.tsv
    output: output/seed_91_sep/KNN/seed_91_sep.KNN.rds, output/seed_91_sep/KNN/seed_91_sep.KNN.train.txt, output/seed_91_sep/KNN/seed_91_sep.KNN.test.txt, output/seed_91_sep/KNN/seed_91_sep.KNN.val.txt
    jobid: 1366
    reason: Missing output files: output/seed_91_sep/KNN/seed_91_sep.KNN.train.txt, output/seed_91_sep/KNN/seed_91_sep.KNN.test.txt, output/seed_91_sep/KNN/seed_91_sep.KNN.rds, output/seed_91_sep/KNN/seed_91_sep.KNN.val.txt
    wildcards: sample=seed_91_sep, model=KNN
    resources: tmpdir=/tmp

[Thu Nov  9 09:03:11 2023]
rule models:
    input: output/seed_91_sep/1_feature_selection/seed_91_sep.counts.train.VST.tsv, output/seed_91_sep/1_feature_selection/seed_91_sep.counts.test.VST.tsv, output/seed_91_sep/1_feature_selection/seed_91_sep.counts.val.VST.tsv, input/seed_91_sep/seed_91_sep.metadata.train.tsv, input/seed_91_sep/seed_91_sep.metadata.test.tsv, input/seed_91_sep/seed_91_sep.metadata.val.tsv, output/seed_91_sep/1_feature_selection/seed_91_sep.deseqResults.tsv
    output: output/seed_91_sep/NB/seed_91_sep.NB.rds, output/seed_91_sep/NB/seed_91_sep.NB.train.txt, output/seed_91_sep/NB/seed_91_sep.NB.test.txt, output/seed_91_sep/NB/seed_91_sep.NB.val.txt
    jobid: 1368
    reason: Missing output files: output/seed_91_sep/NB/seed_91_sep.NB.val.txt, output/seed_91_sep/NB/seed_91_sep.NB.rds, output/seed_91_sep/NB/seed_91_sep.NB.test.txt, output/seed_91_sep/NB/seed_91_sep.NB.train.txt
    wildcards: sample=seed_91_sep, model=NB
    resources: tmpdir=/tmp

[Thu Nov  9 09:03:11 2023]
rule models:
    input: output/seed_91_sep/1_feature_selection/seed_91_sep.counts.train.VST.tsv, output/seed_91_sep/1_feature_selection/seed_91_sep.counts.test.VST.tsv, output/seed_91_sep/1_feature_selection/seed_91_sep.counts.val.VST.tsv, input/seed_91_sep/seed_91_sep.metadata.train.tsv, input/seed_91_sep/seed_91_sep.metadata.test.tsv, input/seed_91_sep/seed_91_sep.metadata.val.tsv, output/seed_91_sep/1_feature_selection/seed_91_sep.deseqResults.tsv
    output: output/seed_91_sep/PAM/seed_91_sep.PAM.rds, output/seed_91_sep/PAM/seed_91_sep.PAM.train.txt, output/seed_91_sep/PAM/seed_91_sep.PAM.test.txt, output/seed_91_sep/PAM/seed_91_sep.PAM.val.txt
    jobid: 1370
    reason: Missing output files: output/seed_91_sep/PAM/seed_91_sep.PAM.rds, output/seed_91_sep/PAM/seed_91_sep.PAM.val.txt, output/seed_91_sep/PAM/seed_91_sep.PAM.test.txt, output/seed_91_sep/PAM/seed_91_sep.PAM.train.txt
    wildcards: sample=seed_91_sep, model=PAM
    resources: tmpdir=/tmp

[Thu Nov  9 09:03:11 2023]
rule models:
    input: output/seed_91_sep/1_feature_selection/seed_91_sep.counts.train.VST.tsv, output/seed_91_sep/1_feature_selection/seed_91_sep.counts.test.VST.tsv, output/seed_91_sep/1_feature_selection/seed_91_sep.counts.val.VST.tsv, input/seed_91_sep/seed_91_sep.metadata.train.tsv, input/seed_91_sep/seed_91_sep.metadata.test.tsv, input/seed_91_sep/seed_91_sep.metadata.val.tsv, output/seed_91_sep/1_feature_selection/seed_91_sep.deseqResults.tsv
    output: output/seed_91_sep/RPART/seed_91_sep.RPART.rds, output/seed_91_sep/RPART/seed_91_sep.RPART.train.txt, output/seed_91_sep/RPART/seed_91_sep.RPART.test.txt, output/seed_91_sep/RPART/seed_91_sep.RPART.val.txt
    jobid: 1372
    reason: Missing output files: output/seed_91_sep/RPART/seed_91_sep.RPART.test.txt, output/seed_91_sep/RPART/seed_91_sep.RPART.rds, output/seed_91_sep/RPART/seed_91_sep.RPART.train.txt, output/seed_91_sep/RPART/seed_91_sep.RPART.val.txt
    wildcards: sample=seed_91_sep, model=RPART
    resources: tmpdir=/tmp

[Thu Nov  9 09:03:14 2023]
Finished job 1367.
1 of 1498 steps (0.1%) done
Select jobs to execute...

[Thu Nov  9 09:03:14 2023]
rule models:
    input: output/seed_91_sep/1_feature_selection/seed_91_sep.counts.train.VST.tsv, output/seed_91_sep/1_feature_selection/seed_91_sep.counts.test.VST.tsv, output/seed_91_sep/1_feature_selection/seed_91_sep.counts.val.VST.tsv, input/seed_91_sep/seed_91_sep.metadata.train.tsv, input/seed_91_sep/seed_91_sep.metadata.test.tsv, input/seed_91_sep/seed_91_sep.metadata.val.tsv, output/seed_91_sep/1_feature_selection/seed_91_sep.deseqResults.tsv
    output: output/seed_91_sep/SVMLIN/seed_91_sep.SVMLIN.rds, output/seed_91_sep/SVMLIN/seed_91_sep.SVMLIN.train.txt, output/seed_91_sep/SVMLIN/seed_91_sep.SVMLIN.test.txt, output/seed_91_sep/SVMLIN/seed_91_sep.SVMLIN.val.txt
    jobid: 1373
    reason: Missing output files: output/seed_91_sep/SVMLIN/seed_91_sep.SVMLIN.test.txt, output/seed_91_sep/SVMLIN/seed_91_sep.SVMLIN.train.txt, output/seed_91_sep/SVMLIN/seed_91_sep.SVMLIN.rds, output/seed_91_sep/SVMLIN/seed_91_sep.SVMLIN.val.txt
    wildcards: sample=seed_91_sep, model=SVMLIN
    resources: tmpdir=/tmp

[Thu Nov  9 09:03:14 2023]
Finished job 1370.
2 of 1498 steps (0.1%) done
Select jobs to execute...

[Thu Nov  9 09:03:14 2023]
rule models:
    input: output/seed_91_sep/1_feature_selection/seed_91_sep.counts.train.VST.tsv, output/seed_91_sep/1_feature_selection/seed_91_sep.counts.test.VST.tsv, output/seed_91_sep/1_feature_selection/seed_91_sep.counts.val.VST.tsv, input/seed_91_sep/seed_91_sep.metadata.train.tsv, input/seed_91_sep/seed_91_sep.metadata.test.tsv, input/seed_91_sep/seed_91_sep.metadata.val.tsv, output/seed_91_sep/1_feature_selection/seed_91_sep.deseqResults.tsv
    output: output/seed_91_sep/SVMRAD/seed_91_sep.SVMRAD.rds, output/seed_91_sep/SVMRAD/seed_91_sep.SVMRAD.train.txt, output/seed_91_sep/SVMRAD/seed_91_sep.SVMRAD.test.txt, output/seed_91_sep/SVMRAD/seed_91_sep.SVMRAD.val.txt
    jobid: 1374
    reason: Missing output files: output/seed_91_sep/SVMRAD/seed_91_sep.SVMRAD.rds, output/seed_91_sep/SVMRAD/seed_91_sep.SVMRAD.train.txt, output/seed_91_sep/SVMRAD/seed_91_sep.SVMRAD.test.txt, output/seed_91_sep/SVMRAD/seed_91_sep.SVMRAD.val.txt
    wildcards: sample=seed_91_sep, model=SVMRAD
    resources: tmpdir=/tmp

[Thu Nov  9 09:03:15 2023]
Finished job 1372.
3 of 1498 steps (0.2%) done
Select jobs to execute...

[Thu Nov  9 09:03:15 2023]
rule models:
    input: output/seed_91_sep/1_feature_selection/seed_91_sep.counts.train.VST.tsv, output/seed_91_sep/1_feature_selection/seed_91_sep.counts.test.VST.tsv, output/seed_91_sep/1_feature_selection/seed_91_sep.counts.val.VST.tsv, input/seed_91_sep/seed_91_sep.metadata.train.tsv, input/seed_91_sep/seed_91_sep.metadata.test.tsv, input/seed_91_sep/seed_91_sep.metadata.val.tsv, output/seed_91_sep/1_feature_selection/seed_91_sep.deseqResults.tsv
    output: output/seed_91_sep/C5/seed_91_sep.C5.rds, output/seed_91_sep/C5/seed_91_sep.C5.train.txt, output/seed_91_sep/C5/seed_91_sep.C5.test.txt, output/seed_91_sep/C5/seed_91_sep.C5.val.txt
    jobid: 1361
    reason: Missing output files: output/seed_91_sep/C5/seed_91_sep.C5.test.txt, output/seed_91_sep/C5/seed_91_sep.C5.train.txt, output/seed_91_sep/C5/seed_91_sep.C5.val.txt, output/seed_91_sep/C5/seed_91_sep.C5.rds
    wildcards: sample=seed_91_sep, model=C5
    resources: tmpdir=/tmp

[Thu Nov  9 09:03:15 2023]
Finished job 1363.
4 of 1498 steps (0.3%) done
Select jobs to execute...

[Thu Nov  9 09:03:15 2023]
rule models:
    input: output/seed_91_sep/1_feature_selection/seed_91_sep.counts.train.VST.tsv, output/seed_91_sep/1_feature_selection/seed_91_sep.counts.test.VST.tsv, output/seed_91_sep/1_feature_selection/seed_91_sep.counts.val.VST.tsv, input/seed_91_sep/seed_91_sep.metadata.train.tsv, input/seed_91_sep/seed_91_sep.metadata.test.tsv, input/seed_91_sep/seed_91_sep.metadata.val.tsv, output/seed_91_sep/1_feature_selection/seed_91_sep.deseqResults.tsv
    output: output/seed_91_sep/EXTRATREES/seed_91_sep.EXTRATREES.rds, output/seed_91_sep/EXTRATREES/seed_91_sep.EXTRATREES.train.txt, output/seed_91_sep/EXTRATREES/seed_91_sep.EXTRATREES.test.txt, output/seed_91_sep/EXTRATREES/seed_91_sep.EXTRATREES.val.txt
    jobid: 1362
    reason: Missing output files: output/seed_91_sep/EXTRATREES/seed_91_sep.EXTRATREES.train.txt, output/seed_91_sep/EXTRATREES/seed_91_sep.EXTRATREES.rds, output/seed_91_sep/EXTRATREES/seed_91_sep.EXTRATREES.test.txt, output/seed_91_sep/EXTRATREES/seed_91_sep.EXTRATREES.val.txt
    wildcards: sample=seed_91_sep, model=EXTRATREES
    resources: tmpdir=/tmp

[Thu Nov  9 09:03:18 2023]
Finished job 1366.
5 of 1498 steps (0.3%) done
Select jobs to execute...

[Thu Nov  9 09:03:18 2023]
rule models:
    input: output/seed_48_sep/1_feature_selection/seed_48_sep.counts.train.VST.tsv, output/seed_48_sep/1_feature_selection/seed_48_sep.counts.test.VST.tsv, output/seed_48_sep/1_feature_selection/seed_48_sep.counts.val.VST.tsv, input/seed_48_sep/seed_48_sep.metadata.train.tsv, input/seed_48_sep/seed_48_sep.metadata.test.tsv, input/seed_48_sep/seed_48_sep.metadata.val.tsv, output/seed_48_sep/1_feature_selection/seed_48_sep.deseqResults.tsv
    output: output/seed_48_sep/GLM/seed_48_sep.GLM.rds, output/seed_48_sep/GLM/seed_48_sep.GLM.train.txt, output/seed_48_sep/GLM/seed_48_sep.GLM.test.txt, output/seed_48_sep/GLM/seed_48_sep.GLM.val.txt
    jobid: 761
    reason: Missing output files: output/seed_48_sep/GLM/seed_48_sep.GLM.train.txt, output/seed_48_sep/GLM/seed_48_sep.GLM.val.txt, output/seed_48_sep/GLM/seed_48_sep.GLM.test.txt, output/seed_48_sep/GLM/seed_48_sep.GLM.rds
    wildcards: sample=seed_48_sep, model=GLM
    resources: tmpdir=/tmp

[Thu Nov  9 09:03:20 2023]
Finished job 1361.
6 of 1498 steps (0.4%) done
Select jobs to execute...

[Thu Nov  9 09:03:20 2023]
rule models:
    input: output/seed_48_sep/1_feature_selection/seed_48_sep.counts.train.VST.tsv, output/seed_48_sep/1_feature_selection/seed_48_sep.counts.test.VST.tsv, output/seed_48_sep/1_feature_selection/seed_48_sep.counts.val.VST.tsv, input/seed_48_sep/seed_48_sep.metadata.train.tsv, input/seed_48_sep/seed_48_sep.metadata.test.tsv, input/seed_48_sep/seed_48_sep.metadata.val.tsv, output/seed_48_sep/1_feature_selection/seed_48_sep.deseqResults.tsv
    output: output/seed_48_sep/GLMNETLasso/seed_48_sep.GLMNETLasso.rds, output/seed_48_sep/GLMNETLasso/seed_48_sep.GLMNETLasso.train.txt, output/seed_48_sep/GLMNETLasso/seed_48_sep.GLMNETLasso.test.txt, output/seed_48_sep/GLMNETLasso/seed_48_sep.GLMNETLasso.val.txt
    jobid: 762
    reason: Missing output files: output/seed_48_sep/GLMNETLasso/seed_48_sep.GLMNETLasso.rds, output/seed_48_sep/GLMNETLasso/seed_48_sep.GLMNETLasso.test.txt, output/seed_48_sep/GLMNETLasso/seed_48_sep.GLMNETLasso.val.txt, output/seed_48_sep/GLMNETLasso/seed_48_sep.GLMNETLasso.train.txt
    wildcards: sample=seed_48_sep, model=GLMNETLasso
    resources: tmpdir=/tmp

[Thu Nov  9 09:03:23 2023]
Finished job 761.
7 of 1498 steps (0.5%) done
Select jobs to execute...

[Thu Nov  9 09:03:23 2023]
rule models:
    input: output/seed_48_sep/1_feature_selection/seed_48_sep.counts.train.VST.tsv, output/seed_48_sep/1_feature_selection/seed_48_sep.counts.test.VST.tsv, output/seed_48_sep/1_feature_selection/seed_48_sep.counts.val.VST.tsv, input/seed_48_sep/seed_48_sep.metadata.train.tsv, input/seed_48_sep/seed_48_sep.metadata.test.tsv, input/seed_48_sep/seed_48_sep.metadata.val.tsv, output/seed_48_sep/1_feature_selection/seed_48_sep.deseqResults.tsv
    output: output/seed_48_sep/GLMNETRidge/seed_48_sep.GLMNETRidge.rds, output/seed_48_sep/GLMNETRidge/seed_48_sep.GLMNETRidge.train.txt, output/seed_48_sep/GLMNETRidge/seed_48_sep.GLMNETRidge.test.txt, output/seed_48_sep/GLMNETRidge/seed_48_sep.GLMNETRidge.val.txt
    jobid: 763
    reason: Missing output files: output/seed_48_sep/GLMNETRidge/seed_48_sep.GLMNETRidge.rds, output/seed_48_sep/GLMNETRidge/seed_48_sep.GLMNETRidge.train.txt, output/seed_48_sep/GLMNETRidge/seed_48_sep.GLMNETRidge.test.txt, output/seed_48_sep/GLMNETRidge/seed_48_sep.GLMNETRidge.val.txt
    wildcards: sample=seed_48_sep, model=GLMNETRidge
    resources: tmpdir=/tmp

[Thu Nov  9 09:03:50 2023]
Finished job 1369.
8 of 1498 steps (1%) done
Select jobs to execute...

[Thu Nov  9 09:03:50 2023]
rule models:
    input: output/seed_48_sep/1_feature_selection/seed_48_sep.counts.train.VST.tsv, output/seed_48_sep/1_feature_selection/seed_48_sep.counts.test.VST.tsv, output/seed_48_sep/1_feature_selection/seed_48_sep.counts.val.VST.tsv, input/seed_48_sep/seed_48_sep.metadata.train.tsv, input/seed_48_sep/seed_48_sep.metadata.test.tsv, input/seed_48_sep/seed_48_sep.metadata.val.tsv, output/seed_48_sep/1_feature_selection/seed_48_sep.deseqResults.tsv
    output: output/seed_48_sep/KNN/seed_48_sep.KNN.rds, output/seed_48_sep/KNN/seed_48_sep.KNN.train.txt, output/seed_48_sep/KNN/seed_48_sep.KNN.test.txt, output/seed_48_sep/KNN/seed_48_sep.KNN.val.txt
    jobid: 764
    reason: Missing output files: output/seed_48_sep/KNN/seed_48_sep.KNN.train.txt, output/seed_48_sep/KNN/seed_48_sep.KNN.test.txt, output/seed_48_sep/KNN/seed_48_sep.KNN.val.txt, output/seed_48_sep/KNN/seed_48_sep.KNN.rds
    wildcards: sample=seed_48_sep, model=KNN
    resources: tmpdir=/tmp

[Thu Nov  9 09:04:01 2023]
Finished job 764.
9 of 1498 steps (1%) done
Select jobs to execute...

[Thu Nov  9 09:04:01 2023]
rule models:
    input: output/seed_48_sep/1_feature_selection/seed_48_sep.counts.train.VST.tsv, output/seed_48_sep/1_feature_selection/seed_48_sep.counts.test.VST.tsv, output/seed_48_sep/1_feature_selection/seed_48_sep.counts.val.VST.tsv, input/seed_48_sep/seed_48_sep.metadata.train.tsv, input/seed_48_sep/seed_48_sep.metadata.test.tsv, input/seed_48_sep/seed_48_sep.metadata.val.tsv, output/seed_48_sep/1_feature_selection/seed_48_sep.deseqResults.tsv
    output: output/seed_48_sep/LDA/seed_48_sep.LDA.rds, output/seed_48_sep/LDA/seed_48_sep.LDA.train.txt, output/seed_48_sep/LDA/seed_48_sep.LDA.test.txt, output/seed_48_sep/LDA/seed_48_sep.LDA.val.txt
    jobid: 765
    reason: Missing output files: output/seed_48_sep/LDA/seed_48_sep.LDA.train.txt, output/seed_48_sep/LDA/seed_48_sep.LDA.val.txt, output/seed_48_sep/LDA/seed_48_sep.LDA.test.txt, output/seed_48_sep/LDA/seed_48_sep.LDA.rds
    wildcards: sample=seed_48_sep, model=LDA
    resources: tmpdir=/tmp

[Thu Nov  9 09:04:04 2023]
Finished job 765.
10 of 1498 steps (1%) done
Select jobs to execute...

[Thu Nov  9 09:04:04 2023]
rule models:
    input: output/seed_48_sep/1_feature_selection/seed_48_sep.counts.train.VST.tsv, output/seed_48_sep/1_feature_selection/seed_48_sep.counts.test.VST.tsv, output/seed_48_sep/1_feature_selection/seed_48_sep.counts.val.VST.tsv, input/seed_48_sep/seed_48_sep.metadata.train.tsv, input/seed_48_sep/seed_48_sep.metadata.test.tsv, input/seed_48_sep/seed_48_sep.metadata.val.tsv, output/seed_48_sep/1_feature_selection/seed_48_sep.deseqResults.tsv
    output: output/seed_48_sep/NB/seed_48_sep.NB.rds, output/seed_48_sep/NB/seed_48_sep.NB.train.txt, output/seed_48_sep/NB/seed_48_sep.NB.test.txt, output/seed_48_sep/NB/seed_48_sep.NB.val.txt
    jobid: 766
    reason: Missing output files: output/seed_48_sep/NB/seed_48_sep.NB.rds, output/seed_48_sep/NB/seed_48_sep.NB.val.txt, output/seed_48_sep/NB/seed_48_sep.NB.test.txt, output/seed_48_sep/NB/seed_48_sep.NB.train.txt
    wildcards: sample=seed_48_sep, model=NB
    resources: tmpdir=/tmp

[Thu Nov  9 09:04:06 2023]
Finished job 1365.
11 of 1498 steps (1%) done
Select jobs to execute...

[Thu Nov  9 09:04:06 2023]
rule models:
    input: output/seed_48_sep/1_feature_selection/seed_48_sep.counts.train.VST.tsv, output/seed_48_sep/1_feature_selection/seed_48_sep.counts.test.VST.tsv, output/seed_48_sep/1_feature_selection/seed_48_sep.counts.val.VST.tsv, input/seed_48_sep/seed_48_sep.metadata.train.tsv, input/seed_48_sep/seed_48_sep.metadata.test.tsv, input/seed_48_sep/seed_48_sep.metadata.val.tsv, output/seed_48_sep/1_feature_selection/seed_48_sep.deseqResults.tsv
    output: output/seed_48_sep/NNET/seed_48_sep.NNET.rds, output/seed_48_sep/NNET/seed_48_sep.NNET.train.txt, output/seed_48_sep/NNET/seed_48_sep.NNET.test.txt, output/seed_48_sep/NNET/seed_48_sep.NNET.val.txt
    jobid: 767
    reason: Missing output files: output/seed_48_sep/NNET/seed_48_sep.NNET.val.txt, output/seed_48_sep/NNET/seed_48_sep.NNET.rds, output/seed_48_sep/NNET/seed_48_sep.NNET.train.txt, output/seed_48_sep/NNET/seed_48_sep.NNET.test.txt
    wildcards: sample=seed_48_sep, model=NNET
    resources: tmpdir=/tmp

[Thu Nov  9 09:04:11 2023]
Finished job 1364.
12 of 1498 steps (1%) done
Select jobs to execute...

[Thu Nov  9 09:04:11 2023]
rule models:
    input: output/seed_48_sep/1_feature_selection/seed_48_sep.counts.train.VST.tsv, output/seed_48_sep/1_feature_selection/seed_48_sep.counts.test.VST.tsv, output/seed_48_sep/1_feature_selection/seed_48_sep.counts.val.VST.tsv, input/seed_48_sep/seed_48_sep.metadata.train.tsv, input/seed_48_sep/seed_48_sep.metadata.test.tsv, input/seed_48_sep/seed_48_sep.metadata.val.tsv, output/seed_48_sep/1_feature_selection/seed_48_sep.deseqResults.tsv
    output: output/seed_48_sep/PAM/seed_48_sep.PAM.rds, output/seed_48_sep/PAM/seed_48_sep.PAM.train.txt, output/seed_48_sep/PAM/seed_48_sep.PAM.test.txt, output/seed_48_sep/PAM/seed_48_sep.PAM.val.txt
    jobid: 768
    reason: Missing output files: output/seed_48_sep/PAM/seed_48_sep.PAM.rds, output/seed_48_sep/PAM/seed_48_sep.PAM.test.txt, output/seed_48_sep/PAM/seed_48_sep.PAM.train.txt, output/seed_48_sep/PAM/seed_48_sep.PAM.val.txt
    wildcards: sample=seed_48_sep, model=PAM
    resources: tmpdir=/tmp

[Thu Nov  9 09:04:14 2023]
Finished job 1368.
13 of 1498 steps (1%) done
Select jobs to execute...

[Thu Nov  9 09:04:14 2023]
rule models:
    input: output/seed_48_sep/1_feature_selection/seed_48_sep.counts.train.VST.tsv, output/seed_48_sep/1_feature_selection/seed_48_sep.counts.test.VST.tsv, output/seed_48_sep/1_feature_selection/seed_48_sep.counts.val.VST.tsv, input/seed_48_sep/seed_48_sep.metadata.train.tsv, input/seed_48_sep/seed_48_sep.metadata.test.tsv, input/seed_48_sep/seed_48_sep.metadata.val.tsv, output/seed_48_sep/1_feature_selection/seed_48_sep.deseqResults.tsv
    output: output/seed_48_sep/RF/seed_48_sep.RF.rds, output/seed_48_sep/RF/seed_48_sep.RF.train.txt, output/seed_48_sep/RF/seed_48_sep.RF.test.txt, output/seed_48_sep/RF/seed_48_sep.RF.val.txt
    jobid: 769
    reason: Missing output files: output/seed_48_sep/RF/seed_48_sep.RF.rds, output/seed_48_sep/RF/seed_48_sep.RF.test.txt, output/seed_48_sep/RF/seed_48_sep.RF.val.txt, output/seed_48_sep/RF/seed_48_sep.RF.train.txt
    wildcards: sample=seed_48_sep, model=RF
    resources: tmpdir=/tmp

[Thu Nov  9 09:04:14 2023]
Finished job 768.
14 of 1498 steps (1%) done
Select jobs to execute...

[Thu Nov  9 09:04:14 2023]
rule models:
    input: output/seed_48_sep/1_feature_selection/seed_48_sep.counts.train.VST.tsv, output/seed_48_sep/1_feature_selection/seed_48_sep.counts.test.VST.tsv, output/seed_48_sep/1_feature_selection/seed_48_sep.counts.val.VST.tsv, input/seed_48_sep/seed_48_sep.metadata.train.tsv, input/seed_48_sep/seed_48_sep.metadata.test.tsv, input/seed_48_sep/seed_48_sep.metadata.val.tsv, output/seed_48_sep/1_feature_selection/seed_48_sep.deseqResults.tsv
    output: output/seed_48_sep/RPART/seed_48_sep.RPART.rds, output/seed_48_sep/RPART/seed_48_sep.RPART.train.txt, output/seed_48_sep/RPART/seed_48_sep.RPART.test.txt, output/seed_48_sep/RPART/seed_48_sep.RPART.val.txt
    jobid: 770
    reason: Missing output files: output/seed_48_sep/RPART/seed_48_sep.RPART.train.txt, output/seed_48_sep/RPART/seed_48_sep.RPART.rds, output/seed_48_sep/RPART/seed_48_sep.RPART.val.txt, output/seed_48_sep/RPART/seed_48_sep.RPART.test.txt
    wildcards: sample=seed_48_sep, model=RPART
    resources: tmpdir=/tmp

[Thu Nov  9 09:04:17 2023]
Finished job 763.
15 of 1498 steps (1%) done
Select jobs to execute...

[Thu Nov  9 09:04:17 2023]
rule models:
    input: output/seed_48_sep/1_feature_selection/seed_48_sep.counts.train.VST.tsv, output/seed_48_sep/1_feature_selection/seed_48_sep.counts.test.VST.tsv, output/seed_48_sep/1_feature_selection/seed_48_sep.counts.val.VST.tsv, input/seed_48_sep/seed_48_sep.metadata.train.tsv, input/seed_48_sep/seed_48_sep.metadata.test.tsv, input/seed_48_sep/seed_48_sep.metadata.val.tsv, output/seed_48_sep/1_feature_selection/seed_48_sep.deseqResults.tsv
    output: output/seed_48_sep/SVMLIN/seed_48_sep.SVMLIN.rds, output/seed_48_sep/SVMLIN/seed_48_sep.SVMLIN.train.txt, output/seed_48_sep/SVMLIN/seed_48_sep.SVMLIN.test.txt, output/seed_48_sep/SVMLIN/seed_48_sep.SVMLIN.val.txt
    jobid: 771
    reason: Missing output files: output/seed_48_sep/SVMLIN/seed_48_sep.SVMLIN.rds, output/seed_48_sep/SVMLIN/seed_48_sep.SVMLIN.train.txt, output/seed_48_sep/SVMLIN/seed_48_sep.SVMLIN.test.txt, output/seed_48_sep/SVMLIN/seed_48_sep.SVMLIN.val.txt
    wildcards: sample=seed_48_sep, model=SVMLIN
    resources: tmpdir=/tmp

[Thu Nov  9 09:04:19 2023]
Finished job 770.
16 of 1498 steps (1%) done
Select jobs to execute...

[Thu Nov  9 09:04:19 2023]
rule models:
    input: output/seed_48_sep/1_feature_selection/seed_48_sep.counts.train.VST.tsv, output/seed_48_sep/1_feature_selection/seed_48_sep.counts.test.VST.tsv, output/seed_48_sep/1_feature_selection/seed_48_sep.counts.val.VST.tsv, input/seed_48_sep/seed_48_sep.metadata.train.tsv, input/seed_48_sep/seed_48_sep.metadata.test.tsv, input/seed_48_sep/seed_48_sep.metadata.val.tsv, output/seed_48_sep/1_feature_selection/seed_48_sep.deseqResults.tsv
    output: output/seed_48_sep/SVMRAD/seed_48_sep.SVMRAD.rds, output/seed_48_sep/SVMRAD/seed_48_sep.SVMRAD.train.txt, output/seed_48_sep/SVMRAD/seed_48_sep.SVMRAD.test.txt, output/seed_48_sep/SVMRAD/seed_48_sep.SVMRAD.val.txt
    jobid: 772
    reason: Missing output files: output/seed_48_sep/SVMRAD/seed_48_sep.SVMRAD.rds, output/seed_48_sep/SVMRAD/seed_48_sep.SVMRAD.test.txt, output/seed_48_sep/SVMRAD/seed_48_sep.SVMRAD.train.txt, output/seed_48_sep/SVMRAD/seed_48_sep.SVMRAD.val.txt
    wildcards: sample=seed_48_sep, model=SVMRAD
    resources: tmpdir=/tmp

[Thu Nov  9 09:04:19 2023]
Finished job 762.
17 of 1498 steps (1%) done
Select jobs to execute...

[Thu Nov  9 09:04:19 2023]
rule models:
    input: output/seed_48_sep/1_feature_selection/seed_48_sep.counts.train.VST.tsv, output/seed_48_sep/1_feature_selection/seed_48_sep.counts.test.VST.tsv, output/seed_48_sep/1_feature_selection/seed_48_sep.counts.val.VST.tsv, input/seed_48_sep/seed_48_sep.metadata.train.tsv, input/seed_48_sep/seed_48_sep.metadata.test.tsv, input/seed_48_sep/seed_48_sep.metadata.val.tsv, output/seed_48_sep/1_feature_selection/seed_48_sep.deseqResults.tsv
    output: output/seed_48_sep/C5/seed_48_sep.C5.rds, output/seed_48_sep/C5/seed_48_sep.C5.train.txt, output/seed_48_sep/C5/seed_48_sep.C5.test.txt, output/seed_48_sep/C5/seed_48_sep.C5.val.txt
    jobid: 759
    reason: Missing output files: output/seed_48_sep/C5/seed_48_sep.C5.train.txt, output/seed_48_sep/C5/seed_48_sep.C5.rds, output/seed_48_sep/C5/seed_48_sep.C5.test.txt, output/seed_48_sep/C5/seed_48_sep.C5.val.txt
    wildcards: sample=seed_48_sep, model=C5
    resources: tmpdir=/tmp

[Thu Nov  9 09:04:24 2023]
Finished job 759.
18 of 1498 steps (1%) done
Select jobs to execute...

[Thu Nov  9 09:04:24 2023]
rule models:
    input: output/seed_48_sep/1_feature_selection/seed_48_sep.counts.train.VST.tsv, output/seed_48_sep/1_feature_selection/seed_48_sep.counts.test.VST.tsv, output/seed_48_sep/1_feature_selection/seed_48_sep.counts.val.VST.tsv, input/seed_48_sep/seed_48_sep.metadata.train.tsv, input/seed_48_sep/seed_48_sep.metadata.test.tsv, input/seed_48_sep/seed_48_sep.metadata.val.tsv, output/seed_48_sep/1_feature_selection/seed_48_sep.deseqResults.tsv
    output: output/seed_48_sep/EXTRATREES/seed_48_sep.EXTRATREES.rds, output/seed_48_sep/EXTRATREES/seed_48_sep.EXTRATREES.train.txt, output/seed_48_sep/EXTRATREES/seed_48_sep.EXTRATREES.test.txt, output/seed_48_sep/EXTRATREES/seed_48_sep.EXTRATREES.val.txt
    jobid: 760
    reason: Missing output files: output/seed_48_sep/EXTRATREES/seed_48_sep.EXTRATREES.train.txt, output/seed_48_sep/EXTRATREES/seed_48_sep.EXTRATREES.rds, output/seed_48_sep/EXTRATREES/seed_48_sep.EXTRATREES.val.txt, output/seed_48_sep/EXTRATREES/seed_48_sep.EXTRATREES.test.txt
    wildcards: sample=seed_48_sep, model=EXTRATREES
    resources: tmpdir=/tmp

[Thu Nov  9 09:04:29 2023]
Finished job 1371.
19 of 1498 steps (1%) done
Select jobs to execute...

[Thu Nov  9 09:04:30 2023]
rule models:
    input: output/seed_17_sep/1_feature_selection/seed_17_sep.counts.train.VST.tsv, output/seed_17_sep/1_feature_selection/seed_17_sep.counts.test.VST.tsv, output/seed_17_sep/1_feature_selection/seed_17_sep.counts.val.VST.tsv, input/seed_17_sep/seed_17_sep.metadata.train.tsv, input/seed_17_sep/seed_17_sep.metadata.test.tsv, input/seed_17_sep/seed_17_sep.metadata.val.tsv, output/seed_17_sep/1_feature_selection/seed_17_sep.deseqResults.tsv
    output: output/seed_17_sep/GLMNETLasso/seed_17_sep.GLMNETLasso.rds, output/seed_17_sep/GLMNETLasso/seed_17_sep.GLMNETLasso.train.txt, output/seed_17_sep/GLMNETLasso/seed_17_sep.GLMNETLasso.test.txt, output/seed_17_sep/GLMNETLasso/seed_17_sep.GLMNETLasso.val.txt
    jobid: 328
    reason: Missing output files: output/seed_17_sep/GLMNETLasso/seed_17_sep.GLMNETLasso.test.txt, output/seed_17_sep/GLMNETLasso/seed_17_sep.GLMNETLasso.val.txt, output/seed_17_sep/GLMNETLasso/seed_17_sep.GLMNETLasso.rds, output/seed_17_sep/GLMNETLasso/seed_17_sep.GLMNETLasso.train.txt
    wildcards: sample=seed_17_sep, model=GLMNETLasso
    resources: tmpdir=/tmp

[Thu Nov  9 09:04:31 2023]
Finished job 767.
20 of 1498 steps (1%) done
Select jobs to execute...

[Thu Nov  9 09:04:31 2023]
rule models:
    input: output/seed_17_sep/1_feature_selection/seed_17_sep.counts.train.VST.tsv, output/seed_17_sep/1_feature_selection/seed_17_sep.counts.test.VST.tsv, output/seed_17_sep/1_feature_selection/seed_17_sep.counts.val.VST.tsv, input/seed_17_sep/seed_17_sep.metadata.train.tsv, input/seed_17_sep/seed_17_sep.metadata.test.tsv, input/seed_17_sep/seed_17_sep.metadata.val.tsv, output/seed_17_sep/1_feature_selection/seed_17_sep.deseqResults.tsv
    output: output/seed_17_sep/GLMNETRidge/seed_17_sep.GLMNETRidge.rds, output/seed_17_sep/GLMNETRidge/seed_17_sep.GLMNETRidge.train.txt, output/seed_17_sep/GLMNETRidge/seed_17_sep.GLMNETRidge.test.txt, output/seed_17_sep/GLMNETRidge/seed_17_sep.GLMNETRidge.val.txt
    jobid: 329
    reason: Missing output files: output/seed_17_sep/GLMNETRidge/seed_17_sep.GLMNETRidge.test.txt, output/seed_17_sep/GLMNETRidge/seed_17_sep.GLMNETRidge.train.txt, output/seed_17_sep/GLMNETRidge/seed_17_sep.GLMNETRidge.val.txt, output/seed_17_sep/GLMNETRidge/seed_17_sep.GLMNETRidge.rds
    wildcards: sample=seed_17_sep, model=GLMNETRidge
    resources: tmpdir=/tmp

[Thu Nov  9 09:04:40 2023]
Finished job 1362.
21 of 1498 steps (1%) done
Select jobs to execute...

[Thu Nov  9 09:04:40 2023]
rule models:
    input: output/seed_17_sep/1_feature_selection/seed_17_sep.counts.train.VST.tsv, output/seed_17_sep/1_feature_selection/seed_17_sep.counts.test.VST.tsv, output/seed_17_sep/1_feature_selection/seed_17_sep.counts.val.VST.tsv, input/seed_17_sep/seed_17_sep.metadata.train.tsv, input/seed_17_sep/seed_17_sep.metadata.test.tsv, input/seed_17_sep/seed_17_sep.metadata.val.tsv, output/seed_17_sep/1_feature_selection/seed_17_sep.deseqResults.tsv
    output: output/seed_17_sep/KNN/seed_17_sep.KNN.rds, output/seed_17_sep/KNN/seed_17_sep.KNN.train.txt, output/seed_17_sep/KNN/seed_17_sep.KNN.test.txt, output/seed_17_sep/KNN/seed_17_sep.KNN.val.txt
    jobid: 330
    reason: Missing output files: output/seed_17_sep/KNN/seed_17_sep.KNN.rds, output/seed_17_sep/KNN/seed_17_sep.KNN.train.txt, output/seed_17_sep/KNN/seed_17_sep.KNN.test.txt, output/seed_17_sep/KNN/seed_17_sep.KNN.val.txt
    wildcards: sample=seed_17_sep, model=KNN
    resources: tmpdir=/tmp

[Thu Nov  9 09:04:48 2023]
Finished job 330.
22 of 1498 steps (1%) done
Select jobs to execute...

[Thu Nov  9 09:04:48 2023]
rule models:
    input: output/seed_17_sep/1_feature_selection/seed_17_sep.counts.train.VST.tsv, output/seed_17_sep/1_feature_selection/seed_17_sep.counts.test.VST.tsv, output/seed_17_sep/1_feature_selection/seed_17_sep.counts.val.VST.tsv, input/seed_17_sep/seed_17_sep.metadata.train.tsv, input/seed_17_sep/seed_17_sep.metadata.test.tsv, input/seed_17_sep/seed_17_sep.metadata.val.tsv, output/seed_17_sep/1_feature_selection/seed_17_sep.deseqResults.tsv
    output: output/seed_17_sep/LDA/seed_17_sep.LDA.rds, output/seed_17_sep/LDA/seed_17_sep.LDA.train.txt, output/seed_17_sep/LDA/seed_17_sep.LDA.test.txt, output/seed_17_sep/LDA/seed_17_sep.LDA.val.txt
    jobid: 331
    reason: Missing output files: output/seed_17_sep/LDA/seed_17_sep.LDA.test.txt, output/seed_17_sep/LDA/seed_17_sep.LDA.train.txt, output/seed_17_sep/LDA/seed_17_sep.LDA.rds, output/seed_17_sep/LDA/seed_17_sep.LDA.val.txt
    wildcards: sample=seed_17_sep, model=LDA
    resources: tmpdir=/tmp

[Thu Nov  9 09:04:51 2023]
Finished job 331.
23 of 1498 steps (2%) done
Select jobs to execute...

[Thu Nov  9 09:04:51 2023]
rule models:
    input: output/seed_17_sep/1_feature_selection/seed_17_sep.counts.train.VST.tsv, output/seed_17_sep/1_feature_selection/seed_17_sep.counts.test.VST.tsv, output/seed_17_sep/1_feature_selection/seed_17_sep.counts.val.VST.tsv, input/seed_17_sep/seed_17_sep.metadata.train.tsv, input/seed_17_sep/seed_17_sep.metadata.test.tsv, input/seed_17_sep/seed_17_sep.metadata.val.tsv, output/seed_17_sep/1_feature_selection/seed_17_sep.deseqResults.tsv
    output: output/seed_17_sep/NB/seed_17_sep.NB.rds, output/seed_17_sep/NB/seed_17_sep.NB.train.txt, output/seed_17_sep/NB/seed_17_sep.NB.test.txt, output/seed_17_sep/NB/seed_17_sep.NB.val.txt
    jobid: 332
    reason: Missing output files: output/seed_17_sep/NB/seed_17_sep.NB.rds, output/seed_17_sep/NB/seed_17_sep.NB.test.txt, output/seed_17_sep/NB/seed_17_sep.NB.val.txt, output/seed_17_sep/NB/seed_17_sep.NB.train.txt
    wildcards: sample=seed_17_sep, model=NB
    resources: tmpdir=/tmp

[Thu Nov  9 09:05:01 2023]
Finished job 766.
24 of 1498 steps (2%) done
Select jobs to execute...

[Thu Nov  9 09:05:01 2023]
rule models:
    input: output/seed_17_sep/1_feature_selection/seed_17_sep.counts.train.VST.tsv, output/seed_17_sep/1_feature_selection/seed_17_sep.counts.test.VST.tsv, output/seed_17_sep/1_feature_selection/seed_17_sep.counts.val.VST.tsv, input/seed_17_sep/seed_17_sep.metadata.train.tsv, input/seed_17_sep/seed_17_sep.metadata.test.tsv, input/seed_17_sep/seed_17_sep.metadata.val.tsv, output/seed_17_sep/1_feature_selection/seed_17_sep.deseqResults.tsv
    output: output/seed_17_sep/NNET/seed_17_sep.NNET.rds, output/seed_17_sep/NNET/seed_17_sep.NNET.train.txt, output/seed_17_sep/NNET/seed_17_sep.NNET.test.txt, output/seed_17_sep/NNET/seed_17_sep.NNET.val.txt
    jobid: 333
    reason: Missing output files: output/seed_17_sep/NNET/seed_17_sep.NNET.test.txt, output/seed_17_sep/NNET/seed_17_sep.NNET.train.txt, output/seed_17_sep/NNET/seed_17_sep.NNET.val.txt, output/seed_17_sep/NNET/seed_17_sep.NNET.rds
    wildcards: sample=seed_17_sep, model=NNET
    resources: tmpdir=/tmp

[Thu Nov  9 09:05:15 2023]
Finished job 329.
25 of 1498 steps (2%) done
Select jobs to execute...

[Thu Nov  9 09:05:15 2023]
rule models:
    input: output/seed_17_sep/1_feature_selection/seed_17_sep.counts.train.VST.tsv, output/seed_17_sep/1_feature_selection/seed_17_sep.counts.test.VST.tsv, output/seed_17_sep/1_feature_selection/seed_17_sep.counts.val.VST.tsv, input/seed_17_sep/seed_17_sep.metadata.train.tsv, input/seed_17_sep/seed_17_sep.metadata.test.tsv, input/seed_17_sep/seed_17_sep.metadata.val.tsv, output/seed_17_sep/1_feature_selection/seed_17_sep.deseqResults.tsv
    output: output/seed_17_sep/PAM/seed_17_sep.PAM.rds, output/seed_17_sep/PAM/seed_17_sep.PAM.train.txt, output/seed_17_sep/PAM/seed_17_sep.PAM.test.txt, output/seed_17_sep/PAM/seed_17_sep.PAM.val.txt
    jobid: 334
    reason: Missing output files: output/seed_17_sep/PAM/seed_17_sep.PAM.train.txt, output/seed_17_sep/PAM/seed_17_sep.PAM.val.txt, output/seed_17_sep/PAM/seed_17_sep.PAM.test.txt, output/seed_17_sep/PAM/seed_17_sep.PAM.rds
    wildcards: sample=seed_17_sep, model=PAM
    resources: tmpdir=/tmp

[Thu Nov  9 09:05:17 2023]
Finished job 328.
26 of 1498 steps (2%) done
Select jobs to execute...

[Thu Nov  9 09:05:17 2023]
rule models:
    input: output/seed_17_sep/1_feature_selection/seed_17_sep.counts.train.VST.tsv, output/seed_17_sep/1_feature_selection/seed_17_sep.counts.test.VST.tsv, output/seed_17_sep/1_feature_selection/seed_17_sep.counts.val.VST.tsv, input/seed_17_sep/seed_17_sep.metadata.train.tsv, input/seed_17_sep/seed_17_sep.metadata.test.tsv, input/seed_17_sep/seed_17_sep.metadata.val.tsv, output/seed_17_sep/1_feature_selection/seed_17_sep.deseqResults.tsv
    output: output/seed_17_sep/RF/seed_17_sep.RF.rds, output/seed_17_sep/RF/seed_17_sep.RF.train.txt, output/seed_17_sep/RF/seed_17_sep.RF.test.txt, output/seed_17_sep/RF/seed_17_sep.RF.val.txt
    jobid: 335
    reason: Missing output files: output/seed_17_sep/RF/seed_17_sep.RF.val.txt, output/seed_17_sep/RF/seed_17_sep.RF.rds, output/seed_17_sep/RF/seed_17_sep.RF.train.txt, output/seed_17_sep/RF/seed_17_sep.RF.test.txt
    wildcards: sample=seed_17_sep, model=RF
    resources: tmpdir=/tmp

[Thu Nov  9 09:05:18 2023]
Finished job 334.
27 of 1498 steps (2%) done
Select jobs to execute...

[Thu Nov  9 09:05:18 2023]
rule models:
    input: output/seed_17_sep/1_feature_selection/seed_17_sep.counts.train.VST.tsv, output/seed_17_sep/1_feature_selection/seed_17_sep.counts.test.VST.tsv, output/seed_17_sep/1_feature_selection/seed_17_sep.counts.val.VST.tsv, input/seed_17_sep/seed_17_sep.metadata.train.tsv, input/seed_17_sep/seed_17_sep.metadata.test.tsv, input/seed_17_sep/seed_17_sep.metadata.val.tsv, output/seed_17_sep/1_feature_selection/seed_17_sep.deseqResults.tsv
    output: output/seed_17_sep/RPART/seed_17_sep.RPART.rds, output/seed_17_sep/RPART/seed_17_sep.RPART.train.txt, output/seed_17_sep/RPART/seed_17_sep.RPART.test.txt, output/seed_17_sep/RPART/seed_17_sep.RPART.val.txt
    jobid: 336
    reason: Missing output files: output/seed_17_sep/RPART/seed_17_sep.RPART.test.txt, output/seed_17_sep/RPART/seed_17_sep.RPART.rds, output/seed_17_sep/RPART/seed_17_sep.RPART.val.txt, output/seed_17_sep/RPART/seed_17_sep.RPART.train.txt
    wildcards: sample=seed_17_sep, model=RPART
    resources: tmpdir=/tmp

[Thu Nov  9 09:05:22 2023]
Finished job 336.
28 of 1498 steps (2%) done
Select jobs to execute...

[Thu Nov  9 09:05:22 2023]
rule models:
    input: output/seed_17_sep/1_feature_selection/seed_17_sep.counts.train.VST.tsv, output/seed_17_sep/1_feature_selection/seed_17_sep.counts.test.VST.tsv, output/seed_17_sep/1_feature_selection/seed_17_sep.counts.val.VST.tsv, input/seed_17_sep/seed_17_sep.metadata.train.tsv, input/seed_17_sep/seed_17_sep.metadata.test.tsv, input/seed_17_sep/seed_17_sep.metadata.val.tsv, output/seed_17_sep/1_feature_selection/seed_17_sep.deseqResults.tsv
    output: output/seed_17_sep/SVMLIN/seed_17_sep.SVMLIN.rds, output/seed_17_sep/SVMLIN/seed_17_sep.SVMLIN.train.txt, output/seed_17_sep/SVMLIN/seed_17_sep.SVMLIN.test.txt, output/seed_17_sep/SVMLIN/seed_17_sep.SVMLIN.val.txt
    jobid: 337
    reason: Missing output files: output/seed_17_sep/SVMLIN/seed_17_sep.SVMLIN.val.txt, output/seed_17_sep/SVMLIN/seed_17_sep.SVMLIN.rds, output/seed_17_sep/SVMLIN/seed_17_sep.SVMLIN.test.txt, output/seed_17_sep/SVMLIN/seed_17_sep.SVMLIN.train.txt
    wildcards: sample=seed_17_sep, model=SVMLIN
    resources: tmpdir=/tmp

[Thu Nov  9 09:05:25 2023]
Finished job 333.
29 of 1498 steps (2%) done
Select jobs to execute...

[Thu Nov  9 09:05:25 2023]
rule models:
    input: output/seed_17_sep/1_feature_selection/seed_17_sep.counts.train.VST.tsv, output/seed_17_sep/1_feature_selection/seed_17_sep.counts.test.VST.tsv, output/seed_17_sep/1_feature_selection/seed_17_sep.counts.val.VST.tsv, input/seed_17_sep/seed_17_sep.metadata.train.tsv, input/seed_17_sep/seed_17_sep.metadata.test.tsv, input/seed_17_sep/seed_17_sep.metadata.val.tsv, output/seed_17_sep/1_feature_selection/seed_17_sep.deseqResults.tsv
    output: output/seed_17_sep/SVMRAD/seed_17_sep.SVMRAD.rds, output/seed_17_sep/SVMRAD/seed_17_sep.SVMRAD.train.txt, output/seed_17_sep/SVMRAD/seed_17_sep.SVMRAD.test.txt, output/seed_17_sep/SVMRAD/seed_17_sep.SVMRAD.val.txt
    jobid: 338
    reason: Missing output files: output/seed_17_sep/SVMRAD/seed_17_sep.SVMRAD.train.txt, output/seed_17_sep/SVMRAD/seed_17_sep.SVMRAD.test.txt, output/seed_17_sep/SVMRAD/seed_17_sep.SVMRAD.val.txt, output/seed_17_sep/SVMRAD/seed_17_sep.SVMRAD.rds
    wildcards: sample=seed_17_sep, model=SVMRAD
    resources: tmpdir=/tmp

[Thu Nov  9 09:05:30 2023]
Finished job 769.
30 of 1498 steps (2%) done
Select jobs to execute...

[Thu Nov  9 09:05:30 2023]
rule models:
    input: output/seed_17_sep/1_feature_selection/seed_17_sep.counts.train.VST.tsv, output/seed_17_sep/1_feature_selection/seed_17_sep.counts.test.VST.tsv, output/seed_17_sep/1_feature_selection/seed_17_sep.counts.val.VST.tsv, input/seed_17_sep/seed_17_sep.metadata.train.tsv, input/seed_17_sep/seed_17_sep.metadata.test.tsv, input/seed_17_sep/seed_17_sep.metadata.val.tsv, output/seed_17_sep/1_feature_selection/seed_17_sep.deseqResults.tsv
    output: output/seed_17_sep/C5/seed_17_sep.C5.rds, output/seed_17_sep/C5/seed_17_sep.C5.train.txt, output/seed_17_sep/C5/seed_17_sep.C5.test.txt, output/seed_17_sep/C5/seed_17_sep.C5.val.txt
    jobid: 325
    reason: Missing output files: output/seed_17_sep/C5/seed_17_sep.C5.val.txt, output/seed_17_sep/C5/seed_17_sep.C5.test.txt, output/seed_17_sep/C5/seed_17_sep.C5.train.txt, output/seed_17_sep/C5/seed_17_sep.C5.rds
    wildcards: sample=seed_17_sep, model=C5
    resources: tmpdir=/tmp

[Thu Nov  9 09:05:36 2023]
Finished job 325.
31 of 1498 steps (2%) done
Select jobs to execute...

[Thu Nov  9 09:05:36 2023]
rule models:
    input: output/seed_17_sep/1_feature_selection/seed_17_sep.counts.train.VST.tsv, output/seed_17_sep/1_feature_selection/seed_17_sep.counts.test.VST.tsv, output/seed_17_sep/1_feature_selection/seed_17_sep.counts.val.VST.tsv, input/seed_17_sep/seed_17_sep.metadata.train.tsv, input/seed_17_sep/seed_17_sep.metadata.test.tsv, input/seed_17_sep/seed_17_sep.metadata.val.tsv, output/seed_17_sep/1_feature_selection/seed_17_sep.deseqResults.tsv
    output: output/seed_17_sep/EXTRATREES/seed_17_sep.EXTRATREES.rds, output/seed_17_sep/EXTRATREES/seed_17_sep.EXTRATREES.train.txt, output/seed_17_sep/EXTRATREES/seed_17_sep.EXTRATREES.test.txt, output/seed_17_sep/EXTRATREES/seed_17_sep.EXTRATREES.val.txt
    jobid: 326
    reason: Missing output files: output/seed_17_sep/EXTRATREES/seed_17_sep.EXTRATREES.rds, output/seed_17_sep/EXTRATREES/seed_17_sep.EXTRATREES.test.txt, output/seed_17_sep/EXTRATREES/seed_17_sep.EXTRATREES.val.txt, output/seed_17_sep/EXTRATREES/seed_17_sep.EXTRATREES.train.txt
    wildcards: sample=seed_17_sep, model=EXTRATREES
    resources: tmpdir=/tmp

[Thu Nov  9 09:05:41 2023]
Finished job 760.
32 of 1498 steps (2%) done
Select jobs to execute...

[Thu Nov  9 09:05:41 2023]
rule models:
    input: output/seed_17_sep/1_feature_selection/seed_17_sep.counts.train.VST.tsv, output/seed_17_sep/1_feature_selection/seed_17_sep.counts.test.VST.tsv, output/seed_17_sep/1_feature_selection/seed_17_sep.counts.val.VST.tsv, input/seed_17_sep/seed_17_sep.metadata.train.tsv, input/seed_17_sep/seed_17_sep.metadata.test.tsv, input/seed_17_sep/seed_17_sep.metadata.val.tsv, output/seed_17_sep/1_feature_selection/seed_17_sep.deseqResults.tsv
    output: output/seed_17_sep/GLM/seed_17_sep.GLM.rds, output/seed_17_sep/GLM/seed_17_sep.GLM.train.txt, output/seed_17_sep/GLM/seed_17_sep.GLM.test.txt, output/seed_17_sep/GLM/seed_17_sep.GLM.val.txt
    jobid: 327
    reason: Missing output files: output/seed_17_sep/GLM/seed_17_sep.GLM.val.txt, output/seed_17_sep/GLM/seed_17_sep.GLM.rds, output/seed_17_sep/GLM/seed_17_sep.GLM.test.txt, output/seed_17_sep/GLM/seed_17_sep.GLM.train.txt
    wildcards: sample=seed_17_sep, model=GLM
    resources: tmpdir=/tmp

[Thu Nov  9 09:05:45 2023]
Finished job 332.
33 of 1498 steps (2%) done
Select jobs to execute...

[Thu Nov  9 09:05:45 2023]
rule GFSu:
    input: output/seed_17_sep/1_feature_selection/seed_17_sep.counts.train.VST.tsv, output/seed_17_sep/1_feature_selection/seed_17_sep.counts.test.VST.tsv, output/seed_17_sep/1_feature_selection/seed_17_sep.counts.val.VST.tsv, input/seed_17_sep/seed_17_sep.metadata.train.tsv, input/seed_17_sep/seed_17_sep.metadata.test.tsv, input/seed_17_sep/seed_17_sep.metadata.val.tsv, output/seed_17_sep/1_feature_selection/seed_17_sep.deseqResults.tsv
    output: output/seed_17_sep/GFSu/GFSu_seed_17_sep.GFSu.rds, output/seed_17_sep/GFSu/GFSu_seed_17_sep.GFSu.train.txt, output/seed_17_sep/GFSu/GFSu_seed_17_sep.GFSu.test.txt, output/seed_17_sep/GFSu/GFSu_seed_17_sep.GFSu.val.txt
    jobid: 1517
    reason: Missing output files: output/seed_17_sep/GFSu/GFSu_seed_17_sep.GFSu.rds, output/seed_17_sep/GFSu/GFSu_seed_17_sep.GFSu.test.txt, output/seed_17_sep/GFSu/GFSu_seed_17_sep.GFSu.train.txt, output/seed_17_sep/GFSu/GFSu_seed_17_sep.GFSu.val.txt
    wildcards: sample=seed_17_sep
    resources: tmpdir=/tmp

[Thu Nov  9 09:05:45 2023]
Finished job 327.
34 of 1498 steps (2%) done
Select jobs to execute...

[Thu Nov  9 09:05:45 2023]
rule GFSu:
    input: output/seed_66_sep/1_feature_selection/seed_66_sep.counts.train.VST.tsv, output/seed_66_sep/1_feature_selection/seed_66_sep.counts.test.VST.tsv, output/seed_66_sep/1_feature_selection/seed_66_sep.counts.val.VST.tsv, input/seed_66_sep/seed_66_sep.metadata.train.tsv, input/seed_66_sep/seed_66_sep.metadata.test.tsv, input/seed_66_sep/seed_66_sep.metadata.val.tsv, output/seed_66_sep/1_feature_selection/seed_66_sep.deseqResults.tsv
    output: output/seed_66_sep/GFSu/GFSu_seed_66_sep.GFSu.rds, output/seed_66_sep/GFSu/GFSu_seed_66_sep.GFSu.train.txt, output/seed_66_sep/GFSu/GFSu_seed_66_sep.GFSu.test.txt, output/seed_66_sep/GFSu/GFSu_seed_66_sep.GFSu.val.txt
    jobid: 1566
    reason: Missing output files: output/seed_66_sep/GFSu/GFSu_seed_66_sep.GFSu.val.txt, output/seed_66_sep/GFSu/GFSu_seed_66_sep.GFSu.test.txt, output/seed_66_sep/GFSu/GFSu_seed_66_sep.GFSu.rds, output/seed_66_sep/GFSu/GFSu_seed_66_sep.GFSu.train.txt
    wildcards: sample=seed_66_sep
    resources: tmpdir=/tmp

[Thu Nov  9 09:05:52 2023]
Finished job 1566.
35 of 1498 steps (2%) done
Select jobs to execute...

[Thu Nov  9 09:05:52 2023]
rule models:
    input: output/seed_66_sep/1_feature_selection/seed_66_sep.counts.train.VST.tsv, output/seed_66_sep/1_feature_selection/seed_66_sep.counts.test.VST.tsv, output/seed_66_sep/1_feature_selection/seed_66_sep.counts.val.VST.tsv, input/seed_66_sep/seed_66_sep.metadata.train.tsv, input/seed_66_sep/seed_66_sep.metadata.test.tsv, input/seed_66_sep/seed_66_sep.metadata.val.tsv, output/seed_66_sep/1_feature_selection/seed_66_sep.deseqResults.tsv
    output: output/seed_66_sep/GLM/seed_66_sep.GLM.rds, output/seed_66_sep/GLM/seed_66_sep.GLM.train.txt, output/seed_66_sep/GLM/seed_66_sep.GLM.test.txt, output/seed_66_sep/GLM/seed_66_sep.GLM.val.txt
    jobid: 1013
    reason: Missing output files: output/seed_66_sep/GLM/seed_66_sep.GLM.test.txt, output/seed_66_sep/GLM/seed_66_sep.GLM.val.txt, output/seed_66_sep/GLM/seed_66_sep.GLM.rds, output/seed_66_sep/GLM/seed_66_sep.GLM.train.txt
    wildcards: sample=seed_66_sep, model=GLM
    resources: tmpdir=/tmp

[Thu Nov  9 09:05:53 2023]
Finished job 1517.
36 of 1498 steps (2%) done
Select jobs to execute...

[Thu Nov  9 09:05:53 2023]
rule models:
    input: output/seed_66_sep/1_feature_selection/seed_66_sep.counts.train.VST.tsv, output/seed_66_sep/1_feature_selection/seed_66_sep.counts.test.VST.tsv, output/seed_66_sep/1_feature_selection/seed_66_sep.counts.val.VST.tsv, input/seed_66_sep/seed_66_sep.metadata.train.tsv, input/seed_66_sep/seed_66_sep.metadata.test.tsv, input/seed_66_sep/seed_66_sep.metadata.val.tsv, output/seed_66_sep/1_feature_selection/seed_66_sep.deseqResults.tsv
    output: output/seed_66_sep/GLMNETLasso/seed_66_sep.GLMNETLasso.rds, output/seed_66_sep/GLMNETLasso/seed_66_sep.GLMNETLasso.train.txt, output/seed_66_sep/GLMNETLasso/seed_66_sep.GLMNETLasso.test.txt, output/seed_66_sep/GLMNETLasso/seed_66_sep.GLMNETLasso.val.txt
    jobid: 1014
    reason: Missing output files: output/seed_66_sep/GLMNETLasso/seed_66_sep.GLMNETLasso.train.txt, output/seed_66_sep/GLMNETLasso/seed_66_sep.GLMNETLasso.val.txt, output/seed_66_sep/GLMNETLasso/seed_66_sep.GLMNETLasso.rds, output/seed_66_sep/GLMNETLasso/seed_66_sep.GLMNETLasso.test.txt
    wildcards: sample=seed_66_sep, model=GLMNETLasso
    resources: tmpdir=/tmp

[Thu Nov  9 09:05:56 2023]
Finished job 1013.
37 of 1498 steps (2%) done
Select jobs to execute...

[Thu Nov  9 09:05:56 2023]
rule models:
    input: output/seed_66_sep/1_feature_selection/seed_66_sep.counts.train.VST.tsv, output/seed_66_sep/1_feature_selection/seed_66_sep.counts.test.VST.tsv, output/seed_66_sep/1_feature_selection/seed_66_sep.counts.val.VST.tsv, input/seed_66_sep/seed_66_sep.metadata.train.tsv, input/seed_66_sep/seed_66_sep.metadata.test.tsv, input/seed_66_sep/seed_66_sep.metadata.val.tsv, output/seed_66_sep/1_feature_selection/seed_66_sep.deseqResults.tsv
    output: output/seed_66_sep/GLMNETRidge/seed_66_sep.GLMNETRidge.rds, output/seed_66_sep/GLMNETRidge/seed_66_sep.GLMNETRidge.train.txt, output/seed_66_sep/GLMNETRidge/seed_66_sep.GLMNETRidge.test.txt, output/seed_66_sep/GLMNETRidge/seed_66_sep.GLMNETRidge.val.txt
    jobid: 1015
    reason: Missing output files: output/seed_66_sep/GLMNETRidge/seed_66_sep.GLMNETRidge.train.txt, output/seed_66_sep/GLMNETRidge/seed_66_sep.GLMNETRidge.test.txt, output/seed_66_sep/GLMNETRidge/seed_66_sep.GLMNETRidge.rds, output/seed_66_sep/GLMNETRidge/seed_66_sep.GLMNETRidge.val.txt
    wildcards: sample=seed_66_sep, model=GLMNETRidge
    resources: tmpdir=/tmp

Terminating processes on user request, this might take some time.
[Thu Nov  9 09:06:05 2023]
Error in rule models:
    jobid: 1373
    input: output/seed_91_sep/1_feature_selection/seed_91_sep.counts.train.VST.tsv, output/seed_91_sep/1_feature_selection/seed_91_sep.counts.test.VST.tsv, output/seed_91_sep/1_feature_selection/seed_91_sep.counts.val.VST.tsv, input/seed_91_sep/seed_91_sep.metadata.train.tsv, input/seed_91_sep/seed_91_sep.metadata.test.tsv, input/seed_91_sep/seed_91_sep.metadata.val.tsv, output/seed_91_sep/1_feature_selection/seed_91_sep.deseqResults.tsv
    output: output/seed_91_sep/SVMLIN/seed_91_sep.SVMLIN.rds, output/seed_91_sep/SVMLIN/seed_91_sep.SVMLIN.train.txt, output/seed_91_sep/SVMLIN/seed_91_sep.SVMLIN.test.txt, output/seed_91_sep/SVMLIN/seed_91_sep.SVMLIN.val.txt

RuleException:
CalledProcessError in line 47 of /local/workdir/cjl332/tb-cfrna/SEED_SELECTION/1_all/workflow/rules/main.smk:
Command 'set -euo pipefail;  Rscript --vanilla /local/workdir/cjl332/tb-cfrna/SEED_SELECTION/1_all/.snakemake/scripts/tmpf608i_qy.2_train-models.R' returned non-zero exit status 1.
  File "/local/workdir/cjl332/tb-cfrna/SEED_SELECTION/1_all/workflow/rules/main.smk", line 47, in __rule_models
  File "/usr/lib64/python3.9/concurrent/futures/thread.py", line 58, in run
[Thu Nov  9 09:06:05 2023]
Error in rule models:
    jobid: 1374
    input: output/seed_91_sep/1_feature_selection/seed_91_sep.counts.train.VST.tsv, output/seed_91_sep/1_feature_selection/seed_91_sep.counts.test.VST.tsv, output/seed_91_sep/1_feature_selection/seed_91_sep.counts.val.VST.tsv, input/seed_91_sep/seed_91_sep.metadata.train.tsv, input/seed_91_sep/seed_91_sep.metadata.test.tsv, input/seed_91_sep/seed_91_sep.metadata.val.tsv, output/seed_91_sep/1_feature_selection/seed_91_sep.deseqResults.tsv
    output: output/seed_91_sep/SVMRAD/seed_91_sep.SVMRAD.rds, output/seed_91_sep/SVMRAD/seed_91_sep.SVMRAD.train.txt, output/seed_91_sep/SVMRAD/seed_91_sep.SVMRAD.test.txt, output/seed_91_sep/SVMRAD/seed_91_sep.SVMRAD.val.txt

[Thu Nov  9 09:06:05 2023]
Error in rule models:
    jobid: 772
    input: output/seed_48_sep/1_feature_selection/seed_48_sep.counts.train.VST.tsv, output/seed_48_sep/1_feature_selection/seed_48_sep.counts.test.VST.tsv, output/seed_48_sep/1_feature_selection/seed_48_sep.counts.val.VST.tsv, input/seed_48_sep/seed_48_sep.metadata.train.tsv, input/seed_48_sep/seed_48_sep.metadata.test.tsv, input/seed_48_sep/seed_48_sep.metadata.val.tsv, output/seed_48_sep/1_feature_selection/seed_48_sep.deseqResults.tsv
    output: output/seed_48_sep/SVMRAD/seed_48_sep.SVMRAD.rds, output/seed_48_sep/SVMRAD/seed_48_sep.SVMRAD.train.txt, output/seed_48_sep/SVMRAD/seed_48_sep.SVMRAD.test.txt, output/seed_48_sep/SVMRAD/seed_48_sep.SVMRAD.val.txt

RuleException:
CalledProcessError in line 47 of /local/workdir/cjl332/tb-cfrna/SEED_SELECTION/1_all/workflow/rules/main.smk:
Command 'set -euo pipefail;  Rscript --vanilla /local/workdir/cjl332/tb-cfrna/SEED_SELECTION/1_all/.snakemake/scripts/tmpit5x0i_c.2_train-models.R' returned non-zero exit status 1.
  File "/local/workdir/cjl332/tb-cfrna/SEED_SELECTION/1_all/workflow/rules/main.smk", line 47, in __rule_models
  File "/usr/lib64/python3.9/concurrent/futures/thread.py", line 58, in run
RuleException:
CalledProcessError in line 47 of /local/workdir/cjl332/tb-cfrna/SEED_SELECTION/1_all/workflow/rules/main.smk:
Command 'set -euo pipefail;  Rscript --vanilla /local/workdir/cjl332/tb-cfrna/SEED_SELECTION/1_all/.snakemake/scripts/tmplgd_c_sg.2_train-models.R' returned non-zero exit status 1.
  File "/local/workdir/cjl332/tb-cfrna/SEED_SELECTION/1_all/workflow/rules/main.smk", line 47, in __rule_models
  File "/usr/lib64/python3.9/concurrent/futures/thread.py", line 58, in run
[Thu Nov  9 09:06:05 2023]
[Thu Nov  9 09:06:05 2023]
Error in rule models:
    jobid: 335
    input: output/seed_17_sep/1_feature_selection/seed_17_sep.counts.train.VST.tsv, output/seed_17_sep/1_feature_selection/seed_17_sep.counts.test.VST.tsv, output/seed_17_sep/1_feature_selection/seed_17_sep.counts.val.VST.tsv, input/seed_17_sep/seed_17_sep.metadata.train.tsv, input/seed_17_sep/seed_17_sep.metadata.test.tsv, input/seed_17_sep/seed_17_sep.metadata.val.tsv, output/seed_17_sep/1_feature_selection/seed_17_sep.deseqResults.tsv
    output: output/seed_17_sep/RF/seed_17_sep.RF.rds, output/seed_17_sep/RF/seed_17_sep.RF.train.txt, output/seed_17_sep/RF/seed_17_sep.RF.test.txt, output/seed_17_sep/RF/seed_17_sep.RF.val.txt

Error in rule models:
    jobid: 337
    input: output/seed_17_sep/1_feature_selection/seed_17_sep.counts.train.VST.tsv, output/seed_17_sep/1_feature_selection/seed_17_sep.counts.test.VST.tsv, output/seed_17_sep/1_feature_selection/seed_17_sep.counts.val.VST.tsv, input/seed_17_sep/seed_17_sep.metadata.train.tsv, input/seed_17_sep/seed_17_sep.metadata.test.tsv, input/seed_17_sep/seed_17_sep.metadata.val.tsv, output/seed_17_sep/1_feature_selection/seed_17_sep.deseqResults.tsv
    output: output/seed_17_sep/SVMLIN/seed_17_sep.SVMLIN.rds, output/seed_17_sep/SVMLIN/seed_17_sep.SVMLIN.train.txt, output/seed_17_sep/SVMLIN/seed_17_sep.SVMLIN.test.txt, output/seed_17_sep/SVMLIN/seed_17_sep.SVMLIN.val.txt

[Thu Nov  9 09:06:05 2023]
Error in rule models:
    jobid: 338
    input: output/seed_17_sep/1_feature_selection/seed_17_sep.counts.train.VST.tsv, output/seed_17_sep/1_feature_selection/seed_17_sep.counts.test.VST.tsv, output/seed_17_sep/1_feature_selection/seed_17_sep.counts.val.VST.tsv, input/seed_17_sep/seed_17_sep.metadata.train.tsv, input/seed_17_sep/seed_17_sep.metadata.test.tsv, input/seed_17_sep/seed_17_sep.metadata.val.tsv, output/seed_17_sep/1_feature_selection/seed_17_sep.deseqResults.tsv
    output: output/seed_17_sep/SVMRAD/seed_17_sep.SVMRAD.rds, output/seed_17_sep/SVMRAD/seed_17_sep.SVMRAD.train.txt, output/seed_17_sep/SVMRAD/seed_17_sep.SVMRAD.test.txt, output/seed_17_sep/SVMRAD/seed_17_sep.SVMRAD.val.txt

RuleException:
CalledProcessError in line 47 of /local/workdir/cjl332/tb-cfrna/SEED_SELECTION/1_all/workflow/rules/main.smk:
Command 'set -euo pipefail;  Rscript --vanilla /local/workdir/cjl332/tb-cfrna/SEED_SELECTION/1_all/.snakemake/scripts/tmpgzlpcz74.2_train-models.R' returned non-zero exit status 1.
  File "/local/workdir/cjl332/tb-cfrna/SEED_SELECTION/1_all/workflow/rules/main.smk", line 47, in __rule_models
  File "/usr/lib64/python3.9/concurrent/futures/thread.py", line 58, in run
[Thu Nov  9 09:06:05 2023]
Error in rule models:
    jobid: 1015
    input: output/seed_66_sep/1_feature_selection/seed_66_sep.counts.train.VST.tsv, output/seed_66_sep/1_feature_selection/seed_66_sep.counts.test.VST.tsv, output/seed_66_sep/1_feature_selection/seed_66_sep.counts.val.VST.tsv, input/seed_66_sep/seed_66_sep.metadata.train.tsv, input/seed_66_sep/seed_66_sep.metadata.test.tsv, input/seed_66_sep/seed_66_sep.metadata.val.tsv, output/seed_66_sep/1_feature_selection/seed_66_sep.deseqResults.tsv
    output: output/seed_66_sep/GLMNETRidge/seed_66_sep.GLMNETRidge.rds, output/seed_66_sep/GLMNETRidge/seed_66_sep.GLMNETRidge.train.txt, output/seed_66_sep/GLMNETRidge/seed_66_sep.GLMNETRidge.test.txt, output/seed_66_sep/GLMNETRidge/seed_66_sep.GLMNETRidge.val.txt

[Thu Nov  9 09:06:05 2023]
RuleException:
CalledProcessError in line 47 of /local/workdir/cjl332/tb-cfrna/SEED_SELECTION/1_all/workflow/rules/main.smk:
Command 'set -euo pipefail;  Rscript --vanilla /local/workdir/cjl332/tb-cfrna/SEED_SELECTION/1_all/.snakemake/scripts/tmprvjb3om_.2_train-models.R' returned non-zero exit status 1.
  File "/local/workdir/cjl332/tb-cfrna/SEED_SELECTION/1_all/workflow/rules/main.smk", line 47, in __rule_models
  File "/usr/lib64/python3.9/concurrent/futures/thread.py", line 58, in run
RuleException:
CalledProcessError in line 47 of /local/workdir/cjl332/tb-cfrna/SEED_SELECTION/1_all/workflow/rules/main.smk:
Command 'set -euo pipefail;  Rscript --vanilla /local/workdir/cjl332/tb-cfrna/SEED_SELECTION/1_all/.snakemake/scripts/tmpfhwdpwps.2_train-models.R' returned non-zero exit status 1.
  File "/local/workdir/cjl332/tb-cfrna/SEED_SELECTION/1_all/workflow/rules/main.smk", line 47, in __rule_models
  File "/usr/lib64/python3.9/concurrent/futures/thread.py", line 58, in run
RuleException:
CalledProcessError in line 47 of /local/workdir/cjl332/tb-cfrna/SEED_SELECTION/1_all/workflow/rules/main.smk:
Command 'set -euo pipefail;  Rscript --vanilla /local/workdir/cjl332/tb-cfrna/SEED_SELECTION/1_all/.snakemake/scripts/tmpy1mf0rx0.2_train-models.R' returned non-zero exit status 1.
  File "/local/workdir/cjl332/tb-cfrna/SEED_SELECTION/1_all/workflow/rules/main.smk", line 47, in __rule_models
  File "/usr/lib64/python3.9/concurrent/futures/thread.py", line 58, in run
Error in rule models:
    jobid: 771
    input: output/seed_48_sep/1_feature_selection/seed_48_sep.counts.train.VST.tsv, output/seed_48_sep/1_feature_selection/seed_48_sep.counts.test.VST.tsv, output/seed_48_sep/1_feature_selection/seed_48_sep.counts.val.VST.tsv, input/seed_48_sep/seed_48_sep.metadata.train.tsv, input/seed_48_sep/seed_48_sep.metadata.test.tsv, input/seed_48_sep/seed_48_sep.metadata.val.tsv, output/seed_48_sep/1_feature_selection/seed_48_sep.deseqResults.tsv
    output: output/seed_48_sep/SVMLIN/seed_48_sep.SVMLIN.rds, output/seed_48_sep/SVMLIN/seed_48_sep.SVMLIN.train.txt, output/seed_48_sep/SVMLIN/seed_48_sep.SVMLIN.test.txt, output/seed_48_sep/SVMLIN/seed_48_sep.SVMLIN.val.txt

[Thu Nov  9 09:06:05 2023]
Error in rule models:
    jobid: 1014
    input: output/seed_66_sep/1_feature_selection/seed_66_sep.counts.train.VST.tsv, output/seed_66_sep/1_feature_selection/seed_66_sep.counts.test.VST.tsv, output/seed_66_sep/1_feature_selection/seed_66_sep.counts.val.VST.tsv, input/seed_66_sep/seed_66_sep.metadata.train.tsv, input/seed_66_sep/seed_66_sep.metadata.test.tsv, input/seed_66_sep/seed_66_sep.metadata.val.tsv, output/seed_66_sep/1_feature_selection/seed_66_sep.deseqResults.tsv
    output: output/seed_66_sep/GLMNETLasso/seed_66_sep.GLMNETLasso.rds, output/seed_66_sep/GLMNETLasso/seed_66_sep.GLMNETLasso.train.txt, output/seed_66_sep/GLMNETLasso/seed_66_sep.GLMNETLasso.test.txt, output/seed_66_sep/GLMNETLasso/seed_66_sep.GLMNETLasso.val.txt

RuleException:
CalledProcessError in line 47 of /local/workdir/cjl332/tb-cfrna/SEED_SELECTION/1_all/workflow/rules/main.smk:
Command 'set -euo pipefail;  Rscript --vanilla /local/workdir/cjl332/tb-cfrna/SEED_SELECTION/1_all/.snakemake/scripts/tmpso8nn3uh.2_train-models.R' returned non-zero exit status 1.
  File "/local/workdir/cjl332/tb-cfrna/SEED_SELECTION/1_all/workflow/rules/main.smk", line 47, in __rule_models
  File "/usr/lib64/python3.9/concurrent/futures/thread.py", line 58, in run
RuleException:
CalledProcessError in line 47 of /local/workdir/cjl332/tb-cfrna/SEED_SELECTION/1_all/workflow/rules/main.smk:
Command 'set -euo pipefail;  Rscript --vanilla /local/workdir/cjl332/tb-cfrna/SEED_SELECTION/1_all/.snakemake/scripts/tmpqay2phk0.2_train-models.R' returned non-zero exit status 1.
  File "/local/workdir/cjl332/tb-cfrna/SEED_SELECTION/1_all/workflow/rules/main.smk", line 47, in __rule_models
  File "/usr/lib64/python3.9/concurrent/futures/thread.py", line 58, in run
Cancelling snakemake on user request.
