Building DAG of jobs...
Using shell: /usr/bin/bash
Provided cores: 15
Rules claiming more threads will be scaled down.
Job stats:
job                                    count    min threads    max threads
-----------------------------------  -------  -------------  -------------
all                                        1              1              1
feature_selection_and_normalization        1              1              1
models                                     1              1              1
total                                      3              1              1

Select jobs to execute...

[Thu Jan 11 21:22:22 2024]
rule feature_selection_and_normalization:
    input: /workdir/cjl332/prevail/PAPER2/0_DATA/counts_train.602020.csv, /workdir/cjl332/prevail/PAPER2/0_DATA/counts_test.602020.csv, /workdir/cjl332/prevail/PAPER2/0_DATA/counts_val.602020.csv, ../data/counts_train_vst.csv, ../data/counts_test_vst.csv, ../data/counts_val_vst.csv, /workdir/cjl332/prevail/PAPER2/0_DATA/meta_data_train.602020.csv, /workdir/cjl332/prevail/PAPER2/0_DATA/meta_data_test.602020.csv, /workdir/cjl332/prevail/PAPER2/0_DATA/meta_data_val.602020.csv
    output: output/MISC<>KD/1_feature_selection/MISC<>KD.counts.train.VST.SIG.tsv, output/MISC<>KD/1_feature_selection/MISC<>KD.counts.test.VST.SIG.tsv, output/MISC<>KD/1_feature_selection/MISC<>KD.counts.val.VST.SIG.tsv, output/MISC<>KD/1_feature_selection/MISC<>KD.deseqResults.tsv
    jobid: 1
    reason: Missing output files: output/MISC<>KD/1_feature_selection/MISC<>KD.counts.val.VST.SIG.tsv, output/MISC<>KD/1_feature_selection/MISC<>KD.counts.train.VST.SIG.tsv, output/MISC<>KD/1_feature_selection/MISC<>KD.counts.test.VST.SIG.tsv, output/MISC<>KD/1_feature_selection/MISC<>KD.deseqResults.tsv
    wildcards: condition_pair=MISC<>KD
    resources: tmpdir=/tmp

[Thu Jan 11 21:22:35 2024]
Error in rule feature_selection_and_normalization:
    jobid: 1
    input: /workdir/cjl332/prevail/PAPER2/0_DATA/counts_train.602020.csv, /workdir/cjl332/prevail/PAPER2/0_DATA/counts_test.602020.csv, /workdir/cjl332/prevail/PAPER2/0_DATA/counts_val.602020.csv, ../data/counts_train_vst.csv, ../data/counts_test_vst.csv, ../data/counts_val_vst.csv, /workdir/cjl332/prevail/PAPER2/0_DATA/meta_data_train.602020.csv, /workdir/cjl332/prevail/PAPER2/0_DATA/meta_data_test.602020.csv, /workdir/cjl332/prevail/PAPER2/0_DATA/meta_data_val.602020.csv
    output: output/MISC<>KD/1_feature_selection/MISC<>KD.counts.train.VST.SIG.tsv, output/MISC<>KD/1_feature_selection/MISC<>KD.counts.test.VST.SIG.tsv, output/MISC<>KD/1_feature_selection/MISC<>KD.counts.val.VST.SIG.tsv, output/MISC<>KD/1_feature_selection/MISC<>KD.deseqResults.tsv

RuleException:
CalledProcessError in line 25 of /local/workdir/cjl332/prevail/PAPER2/2_MISC_KD_split60-20-20/2_snake/workflow/rules/main.smk:
Command 'set -euo pipefail;  Rscript --vanilla /local/workdir/cjl332/prevail/PAPER2/2_MISC_KD_split60-20-20/2_snake/.snakemake/scripts/tmppt1rwmdg.1_feature-selection.R' returned non-zero exit status 1.
  File "/local/workdir/cjl332/prevail/PAPER2/2_MISC_KD_split60-20-20/2_snake/workflow/rules/main.smk", line 25, in __rule_feature_selection_and_normalization
  File "/usr/lib64/python3.9/concurrent/futures/thread.py", line 58, in run
Exiting because a job execution failed. Look above for error message
Complete log: .snakemake/log/2024-01-11T212222.584154.snakemake.log
