Building DAG of jobs...
Using shell: /usr/bin/bash
Provided cores: 15
Rules claiming more threads will be scaled down.
Job stats:
job       count    min threads    max threads
------  -------  -------------  -------------
all           1              1              1
models        1              1              1
total         2              1              1

Select jobs to execute...

[Thu Jan 11 21:59:10 2024]
rule models:
    input: output/MISC<>KD/1_feature_selection/MISC<>KD.counts.train.VST.SIG.tsv, output/MISC<>KD/1_feature_selection/MISC<>KD.counts.test.VST.SIG.tsv, output/MISC<>KD/1_feature_selection/MISC<>KD.counts.val.VST.SIG.tsv, /workdir/cjl332/prevail/PAPER2/0_DATA/meta_data_train.602020.csv, /workdir/cjl332/prevail/PAPER2/0_DATA/meta_data_test.602020.csv, /workdir/cjl332/prevail/PAPER2/0_DATA/meta_data_val.602020.csv
    output: output/MISC<>KD/EXTRATREES/MISC<>KD.EXTRATREES.rds, output/MISC<>KD/EXTRATREES/MISC<>KD.EXTRATREES.train.txt, output/MISC<>KD/EXTRATREES/MISC<>KD.EXTRATREES.test.txt, output/MISC<>KD/EXTRATREES/MISC<>KD.EXTRATREES.val.txt
    jobid: 3
    reason: Missing output files: output/MISC<>KD/EXTRATREES/MISC<>KD.EXTRATREES.val.txt, output/MISC<>KD/EXTRATREES/MISC<>KD.EXTRATREES.rds, output/MISC<>KD/EXTRATREES/MISC<>KD.EXTRATREES.test.txt, output/MISC<>KD/EXTRATREES/MISC<>KD.EXTRATREES.train.txt
    wildcards: condition_pair=MISC<>KD, model=EXTRATREES
    resources: tmpdir=/tmp

[Thu Jan 11 22:00:37 2024]
Finished job 3.
1 of 2 steps (50%) done
Select jobs to execute...

[Thu Jan 11 22:00:37 2024]
localrule all:
    input: output/MISC<>KD/1_feature_selection/MISC<>KD.counts.train.VST.SIG.tsv, output/MISC<>KD/1_feature_selection/MISC<>KD.counts.test.VST.SIG.tsv, output/MISC<>KD/1_feature_selection/MISC<>KD.counts.val.VST.SIG.tsv, output/MISC<>KD/1_feature_selection/MISC<>KD.deseqResults.tsv, output/MISC<>KD/C5/MISC<>KD.C5.rds, output/MISC<>KD/EXTRATREES/MISC<>KD.EXTRATREES.rds, output/MISC<>KD/GLM/MISC<>KD.GLM.rds, output/MISC<>KD/GLMNETLasso/MISC<>KD.GLMNETLasso.rds, output/MISC<>KD/GLMNETRidge/MISC<>KD.GLMNETRidge.rds, output/MISC<>KD/KNN/MISC<>KD.KNN.rds, output/MISC<>KD/LDA/MISC<>KD.LDA.rds, output/MISC<>KD/NB/MISC<>KD.NB.rds, output/MISC<>KD/NNET/MISC<>KD.NNET.rds, output/MISC<>KD/PAM/MISC<>KD.PAM.rds, output/MISC<>KD/RF/MISC<>KD.RF.rds, output/MISC<>KD/RPART/MISC<>KD.RPART.rds, output/MISC<>KD/SVMLIN/MISC<>KD.SVMLIN.rds, output/MISC<>KD/SVMRAD/MISC<>KD.SVMRAD.rds, output/MISC<>KD/C5/MISC<>KD.C5.train.txt, output/MISC<>KD/EXTRATREES/MISC<>KD.EXTRATREES.train.txt, output/MISC<>KD/GLM/MISC<>KD.GLM.train.txt, output/MISC<>KD/GLMNETLasso/MISC<>KD.GLMNETLasso.train.txt, output/MISC<>KD/GLMNETRidge/MISC<>KD.GLMNETRidge.train.txt, output/MISC<>KD/KNN/MISC<>KD.KNN.train.txt, output/MISC<>KD/LDA/MISC<>KD.LDA.train.txt, output/MISC<>KD/NB/MISC<>KD.NB.train.txt, output/MISC<>KD/NNET/MISC<>KD.NNET.train.txt, output/MISC<>KD/PAM/MISC<>KD.PAM.train.txt, output/MISC<>KD/RF/MISC<>KD.RF.train.txt, output/MISC<>KD/RPART/MISC<>KD.RPART.train.txt, output/MISC<>KD/SVMLIN/MISC<>KD.SVMLIN.train.txt, output/MISC<>KD/SVMRAD/MISC<>KD.SVMRAD.train.txt, output/MISC<>KD/C5/MISC<>KD.C5.test.txt, output/MISC<>KD/EXTRATREES/MISC<>KD.EXTRATREES.test.txt, output/MISC<>KD/GLM/MISC<>KD.GLM.test.txt, output/MISC<>KD/GLMNETLasso/MISC<>KD.GLMNETLasso.test.txt, output/MISC<>KD/GLMNETRidge/MISC<>KD.GLMNETRidge.test.txt, output/MISC<>KD/KNN/MISC<>KD.KNN.test.txt, output/MISC<>KD/LDA/MISC<>KD.LDA.test.txt, output/MISC<>KD/NB/MISC<>KD.NB.test.txt, output/MISC<>KD/NNET/MISC<>KD.NNET.test.txt, output/MISC<>KD/PAM/MISC<>KD.PAM.test.txt, output/MISC<>KD/RF/MISC<>KD.RF.test.txt, output/MISC<>KD/RPART/MISC<>KD.RPART.test.txt, output/MISC<>KD/SVMLIN/MISC<>KD.SVMLIN.test.txt, output/MISC<>KD/SVMRAD/MISC<>KD.SVMRAD.test.txt, output/MISC<>KD/C5/MISC<>KD.C5.val.txt, output/MISC<>KD/EXTRATREES/MISC<>KD.EXTRATREES.val.txt, output/MISC<>KD/GLM/MISC<>KD.GLM.val.txt, output/MISC<>KD/GLMNETLasso/MISC<>KD.GLMNETLasso.val.txt, output/MISC<>KD/GLMNETRidge/MISC<>KD.GLMNETRidge.val.txt, output/MISC<>KD/KNN/MISC<>KD.KNN.val.txt, output/MISC<>KD/LDA/MISC<>KD.LDA.val.txt, output/MISC<>KD/NB/MISC<>KD.NB.val.txt, output/MISC<>KD/NNET/MISC<>KD.NNET.val.txt, output/MISC<>KD/PAM/MISC<>KD.PAM.val.txt, output/MISC<>KD/RF/MISC<>KD.RF.val.txt, output/MISC<>KD/RPART/MISC<>KD.RPART.val.txt, output/MISC<>KD/SVMLIN/MISC<>KD.SVMLIN.val.txt, output/MISC<>KD/SVMRAD/MISC<>KD.SVMRAD.val.txt
    jobid: 0
    reason: Input files updated by another job: output/MISC<>KD/EXTRATREES/MISC<>KD.EXTRATREES.val.txt, output/MISC<>KD/EXTRATREES/MISC<>KD.EXTRATREES.rds, output/MISC<>KD/EXTRATREES/MISC<>KD.EXTRATREES.test.txt, output/MISC<>KD/EXTRATREES/MISC<>KD.EXTRATREES.train.txt
    resources: tmpdir=/tmp

[Thu Jan 11 22:00:37 2024]
Finished job 0.
2 of 2 steps (100%) done
Complete log: .snakemake/log/2024-01-11T215910.183630.snakemake.log
