Building DAG of jobs...
Using shell: /usr/bin/bash
Provided cores: 15
Rules claiming more threads will be scaled down.
Job stats:
job                                    count    min threads    max threads
-----------------------------------  -------  -------------  -------------
all                                        1              1              1
feature_selection_and_normalization        1              1              1
models                                     1              1              1
total                                      3              1              1

Select jobs to execute...

[Tue Jan  9 21:20:36 2024]
rule feature_selection_and_normalization:
    input: /workdir/cjl332/prevail/PAPER2/0_DATA/counts_train.7030.csv, /workdir/cjl332/prevail/PAPER2/0_DATA/counts_test.7030.csv, /workdir/cjl332/prevail/PAPER2/0_DATA/counts_test.7030.csv, /workdir/cjl332/prevail/PAPER2/0_DATA/counts_train_vst.7030.csv, /workdir/cjl332/prevail/PAPER2/0_DATA/counts_test_vst.7030.csv, /workdir/cjl332/prevail/PAPER2/0_DATA/counts_test_vst.7030.csv, /workdir/cjl332/prevail/PAPER2/0_DATA/meta_data_train.7030.csv, /workdir/cjl332/prevail/PAPER2/0_DATA/meta_data_test.7030.csv, /workdir/cjl332/prevail/PAPER2/0_DATA/meta_data_test.7030.csv
    output: output/MISC<>KD/1_feature_selection/MISC<>KD.counts.train.VST.SIG.tsv, output/MISC<>KD/1_feature_selection/MISC<>KD.counts.test.VST.SIG.tsv, output/MISC<>KD/1_feature_selection/MISC<>KD.counts.val.VST.SIG.tsv, output/MISC<>KD/1_feature_selection/MISC<>KD.deseqResults.tsv
    jobid: 1
    reason: Missing output files: output/MISC<>KD/1_feature_selection/MISC<>KD.deseqResults.tsv, output/MISC<>KD/1_feature_selection/MISC<>KD.counts.test.VST.SIG.tsv, output/MISC<>KD/1_feature_selection/MISC<>KD.counts.val.VST.SIG.tsv, output/MISC<>KD/1_feature_selection/MISC<>KD.counts.train.VST.SIG.tsv
    wildcards: condition_pair=MISC<>KD
    resources: tmpdir=/tmp

[Tue Jan  9 21:21:00 2024]
Finished job 1.
1 of 3 steps (33%) done
Select jobs to execute...

[Tue Jan  9 21:21:00 2024]
rule models:
    input: output/MISC<>KD/1_feature_selection/MISC<>KD.counts.train.VST.SIG.tsv, output/MISC<>KD/1_feature_selection/MISC<>KD.counts.test.VST.SIG.tsv, output/MISC<>KD/1_feature_selection/MISC<>KD.counts.val.VST.SIG.tsv, /workdir/cjl332/prevail/PAPER2/0_DATA/meta_data_train.7030.csv, /workdir/cjl332/prevail/PAPER2/0_DATA/meta_data_test.7030.csv, /workdir/cjl332/prevail/PAPER2/0_DATA/meta_data_test.7030.csv
    output: output/MISC<>KD/GLMNETLasso/MISC<>KD.GLMNETLasso.rds, output/MISC<>KD/GLMNETLasso/MISC<>KD.GLMNETLasso.train.txt, output/MISC<>KD/GLMNETLasso/MISC<>KD.GLMNETLasso.test.txt, output/MISC<>KD/GLMNETLasso/MISC<>KD.GLMNETLasso.val.txt
    jobid: 2
    reason: Missing output files: output/MISC<>KD/GLMNETLasso/MISC<>KD.GLMNETLasso.test.txt, output/MISC<>KD/GLMNETLasso/MISC<>KD.GLMNETLasso.rds, output/MISC<>KD/GLMNETLasso/MISC<>KD.GLMNETLasso.val.txt, output/MISC<>KD/GLMNETLasso/MISC<>KD.GLMNETLasso.train.txt; Input files updated by another job: output/MISC<>KD/1_feature_selection/MISC<>KD.counts.test.VST.SIG.tsv, output/MISC<>KD/1_feature_selection/MISC<>KD.counts.val.VST.SIG.tsv, output/MISC<>KD/1_feature_selection/MISC<>KD.counts.train.VST.SIG.tsv
    wildcards: condition_pair=MISC<>KD, model=GLMNETLasso
    resources: tmpdir=/tmp

Terminating processes on user request, this might take some time.
[Tue Jan  9 21:21:40 2024]
Error in rule models:
    jobid: 2
    input: output/MISC<>KD/1_feature_selection/MISC<>KD.counts.train.VST.SIG.tsv, output/MISC<>KD/1_feature_selection/MISC<>KD.counts.test.VST.SIG.tsv, output/MISC<>KD/1_feature_selection/MISC<>KD.counts.val.VST.SIG.tsv, /workdir/cjl332/prevail/PAPER2/0_DATA/meta_data_train.7030.csv, /workdir/cjl332/prevail/PAPER2/0_DATA/meta_data_test.7030.csv, /workdir/cjl332/prevail/PAPER2/0_DATA/meta_data_test.7030.csv
    output: output/MISC<>KD/GLMNETLasso/MISC<>KD.GLMNETLasso.rds, output/MISC<>KD/GLMNETLasso/MISC<>KD.GLMNETLasso.train.txt, output/MISC<>KD/GLMNETLasso/MISC<>KD.GLMNETLasso.test.txt, output/MISC<>KD/GLMNETLasso/MISC<>KD.GLMNETLasso.val.txt

RuleException:
CalledProcessError in line 49 of /local/workdir/cjl332/prevail/PAPER2/2_MISC_KD_split60-20-20/2_snake/workflow/rules/main.smk:
Command 'set -euo pipefail;  Rscript --vanilla /local/workdir/cjl332/prevail/PAPER2/2_MISC_KD_split60-20-20/2_snake/.snakemake/scripts/tmprdmfj9d7.2_train-models.R' returned non-zero exit status 1.
  File "/local/workdir/cjl332/prevail/PAPER2/2_MISC_KD_split60-20-20/2_snake/workflow/rules/main.smk", line 49, in __rule_models
  File "/usr/lib64/python3.9/concurrent/futures/thread.py", line 58, in run
Complete log: .snakemake/log/2024-01-09T212036.507225.snakemake.log
