Building DAG of jobs...
Using shell: /usr/bin/bash
Provided cores: 15
Rules claiming more threads will be scaled down.
Job stats:
job                                    count    min threads    max threads
-----------------------------------  -------  -------------  -------------
all                                        1              1              1
feature_selection_and_normalization        1              1              1
models                                     1              1              1
total                                      3              1              1

Select jobs to execute...

[Thu Jan 11 20:34:18 2024]
rule feature_selection_and_normalization:
    input: /workdir/cjl332/prevail/PAPER2/0_DATA/counts_train.7030.csv, /workdir/cjl332/prevail/PAPER2/0_DATA/counts_test.7030.csv, /workdir/cjl332/prevail/PAPER2/0_DATA/counts_test.7030.csv, /workdir/cjl332/prevail/PAPER2/0_DATA/counts_train_vst.7030.csv, /workdir/cjl332/prevail/PAPER2/0_DATA/counts_test_vst.7030.csv, /workdir/cjl332/prevail/PAPER2/0_DATA/counts_test_vst.7030.csv, /workdir/cjl332/prevail/PAPER2/0_DATA/meta_data_train.7030.csv, /workdir/cjl332/prevail/PAPER2/0_DATA/meta_data_test.7030.csv, /workdir/cjl332/prevail/PAPER2/0_DATA/meta_data_test.7030.csv
    output: output/MISC<>KD/1_feature_selection/MISC<>KD.counts.train.VST.SIG.tsv, output/MISC<>KD/1_feature_selection/MISC<>KD.counts.test.VST.SIG.tsv, output/MISC<>KD/1_feature_selection/MISC<>KD.counts.val.VST.SIG.tsv, output/MISC<>KD/1_feature_selection/MISC<>KD.deseqResults.tsv
    jobid: 1
    reason: Missing output files: output/MISC<>KD/1_feature_selection/MISC<>KD.counts.train.VST.SIG.tsv, output/MISC<>KD/1_feature_selection/MISC<>KD.counts.val.VST.SIG.tsv, output/MISC<>KD/1_feature_selection/MISC<>KD.deseqResults.tsv, output/MISC<>KD/1_feature_selection/MISC<>KD.counts.test.VST.SIG.tsv
    wildcards: condition_pair=MISC<>KD
    resources: tmpdir=/tmp

[Thu Jan 11 20:34:40 2024]
Finished job 1.
1 of 3 steps (33%) done
Select jobs to execute...

[Thu Jan 11 20:34:40 2024]
rule models:
    input: output/MISC<>KD/1_feature_selection/MISC<>KD.counts.train.VST.SIG.tsv, output/MISC<>KD/1_feature_selection/MISC<>KD.counts.test.VST.SIG.tsv, output/MISC<>KD/1_feature_selection/MISC<>KD.counts.val.VST.SIG.tsv, /workdir/cjl332/prevail/PAPER2/0_DATA/meta_data_train.7030.csv, /workdir/cjl332/prevail/PAPER2/0_DATA/meta_data_test.7030.csv, /workdir/cjl332/prevail/PAPER2/0_DATA/meta_data_test.7030.csv
    output: output/MISC<>KD/GLMNETLasso/MISC<>KD.GLMNETLasso.rds, output/MISC<>KD/GLMNETLasso/MISC<>KD.GLMNETLasso.train.txt, output/MISC<>KD/GLMNETLasso/MISC<>KD.GLMNETLasso.test.txt, output/MISC<>KD/GLMNETLasso/MISC<>KD.GLMNETLasso.val.txt
    jobid: 2
    reason: Missing output files: output/MISC<>KD/GLMNETLasso/MISC<>KD.GLMNETLasso.train.txt, output/MISC<>KD/GLMNETLasso/MISC<>KD.GLMNETLasso.rds, output/MISC<>KD/GLMNETLasso/MISC<>KD.GLMNETLasso.val.txt, output/MISC<>KD/GLMNETLasso/MISC<>KD.GLMNETLasso.test.txt; Input files updated by another job: output/MISC<>KD/1_feature_selection/MISC<>KD.counts.train.VST.SIG.tsv, output/MISC<>KD/1_feature_selection/MISC<>KD.counts.val.VST.SIG.tsv, output/MISC<>KD/1_feature_selection/MISC<>KD.counts.test.VST.SIG.tsv
    wildcards: condition_pair=MISC<>KD, model=GLMNETLasso
    resources: tmpdir=/tmp

[Thu Jan 11 20:35:23 2024]
Finished job 2.
2 of 3 steps (67%) done
Select jobs to execute...

[Thu Jan 11 20:35:23 2024]
localrule all:
    input: output/MISC<>KD/1_feature_selection/MISC<>KD.counts.train.VST.SIG.tsv, output/MISC<>KD/1_feature_selection/MISC<>KD.counts.test.VST.SIG.tsv, output/MISC<>KD/1_feature_selection/MISC<>KD.counts.val.VST.SIG.tsv, output/MISC<>KD/1_feature_selection/MISC<>KD.deseqResults.tsv, output/MISC<>KD/GLMNETLasso/MISC<>KD.GLMNETLasso.rds, output/MISC<>KD/GLMNETLasso/MISC<>KD.GLMNETLasso.train.txt, output/MISC<>KD/GLMNETLasso/MISC<>KD.GLMNETLasso.test.txt, output/MISC<>KD/GLMNETLasso/MISC<>KD.GLMNETLasso.val.txt
    jobid: 0
    reason: Input files updated by another job: output/MISC<>KD/GLMNETLasso/MISC<>KD.GLMNETLasso.train.txt, output/MISC<>KD/GLMNETLasso/MISC<>KD.GLMNETLasso.rds, output/MISC<>KD/1_feature_selection/MISC<>KD.counts.test.VST.SIG.tsv, output/MISC<>KD/1_feature_selection/MISC<>KD.counts.train.VST.SIG.tsv, output/MISC<>KD/GLMNETLasso/MISC<>KD.GLMNETLasso.val.txt, output/MISC<>KD/GLMNETLasso/MISC<>KD.GLMNETLasso.test.txt, output/MISC<>KD/1_feature_selection/MISC<>KD.deseqResults.tsv, output/MISC<>KD/1_feature_selection/MISC<>KD.counts.val.VST.SIG.tsv
    resources: tmpdir=/tmp

[Thu Jan 11 20:35:23 2024]
Finished job 0.
3 of 3 steps (100%) done
Complete log: .snakemake/log/2024-01-11T203418.645316.snakemake.log
