Building DAG of jobs...
Using shell: /usr/bin/bash
Provided cores: 15
Rules claiming more threads will be scaled down.
Job stats:
job       count    min threads    max threads
------  -------  -------------  -------------
all           1              1              1
models       13              1              1
total        14              1              1

Select jobs to execute...

[Thu Jan 11 20:41:47 2024]
rule models:
    input: output/MISC<>KD/1_feature_selection/MISC<>KD.counts.train.VST.SIG.tsv, output/MISC<>KD/1_feature_selection/MISC<>KD.counts.test.VST.SIG.tsv, output/MISC<>KD/1_feature_selection/MISC<>KD.counts.val.VST.SIG.tsv, /workdir/cjl332/prevail/PAPER2/0_DATA/meta_data_train.602020.csv, /workdir/cjl332/prevail/PAPER2/0_DATA/meta_data_test.602020.csv, /workdir/cjl332/prevail/PAPER2/0_DATA/meta_data_val.602020.csv
    output: output/MISC<>KD/GLMNETRidge/MISC<>KD.GLMNETRidge.rds, output/MISC<>KD/GLMNETRidge/MISC<>KD.GLMNETRidge.train.txt, output/MISC<>KD/GLMNETRidge/MISC<>KD.GLMNETRidge.test.txt, output/MISC<>KD/GLMNETRidge/MISC<>KD.GLMNETRidge.val.txt
    jobid: 6
    reason: Missing output files: output/MISC<>KD/GLMNETRidge/MISC<>KD.GLMNETRidge.rds, output/MISC<>KD/GLMNETRidge/MISC<>KD.GLMNETRidge.val.txt, output/MISC<>KD/GLMNETRidge/MISC<>KD.GLMNETRidge.test.txt, output/MISC<>KD/GLMNETRidge/MISC<>KD.GLMNETRidge.train.txt
    wildcards: condition_pair=MISC<>KD, model=GLMNETRidge
    resources: tmpdir=/tmp

[Thu Jan 11 20:41:47 2024]
rule models:
    input: output/MISC<>KD/1_feature_selection/MISC<>KD.counts.train.VST.SIG.tsv, output/MISC<>KD/1_feature_selection/MISC<>KD.counts.test.VST.SIG.tsv, output/MISC<>KD/1_feature_selection/MISC<>KD.counts.val.VST.SIG.tsv, /workdir/cjl332/prevail/PAPER2/0_DATA/meta_data_train.602020.csv, /workdir/cjl332/prevail/PAPER2/0_DATA/meta_data_test.602020.csv, /workdir/cjl332/prevail/PAPER2/0_DATA/meta_data_val.602020.csv
    output: output/MISC<>KD/KNN/MISC<>KD.KNN.rds, output/MISC<>KD/KNN/MISC<>KD.KNN.train.txt, output/MISC<>KD/KNN/MISC<>KD.KNN.test.txt, output/MISC<>KD/KNN/MISC<>KD.KNN.val.txt
    jobid: 7
    reason: Missing output files: output/MISC<>KD/KNN/MISC<>KD.KNN.rds, output/MISC<>KD/KNN/MISC<>KD.KNN.test.txt, output/MISC<>KD/KNN/MISC<>KD.KNN.train.txt, output/MISC<>KD/KNN/MISC<>KD.KNN.val.txt
    wildcards: condition_pair=MISC<>KD, model=KNN
    resources: tmpdir=/tmp

[Thu Jan 11 20:41:47 2024]
rule models:
    input: output/MISC<>KD/1_feature_selection/MISC<>KD.counts.train.VST.SIG.tsv, output/MISC<>KD/1_feature_selection/MISC<>KD.counts.test.VST.SIG.tsv, output/MISC<>KD/1_feature_selection/MISC<>KD.counts.val.VST.SIG.tsv, /workdir/cjl332/prevail/PAPER2/0_DATA/meta_data_train.602020.csv, /workdir/cjl332/prevail/PAPER2/0_DATA/meta_data_test.602020.csv, /workdir/cjl332/prevail/PAPER2/0_DATA/meta_data_val.602020.csv
    output: output/MISC<>KD/NB/MISC<>KD.NB.rds, output/MISC<>KD/NB/MISC<>KD.NB.train.txt, output/MISC<>KD/NB/MISC<>KD.NB.test.txt, output/MISC<>KD/NB/MISC<>KD.NB.val.txt
    jobid: 9
    reason: Missing output files: output/MISC<>KD/NB/MISC<>KD.NB.train.txt, output/MISC<>KD/NB/MISC<>KD.NB.test.txt, output/MISC<>KD/NB/MISC<>KD.NB.rds, output/MISC<>KD/NB/MISC<>KD.NB.val.txt
    wildcards: condition_pair=MISC<>KD, model=NB
    resources: tmpdir=/tmp

[Thu Jan 11 20:41:47 2024]
rule models:
    input: output/MISC<>KD/1_feature_selection/MISC<>KD.counts.train.VST.SIG.tsv, output/MISC<>KD/1_feature_selection/MISC<>KD.counts.test.VST.SIG.tsv, output/MISC<>KD/1_feature_selection/MISC<>KD.counts.val.VST.SIG.tsv, /workdir/cjl332/prevail/PAPER2/0_DATA/meta_data_train.602020.csv, /workdir/cjl332/prevail/PAPER2/0_DATA/meta_data_test.602020.csv, /workdir/cjl332/prevail/PAPER2/0_DATA/meta_data_val.602020.csv
    output: output/MISC<>KD/PAM/MISC<>KD.PAM.rds, output/MISC<>KD/PAM/MISC<>KD.PAM.train.txt, output/MISC<>KD/PAM/MISC<>KD.PAM.test.txt, output/MISC<>KD/PAM/MISC<>KD.PAM.val.txt
    jobid: 11
    reason: Missing output files: output/MISC<>KD/PAM/MISC<>KD.PAM.test.txt, output/MISC<>KD/PAM/MISC<>KD.PAM.train.txt, output/MISC<>KD/PAM/MISC<>KD.PAM.rds, output/MISC<>KD/PAM/MISC<>KD.PAM.val.txt
    wildcards: condition_pair=MISC<>KD, model=PAM
    resources: tmpdir=/tmp

[Thu Jan 11 20:41:47 2024]
rule models:
    input: output/MISC<>KD/1_feature_selection/MISC<>KD.counts.train.VST.SIG.tsv, output/MISC<>KD/1_feature_selection/MISC<>KD.counts.test.VST.SIG.tsv, output/MISC<>KD/1_feature_selection/MISC<>KD.counts.val.VST.SIG.tsv, /workdir/cjl332/prevail/PAPER2/0_DATA/meta_data_train.602020.csv, /workdir/cjl332/prevail/PAPER2/0_DATA/meta_data_test.602020.csv, /workdir/cjl332/prevail/PAPER2/0_DATA/meta_data_val.602020.csv
    output: output/MISC<>KD/RPART/MISC<>KD.RPART.rds, output/MISC<>KD/RPART/MISC<>KD.RPART.train.txt, output/MISC<>KD/RPART/MISC<>KD.RPART.test.txt, output/MISC<>KD/RPART/MISC<>KD.RPART.val.txt
    jobid: 13
    reason: Missing output files: output/MISC<>KD/RPART/MISC<>KD.RPART.test.txt, output/MISC<>KD/RPART/MISC<>KD.RPART.train.txt, output/MISC<>KD/RPART/MISC<>KD.RPART.rds, output/MISC<>KD/RPART/MISC<>KD.RPART.val.txt
    wildcards: condition_pair=MISC<>KD, model=RPART
    resources: tmpdir=/tmp

[Thu Jan 11 20:41:47 2024]
rule models:
    input: output/MISC<>KD/1_feature_selection/MISC<>KD.counts.train.VST.SIG.tsv, output/MISC<>KD/1_feature_selection/MISC<>KD.counts.test.VST.SIG.tsv, output/MISC<>KD/1_feature_selection/MISC<>KD.counts.val.VST.SIG.tsv, /workdir/cjl332/prevail/PAPER2/0_DATA/meta_data_train.602020.csv, /workdir/cjl332/prevail/PAPER2/0_DATA/meta_data_test.602020.csv, /workdir/cjl332/prevail/PAPER2/0_DATA/meta_data_val.602020.csv
    output: output/MISC<>KD/SVMRAD/MISC<>KD.SVMRAD.rds, output/MISC<>KD/SVMRAD/MISC<>KD.SVMRAD.train.txt, output/MISC<>KD/SVMRAD/MISC<>KD.SVMRAD.test.txt, output/MISC<>KD/SVMRAD/MISC<>KD.SVMRAD.val.txt
    jobid: 15
    reason: Missing output files: output/MISC<>KD/SVMRAD/MISC<>KD.SVMRAD.test.txt, output/MISC<>KD/SVMRAD/MISC<>KD.SVMRAD.rds, output/MISC<>KD/SVMRAD/MISC<>KD.SVMRAD.val.txt, output/MISC<>KD/SVMRAD/MISC<>KD.SVMRAD.train.txt
    wildcards: condition_pair=MISC<>KD, model=SVMRAD
    resources: tmpdir=/tmp

[Thu Jan 11 20:41:47 2024]
rule models:
    input: output/MISC<>KD/1_feature_selection/MISC<>KD.counts.train.VST.SIG.tsv, output/MISC<>KD/1_feature_selection/MISC<>KD.counts.test.VST.SIG.tsv, output/MISC<>KD/1_feature_selection/MISC<>KD.counts.val.VST.SIG.tsv, /workdir/cjl332/prevail/PAPER2/0_DATA/meta_data_train.602020.csv, /workdir/cjl332/prevail/PAPER2/0_DATA/meta_data_test.602020.csv, /workdir/cjl332/prevail/PAPER2/0_DATA/meta_data_val.602020.csv
    output: output/MISC<>KD/EXTRATREES/MISC<>KD.EXTRATREES.rds, output/MISC<>KD/EXTRATREES/MISC<>KD.EXTRATREES.train.txt, output/MISC<>KD/EXTRATREES/MISC<>KD.EXTRATREES.test.txt, output/MISC<>KD/EXTRATREES/MISC<>KD.EXTRATREES.val.txt
    jobid: 3
    reason: Missing output files: output/MISC<>KD/EXTRATREES/MISC<>KD.EXTRATREES.test.txt, output/MISC<>KD/EXTRATREES/MISC<>KD.EXTRATREES.val.txt, output/MISC<>KD/EXTRATREES/MISC<>KD.EXTRATREES.train.txt, output/MISC<>KD/EXTRATREES/MISC<>KD.EXTRATREES.rds
    wildcards: condition_pair=MISC<>KD, model=EXTRATREES
    resources: tmpdir=/tmp

[Thu Jan 11 20:41:47 2024]
rule models:
    input: output/MISC<>KD/1_feature_selection/MISC<>KD.counts.train.VST.SIG.tsv, output/MISC<>KD/1_feature_selection/MISC<>KD.counts.test.VST.SIG.tsv, output/MISC<>KD/1_feature_selection/MISC<>KD.counts.val.VST.SIG.tsv, /workdir/cjl332/prevail/PAPER2/0_DATA/meta_data_train.602020.csv, /workdir/cjl332/prevail/PAPER2/0_DATA/meta_data_test.602020.csv, /workdir/cjl332/prevail/PAPER2/0_DATA/meta_data_val.602020.csv
    output: output/MISC<>KD/LDA/MISC<>KD.LDA.rds, output/MISC<>KD/LDA/MISC<>KD.LDA.train.txt, output/MISC<>KD/LDA/MISC<>KD.LDA.test.txt, output/MISC<>KD/LDA/MISC<>KD.LDA.val.txt
    jobid: 8
    reason: Missing output files: output/MISC<>KD/LDA/MISC<>KD.LDA.rds, output/MISC<>KD/LDA/MISC<>KD.LDA.train.txt, output/MISC<>KD/LDA/MISC<>KD.LDA.val.txt, output/MISC<>KD/LDA/MISC<>KD.LDA.test.txt
    wildcards: condition_pair=MISC<>KD, model=LDA
    resources: tmpdir=/tmp


[Thu Jan 11 20:41:47 2024]
rule models:
    input: output/MISC<>KD/1_feature_selection/MISC<>KD.counts.train.VST.SIG.tsv, output/MISC<>KD/1_feature_selection/MISC<>KD.counts.test.VST.SIG.tsv, output/MISC<>KD/1_feature_selection/MISC<>KD.counts.val.VST.SIG.tsv, /workdir/cjl332/prevail/PAPER2/0_DATA/meta_data_train.602020.csv, /workdir/cjl332/prevail/PAPER2/0_DATA/meta_data_test.602020.csv, /workdir/cjl332/prevail/PAPER2/0_DATA/meta_data_val.602020.csv
    output: output/MISC<>KD/NNET/MISC<>KD.NNET.rds, output/MISC<>KD/NNET/MISC<>KD.NNET.train.txt, output/MISC<>KD/NNET/MISC<>KD.NNET.test.txt, output/MISC<>KD/NNET/MISC<>KD.NNET.val.txt
    jobid: 10
    reason: Missing output files: output/MISC<>KD/NNET/MISC<>KD.NNET.val.txt, output/MISC<>KD/NNET/MISC<>KD.NNET.rds, output/MISC<>KD/NNET/MISC<>KD.NNET.train.txt, output/MISC<>KD/NNET/MISC<>KD.NNET.test.txt
    wildcards: condition_pair=MISC<>KD, model=NNET
    resources: tmpdir=/tmp


[Thu Jan 11 20:41:47 2024]
rule models:
    input: output/MISC<>KD/1_feature_selection/MISC<>KD.counts.train.VST.SIG.tsv, output/MISC<>KD/1_feature_selection/MISC<>KD.counts.test.VST.SIG.tsv, output/MISC<>KD/1_feature_selection/MISC<>KD.counts.val.VST.SIG.tsv, /workdir/cjl332/prevail/PAPER2/0_DATA/meta_data_train.602020.csv, /workdir/cjl332/prevail/PAPER2/0_DATA/meta_data_test.602020.csv, /workdir/cjl332/prevail/PAPER2/0_DATA/meta_data_val.602020.csv
    output: output/MISC<>KD/RF/MISC<>KD.RF.rds, output/MISC<>KD/RF/MISC<>KD.RF.train.txt, output/MISC<>KD/RF/MISC<>KD.RF.test.txt, output/MISC<>KD/RF/MISC<>KD.RF.val.txt
    jobid: 12
    reason: Missing output files: output/MISC<>KD/RF/MISC<>KD.RF.rds, output/MISC<>KD/RF/MISC<>KD.RF.test.txt, output/MISC<>KD/RF/MISC<>KD.RF.train.txt, output/MISC<>KD/RF/MISC<>KD.RF.val.txt
    wildcards: condition_pair=MISC<>KD, model=RF
    resources: tmpdir=/tmp


[Thu Jan 11 20:41:47 2024]
rule models:
    input: output/MISC<>KD/1_feature_selection/MISC<>KD.counts.train.VST.SIG.tsv, output/MISC<>KD/1_feature_selection/MISC<>KD.counts.test.VST.SIG.tsv, output/MISC<>KD/1_feature_selection/MISC<>KD.counts.val.VST.SIG.tsv, /workdir/cjl332/prevail/PAPER2/0_DATA/meta_data_train.602020.csv, /workdir/cjl332/prevail/PAPER2/0_DATA/meta_data_test.602020.csv, /workdir/cjl332/prevail/PAPER2/0_DATA/meta_data_val.602020.csv
    output: output/MISC<>KD/C5/MISC<>KD.C5.rds, output/MISC<>KD/C5/MISC<>KD.C5.train.txt, output/MISC<>KD/C5/MISC<>KD.C5.test.txt, output/MISC<>KD/C5/MISC<>KD.C5.val.txt
    jobid: 2
    reason: Missing output files: output/MISC<>KD/C5/MISC<>KD.C5.train.txt, output/MISC<>KD/C5/MISC<>KD.C5.val.txt, output/MISC<>KD/C5/MISC<>KD.C5.test.txt, output/MISC<>KD/C5/MISC<>KD.C5.rds
    wildcards: condition_pair=MISC<>KD, model=C5
    resources: tmpdir=/tmp


[Thu Jan 11 20:41:47 2024]
rule models:
    input: output/MISC<>KD/1_feature_selection/MISC<>KD.counts.train.VST.SIG.tsv, output/MISC<>KD/1_feature_selection/MISC<>KD.counts.test.VST.SIG.tsv, output/MISC<>KD/1_feature_selection/MISC<>KD.counts.val.VST.SIG.tsv, /workdir/cjl332/prevail/PAPER2/0_DATA/meta_data_train.602020.csv, /workdir/cjl332/prevail/PAPER2/0_DATA/meta_data_test.602020.csv, /workdir/cjl332/prevail/PAPER2/0_DATA/meta_data_val.602020.csv
    output: output/MISC<>KD/SVMLIN/MISC<>KD.SVMLIN.rds, output/MISC<>KD/SVMLIN/MISC<>KD.SVMLIN.train.txt, output/MISC<>KD/SVMLIN/MISC<>KD.SVMLIN.test.txt, output/MISC<>KD/SVMLIN/MISC<>KD.SVMLIN.val.txt
    jobid: 14
    reason: Missing output files: output/MISC<>KD/SVMLIN/MISC<>KD.SVMLIN.val.txt, output/MISC<>KD/SVMLIN/MISC<>KD.SVMLIN.rds, output/MISC<>KD/SVMLIN/MISC<>KD.SVMLIN.train.txt, output/MISC<>KD/SVMLIN/MISC<>KD.SVMLIN.test.txt
    wildcards: condition_pair=MISC<>KD, model=SVMLIN
    resources: tmpdir=/tmp

[Thu Jan 11 20:41:47 2024]
rule models:
    input: output/MISC<>KD/1_feature_selection/MISC<>KD.counts.train.VST.SIG.tsv, output/MISC<>KD/1_feature_selection/MISC<>KD.counts.test.VST.SIG.tsv, output/MISC<>KD/1_feature_selection/MISC<>KD.counts.val.VST.SIG.tsv, /workdir/cjl332/prevail/PAPER2/0_DATA/meta_data_train.602020.csv, /workdir/cjl332/prevail/PAPER2/0_DATA/meta_data_test.602020.csv, /workdir/cjl332/prevail/PAPER2/0_DATA/meta_data_val.602020.csv
    output: output/MISC<>KD/GLM/MISC<>KD.GLM.rds, output/MISC<>KD/GLM/MISC<>KD.GLM.train.txt, output/MISC<>KD/GLM/MISC<>KD.GLM.test.txt, output/MISC<>KD/GLM/MISC<>KD.GLM.val.txt
    jobid: 4
    reason: Missing output files: output/MISC<>KD/GLM/MISC<>KD.GLM.test.txt, output/MISC<>KD/GLM/MISC<>KD.GLM.train.txt, output/MISC<>KD/GLM/MISC<>KD.GLM.val.txt, output/MISC<>KD/GLM/MISC<>KD.GLM.rds
    wildcards: condition_pair=MISC<>KD, model=GLM
    resources: tmpdir=/tmp

[Thu Jan 11 20:41:51 2024]
Finished job 8.
1 of 14 steps (7%) done
[Thu Jan 11 20:41:52 2024]
Finished job 13.
2 of 14 steps (14%) done
[Thu Jan 11 20:41:52 2024]
Finished job 11.
3 of 14 steps (21%) done
[Thu Jan 11 20:41:52 2024]
Finished job 4.
4 of 14 steps (29%) done
[Thu Jan 11 20:41:55 2024]
Finished job 2.
5 of 14 steps (36%) done
[Thu Jan 11 20:41:55 2024]
Finished job 7.
6 of 14 steps (43%) done
[Thu Jan 11 20:42:19 2024]
Finished job 10.
7 of 14 steps (50%) done
[Thu Jan 11 20:42:31 2024]
Finished job 6.
8 of 14 steps (57%) done
[Thu Jan 11 20:42:50 2024]
Finished job 12.
9 of 14 steps (64%) done
[Thu Jan 11 20:42:52 2024]
Finished job 9.
10 of 14 steps (71%) done
[Thu Jan 11 20:43:31 2024]
Finished job 3.
11 of 14 steps (79%) done
[Thu Jan 11 20:44:50 2024]
Finished job 14.
12 of 14 steps (86%) done
[Thu Jan 11 20:51:18 2024]
Finished job 15.
13 of 14 steps (93%) done
Select jobs to execute...

[Thu Jan 11 20:51:18 2024]
localrule all:
    input: output/MISC<>KD/1_feature_selection/MISC<>KD.counts.train.VST.SIG.tsv, output/MISC<>KD/1_feature_selection/MISC<>KD.counts.test.VST.SIG.tsv, output/MISC<>KD/1_feature_selection/MISC<>KD.counts.val.VST.SIG.tsv, output/MISC<>KD/1_feature_selection/MISC<>KD.deseqResults.tsv, output/MISC<>KD/C5/MISC<>KD.C5.rds, output/MISC<>KD/EXTRATREES/MISC<>KD.EXTRATREES.rds, output/MISC<>KD/GLM/MISC<>KD.GLM.rds, output/MISC<>KD/GLMNETLasso/MISC<>KD.GLMNETLasso.rds, output/MISC<>KD/GLMNETRidge/MISC<>KD.GLMNETRidge.rds, output/MISC<>KD/KNN/MISC<>KD.KNN.rds, output/MISC<>KD/LDA/MISC<>KD.LDA.rds, output/MISC<>KD/NB/MISC<>KD.NB.rds, output/MISC<>KD/NNET/MISC<>KD.NNET.rds, output/MISC<>KD/PAM/MISC<>KD.PAM.rds, output/MISC<>KD/RF/MISC<>KD.RF.rds, output/MISC<>KD/RPART/MISC<>KD.RPART.rds, output/MISC<>KD/SVMLIN/MISC<>KD.SVMLIN.rds, output/MISC<>KD/SVMRAD/MISC<>KD.SVMRAD.rds, output/MISC<>KD/C5/MISC<>KD.C5.train.txt, output/MISC<>KD/EXTRATREES/MISC<>KD.EXTRATREES.train.txt, output/MISC<>KD/GLM/MISC<>KD.GLM.train.txt, output/MISC<>KD/GLMNETLasso/MISC<>KD.GLMNETLasso.train.txt, output/MISC<>KD/GLMNETRidge/MISC<>KD.GLMNETRidge.train.txt, output/MISC<>KD/KNN/MISC<>KD.KNN.train.txt, output/MISC<>KD/LDA/MISC<>KD.LDA.train.txt, output/MISC<>KD/NB/MISC<>KD.NB.train.txt, output/MISC<>KD/NNET/MISC<>KD.NNET.train.txt, output/MISC<>KD/PAM/MISC<>KD.PAM.train.txt, output/MISC<>KD/RF/MISC<>KD.RF.train.txt, output/MISC<>KD/RPART/MISC<>KD.RPART.train.txt, output/MISC<>KD/SVMLIN/MISC<>KD.SVMLIN.train.txt, output/MISC<>KD/SVMRAD/MISC<>KD.SVMRAD.train.txt, output/MISC<>KD/C5/MISC<>KD.C5.test.txt, output/MISC<>KD/EXTRATREES/MISC<>KD.EXTRATREES.test.txt, output/MISC<>KD/GLM/MISC<>KD.GLM.test.txt, output/MISC<>KD/GLMNETLasso/MISC<>KD.GLMNETLasso.test.txt, output/MISC<>KD/GLMNETRidge/MISC<>KD.GLMNETRidge.test.txt, output/MISC<>KD/KNN/MISC<>KD.KNN.test.txt, output/MISC<>KD/LDA/MISC<>KD.LDA.test.txt, output/MISC<>KD/NB/MISC<>KD.NB.test.txt, output/MISC<>KD/NNET/MISC<>KD.NNET.test.txt, output/MISC<>KD/PAM/MISC<>KD.PAM.test.txt, output/MISC<>KD/RF/MISC<>KD.RF.test.txt, output/MISC<>KD/RPART/MISC<>KD.RPART.test.txt, output/MISC<>KD/SVMLIN/MISC<>KD.SVMLIN.test.txt, output/MISC<>KD/SVMRAD/MISC<>KD.SVMRAD.test.txt, output/MISC<>KD/C5/MISC<>KD.C5.val.txt, output/MISC<>KD/EXTRATREES/MISC<>KD.EXTRATREES.val.txt, output/MISC<>KD/GLM/MISC<>KD.GLM.val.txt, output/MISC<>KD/GLMNETLasso/MISC<>KD.GLMNETLasso.val.txt, output/MISC<>KD/GLMNETRidge/MISC<>KD.GLMNETRidge.val.txt, output/MISC<>KD/KNN/MISC<>KD.KNN.val.txt, output/MISC<>KD/LDA/MISC<>KD.LDA.val.txt, output/MISC<>KD/NB/MISC<>KD.NB.val.txt, output/MISC<>KD/NNET/MISC<>KD.NNET.val.txt, output/MISC<>KD/PAM/MISC<>KD.PAM.val.txt, output/MISC<>KD/RF/MISC<>KD.RF.val.txt, output/MISC<>KD/RPART/MISC<>KD.RPART.val.txt, output/MISC<>KD/SVMLIN/MISC<>KD.SVMLIN.val.txt, output/MISC<>KD/SVMRAD/MISC<>KD.SVMRAD.val.txt
    jobid: 0
    reason: Input files updated by another job: output/MISC<>KD/C5/MISC<>KD.C5.train.txt, output/MISC<>KD/C5/MISC<>KD.C5.val.txt, output/MISC<>KD/GLMNETRidge/MISC<>KD.GLMNETRidge.test.txt, output/MISC<>KD/KNN/MISC<>KD.KNN.rds, output/MISC<>KD/EXTRATREES/MISC<>KD.EXTRATREES.rds, output/MISC<>KD/LDA/MISC<>KD.LDA.rds, output/MISC<>KD/EXTRATREES/MISC<>KD.EXTRATREES.val.txt, output/MISC<>KD/KNN/MISC<>KD.KNN.val.txt, output/MISC<>KD/PAM/MISC<>KD.PAM.val.txt, output/MISC<>KD/NB/MISC<>KD.NB.test.txt, output/MISC<>KD/GLM/MISC<>KD.GLM.rds, output/MISC<>KD/GLM/MISC<>KD.GLM.test.txt, output/MISC<>KD/PAM/MISC<>KD.PAM.rds, output/MISC<>KD/GLM/MISC<>KD.GLM.val.txt, output/MISC<>KD/GLMNETRidge/MISC<>KD.GLMNETRidge.train.txt, output/MISC<>KD/SVMRAD/MISC<>KD.SVMRAD.val.txt, output/MISC<>KD/NB/MISC<>KD.NB.train.txt, output/MISC<>KD/SVMLIN/MISC<>KD.SVMLIN.val.txt, output/MISC<>KD/C5/MISC<>KD.C5.rds, output/MISC<>KD/NNET/MISC<>KD.NNET.train.txt, output/MISC<>KD/EXTRATREES/MISC<>KD.EXTRATREES.test.txt, output/MISC<>KD/RPART/MISC<>KD.RPART.train.txt, output/MISC<>KD/RPART/MISC<>KD.RPART.rds, output/MISC<>KD/RPART/MISC<>KD.RPART.test.txt, output/MISC<>KD/PAM/MISC<>KD.PAM.test.txt, output/MISC<>KD/NB/MISC<>KD.NB.val.txt, output/MISC<>KD/SVMRAD/MISC<>KD.SVMRAD.rds, output/MISC<>KD/GLM/MISC<>KD.GLM.train.txt, output/MISC<>KD/NNET/MISC<>KD.NNET.val.txt, output/MISC<>KD/SVMLIN/MISC<>KD.SVMLIN.rds, output/MISC<>KD/RPART/MISC<>KD.RPART.val.txt, output/MISC<>KD/SVMRAD/MISC<>KD.SVMRAD.test.txt, output/MISC<>KD/GLMNETRidge/MISC<>KD.GLMNETRidge.rds, output/MISC<>KD/PAM/MISC<>KD.PAM.train.txt, output/MISC<>KD/RF/MISC<>KD.RF.test.txt, output/MISC<>KD/RF/MISC<>KD.RF.train.txt, output/MISC<>KD/KNN/MISC<>KD.KNN.train.txt, output/MISC<>KD/C5/MISC<>KD.C5.test.txt, output/MISC<>KD/LDA/MISC<>KD.LDA.test.txt, output/MISC<>KD/NB/MISC<>KD.NB.rds, output/MISC<>KD/SVMLIN/MISC<>KD.SVMLIN.train.txt, output/MISC<>KD/GLMNETRidge/MISC<>KD.GLMNETRidge.val.txt, output/MISC<>KD/RF/MISC<>KD.RF.rds, output/MISC<>KD/NNET/MISC<>KD.NNET.test.txt, output/MISC<>KD/LDA/MISC<>KD.LDA.val.txt, output/MISC<>KD/RF/MISC<>KD.RF.val.txt, output/MISC<>KD/EXTRATREES/MISC<>KD.EXTRATREES.train.txt, output/MISC<>KD/NNET/MISC<>KD.NNET.rds, output/MISC<>KD/SVMLIN/MISC<>KD.SVMLIN.test.txt, output/MISC<>KD/KNN/MISC<>KD.KNN.test.txt, output/MISC<>KD/LDA/MISC<>KD.LDA.train.txt, output/MISC<>KD/SVMRAD/MISC<>KD.SVMRAD.train.txt
    resources: tmpdir=/tmp

[Thu Jan 11 20:51:18 2024]
Finished job 0.
14 of 14 steps (100%) done
Complete log: .snakemake/log/2024-01-11T204147.534655.snakemake.log
