Building DAG of jobs...
Using shell: /usr/bin/bash
Provided cores: 5
Rules claiming more threads will be scaled down.
Job stats:
job                                    count    min threads    max threads
-----------------------------------  -------  -------------  -------------
GFSu                                       1              1              1
all                                        1              1              1
feature_selection_and_normalization        1              1              1
models                                     1              1              1
total                                      4              1              1

Select jobs to execute...

[Mon Nov 20 20:57:45 2023]
rule feature_selection_and_normalization:
    input: /workdir/cjl332/prevail/PAPER2/0_DATA/counts_train.7030.csv, /workdir/cjl332/prevail/PAPER2/0_DATA/counts_test.7030.csv, /workdir/cjl332/prevail/PAPER2/0_DATA/counts_test.7030.csv, /workdir/cjl332/prevail/PAPER2/0_DATA/counts_train_vst.7030.csv, /workdir/cjl332/prevail/PAPER2/0_DATA/counts_test_vst.7030.csv, /workdir/cjl332/prevail/PAPER2/0_DATA/counts_test_vst.7030.csv, /workdir/cjl332/prevail/PAPER2/0_DATA/meta_data_train.7030.csv, /workdir/cjl332/prevail/PAPER2/0_DATA/meta_data_test.7030.csv, /workdir/cjl332/prevail/PAPER2/0_DATA/meta_data_test.7030.csv
    output: output/MISC/1_feature_selection/MISC.counts.train.VST.SIG.tsv, output/MISC/1_feature_selection/MISC.counts.test.VST.SIG.tsv, output/MISC/1_feature_selection/MISC.counts.val.VST.SIG.tsv, output/MISC/1_feature_selection/MISC.deseqResults.tsv
    jobid: 1
    reason: Missing output files: output/MISC/1_feature_selection/MISC.counts.train.VST.SIG.tsv, output/MISC/1_feature_selection/MISC.counts.val.VST.SIG.tsv, output/MISC/1_feature_selection/MISC.deseqResults.tsv, output/MISC/1_feature_selection/MISC.counts.test.VST.SIG.tsv
    wildcards: sample=MISC
    resources: tmpdir=/tmp

[Mon Nov 20 20:58:09 2023]
Finished job 1.
1 of 4 steps (25%) done
Select jobs to execute...

[Mon Nov 20 20:58:09 2023]
rule models:
    input: output/MISC/1_feature_selection/MISC.counts.train.VST.SIG.tsv, output/MISC/1_feature_selection/MISC.counts.test.VST.SIG.tsv, output/MISC/1_feature_selection/MISC.counts.val.VST.SIG.tsv, /workdir/cjl332/prevail/PAPER2/0_DATA/meta_data_train.7030.csv, /workdir/cjl332/prevail/PAPER2/0_DATA/meta_data_test.7030.csv, /workdir/cjl332/prevail/PAPER2/0_DATA/meta_data_test.7030.csv
    output: output/MISC/GLM/MISC.GLM.rds, output/MISC/GLM/MISC.GLM.train.txt, output/MISC/GLM/MISC.GLM.test.txt, output/MISC/GLM/MISC.GLM.val.txt
    jobid: 2
    reason: Missing output files: output/MISC/GLM/MISC.GLM.train.txt, output/MISC/GLM/MISC.GLM.val.txt, output/MISC/GLM/MISC.GLM.rds, output/MISC/GLM/MISC.GLM.test.txt; Input files updated by another job: output/MISC/1_feature_selection/MISC.counts.train.VST.SIG.tsv, output/MISC/1_feature_selection/MISC.counts.val.VST.SIG.tsv, output/MISC/1_feature_selection/MISC.counts.test.VST.SIG.tsv
    wildcards: sample=MISC, model=GLM
    resources: tmpdir=/tmp

[Mon Nov 20 20:58:09 2023]
rule GFSu:
    input: output/MISC/1_feature_selection/MISC.counts.train.VST.SIG.tsv, output/MISC/1_feature_selection/MISC.counts.test.VST.SIG.tsv, output/MISC/1_feature_selection/MISC.counts.val.VST.SIG.tsv, /workdir/cjl332/prevail/PAPER2/0_DATA/meta_data_train.7030.csv, /workdir/cjl332/prevail/PAPER2/0_DATA/meta_data_test.7030.csv, /workdir/cjl332/prevail/PAPER2/0_DATA/meta_data_test.7030.csv, output/MISC/1_feature_selection/MISC.deseqResults.tsv
    output: output/MISC/GFSu/GFSu_MISC.GFSu.rds, output/MISC/GFSu/GFSu_MISC.GFSu.train.txt, output/MISC/GFSu/GFSu_MISC.GFSu.test.txt, output/MISC/GFSu/GFSu_MISC.GFSu.val.txt
    jobid: 3
    reason: Missing output files: output/MISC/GFSu/GFSu_MISC.GFSu.rds, output/MISC/GFSu/GFSu_MISC.GFSu.val.txt, output/MISC/GFSu/GFSu_MISC.GFSu.train.txt, output/MISC/GFSu/GFSu_MISC.GFSu.test.txt; Input files updated by another job: output/MISC/1_feature_selection/MISC.counts.train.VST.SIG.tsv, output/MISC/1_feature_selection/MISC.counts.val.VST.SIG.tsv, output/MISC/1_feature_selection/MISC.deseqResults.tsv, output/MISC/1_feature_selection/MISC.counts.test.VST.SIG.tsv
    wildcards: sample=MISC
    resources: tmpdir=/tmp

[Mon Nov 20 20:58:12 2023]
Error in rule models:
    jobid: 2
    input: output/MISC/1_feature_selection/MISC.counts.train.VST.SIG.tsv, output/MISC/1_feature_selection/MISC.counts.test.VST.SIG.tsv, output/MISC/1_feature_selection/MISC.counts.val.VST.SIG.tsv, /workdir/cjl332/prevail/PAPER2/0_DATA/meta_data_train.7030.csv, /workdir/cjl332/prevail/PAPER2/0_DATA/meta_data_test.7030.csv, /workdir/cjl332/prevail/PAPER2/0_DATA/meta_data_test.7030.csv
    output: output/MISC/GLM/MISC.GLM.rds, output/MISC/GLM/MISC.GLM.train.txt, output/MISC/GLM/MISC.GLM.test.txt, output/MISC/GLM/MISC.GLM.val.txt

RuleException:
CalledProcessError in line 50 of /local/workdir/cjl332/prevail/PAPER2/3_Multiclass/ML_split70-30/1_all/workflow/rules/main.smk:
Command 'set -euo pipefail;  Rscript --vanilla /local/workdir/cjl332/prevail/PAPER2/3_Multiclass/ML_split70-30/1_all/.snakemake/scripts/tmpsvcvq_so.2_train-models.R' returned non-zero exit status 1.
  File "/local/workdir/cjl332/prevail/PAPER2/3_Multiclass/ML_split70-30/1_all/workflow/rules/main.smk", line 50, in __rule_models
  File "/usr/lib64/python3.9/concurrent/futures/thread.py", line 58, in run
[Mon Nov 20 20:58:12 2023]
Error in rule GFSu:
    jobid: 3
    input: output/MISC/1_feature_selection/MISC.counts.train.VST.SIG.tsv, output/MISC/1_feature_selection/MISC.counts.test.VST.SIG.tsv, output/MISC/1_feature_selection/MISC.counts.val.VST.SIG.tsv, /workdir/cjl332/prevail/PAPER2/0_DATA/meta_data_train.7030.csv, /workdir/cjl332/prevail/PAPER2/0_DATA/meta_data_test.7030.csv, /workdir/cjl332/prevail/PAPER2/0_DATA/meta_data_test.7030.csv, output/MISC/1_feature_selection/MISC.deseqResults.tsv
    output: output/MISC/GFSu/GFSu_MISC.GFSu.rds, output/MISC/GFSu/GFSu_MISC.GFSu.train.txt, output/MISC/GFSu/GFSu_MISC.GFSu.test.txt, output/MISC/GFSu/GFSu_MISC.GFSu.val.txt

RuleException:
CalledProcessError in line 75 of /local/workdir/cjl332/prevail/PAPER2/3_Multiclass/ML_split70-30/1_all/workflow/rules/main.smk:
Command 'set -euo pipefail;  Rscript --vanilla /local/workdir/cjl332/prevail/PAPER2/3_Multiclass/ML_split70-30/1_all/.snakemake/scripts/tmpa01nsrhk.2_train-GFSu.R' returned non-zero exit status 1.
  File "/local/workdir/cjl332/prevail/PAPER2/3_Multiclass/ML_split70-30/1_all/workflow/rules/main.smk", line 75, in __rule_GFSu
  File "/usr/lib64/python3.9/concurrent/futures/thread.py", line 58, in run
Exiting because a job execution failed. Look above for error message
Complete log: .snakemake/log/2023-11-20T205745.646368.snakemake.log
