Building DAG of jobs...
Using shell: /usr/bin/bash
Provided cores: 15
Rules claiming more threads will be scaled down.
Job stats:
job       count    min threads    max threads
------  -------  -------------  -------------
all           1              1              1
models       28              1              1
total        29              1              1

Select jobs to execute...

[Wed Nov  8 13:23:13 2023]
rule models:
    input: output/seed_2_sep/1_feature_selection/seed_2_sep.counts.train.VST.tsv, output/seed_2_sep/1_feature_selection/seed_2_sep.counts.test.VST.tsv, output/seed_2_sep/1_feature_selection/seed_2_sep.counts.val.VST.tsv, output/seed_2_sep/0_input/seed_2_sep.metadata.train.tsv, output/seed_2_sep/0_input/seed_2_sep.metadata.test.tsv, output/seed_2_sep/0_input/seed_2_sep.metadata.val.tsv, output/seed_2_sep/1_feature_selection/seed_2_sep.deseqResults.tsv
    output: output/seed_2_sep/GLMNETLasso/seed_2_sep.GLMNETLasso.rds, output/seed_2_sep/GLMNETLasso/seed_2_sep.GLMNETLasso.train.txt, output/seed_2_sep/GLMNETLasso/seed_2_sep.GLMNETLasso.test.txt, output/seed_2_sep/GLMNETLasso/seed_2_sep.GLMNETLasso.val.txt
    jobid: 20
    reason: Code has changed since last execution
    wildcards: sample=seed_2_sep, model=GLMNETLasso
    resources: tmpdir=/tmp

[Wed Nov  8 13:23:13 2023]
rule models:
    input: output/seed_1_sep/1_feature_selection/seed_1_sep.counts.train.VST.tsv, output/seed_1_sep/1_feature_selection/seed_1_sep.counts.test.VST.tsv, output/seed_1_sep/1_feature_selection/seed_1_sep.counts.val.VST.tsv, output/seed_1_sep/0_input/seed_1_sep.metadata.train.tsv, output/seed_1_sep/0_input/seed_1_sep.metadata.test.tsv, output/seed_1_sep/0_input/seed_1_sep.metadata.val.tsv, output/seed_1_sep/1_feature_selection/seed_1_sep.deseqResults.tsv
    output: output/seed_1_sep/GLMNETRidge/seed_1_sep.GLMNETRidge.rds, output/seed_1_sep/GLMNETRidge/seed_1_sep.GLMNETRidge.train.txt, output/seed_1_sep/GLMNETRidge/seed_1_sep.GLMNETRidge.test.txt, output/seed_1_sep/GLMNETRidge/seed_1_sep.GLMNETRidge.val.txt
    jobid: 7
    reason: Missing output files: output/seed_1_sep/GLMNETRidge/seed_1_sep.GLMNETRidge.rds
    wildcards: sample=seed_1_sep, model=GLMNETRidge
    resources: tmpdir=/tmp

[Wed Nov  8 13:23:13 2023]
rule models:
    input: output/seed_2_sep/1_feature_selection/seed_2_sep.counts.train.VST.tsv, output/seed_2_sep/1_feature_selection/seed_2_sep.counts.test.VST.tsv, output/seed_2_sep/1_feature_selection/seed_2_sep.counts.val.VST.tsv, output/seed_2_sep/0_input/seed_2_sep.metadata.train.tsv, output/seed_2_sep/0_input/seed_2_sep.metadata.test.tsv, output/seed_2_sep/0_input/seed_2_sep.metadata.val.tsv, output/seed_2_sep/1_feature_selection/seed_2_sep.deseqResults.tsv
    output: output/seed_2_sep/GLMNETRidge/seed_2_sep.GLMNETRidge.rds, output/seed_2_sep/GLMNETRidge/seed_2_sep.GLMNETRidge.train.txt, output/seed_2_sep/GLMNETRidge/seed_2_sep.GLMNETRidge.test.txt, output/seed_2_sep/GLMNETRidge/seed_2_sep.GLMNETRidge.val.txt
    jobid: 21
    reason: Missing output files: output/seed_2_sep/GLMNETRidge/seed_2_sep.GLMNETRidge.rds
    wildcards: sample=seed_2_sep, model=GLMNETRidge
    resources: tmpdir=/tmp

[Wed Nov  8 13:23:13 2023]
rule models:
    input: output/seed_2_sep/1_feature_selection/seed_2_sep.counts.train.VST.tsv, output/seed_2_sep/1_feature_selection/seed_2_sep.counts.test.VST.tsv, output/seed_2_sep/1_feature_selection/seed_2_sep.counts.val.VST.tsv, output/seed_2_sep/0_input/seed_2_sep.metadata.train.tsv, output/seed_2_sep/0_input/seed_2_sep.metadata.test.tsv, output/seed_2_sep/0_input/seed_2_sep.metadata.val.tsv, output/seed_2_sep/1_feature_selection/seed_2_sep.deseqResults.tsv
    output: output/seed_2_sep/LDA/seed_2_sep.LDA.rds, output/seed_2_sep/LDA/seed_2_sep.LDA.train.txt, output/seed_2_sep/LDA/seed_2_sep.LDA.test.txt, output/seed_2_sep/LDA/seed_2_sep.LDA.val.txt
    jobid: 23
    reason: Missing output files: output/seed_2_sep/LDA/seed_2_sep.LDA.rds
    wildcards: sample=seed_2_sep, model=LDA
    resources: tmpdir=/tmp

[Wed Nov  8 13:23:13 2023]
rule models:
    input: output/seed_2_sep/1_feature_selection/seed_2_sep.counts.train.VST.tsv, output/seed_2_sep/1_feature_selection/seed_2_sep.counts.test.VST.tsv, output/seed_2_sep/1_feature_selection/seed_2_sep.counts.val.VST.tsv, output/seed_2_sep/0_input/seed_2_sep.metadata.train.tsv, output/seed_2_sep/0_input/seed_2_sep.metadata.test.tsv, output/seed_2_sep/0_input/seed_2_sep.metadata.val.tsv, output/seed_2_sep/1_feature_selection/seed_2_sep.deseqResults.tsv
    output: output/seed_2_sep/NNET/seed_2_sep.NNET.rds, output/seed_2_sep/NNET/seed_2_sep.NNET.train.txt, output/seed_2_sep/NNET/seed_2_sep.NNET.test.txt, output/seed_2_sep/NNET/seed_2_sep.NNET.val.txt
    jobid: 25
    reason: Missing output files: output/seed_2_sep/NNET/seed_2_sep.NNET.rds
    wildcards: sample=seed_2_sep, model=NNET
    resources: tmpdir=/tmp

[Wed Nov  8 13:23:13 2023]
rule models:
    input: output/seed_2_sep/1_feature_selection/seed_2_sep.counts.train.VST.tsv, output/seed_2_sep/1_feature_selection/seed_2_sep.counts.test.VST.tsv, output/seed_2_sep/1_feature_selection/seed_2_sep.counts.val.VST.tsv, output/seed_2_sep/0_input/seed_2_sep.metadata.train.tsv, output/seed_2_sep/0_input/seed_2_sep.metadata.test.tsv, output/seed_2_sep/0_input/seed_2_sep.metadata.val.tsv, output/seed_2_sep/1_feature_selection/seed_2_sep.deseqResults.tsv
    output: output/seed_2_sep/RF/seed_2_sep.RF.rds, output/seed_2_sep/RF/seed_2_sep.RF.train.txt, output/seed_2_sep/RF/seed_2_sep.RF.test.txt, output/seed_2_sep/RF/seed_2_sep.RF.val.txt
    jobid: 27
    reason: Code has changed since last execution
    wildcards: sample=seed_2_sep, model=RF
    resources: tmpdir=/tmp

[Wed Nov  8 13:23:13 2023]
rule models:
    input: output/seed_2_sep/1_feature_selection/seed_2_sep.counts.train.VST.tsv, output/seed_2_sep/1_feature_selection/seed_2_sep.counts.test.VST.tsv, output/seed_2_sep/1_feature_selection/seed_2_sep.counts.val.VST.tsv, output/seed_2_sep/0_input/seed_2_sep.metadata.train.tsv, output/seed_2_sep/0_input/seed_2_sep.metadata.test.tsv, output/seed_2_sep/0_input/seed_2_sep.metadata.val.tsv, output/seed_2_sep/1_feature_selection/seed_2_sep.deseqResults.tsv
    output: output/seed_2_sep/SVMLin/seed_2_sep.SVMLin.rds, output/seed_2_sep/SVMLin/seed_2_sep.SVMLin.train.txt, output/seed_2_sep/SVMLin/seed_2_sep.SVMLin.test.txt, output/seed_2_sep/SVMLin/seed_2_sep.SVMLin.val.txt
    jobid: 29
    reason: Missing output files: output/seed_2_sep/SVMLin/seed_2_sep.SVMLin.rds
    wildcards: sample=seed_2_sep, model=SVMLin
    resources: tmpdir=/tmp

[Wed Nov  8 13:23:13 2023]
rule models:
    input: output/seed_2_sep/1_feature_selection/seed_2_sep.counts.train.VST.tsv, output/seed_2_sep/1_feature_selection/seed_2_sep.counts.test.VST.tsv, output/seed_2_sep/1_feature_selection/seed_2_sep.counts.val.VST.tsv, output/seed_2_sep/0_input/seed_2_sep.metadata.train.tsv, output/seed_2_sep/0_input/seed_2_sep.metadata.test.tsv, output/seed_2_sep/0_input/seed_2_sep.metadata.val.tsv, output/seed_2_sep/1_feature_selection/seed_2_sep.deseqResults.tsv
    output: output/seed_2_sep/C5/seed_2_sep.C5.rds, output/seed_2_sep/C5/seed_2_sep.C5.train.txt, output/seed_2_sep/C5/seed_2_sep.C5.test.txt, output/seed_2_sep/C5/seed_2_sep.C5.val.txt
    jobid: 17
    reason: Missing output files: output/seed_2_sep/C5/seed_2_sep.C5.rds
    wildcards: sample=seed_2_sep, model=C5
    resources: tmpdir=/tmp

[Wed Nov  8 13:23:13 2023]
rule models:
    input: output/seed_2_sep/1_feature_selection/seed_2_sep.counts.train.VST.tsv, output/seed_2_sep/1_feature_selection/seed_2_sep.counts.test.VST.tsv, output/seed_2_sep/1_feature_selection/seed_2_sep.counts.val.VST.tsv, output/seed_2_sep/0_input/seed_2_sep.metadata.train.tsv, output/seed_2_sep/0_input/seed_2_sep.metadata.test.tsv, output/seed_2_sep/0_input/seed_2_sep.metadata.val.tsv, output/seed_2_sep/1_feature_selection/seed_2_sep.deseqResults.tsv
    output: output/seed_2_sep/GLM/seed_2_sep.GLM.rds, output/seed_2_sep/GLM/seed_2_sep.GLM.train.txt, output/seed_2_sep/GLM/seed_2_sep.GLM.test.txt, output/seed_2_sep/GLM/seed_2_sep.GLM.val.txt
    jobid: 19
    reason: Code has changed since last execution
    wildcards: sample=seed_2_sep, model=GLM
    resources: tmpdir=/tmp

[Wed Nov  8 13:23:13 2023]
rule models:
    input: output/seed_2_sep/1_feature_selection/seed_2_sep.counts.train.VST.tsv, output/seed_2_sep/1_feature_selection/seed_2_sep.counts.test.VST.tsv, output/seed_2_sep/1_feature_selection/seed_2_sep.counts.val.VST.tsv, output/seed_2_sep/0_input/seed_2_sep.metadata.train.tsv, output/seed_2_sep/0_input/seed_2_sep.metadata.test.tsv, output/seed_2_sep/0_input/seed_2_sep.metadata.val.tsv, output/seed_2_sep/1_feature_selection/seed_2_sep.deseqResults.tsv
    output: output/seed_2_sep/KNN/seed_2_sep.KNN.rds, output/seed_2_sep/KNN/seed_2_sep.KNN.train.txt, output/seed_2_sep/KNN/seed_2_sep.KNN.test.txt, output/seed_2_sep/KNN/seed_2_sep.KNN.val.txt
    jobid: 22
    reason: Missing output files: output/seed_2_sep/KNN/seed_2_sep.KNN.rds
    wildcards: sample=seed_2_sep, model=KNN
    resources: tmpdir=/tmp

[Wed Nov  8 13:23:13 2023]
rule models:
    input: output/seed_2_sep/1_feature_selection/seed_2_sep.counts.train.VST.tsv, output/seed_2_sep/1_feature_selection/seed_2_sep.counts.test.VST.tsv, output/seed_2_sep/1_feature_selection/seed_2_sep.counts.val.VST.tsv, output/seed_2_sep/0_input/seed_2_sep.metadata.train.tsv, output/seed_2_sep/0_input/seed_2_sep.metadata.test.tsv, output/seed_2_sep/0_input/seed_2_sep.metadata.val.tsv, output/seed_2_sep/1_feature_selection/seed_2_sep.deseqResults.tsv
    output: output/seed_2_sep/NB/seed_2_sep.NB.rds, output/seed_2_sep/NB/seed_2_sep.NB.train.txt, output/seed_2_sep/NB/seed_2_sep.NB.test.txt, output/seed_2_sep/NB/seed_2_sep.NB.val.txt
    jobid: 24
    reason: Missing output files: output/seed_2_sep/NB/seed_2_sep.NB.rds
    wildcards: sample=seed_2_sep, model=NB
    resources: tmpdir=/tmp

[Wed Nov  8 13:23:13 2023]
rule models:
    input: output/seed_2_sep/1_feature_selection/seed_2_sep.counts.train.VST.tsv, output/seed_2_sep/1_feature_selection/seed_2_sep.counts.test.VST.tsv, output/seed_2_sep/1_feature_selection/seed_2_sep.counts.val.VST.tsv, output/seed_2_sep/0_input/seed_2_sep.metadata.train.tsv, output/seed_2_sep/0_input/seed_2_sep.metadata.test.tsv, output/seed_2_sep/0_input/seed_2_sep.metadata.val.tsv, output/seed_2_sep/1_feature_selection/seed_2_sep.deseqResults.tsv
    output: output/seed_2_sep/PAM/seed_2_sep.PAM.rds, output/seed_2_sep/PAM/seed_2_sep.PAM.train.txt, output/seed_2_sep/PAM/seed_2_sep.PAM.test.txt, output/seed_2_sep/PAM/seed_2_sep.PAM.val.txt
    jobid: 26
    reason: Missing output files: output/seed_2_sep/PAM/seed_2_sep.PAM.rds
    wildcards: sample=seed_2_sep, model=PAM
    resources: tmpdir=/tmp

[Wed Nov  8 13:23:13 2023]
rule models:
    input: output/seed_2_sep/1_feature_selection/seed_2_sep.counts.train.VST.tsv, output/seed_2_sep/1_feature_selection/seed_2_sep.counts.test.VST.tsv, output/seed_2_sep/1_feature_selection/seed_2_sep.counts.val.VST.tsv, output/seed_2_sep/0_input/seed_2_sep.metadata.train.tsv, output/seed_2_sep/0_input/seed_2_sep.metadata.test.tsv, output/seed_2_sep/0_input/seed_2_sep.metadata.val.tsv, output/seed_2_sep/1_feature_selection/seed_2_sep.deseqResults.tsv
    output: output/seed_2_sep/RPART/seed_2_sep.RPART.rds, output/seed_2_sep/RPART/seed_2_sep.RPART.train.txt, output/seed_2_sep/RPART/seed_2_sep.RPART.test.txt, output/seed_2_sep/RPART/seed_2_sep.RPART.val.txt
    jobid: 28
    reason: Missing output files: output/seed_2_sep/RPART/seed_2_sep.RPART.rds
    wildcards: sample=seed_2_sep, model=RPART
    resources: tmpdir=/tmp

[Wed Nov  8 13:23:13 2023]
rule models:
    input: output/seed_2_sep/1_feature_selection/seed_2_sep.counts.train.VST.tsv, output/seed_2_sep/1_feature_selection/seed_2_sep.counts.test.VST.tsv, output/seed_2_sep/1_feature_selection/seed_2_sep.counts.val.VST.tsv, output/seed_2_sep/0_input/seed_2_sep.metadata.train.tsv, output/seed_2_sep/0_input/seed_2_sep.metadata.test.tsv, output/seed_2_sep/0_input/seed_2_sep.metadata.val.tsv, output/seed_2_sep/1_feature_selection/seed_2_sep.deseqResults.tsv
    output: output/seed_2_sep/SVMRAD/seed_2_sep.SVMRAD.rds, output/seed_2_sep/SVMRAD/seed_2_sep.SVMRAD.train.txt, output/seed_2_sep/SVMRAD/seed_2_sep.SVMRAD.test.txt, output/seed_2_sep/SVMRAD/seed_2_sep.SVMRAD.val.txt
    jobid: 30
    reason: Missing output files: output/seed_2_sep/SVMRAD/seed_2_sep.SVMRAD.rds
    wildcards: sample=seed_2_sep, model=SVMRAD
    resources: tmpdir=/tmp

[Wed Nov  8 13:23:13 2023]
rule models:
    input: output/seed_2_sep/1_feature_selection/seed_2_sep.counts.train.VST.tsv, output/seed_2_sep/1_feature_selection/seed_2_sep.counts.test.VST.tsv, output/seed_2_sep/1_feature_selection/seed_2_sep.counts.val.VST.tsv, output/seed_2_sep/0_input/seed_2_sep.metadata.train.tsv, output/seed_2_sep/0_input/seed_2_sep.metadata.test.tsv, output/seed_2_sep/0_input/seed_2_sep.metadata.val.tsv, output/seed_2_sep/1_feature_selection/seed_2_sep.deseqResults.tsv
    output: output/seed_2_sep/EXTRATREES/seed_2_sep.EXTRATREES.rds, output/seed_2_sep/EXTRATREES/seed_2_sep.EXTRATREES.train.txt, output/seed_2_sep/EXTRATREES/seed_2_sep.EXTRATREES.test.txt, output/seed_2_sep/EXTRATREES/seed_2_sep.EXTRATREES.val.txt
    jobid: 18
    reason: Missing output files: output/seed_2_sep/EXTRATREES/seed_2_sep.EXTRATREES.rds
    wildcards: sample=seed_2_sep, model=EXTRATREES
    resources: tmpdir=/tmp

[Wed Nov  8 13:23:16 2023]
Error in rule models:
    jobid: 29
    input: output/seed_2_sep/1_feature_selection/seed_2_sep.counts.train.VST.tsv, output/seed_2_sep/1_feature_selection/seed_2_sep.counts.test.VST.tsv, output/seed_2_sep/1_feature_selection/seed_2_sep.counts.val.VST.tsv, output/seed_2_sep/0_input/seed_2_sep.metadata.train.tsv, output/seed_2_sep/0_input/seed_2_sep.metadata.test.tsv, output/seed_2_sep/0_input/seed_2_sep.metadata.val.tsv, output/seed_2_sep/1_feature_selection/seed_2_sep.deseqResults.tsv
    output: output/seed_2_sep/SVMLin/seed_2_sep.SVMLin.rds, output/seed_2_sep/SVMLin/seed_2_sep.SVMLin.train.txt, output/seed_2_sep/SVMLin/seed_2_sep.SVMLin.test.txt, output/seed_2_sep/SVMLin/seed_2_sep.SVMLin.val.txt

RuleException:
CalledProcessError in line 47 of /local/workdir/cjl332/tb-cfrna/snakemake_pipeline/workflow/rules/tmp.smk:
Command 'set -euo pipefail;  Rscript --vanilla /local/workdir/cjl332/tb-cfrna/snakemake_pipeline/.snakemake/scripts/tmpibjjzp_v.2_train-models.R' returned non-zero exit status 1.
  File "/local/workdir/cjl332/tb-cfrna/snakemake_pipeline/workflow/rules/tmp.smk", line 47, in __rule_models
  File "/usr/lib64/python3.9/concurrent/futures/thread.py", line 58, in run
[Wed Nov  8 13:23:17 2023]
Finished job 23.
1 of 29 steps (3%) done
[Wed Nov  8 13:23:17 2023]
Finished job 26.
2 of 29 steps (7%) done
[Wed Nov  8 13:23:17 2023]
Finished job 28.
3 of 29 steps (10%) done
[Wed Nov  8 13:23:18 2023]
Finished job 19.
4 of 29 steps (14%) done
[Wed Nov  8 13:23:19 2023]
Finished job 17.
5 of 29 steps (17%) done
[Wed Nov  8 13:23:21 2023]
Finished job 22.
6 of 29 steps (21%) done
[Wed Nov  8 13:23:36 2023]
Finished job 25.
7 of 29 steps (24%) done
[Wed Nov  8 13:23:56 2023]
Finished job 7.
8 of 29 steps (28%) done
[Wed Nov  8 13:23:57 2023]
Finished job 21.
9 of 29 steps (31%) done
[Wed Nov  8 13:24:01 2023]
Finished job 20.
10 of 29 steps (34%) done
[Wed Nov  8 13:24:07 2023]
Finished job 24.
11 of 29 steps (38%) done
[Wed Nov  8 13:24:26 2023]
Finished job 18.
12 of 29 steps (41%) done
[Wed Nov  8 13:24:28 2023]
Finished job 27.
13 of 29 steps (45%) done
[Wed Nov  8 13:32:01 2023]
Finished job 30.
14 of 29 steps (48%) done
Shutting down, this might take some time.
Exiting because a job execution failed. Look above for error message
Complete log: .snakemake/log/2023-11-08T132313.479165.snakemake.log
