Building DAG of jobs...
Using shell: /usr/bin/bash
Provided cores: 15
Rules claiming more threads will be scaled down.
Job stats:
job      count    min threads    max threads
-----  -------  -------------  -------------
GFSu         2              1              1
all          1              1              1
total        3              1              1

Select jobs to execute...

[Wed Nov  8 15:14:23 2023]
rule GFSu:
    input: output/seed_1_sep/1_feature_selection/seed_1_sep.counts.train.VST.tsv, output/seed_1_sep/1_feature_selection/seed_1_sep.counts.test.VST.tsv, output/seed_1_sep/1_feature_selection/seed_1_sep.counts.val.VST.tsv, input/seed_1_sep/seed_1_sep.metadata.train.tsv, input/seed_1_sep/seed_1_sep.metadata.test.tsv, input/seed_1_sep/seed_1_sep.metadata.val.tsv, output/seed_1_sep/1_feature_selection/seed_1_sep.deseqResults.tsv
    output: output/seed_1_sep/GFSu/GFSu_seed_1_sep.GFSu.rds, output/seed_1_sep/GFSu/GFSu_seed_1_sep.GFSu.train.txt, output/seed_1_sep/GFSu/GFSu_seed_1_sep.GFSu.test.txt, output/seed_1_sep/GFSu/GFSu_seed_1_sep.GFSu.val.txt
    jobid: 31
    reason: Code has changed since last execution
    wildcards: sample=seed_1_sep
    resources: tmpdir=/tmp

[Wed Nov  8 15:14:23 2023]
rule GFSu:
    input: output/seed_2_sep/1_feature_selection/seed_2_sep.counts.train.VST.tsv, output/seed_2_sep/1_feature_selection/seed_2_sep.counts.test.VST.tsv, output/seed_2_sep/1_feature_selection/seed_2_sep.counts.val.VST.tsv, input/seed_2_sep/seed_2_sep.metadata.train.tsv, input/seed_2_sep/seed_2_sep.metadata.test.tsv, input/seed_2_sep/seed_2_sep.metadata.val.tsv, output/seed_2_sep/1_feature_selection/seed_2_sep.deseqResults.tsv
    output: output/seed_2_sep/GFSu/GFSu_seed_2_sep.GFSu.rds, output/seed_2_sep/GFSu/GFSu_seed_2_sep.GFSu.train.txt, output/seed_2_sep/GFSu/GFSu_seed_2_sep.GFSu.test.txt, output/seed_2_sep/GFSu/GFSu_seed_2_sep.GFSu.val.txt
    jobid: 32
    reason: Missing output files: output/seed_2_sep/GFSu/GFSu_seed_2_sep.GFSu.train.txt, output/seed_2_sep/GFSu/GFSu_seed_2_sep.GFSu.test.txt, output/seed_2_sep/GFSu/GFSu_seed_2_sep.GFSu.rds, output/seed_2_sep/GFSu/GFSu_seed_2_sep.GFSu.val.txt
    wildcards: sample=seed_2_sep
    resources: tmpdir=/tmp

[Wed Nov  8 15:14:26 2023]
Error in rule GFSu:
    jobid: 32
    input: output/seed_2_sep/1_feature_selection/seed_2_sep.counts.train.VST.tsv, output/seed_2_sep/1_feature_selection/seed_2_sep.counts.test.VST.tsv, output/seed_2_sep/1_feature_selection/seed_2_sep.counts.val.VST.tsv, input/seed_2_sep/seed_2_sep.metadata.train.tsv, input/seed_2_sep/seed_2_sep.metadata.test.tsv, input/seed_2_sep/seed_2_sep.metadata.val.tsv, output/seed_2_sep/1_feature_selection/seed_2_sep.deseqResults.tsv
    output: output/seed_2_sep/GFSu/GFSu_seed_2_sep.GFSu.rds, output/seed_2_sep/GFSu/GFSu_seed_2_sep.GFSu.train.txt, output/seed_2_sep/GFSu/GFSu_seed_2_sep.GFSu.test.txt, output/seed_2_sep/GFSu/GFSu_seed_2_sep.GFSu.val.txt

RuleException:
CalledProcessError in line 71 of /local/workdir/cjl332/tb-cfrna/snakemake_pipeline/workflow/rules/main.smk:
Command 'set -euo pipefail;  Rscript --vanilla /local/workdir/cjl332/tb-cfrna/snakemake_pipeline/.snakemake/scripts/tmpops64cb2.2_train-GFSu.R' returned non-zero exit status 1.
  File "/local/workdir/cjl332/tb-cfrna/snakemake_pipeline/workflow/rules/main.smk", line 71, in __rule_GFSu
  File "/usr/lib64/python3.9/concurrent/futures/thread.py", line 58, in run
[Wed Nov  8 15:14:26 2023]
Finished job 31.
1 of 3 steps (33%) done
Exiting because a job execution failed. Look above for error message
Complete log: .snakemake/log/2023-11-08T151423.071885.snakemake.log
