Building DAG of jobs...
Using shell: /usr/bin/bash
Provided cores: 10
Rules claiming more threads will be scaled down.
Job stats:
job                                    count    min threads    max threads
-----------------------------------  -------  -------------  -------------
GFSu                                       2              1              1
all                                        1              1              1
feature_selection_and_normalization        2              1              1
models                                    28              1              1
total                                     33              1              1

Select jobs to execute...

[Wed Nov  8 16:01:35 2023]
rule feature_selection_and_normalization:
    input: input/seed_2_sep/seed_2_sep.counts.train.tsv, input/seed_2_sep/seed_2_sep.counts.test.tsv, input/seed_2_sep/seed_2_sep.counts.val.tsv, input/seed_2_sep/seed_2_sep.metadata.train.tsv, input/seed_2_sep/seed_2_sep.metadata.test.tsv, input/seed_2_sep/seed_2_sep.metadata.val.tsv
    output: output/seed_2_sep/1_feature_selection/seed_2_sep.counts.train.VST.tsv, output/seed_2_sep/1_feature_selection/seed_2_sep.counts.test.VST.tsv, output/seed_2_sep/1_feature_selection/seed_2_sep.counts.val.VST.tsv, output/seed_2_sep/1_feature_selection/seed_2_sep.deseqResults.tsv
    jobid: 2
    reason: Missing output files: output/seed_2_sep/1_feature_selection/seed_2_sep.deseqResults.tsv, output/seed_2_sep/1_feature_selection/seed_2_sep.counts.train.VST.tsv, output/seed_2_sep/1_feature_selection/seed_2_sep.counts.val.VST.tsv, output/seed_2_sep/1_feature_selection/seed_2_sep.counts.test.VST.tsv
    wildcards: sample=seed_2_sep
    resources: tmpdir=/tmp

[Wed Nov  8 16:01:35 2023]
rule feature_selection_and_normalization:
    input: input/seed_1_sep/seed_1_sep.counts.train.tsv, input/seed_1_sep/seed_1_sep.counts.test.tsv, input/seed_1_sep/seed_1_sep.counts.val.tsv, input/seed_1_sep/seed_1_sep.metadata.train.tsv, input/seed_1_sep/seed_1_sep.metadata.test.tsv, input/seed_1_sep/seed_1_sep.metadata.val.tsv
    output: output/seed_1_sep/1_feature_selection/seed_1_sep.counts.train.VST.tsv, output/seed_1_sep/1_feature_selection/seed_1_sep.counts.test.VST.tsv, output/seed_1_sep/1_feature_selection/seed_1_sep.counts.val.VST.tsv, output/seed_1_sep/1_feature_selection/seed_1_sep.deseqResults.tsv
    jobid: 1
    reason: Missing output files: output/seed_1_sep/1_feature_selection/seed_1_sep.counts.val.VST.tsv, output/seed_1_sep/1_feature_selection/seed_1_sep.deseqResults.tsv, output/seed_1_sep/1_feature_selection/seed_1_sep.counts.train.VST.tsv, output/seed_1_sep/1_feature_selection/seed_1_sep.counts.test.VST.tsv
    wildcards: sample=seed_1_sep
    resources: tmpdir=/tmp

[Wed Nov  8 16:05:00 2023]
Finished job 1.
1 of 33 steps (3%) done
Select jobs to execute...

[Wed Nov  8 16:05:00 2023]
rule models:
    input: output/seed_1_sep/1_feature_selection/seed_1_sep.counts.train.VST.tsv, output/seed_1_sep/1_feature_selection/seed_1_sep.counts.test.VST.tsv, output/seed_1_sep/1_feature_selection/seed_1_sep.counts.val.VST.tsv, input/seed_1_sep/seed_1_sep.metadata.train.tsv, input/seed_1_sep/seed_1_sep.metadata.test.tsv, input/seed_1_sep/seed_1_sep.metadata.val.tsv, output/seed_1_sep/1_feature_selection/seed_1_sep.deseqResults.tsv
    output: output/seed_1_sep/GLMNETLasso/seed_1_sep.GLMNETLasso.rds, output/seed_1_sep/GLMNETLasso/seed_1_sep.GLMNETLasso.train.txt, output/seed_1_sep/GLMNETLasso/seed_1_sep.GLMNETLasso.test.txt, output/seed_1_sep/GLMNETLasso/seed_1_sep.GLMNETLasso.val.txt
    jobid: 6
    reason: Missing output files: output/seed_1_sep/GLMNETLasso/seed_1_sep.GLMNETLasso.rds, output/seed_1_sep/GLMNETLasso/seed_1_sep.GLMNETLasso.train.txt, output/seed_1_sep/GLMNETLasso/seed_1_sep.GLMNETLasso.test.txt, output/seed_1_sep/GLMNETLasso/seed_1_sep.GLMNETLasso.val.txt; Input files updated by another job: output/seed_1_sep/1_feature_selection/seed_1_sep.counts.val.VST.tsv, output/seed_1_sep/1_feature_selection/seed_1_sep.deseqResults.tsv, output/seed_1_sep/1_feature_selection/seed_1_sep.counts.train.VST.tsv, output/seed_1_sep/1_feature_selection/seed_1_sep.counts.test.VST.tsv
    wildcards: sample=seed_1_sep, model=GLMNETLasso
    resources: tmpdir=/tmp

[Wed Nov  8 16:05:00 2023]
rule models:
    input: output/seed_1_sep/1_feature_selection/seed_1_sep.counts.train.VST.tsv, output/seed_1_sep/1_feature_selection/seed_1_sep.counts.test.VST.tsv, output/seed_1_sep/1_feature_selection/seed_1_sep.counts.val.VST.tsv, input/seed_1_sep/seed_1_sep.metadata.train.tsv, input/seed_1_sep/seed_1_sep.metadata.test.tsv, input/seed_1_sep/seed_1_sep.metadata.val.tsv, output/seed_1_sep/1_feature_selection/seed_1_sep.deseqResults.tsv
    output: output/seed_1_sep/GLMNETRidge/seed_1_sep.GLMNETRidge.rds, output/seed_1_sep/GLMNETRidge/seed_1_sep.GLMNETRidge.train.txt, output/seed_1_sep/GLMNETRidge/seed_1_sep.GLMNETRidge.test.txt, output/seed_1_sep/GLMNETRidge/seed_1_sep.GLMNETRidge.val.txt
    jobid: 7
    reason: Missing output files: output/seed_1_sep/GLMNETRidge/seed_1_sep.GLMNETRidge.rds, output/seed_1_sep/GLMNETRidge/seed_1_sep.GLMNETRidge.train.txt, output/seed_1_sep/GLMNETRidge/seed_1_sep.GLMNETRidge.val.txt, output/seed_1_sep/GLMNETRidge/seed_1_sep.GLMNETRidge.test.txt; Input files updated by another job: output/seed_1_sep/1_feature_selection/seed_1_sep.counts.val.VST.tsv, output/seed_1_sep/1_feature_selection/seed_1_sep.deseqResults.tsv, output/seed_1_sep/1_feature_selection/seed_1_sep.counts.train.VST.tsv, output/seed_1_sep/1_feature_selection/seed_1_sep.counts.test.VST.tsv
    wildcards: sample=seed_1_sep, model=GLMNETRidge
    resources: tmpdir=/tmp

[Wed Nov  8 16:05:00 2023]
rule models:
    input: output/seed_1_sep/1_feature_selection/seed_1_sep.counts.train.VST.tsv, output/seed_1_sep/1_feature_selection/seed_1_sep.counts.test.VST.tsv, output/seed_1_sep/1_feature_selection/seed_1_sep.counts.val.VST.tsv, input/seed_1_sep/seed_1_sep.metadata.train.tsv, input/seed_1_sep/seed_1_sep.metadata.test.tsv, input/seed_1_sep/seed_1_sep.metadata.val.tsv, output/seed_1_sep/1_feature_selection/seed_1_sep.deseqResults.tsv
    output: output/seed_1_sep/LDA/seed_1_sep.LDA.rds, output/seed_1_sep/LDA/seed_1_sep.LDA.train.txt, output/seed_1_sep/LDA/seed_1_sep.LDA.test.txt, output/seed_1_sep/LDA/seed_1_sep.LDA.val.txt
    jobid: 9
    reason: Missing output files: output/seed_1_sep/LDA/seed_1_sep.LDA.test.txt, output/seed_1_sep/LDA/seed_1_sep.LDA.train.txt, output/seed_1_sep/LDA/seed_1_sep.LDA.rds, output/seed_1_sep/LDA/seed_1_sep.LDA.val.txt; Input files updated by another job: output/seed_1_sep/1_feature_selection/seed_1_sep.counts.val.VST.tsv, output/seed_1_sep/1_feature_selection/seed_1_sep.deseqResults.tsv, output/seed_1_sep/1_feature_selection/seed_1_sep.counts.train.VST.tsv, output/seed_1_sep/1_feature_selection/seed_1_sep.counts.test.VST.tsv
    wildcards: sample=seed_1_sep, model=LDA
    resources: tmpdir=/tmp

[Wed Nov  8 16:05:00 2023]
rule models:
    input: output/seed_1_sep/1_feature_selection/seed_1_sep.counts.train.VST.tsv, output/seed_1_sep/1_feature_selection/seed_1_sep.counts.test.VST.tsv, output/seed_1_sep/1_feature_selection/seed_1_sep.counts.val.VST.tsv, input/seed_1_sep/seed_1_sep.metadata.train.tsv, input/seed_1_sep/seed_1_sep.metadata.test.tsv, input/seed_1_sep/seed_1_sep.metadata.val.tsv, output/seed_1_sep/1_feature_selection/seed_1_sep.deseqResults.tsv
    output: output/seed_1_sep/NNET/seed_1_sep.NNET.rds, output/seed_1_sep/NNET/seed_1_sep.NNET.train.txt, output/seed_1_sep/NNET/seed_1_sep.NNET.test.txt, output/seed_1_sep/NNET/seed_1_sep.NNET.val.txt
    jobid: 11
    reason: Missing output files: output/seed_1_sep/NNET/seed_1_sep.NNET.train.txt, output/seed_1_sep/NNET/seed_1_sep.NNET.rds, output/seed_1_sep/NNET/seed_1_sep.NNET.test.txt, output/seed_1_sep/NNET/seed_1_sep.NNET.val.txt; Input files updated by another job: output/seed_1_sep/1_feature_selection/seed_1_sep.counts.val.VST.tsv, output/seed_1_sep/1_feature_selection/seed_1_sep.deseqResults.tsv, output/seed_1_sep/1_feature_selection/seed_1_sep.counts.train.VST.tsv, output/seed_1_sep/1_feature_selection/seed_1_sep.counts.test.VST.tsv
    wildcards: sample=seed_1_sep, model=NNET
    resources: tmpdir=/tmp

[Wed Nov  8 16:05:00 2023]
rule models:
    input: output/seed_1_sep/1_feature_selection/seed_1_sep.counts.train.VST.tsv, output/seed_1_sep/1_feature_selection/seed_1_sep.counts.test.VST.tsv, output/seed_1_sep/1_feature_selection/seed_1_sep.counts.val.VST.tsv, input/seed_1_sep/seed_1_sep.metadata.train.tsv, input/seed_1_sep/seed_1_sep.metadata.test.tsv, input/seed_1_sep/seed_1_sep.metadata.val.tsv, output/seed_1_sep/1_feature_selection/seed_1_sep.deseqResults.tsv
    output: output/seed_1_sep/RF/seed_1_sep.RF.rds, output/seed_1_sep/RF/seed_1_sep.RF.train.txt, output/seed_1_sep/RF/seed_1_sep.RF.test.txt, output/seed_1_sep/RF/seed_1_sep.RF.val.txt
    jobid: 13
    reason: Missing output files: output/seed_1_sep/RF/seed_1_sep.RF.test.txt, output/seed_1_sep/RF/seed_1_sep.RF.train.txt, output/seed_1_sep/RF/seed_1_sep.RF.val.txt, output/seed_1_sep/RF/seed_1_sep.RF.rds; Input files updated by another job: output/seed_1_sep/1_feature_selection/seed_1_sep.counts.val.VST.tsv, output/seed_1_sep/1_feature_selection/seed_1_sep.deseqResults.tsv, output/seed_1_sep/1_feature_selection/seed_1_sep.counts.train.VST.tsv, output/seed_1_sep/1_feature_selection/seed_1_sep.counts.test.VST.tsv
    wildcards: sample=seed_1_sep, model=RF
    resources: tmpdir=/tmp

[Wed Nov  8 16:05:00 2023]
rule models:
    input: output/seed_1_sep/1_feature_selection/seed_1_sep.counts.train.VST.tsv, output/seed_1_sep/1_feature_selection/seed_1_sep.counts.test.VST.tsv, output/seed_1_sep/1_feature_selection/seed_1_sep.counts.val.VST.tsv, input/seed_1_sep/seed_1_sep.metadata.train.tsv, input/seed_1_sep/seed_1_sep.metadata.test.tsv, input/seed_1_sep/seed_1_sep.metadata.val.tsv, output/seed_1_sep/1_feature_selection/seed_1_sep.deseqResults.tsv
    output: output/seed_1_sep/SVMLIN/seed_1_sep.SVMLIN.rds, output/seed_1_sep/SVMLIN/seed_1_sep.SVMLIN.train.txt, output/seed_1_sep/SVMLIN/seed_1_sep.SVMLIN.test.txt, output/seed_1_sep/SVMLIN/seed_1_sep.SVMLIN.val.txt
    jobid: 15
    reason: Missing output files: output/seed_1_sep/SVMLIN/seed_1_sep.SVMLIN.train.txt, output/seed_1_sep/SVMLIN/seed_1_sep.SVMLIN.rds, output/seed_1_sep/SVMLIN/seed_1_sep.SVMLIN.val.txt, output/seed_1_sep/SVMLIN/seed_1_sep.SVMLIN.test.txt; Input files updated by another job: output/seed_1_sep/1_feature_selection/seed_1_sep.counts.val.VST.tsv, output/seed_1_sep/1_feature_selection/seed_1_sep.deseqResults.tsv, output/seed_1_sep/1_feature_selection/seed_1_sep.counts.train.VST.tsv, output/seed_1_sep/1_feature_selection/seed_1_sep.counts.test.VST.tsv
    wildcards: sample=seed_1_sep, model=SVMLIN
    resources: tmpdir=/tmp


[Wed Nov  8 16:05:00 2023]
rule models:
    input: output/seed_1_sep/1_feature_selection/seed_1_sep.counts.train.VST.tsv, output/seed_1_sep/1_feature_selection/seed_1_sep.counts.test.VST.tsv, output/seed_1_sep/1_feature_selection/seed_1_sep.counts.val.VST.tsv, input/seed_1_sep/seed_1_sep.metadata.train.tsv, input/seed_1_sep/seed_1_sep.metadata.test.tsv, input/seed_1_sep/seed_1_sep.metadata.val.tsv, output/seed_1_sep/1_feature_selection/seed_1_sep.deseqResults.tsv
    output: output/seed_1_sep/C5/seed_1_sep.C5.rds, output/seed_1_sep/C5/seed_1_sep.C5.train.txt, output/seed_1_sep/C5/seed_1_sep.C5.test.txt, output/seed_1_sep/C5/seed_1_sep.C5.val.txt
    jobid: 3
    reason: Missing output files: output/seed_1_sep/C5/seed_1_sep.C5.rds, output/seed_1_sep/C5/seed_1_sep.C5.train.txt, output/seed_1_sep/C5/seed_1_sep.C5.val.txt, output/seed_1_sep/C5/seed_1_sep.C5.test.txt; Input files updated by another job: output/seed_1_sep/1_feature_selection/seed_1_sep.counts.val.VST.tsv, output/seed_1_sep/1_feature_selection/seed_1_sep.deseqResults.tsv, output/seed_1_sep/1_feature_selection/seed_1_sep.counts.train.VST.tsv, output/seed_1_sep/1_feature_selection/seed_1_sep.counts.test.VST.tsv
    wildcards: sample=seed_1_sep, model=C5
    resources: tmpdir=/tmp


[Wed Nov  8 16:05:00 2023]
rule GFSu:
    input: output/seed_1_sep/1_feature_selection/seed_1_sep.counts.train.VST.tsv, output/seed_1_sep/1_feature_selection/seed_1_sep.counts.test.VST.tsv, output/seed_1_sep/1_feature_selection/seed_1_sep.counts.val.VST.tsv, input/seed_1_sep/seed_1_sep.metadata.train.tsv, input/seed_1_sep/seed_1_sep.metadata.test.tsv, input/seed_1_sep/seed_1_sep.metadata.val.tsv, output/seed_1_sep/1_feature_selection/seed_1_sep.deseqResults.tsv
    output: output/seed_1_sep/GFSu/GFSu_seed_1_sep.GFSu.rds, output/seed_1_sep/GFSu/GFSu_seed_1_sep.GFSu.train.txt, output/seed_1_sep/GFSu/GFSu_seed_1_sep.GFSu.test.txt, output/seed_1_sep/GFSu/GFSu_seed_1_sep.GFSu.val.txt
    jobid: 31
    reason: Missing output files: output/seed_1_sep/GFSu/GFSu_seed_1_sep.GFSu.test.txt, output/seed_1_sep/GFSu/GFSu_seed_1_sep.GFSu.val.txt, output/seed_1_sep/GFSu/GFSu_seed_1_sep.GFSu.train.txt, output/seed_1_sep/GFSu/GFSu_seed_1_sep.GFSu.rds; Input files updated by another job: output/seed_1_sep/1_feature_selection/seed_1_sep.counts.val.VST.tsv, output/seed_1_sep/1_feature_selection/seed_1_sep.deseqResults.tsv, output/seed_1_sep/1_feature_selection/seed_1_sep.counts.train.VST.tsv, output/seed_1_sep/1_feature_selection/seed_1_sep.counts.test.VST.tsv
    wildcards: sample=seed_1_sep
    resources: tmpdir=/tmp


[Wed Nov  8 16:05:00 2023]
rule models:
    input: output/seed_1_sep/1_feature_selection/seed_1_sep.counts.train.VST.tsv, output/seed_1_sep/1_feature_selection/seed_1_sep.counts.test.VST.tsv, output/seed_1_sep/1_feature_selection/seed_1_sep.counts.val.VST.tsv, input/seed_1_sep/seed_1_sep.metadata.train.tsv, input/seed_1_sep/seed_1_sep.metadata.test.tsv, input/seed_1_sep/seed_1_sep.metadata.val.tsv, output/seed_1_sep/1_feature_selection/seed_1_sep.deseqResults.tsv
    output: output/seed_1_sep/GLM/seed_1_sep.GLM.rds, output/seed_1_sep/GLM/seed_1_sep.GLM.train.txt, output/seed_1_sep/GLM/seed_1_sep.GLM.test.txt, output/seed_1_sep/GLM/seed_1_sep.GLM.val.txt
    jobid: 5
    reason: Missing output files: output/seed_1_sep/GLM/seed_1_sep.GLM.test.txt, output/seed_1_sep/GLM/seed_1_sep.GLM.rds, output/seed_1_sep/GLM/seed_1_sep.GLM.val.txt, output/seed_1_sep/GLM/seed_1_sep.GLM.train.txt; Input files updated by another job: output/seed_1_sep/1_feature_selection/seed_1_sep.counts.val.VST.tsv, output/seed_1_sep/1_feature_selection/seed_1_sep.deseqResults.tsv, output/seed_1_sep/1_feature_selection/seed_1_sep.counts.train.VST.tsv, output/seed_1_sep/1_feature_selection/seed_1_sep.counts.test.VST.tsv
    wildcards: sample=seed_1_sep, model=GLM
    resources: tmpdir=/tmp

[Wed Nov  8 16:05:02 2023]
Finished job 2.
2 of 33 steps (6%) done
Select jobs to execute...

[Wed Nov  8 16:05:02 2023]
rule models:
    input: output/seed_2_sep/1_feature_selection/seed_2_sep.counts.train.VST.tsv, output/seed_2_sep/1_feature_selection/seed_2_sep.counts.test.VST.tsv, output/seed_2_sep/1_feature_selection/seed_2_sep.counts.val.VST.tsv, input/seed_2_sep/seed_2_sep.metadata.train.tsv, input/seed_2_sep/seed_2_sep.metadata.test.tsv, input/seed_2_sep/seed_2_sep.metadata.val.tsv, output/seed_2_sep/1_feature_selection/seed_2_sep.deseqResults.tsv
    output: output/seed_2_sep/GLMNETRidge/seed_2_sep.GLMNETRidge.rds, output/seed_2_sep/GLMNETRidge/seed_2_sep.GLMNETRidge.train.txt, output/seed_2_sep/GLMNETRidge/seed_2_sep.GLMNETRidge.test.txt, output/seed_2_sep/GLMNETRidge/seed_2_sep.GLMNETRidge.val.txt
    jobid: 21
    reason: Missing output files: output/seed_2_sep/GLMNETRidge/seed_2_sep.GLMNETRidge.test.txt, output/seed_2_sep/GLMNETRidge/seed_2_sep.GLMNETRidge.val.txt, output/seed_2_sep/GLMNETRidge/seed_2_sep.GLMNETRidge.train.txt, output/seed_2_sep/GLMNETRidge/seed_2_sep.GLMNETRidge.rds; Input files updated by another job: output/seed_2_sep/1_feature_selection/seed_2_sep.deseqResults.tsv, output/seed_2_sep/1_feature_selection/seed_2_sep.counts.test.VST.tsv, output/seed_2_sep/1_feature_selection/seed_2_sep.counts.val.VST.tsv, output/seed_2_sep/1_feature_selection/seed_2_sep.counts.train.VST.tsv
    wildcards: sample=seed_2_sep, model=GLMNETRidge
    resources: tmpdir=/tmp

[Wed Nov  8 16:05:03 2023]
Finished job 9.
3 of 33 steps (9%) done
Select jobs to execute...

[Wed Nov  8 16:05:03 2023]
rule models:
    input: output/seed_2_sep/1_feature_selection/seed_2_sep.counts.train.VST.tsv, output/seed_2_sep/1_feature_selection/seed_2_sep.counts.test.VST.tsv, output/seed_2_sep/1_feature_selection/seed_2_sep.counts.val.VST.tsv, input/seed_2_sep/seed_2_sep.metadata.train.tsv, input/seed_2_sep/seed_2_sep.metadata.test.tsv, input/seed_2_sep/seed_2_sep.metadata.val.tsv, output/seed_2_sep/1_feature_selection/seed_2_sep.deseqResults.tsv
    output: output/seed_2_sep/SVMLIN/seed_2_sep.SVMLIN.rds, output/seed_2_sep/SVMLIN/seed_2_sep.SVMLIN.train.txt, output/seed_2_sep/SVMLIN/seed_2_sep.SVMLIN.test.txt, output/seed_2_sep/SVMLIN/seed_2_sep.SVMLIN.val.txt
    jobid: 29
    reason: Missing output files: output/seed_2_sep/SVMLIN/seed_2_sep.SVMLIN.rds, output/seed_2_sep/SVMLIN/seed_2_sep.SVMLIN.val.txt, output/seed_2_sep/SVMLIN/seed_2_sep.SVMLIN.test.txt, output/seed_2_sep/SVMLIN/seed_2_sep.SVMLIN.train.txt; Input files updated by another job: output/seed_2_sep/1_feature_selection/seed_2_sep.deseqResults.tsv, output/seed_2_sep/1_feature_selection/seed_2_sep.counts.test.VST.tsv, output/seed_2_sep/1_feature_selection/seed_2_sep.counts.val.VST.tsv, output/seed_2_sep/1_feature_selection/seed_2_sep.counts.train.VST.tsv
    wildcards: sample=seed_2_sep, model=SVMLIN
    resources: tmpdir=/tmp

[Wed Nov  8 16:05:04 2023]
Finished job 5.
4 of 33 steps (12%) done
Select jobs to execute...

[Wed Nov  8 16:05:04 2023]
rule models:
    input: output/seed_2_sep/1_feature_selection/seed_2_sep.counts.train.VST.tsv, output/seed_2_sep/1_feature_selection/seed_2_sep.counts.test.VST.tsv, output/seed_2_sep/1_feature_selection/seed_2_sep.counts.val.VST.tsv, input/seed_2_sep/seed_2_sep.metadata.train.tsv, input/seed_2_sep/seed_2_sep.metadata.test.tsv, input/seed_2_sep/seed_2_sep.metadata.val.tsv, output/seed_2_sep/1_feature_selection/seed_2_sep.deseqResults.tsv
    output: output/seed_2_sep/KNN/seed_2_sep.KNN.rds, output/seed_2_sep/KNN/seed_2_sep.KNN.train.txt, output/seed_2_sep/KNN/seed_2_sep.KNN.test.txt, output/seed_2_sep/KNN/seed_2_sep.KNN.val.txt
    jobid: 22
    reason: Missing output files: output/seed_2_sep/KNN/seed_2_sep.KNN.val.txt, output/seed_2_sep/KNN/seed_2_sep.KNN.train.txt, output/seed_2_sep/KNN/seed_2_sep.KNN.test.txt, output/seed_2_sep/KNN/seed_2_sep.KNN.rds; Input files updated by another job: output/seed_2_sep/1_feature_selection/seed_2_sep.deseqResults.tsv, output/seed_2_sep/1_feature_selection/seed_2_sep.counts.test.VST.tsv, output/seed_2_sep/1_feature_selection/seed_2_sep.counts.val.VST.tsv, output/seed_2_sep/1_feature_selection/seed_2_sep.counts.train.VST.tsv
    wildcards: sample=seed_2_sep, model=KNN
    resources: tmpdir=/tmp

[Wed Nov  8 16:05:05 2023]
Finished job 3.
5 of 33 steps (15%) done
Select jobs to execute...

[Wed Nov  8 16:05:05 2023]
rule models:
    input: output/seed_2_sep/1_feature_selection/seed_2_sep.counts.train.VST.tsv, output/seed_2_sep/1_feature_selection/seed_2_sep.counts.test.VST.tsv, output/seed_2_sep/1_feature_selection/seed_2_sep.counts.val.VST.tsv, input/seed_2_sep/seed_2_sep.metadata.train.tsv, input/seed_2_sep/seed_2_sep.metadata.test.tsv, input/seed_2_sep/seed_2_sep.metadata.val.tsv, output/seed_2_sep/1_feature_selection/seed_2_sep.deseqResults.tsv
    output: output/seed_2_sep/GLMNETLasso/seed_2_sep.GLMNETLasso.rds, output/seed_2_sep/GLMNETLasso/seed_2_sep.GLMNETLasso.train.txt, output/seed_2_sep/GLMNETLasso/seed_2_sep.GLMNETLasso.test.txt, output/seed_2_sep/GLMNETLasso/seed_2_sep.GLMNETLasso.val.txt
    jobid: 20
    reason: Missing output files: output/seed_2_sep/GLMNETLasso/seed_2_sep.GLMNETLasso.test.txt, output/seed_2_sep/GLMNETLasso/seed_2_sep.GLMNETLasso.train.txt, output/seed_2_sep/GLMNETLasso/seed_2_sep.GLMNETLasso.val.txt, output/seed_2_sep/GLMNETLasso/seed_2_sep.GLMNETLasso.rds; Input files updated by another job: output/seed_2_sep/1_feature_selection/seed_2_sep.deseqResults.tsv, output/seed_2_sep/1_feature_selection/seed_2_sep.counts.test.VST.tsv, output/seed_2_sep/1_feature_selection/seed_2_sep.counts.val.VST.tsv, output/seed_2_sep/1_feature_selection/seed_2_sep.counts.train.VST.tsv
    wildcards: sample=seed_2_sep, model=GLMNETLasso
    resources: tmpdir=/tmp

[Wed Nov  8 16:05:06 2023]
Finished job 31.
6 of 33 steps (18%) done
Select jobs to execute...

[Wed Nov  8 16:05:06 2023]
rule models:
    input: output/seed_2_sep/1_feature_selection/seed_2_sep.counts.train.VST.tsv, output/seed_2_sep/1_feature_selection/seed_2_sep.counts.test.VST.tsv, output/seed_2_sep/1_feature_selection/seed_2_sep.counts.val.VST.tsv, input/seed_2_sep/seed_2_sep.metadata.train.tsv, input/seed_2_sep/seed_2_sep.metadata.test.tsv, input/seed_2_sep/seed_2_sep.metadata.val.tsv, output/seed_2_sep/1_feature_selection/seed_2_sep.deseqResults.tsv
    output: output/seed_2_sep/RPART/seed_2_sep.RPART.rds, output/seed_2_sep/RPART/seed_2_sep.RPART.train.txt, output/seed_2_sep/RPART/seed_2_sep.RPART.test.txt, output/seed_2_sep/RPART/seed_2_sep.RPART.val.txt
    jobid: 28
    reason: Missing output files: output/seed_2_sep/RPART/seed_2_sep.RPART.val.txt, output/seed_2_sep/RPART/seed_2_sep.RPART.test.txt, output/seed_2_sep/RPART/seed_2_sep.RPART.rds, output/seed_2_sep/RPART/seed_2_sep.RPART.train.txt; Input files updated by another job: output/seed_2_sep/1_feature_selection/seed_2_sep.deseqResults.tsv, output/seed_2_sep/1_feature_selection/seed_2_sep.counts.test.VST.tsv, output/seed_2_sep/1_feature_selection/seed_2_sep.counts.val.VST.tsv, output/seed_2_sep/1_feature_selection/seed_2_sep.counts.train.VST.tsv
    wildcards: sample=seed_2_sep, model=RPART
    resources: tmpdir=/tmp

[Wed Nov  8 16:05:10 2023]
Finished job 28.
7 of 33 steps (21%) done
Select jobs to execute...

[Wed Nov  8 16:05:10 2023]
rule models:
    input: output/seed_2_sep/1_feature_selection/seed_2_sep.counts.train.VST.tsv, output/seed_2_sep/1_feature_selection/seed_2_sep.counts.test.VST.tsv, output/seed_2_sep/1_feature_selection/seed_2_sep.counts.val.VST.tsv, input/seed_2_sep/seed_2_sep.metadata.train.tsv, input/seed_2_sep/seed_2_sep.metadata.test.tsv, input/seed_2_sep/seed_2_sep.metadata.val.tsv, output/seed_2_sep/1_feature_selection/seed_2_sep.deseqResults.tsv
    output: output/seed_2_sep/LDA/seed_2_sep.LDA.rds, output/seed_2_sep/LDA/seed_2_sep.LDA.train.txt, output/seed_2_sep/LDA/seed_2_sep.LDA.test.txt, output/seed_2_sep/LDA/seed_2_sep.LDA.val.txt
    jobid: 23
    reason: Missing output files: output/seed_2_sep/LDA/seed_2_sep.LDA.rds, output/seed_2_sep/LDA/seed_2_sep.LDA.test.txt, output/seed_2_sep/LDA/seed_2_sep.LDA.val.txt, output/seed_2_sep/LDA/seed_2_sep.LDA.train.txt; Input files updated by another job: output/seed_2_sep/1_feature_selection/seed_2_sep.deseqResults.tsv, output/seed_2_sep/1_feature_selection/seed_2_sep.counts.test.VST.tsv, output/seed_2_sep/1_feature_selection/seed_2_sep.counts.val.VST.tsv, output/seed_2_sep/1_feature_selection/seed_2_sep.counts.train.VST.tsv
    wildcards: sample=seed_2_sep, model=LDA
    resources: tmpdir=/tmp

[Wed Nov  8 16:05:12 2023]
Finished job 22.
8 of 33 steps (24%) done
Select jobs to execute...

[Wed Nov  8 16:05:12 2023]
rule models:
    input: output/seed_2_sep/1_feature_selection/seed_2_sep.counts.train.VST.tsv, output/seed_2_sep/1_feature_selection/seed_2_sep.counts.test.VST.tsv, output/seed_2_sep/1_feature_selection/seed_2_sep.counts.val.VST.tsv, input/seed_2_sep/seed_2_sep.metadata.train.tsv, input/seed_2_sep/seed_2_sep.metadata.test.tsv, input/seed_2_sep/seed_2_sep.metadata.val.tsv, output/seed_2_sep/1_feature_selection/seed_2_sep.deseqResults.tsv
    output: output/seed_2_sep/NNET/seed_2_sep.NNET.rds, output/seed_2_sep/NNET/seed_2_sep.NNET.train.txt, output/seed_2_sep/NNET/seed_2_sep.NNET.test.txt, output/seed_2_sep/NNET/seed_2_sep.NNET.val.txt
    jobid: 25
    reason: Missing output files: output/seed_2_sep/NNET/seed_2_sep.NNET.val.txt, output/seed_2_sep/NNET/seed_2_sep.NNET.train.txt, output/seed_2_sep/NNET/seed_2_sep.NNET.rds, output/seed_2_sep/NNET/seed_2_sep.NNET.test.txt; Input files updated by another job: output/seed_2_sep/1_feature_selection/seed_2_sep.deseqResults.tsv, output/seed_2_sep/1_feature_selection/seed_2_sep.counts.test.VST.tsv, output/seed_2_sep/1_feature_selection/seed_2_sep.counts.val.VST.tsv, output/seed_2_sep/1_feature_selection/seed_2_sep.counts.train.VST.tsv
    wildcards: sample=seed_2_sep, model=NNET
    resources: tmpdir=/tmp

[Wed Nov  8 16:05:13 2023]
Finished job 23.
9 of 33 steps (27%) done
Select jobs to execute...

[Wed Nov  8 16:05:13 2023]
rule models:
    input: output/seed_2_sep/1_feature_selection/seed_2_sep.counts.train.VST.tsv, output/seed_2_sep/1_feature_selection/seed_2_sep.counts.test.VST.tsv, output/seed_2_sep/1_feature_selection/seed_2_sep.counts.val.VST.tsv, input/seed_2_sep/seed_2_sep.metadata.train.tsv, input/seed_2_sep/seed_2_sep.metadata.test.tsv, input/seed_2_sep/seed_2_sep.metadata.val.tsv, output/seed_2_sep/1_feature_selection/seed_2_sep.deseqResults.tsv
    output: output/seed_2_sep/RF/seed_2_sep.RF.rds, output/seed_2_sep/RF/seed_2_sep.RF.train.txt, output/seed_2_sep/RF/seed_2_sep.RF.test.txt, output/seed_2_sep/RF/seed_2_sep.RF.val.txt
    jobid: 27
    reason: Missing output files: output/seed_2_sep/RF/seed_2_sep.RF.val.txt, output/seed_2_sep/RF/seed_2_sep.RF.test.txt, output/seed_2_sep/RF/seed_2_sep.RF.train.txt, output/seed_2_sep/RF/seed_2_sep.RF.rds; Input files updated by another job: output/seed_2_sep/1_feature_selection/seed_2_sep.deseqResults.tsv, output/seed_2_sep/1_feature_selection/seed_2_sep.counts.test.VST.tsv, output/seed_2_sep/1_feature_selection/seed_2_sep.counts.val.VST.tsv, output/seed_2_sep/1_feature_selection/seed_2_sep.counts.train.VST.tsv
    wildcards: sample=seed_2_sep, model=RF
    resources: tmpdir=/tmp

[Wed Nov  8 16:05:23 2023]
Finished job 11.
10 of 33 steps (30%) done
Select jobs to execute...

[Wed Nov  8 16:05:23 2023]
rule models:
    input: output/seed_2_sep/1_feature_selection/seed_2_sep.counts.train.VST.tsv, output/seed_2_sep/1_feature_selection/seed_2_sep.counts.test.VST.tsv, output/seed_2_sep/1_feature_selection/seed_2_sep.counts.val.VST.tsv, input/seed_2_sep/seed_2_sep.metadata.train.tsv, input/seed_2_sep/seed_2_sep.metadata.test.tsv, input/seed_2_sep/seed_2_sep.metadata.val.tsv, output/seed_2_sep/1_feature_selection/seed_2_sep.deseqResults.tsv
    output: output/seed_2_sep/C5/seed_2_sep.C5.rds, output/seed_2_sep/C5/seed_2_sep.C5.train.txt, output/seed_2_sep/C5/seed_2_sep.C5.test.txt, output/seed_2_sep/C5/seed_2_sep.C5.val.txt
    jobid: 17
    reason: Missing output files: output/seed_2_sep/C5/seed_2_sep.C5.rds, output/seed_2_sep/C5/seed_2_sep.C5.test.txt, output/seed_2_sep/C5/seed_2_sep.C5.train.txt, output/seed_2_sep/C5/seed_2_sep.C5.val.txt; Input files updated by another job: output/seed_2_sep/1_feature_selection/seed_2_sep.deseqResults.tsv, output/seed_2_sep/1_feature_selection/seed_2_sep.counts.test.VST.tsv, output/seed_2_sep/1_feature_selection/seed_2_sep.counts.val.VST.tsv, output/seed_2_sep/1_feature_selection/seed_2_sep.counts.train.VST.tsv
    wildcards: sample=seed_2_sep, model=C5
    resources: tmpdir=/tmp

[Wed Nov  8 16:05:28 2023]
Finished job 17.
11 of 33 steps (33%) done
Select jobs to execute...

[Wed Nov  8 16:05:28 2023]
rule models:
    input: output/seed_2_sep/1_feature_selection/seed_2_sep.counts.train.VST.tsv, output/seed_2_sep/1_feature_selection/seed_2_sep.counts.test.VST.tsv, output/seed_2_sep/1_feature_selection/seed_2_sep.counts.val.VST.tsv, input/seed_2_sep/seed_2_sep.metadata.train.tsv, input/seed_2_sep/seed_2_sep.metadata.test.tsv, input/seed_2_sep/seed_2_sep.metadata.val.tsv, output/seed_2_sep/1_feature_selection/seed_2_sep.deseqResults.tsv
    output: output/seed_2_sep/NB/seed_2_sep.NB.rds, output/seed_2_sep/NB/seed_2_sep.NB.train.txt, output/seed_2_sep/NB/seed_2_sep.NB.test.txt, output/seed_2_sep/NB/seed_2_sep.NB.val.txt
    jobid: 24
    reason: Missing output files: output/seed_2_sep/NB/seed_2_sep.NB.train.txt, output/seed_2_sep/NB/seed_2_sep.NB.rds, output/seed_2_sep/NB/seed_2_sep.NB.val.txt, output/seed_2_sep/NB/seed_2_sep.NB.test.txt; Input files updated by another job: output/seed_2_sep/1_feature_selection/seed_2_sep.deseqResults.tsv, output/seed_2_sep/1_feature_selection/seed_2_sep.counts.test.VST.tsv, output/seed_2_sep/1_feature_selection/seed_2_sep.counts.val.VST.tsv, output/seed_2_sep/1_feature_selection/seed_2_sep.counts.train.VST.tsv
    wildcards: sample=seed_2_sep, model=NB
    resources: tmpdir=/tmp

[Wed Nov  8 16:05:35 2023]
Finished job 25.
12 of 33 steps (36%) done
Select jobs to execute...

[Wed Nov  8 16:05:35 2023]
rule models:
    input: output/seed_2_sep/1_feature_selection/seed_2_sep.counts.train.VST.tsv, output/seed_2_sep/1_feature_selection/seed_2_sep.counts.test.VST.tsv, output/seed_2_sep/1_feature_selection/seed_2_sep.counts.val.VST.tsv, input/seed_2_sep/seed_2_sep.metadata.train.tsv, input/seed_2_sep/seed_2_sep.metadata.test.tsv, input/seed_2_sep/seed_2_sep.metadata.val.tsv, output/seed_2_sep/1_feature_selection/seed_2_sep.deseqResults.tsv
    output: output/seed_2_sep/GLM/seed_2_sep.GLM.rds, output/seed_2_sep/GLM/seed_2_sep.GLM.train.txt, output/seed_2_sep/GLM/seed_2_sep.GLM.test.txt, output/seed_2_sep/GLM/seed_2_sep.GLM.val.txt
    jobid: 19
    reason: Missing output files: output/seed_2_sep/GLM/seed_2_sep.GLM.rds, output/seed_2_sep/GLM/seed_2_sep.GLM.test.txt, output/seed_2_sep/GLM/seed_2_sep.GLM.val.txt, output/seed_2_sep/GLM/seed_2_sep.GLM.train.txt; Input files updated by another job: output/seed_2_sep/1_feature_selection/seed_2_sep.deseqResults.tsv, output/seed_2_sep/1_feature_selection/seed_2_sep.counts.test.VST.tsv, output/seed_2_sep/1_feature_selection/seed_2_sep.counts.val.VST.tsv, output/seed_2_sep/1_feature_selection/seed_2_sep.counts.train.VST.tsv
    wildcards: sample=seed_2_sep, model=GLM
    resources: tmpdir=/tmp

[Wed Nov  8 16:05:40 2023]
Finished job 19.
13 of 33 steps (39%) done
Select jobs to execute...

[Wed Nov  8 16:05:40 2023]
rule models:
    input: output/seed_2_sep/1_feature_selection/seed_2_sep.counts.train.VST.tsv, output/seed_2_sep/1_feature_selection/seed_2_sep.counts.test.VST.tsv, output/seed_2_sep/1_feature_selection/seed_2_sep.counts.val.VST.tsv, input/seed_2_sep/seed_2_sep.metadata.train.tsv, input/seed_2_sep/seed_2_sep.metadata.test.tsv, input/seed_2_sep/seed_2_sep.metadata.val.tsv, output/seed_2_sep/1_feature_selection/seed_2_sep.deseqResults.tsv
    output: output/seed_2_sep/PAM/seed_2_sep.PAM.rds, output/seed_2_sep/PAM/seed_2_sep.PAM.train.txt, output/seed_2_sep/PAM/seed_2_sep.PAM.test.txt, output/seed_2_sep/PAM/seed_2_sep.PAM.val.txt
    jobid: 26
    reason: Missing output files: output/seed_2_sep/PAM/seed_2_sep.PAM.rds, output/seed_2_sep/PAM/seed_2_sep.PAM.test.txt, output/seed_2_sep/PAM/seed_2_sep.PAM.val.txt, output/seed_2_sep/PAM/seed_2_sep.PAM.train.txt; Input files updated by another job: output/seed_2_sep/1_feature_selection/seed_2_sep.deseqResults.tsv, output/seed_2_sep/1_feature_selection/seed_2_sep.counts.test.VST.tsv, output/seed_2_sep/1_feature_selection/seed_2_sep.counts.val.VST.tsv, output/seed_2_sep/1_feature_selection/seed_2_sep.counts.train.VST.tsv
    wildcards: sample=seed_2_sep, model=PAM
    resources: tmpdir=/tmp

[Wed Nov  8 16:05:43 2023]
Finished job 26.
14 of 33 steps (42%) done
Select jobs to execute...

[Wed Nov  8 16:05:43 2023]
rule GFSu:
    input: output/seed_2_sep/1_feature_selection/seed_2_sep.counts.train.VST.tsv, output/seed_2_sep/1_feature_selection/seed_2_sep.counts.test.VST.tsv, output/seed_2_sep/1_feature_selection/seed_2_sep.counts.val.VST.tsv, input/seed_2_sep/seed_2_sep.metadata.train.tsv, input/seed_2_sep/seed_2_sep.metadata.test.tsv, input/seed_2_sep/seed_2_sep.metadata.val.tsv, output/seed_2_sep/1_feature_selection/seed_2_sep.deseqResults.tsv
    output: output/seed_2_sep/GFSu/GFSu_seed_2_sep.GFSu.rds, output/seed_2_sep/GFSu/GFSu_seed_2_sep.GFSu.train.txt, output/seed_2_sep/GFSu/GFSu_seed_2_sep.GFSu.test.txt, output/seed_2_sep/GFSu/GFSu_seed_2_sep.GFSu.val.txt
    jobid: 32
    reason: Missing output files: output/seed_2_sep/GFSu/GFSu_seed_2_sep.GFSu.test.txt, output/seed_2_sep/GFSu/GFSu_seed_2_sep.GFSu.train.txt, output/seed_2_sep/GFSu/GFSu_seed_2_sep.GFSu.val.txt, output/seed_2_sep/GFSu/GFSu_seed_2_sep.GFSu.rds; Input files updated by another job: output/seed_2_sep/1_feature_selection/seed_2_sep.deseqResults.tsv, output/seed_2_sep/1_feature_selection/seed_2_sep.counts.test.VST.tsv, output/seed_2_sep/1_feature_selection/seed_2_sep.counts.val.VST.tsv, output/seed_2_sep/1_feature_selection/seed_2_sep.counts.train.VST.tsv
    wildcards: sample=seed_2_sep
    resources: tmpdir=/tmp

[Wed Nov  8 16:05:44 2023]
Finished job 7.
15 of 33 steps (45%) done
Select jobs to execute...

[Wed Nov  8 16:05:44 2023]
rule models:
    input: output/seed_2_sep/1_feature_selection/seed_2_sep.counts.train.VST.tsv, output/seed_2_sep/1_feature_selection/seed_2_sep.counts.test.VST.tsv, output/seed_2_sep/1_feature_selection/seed_2_sep.counts.val.VST.tsv, input/seed_2_sep/seed_2_sep.metadata.train.tsv, input/seed_2_sep/seed_2_sep.metadata.test.tsv, input/seed_2_sep/seed_2_sep.metadata.val.tsv, output/seed_2_sep/1_feature_selection/seed_2_sep.deseqResults.tsv
    output: output/seed_2_sep/SVMRAD/seed_2_sep.SVMRAD.rds, output/seed_2_sep/SVMRAD/seed_2_sep.SVMRAD.train.txt, output/seed_2_sep/SVMRAD/seed_2_sep.SVMRAD.test.txt, output/seed_2_sep/SVMRAD/seed_2_sep.SVMRAD.val.txt
    jobid: 30
    reason: Missing output files: output/seed_2_sep/SVMRAD/seed_2_sep.SVMRAD.test.txt, output/seed_2_sep/SVMRAD/seed_2_sep.SVMRAD.val.txt, output/seed_2_sep/SVMRAD/seed_2_sep.SVMRAD.rds, output/seed_2_sep/SVMRAD/seed_2_sep.SVMRAD.train.txt; Input files updated by another job: output/seed_2_sep/1_feature_selection/seed_2_sep.deseqResults.tsv, output/seed_2_sep/1_feature_selection/seed_2_sep.counts.test.VST.tsv, output/seed_2_sep/1_feature_selection/seed_2_sep.counts.val.VST.tsv, output/seed_2_sep/1_feature_selection/seed_2_sep.counts.train.VST.tsv
    wildcards: sample=seed_2_sep, model=SVMRAD
    resources: tmpdir=/tmp

[Wed Nov  8 16:05:46 2023]
Finished job 21.
16 of 33 steps (48%) done
Select jobs to execute...

[Wed Nov  8 16:05:46 2023]
rule models:
    input: output/seed_2_sep/1_feature_selection/seed_2_sep.counts.train.VST.tsv, output/seed_2_sep/1_feature_selection/seed_2_sep.counts.test.VST.tsv, output/seed_2_sep/1_feature_selection/seed_2_sep.counts.val.VST.tsv, input/seed_2_sep/seed_2_sep.metadata.train.tsv, input/seed_2_sep/seed_2_sep.metadata.test.tsv, input/seed_2_sep/seed_2_sep.metadata.val.tsv, output/seed_2_sep/1_feature_selection/seed_2_sep.deseqResults.tsv
    output: output/seed_2_sep/EXTRATREES/seed_2_sep.EXTRATREES.rds, output/seed_2_sep/EXTRATREES/seed_2_sep.EXTRATREES.train.txt, output/seed_2_sep/EXTRATREES/seed_2_sep.EXTRATREES.test.txt, output/seed_2_sep/EXTRATREES/seed_2_sep.EXTRATREES.val.txt
    jobid: 18
    reason: Missing output files: output/seed_2_sep/EXTRATREES/seed_2_sep.EXTRATREES.test.txt, output/seed_2_sep/EXTRATREES/seed_2_sep.EXTRATREES.rds, output/seed_2_sep/EXTRATREES/seed_2_sep.EXTRATREES.train.txt, output/seed_2_sep/EXTRATREES/seed_2_sep.EXTRATREES.val.txt; Input files updated by another job: output/seed_2_sep/1_feature_selection/seed_2_sep.deseqResults.tsv, output/seed_2_sep/1_feature_selection/seed_2_sep.counts.test.VST.tsv, output/seed_2_sep/1_feature_selection/seed_2_sep.counts.val.VST.tsv, output/seed_2_sep/1_feature_selection/seed_2_sep.counts.train.VST.tsv
    wildcards: sample=seed_2_sep, model=EXTRATREES
    resources: tmpdir=/tmp

[Wed Nov  8 16:05:49 2023]
Finished job 6.
17 of 33 steps (52%) done
Select jobs to execute...

[Wed Nov  8 16:05:49 2023]
rule models:
    input: output/seed_1_sep/1_feature_selection/seed_1_sep.counts.train.VST.tsv, output/seed_1_sep/1_feature_selection/seed_1_sep.counts.test.VST.tsv, output/seed_1_sep/1_feature_selection/seed_1_sep.counts.val.VST.tsv, input/seed_1_sep/seed_1_sep.metadata.train.tsv, input/seed_1_sep/seed_1_sep.metadata.test.tsv, input/seed_1_sep/seed_1_sep.metadata.val.tsv, output/seed_1_sep/1_feature_selection/seed_1_sep.deseqResults.tsv
    output: output/seed_1_sep/KNN/seed_1_sep.KNN.rds, output/seed_1_sep/KNN/seed_1_sep.KNN.train.txt, output/seed_1_sep/KNN/seed_1_sep.KNN.test.txt, output/seed_1_sep/KNN/seed_1_sep.KNN.val.txt
    jobid: 8
    reason: Missing output files: output/seed_1_sep/KNN/seed_1_sep.KNN.test.txt, output/seed_1_sep/KNN/seed_1_sep.KNN.rds, output/seed_1_sep/KNN/seed_1_sep.KNN.val.txt, output/seed_1_sep/KNN/seed_1_sep.KNN.train.txt; Input files updated by another job: output/seed_1_sep/1_feature_selection/seed_1_sep.counts.val.VST.tsv, output/seed_1_sep/1_feature_selection/seed_1_sep.deseqResults.tsv, output/seed_1_sep/1_feature_selection/seed_1_sep.counts.train.VST.tsv, output/seed_1_sep/1_feature_selection/seed_1_sep.counts.test.VST.tsv
    wildcards: sample=seed_1_sep, model=KNN
    resources: tmpdir=/tmp

[Wed Nov  8 16:05:52 2023]
Finished job 20.
18 of 33 steps (55%) done
Select jobs to execute...

[Wed Nov  8 16:05:52 2023]
rule models:
    input: output/seed_1_sep/1_feature_selection/seed_1_sep.counts.train.VST.tsv, output/seed_1_sep/1_feature_selection/seed_1_sep.counts.test.VST.tsv, output/seed_1_sep/1_feature_selection/seed_1_sep.counts.val.VST.tsv, input/seed_1_sep/seed_1_sep.metadata.train.tsv, input/seed_1_sep/seed_1_sep.metadata.test.tsv, input/seed_1_sep/seed_1_sep.metadata.val.tsv, output/seed_1_sep/1_feature_selection/seed_1_sep.deseqResults.tsv
    output: output/seed_1_sep/NB/seed_1_sep.NB.rds, output/seed_1_sep/NB/seed_1_sep.NB.train.txt, output/seed_1_sep/NB/seed_1_sep.NB.test.txt, output/seed_1_sep/NB/seed_1_sep.NB.val.txt
    jobid: 10
    reason: Missing output files: output/seed_1_sep/NB/seed_1_sep.NB.train.txt, output/seed_1_sep/NB/seed_1_sep.NB.val.txt, output/seed_1_sep/NB/seed_1_sep.NB.rds, output/seed_1_sep/NB/seed_1_sep.NB.test.txt; Input files updated by another job: output/seed_1_sep/1_feature_selection/seed_1_sep.counts.val.VST.tsv, output/seed_1_sep/1_feature_selection/seed_1_sep.deseqResults.tsv, output/seed_1_sep/1_feature_selection/seed_1_sep.counts.train.VST.tsv, output/seed_1_sep/1_feature_selection/seed_1_sep.counts.test.VST.tsv
    wildcards: sample=seed_1_sep, model=NB
    resources: tmpdir=/tmp

[Wed Nov  8 16:05:52 2023]
Finished job 32.
19 of 33 steps (58%) done
Select jobs to execute...

[Wed Nov  8 16:05:52 2023]
rule models:
    input: output/seed_1_sep/1_feature_selection/seed_1_sep.counts.train.VST.tsv, output/seed_1_sep/1_feature_selection/seed_1_sep.counts.test.VST.tsv, output/seed_1_sep/1_feature_selection/seed_1_sep.counts.val.VST.tsv, input/seed_1_sep/seed_1_sep.metadata.train.tsv, input/seed_1_sep/seed_1_sep.metadata.test.tsv, input/seed_1_sep/seed_1_sep.metadata.val.tsv, output/seed_1_sep/1_feature_selection/seed_1_sep.deseqResults.tsv
    output: output/seed_1_sep/PAM/seed_1_sep.PAM.rds, output/seed_1_sep/PAM/seed_1_sep.PAM.train.txt, output/seed_1_sep/PAM/seed_1_sep.PAM.test.txt, output/seed_1_sep/PAM/seed_1_sep.PAM.val.txt
    jobid: 12
    reason: Missing output files: output/seed_1_sep/PAM/seed_1_sep.PAM.val.txt, output/seed_1_sep/PAM/seed_1_sep.PAM.train.txt, output/seed_1_sep/PAM/seed_1_sep.PAM.test.txt, output/seed_1_sep/PAM/seed_1_sep.PAM.rds; Input files updated by another job: output/seed_1_sep/1_feature_selection/seed_1_sep.counts.val.VST.tsv, output/seed_1_sep/1_feature_selection/seed_1_sep.deseqResults.tsv, output/seed_1_sep/1_feature_selection/seed_1_sep.counts.train.VST.tsv, output/seed_1_sep/1_feature_selection/seed_1_sep.counts.test.VST.tsv
    wildcards: sample=seed_1_sep, model=PAM
    resources: tmpdir=/tmp

[Wed Nov  8 16:05:56 2023]
Finished job 12.
20 of 33 steps (61%) done
Select jobs to execute...

[Wed Nov  8 16:05:56 2023]
rule models:
    input: output/seed_1_sep/1_feature_selection/seed_1_sep.counts.train.VST.tsv, output/seed_1_sep/1_feature_selection/seed_1_sep.counts.test.VST.tsv, output/seed_1_sep/1_feature_selection/seed_1_sep.counts.val.VST.tsv, input/seed_1_sep/seed_1_sep.metadata.train.tsv, input/seed_1_sep/seed_1_sep.metadata.test.tsv, input/seed_1_sep/seed_1_sep.metadata.val.tsv, output/seed_1_sep/1_feature_selection/seed_1_sep.deseqResults.tsv
    output: output/seed_1_sep/RPART/seed_1_sep.RPART.rds, output/seed_1_sep/RPART/seed_1_sep.RPART.train.txt, output/seed_1_sep/RPART/seed_1_sep.RPART.test.txt, output/seed_1_sep/RPART/seed_1_sep.RPART.val.txt
    jobid: 14
    reason: Missing output files: output/seed_1_sep/RPART/seed_1_sep.RPART.train.txt, output/seed_1_sep/RPART/seed_1_sep.RPART.val.txt, output/seed_1_sep/RPART/seed_1_sep.RPART.test.txt, output/seed_1_sep/RPART/seed_1_sep.RPART.rds; Input files updated by another job: output/seed_1_sep/1_feature_selection/seed_1_sep.counts.val.VST.tsv, output/seed_1_sep/1_feature_selection/seed_1_sep.deseqResults.tsv, output/seed_1_sep/1_feature_selection/seed_1_sep.counts.train.VST.tsv, output/seed_1_sep/1_feature_selection/seed_1_sep.counts.test.VST.tsv
    wildcards: sample=seed_1_sep, model=RPART
    resources: tmpdir=/tmp

[Wed Nov  8 16:05:57 2023]
Finished job 8.
21 of 33 steps (64%) done
Select jobs to execute...

[Wed Nov  8 16:05:57 2023]
rule models:
    input: output/seed_1_sep/1_feature_selection/seed_1_sep.counts.train.VST.tsv, output/seed_1_sep/1_feature_selection/seed_1_sep.counts.test.VST.tsv, output/seed_1_sep/1_feature_selection/seed_1_sep.counts.val.VST.tsv, input/seed_1_sep/seed_1_sep.metadata.train.tsv, input/seed_1_sep/seed_1_sep.metadata.test.tsv, input/seed_1_sep/seed_1_sep.metadata.val.tsv, output/seed_1_sep/1_feature_selection/seed_1_sep.deseqResults.tsv
    output: output/seed_1_sep/SVMRAD/seed_1_sep.SVMRAD.rds, output/seed_1_sep/SVMRAD/seed_1_sep.SVMRAD.train.txt, output/seed_1_sep/SVMRAD/seed_1_sep.SVMRAD.test.txt, output/seed_1_sep/SVMRAD/seed_1_sep.SVMRAD.val.txt
    jobid: 16
    reason: Missing output files: output/seed_1_sep/SVMRAD/seed_1_sep.SVMRAD.val.txt, output/seed_1_sep/SVMRAD/seed_1_sep.SVMRAD.test.txt, output/seed_1_sep/SVMRAD/seed_1_sep.SVMRAD.train.txt, output/seed_1_sep/SVMRAD/seed_1_sep.SVMRAD.rds; Input files updated by another job: output/seed_1_sep/1_feature_selection/seed_1_sep.counts.val.VST.tsv, output/seed_1_sep/1_feature_selection/seed_1_sep.deseqResults.tsv, output/seed_1_sep/1_feature_selection/seed_1_sep.counts.train.VST.tsv, output/seed_1_sep/1_feature_selection/seed_1_sep.counts.test.VST.tsv
    wildcards: sample=seed_1_sep, model=SVMRAD
    resources: tmpdir=/tmp

[Wed Nov  8 16:06:00 2023]
Finished job 14.
22 of 33 steps (67%) done
Select jobs to execute...

[Wed Nov  8 16:06:00 2023]
rule models:
    input: output/seed_1_sep/1_feature_selection/seed_1_sep.counts.train.VST.tsv, output/seed_1_sep/1_feature_selection/seed_1_sep.counts.test.VST.tsv, output/seed_1_sep/1_feature_selection/seed_1_sep.counts.val.VST.tsv, input/seed_1_sep/seed_1_sep.metadata.train.tsv, input/seed_1_sep/seed_1_sep.metadata.test.tsv, input/seed_1_sep/seed_1_sep.metadata.val.tsv, output/seed_1_sep/1_feature_selection/seed_1_sep.deseqResults.tsv
    output: output/seed_1_sep/EXTRATREES/seed_1_sep.EXTRATREES.rds, output/seed_1_sep/EXTRATREES/seed_1_sep.EXTRATREES.train.txt, output/seed_1_sep/EXTRATREES/seed_1_sep.EXTRATREES.test.txt, output/seed_1_sep/EXTRATREES/seed_1_sep.EXTRATREES.val.txt
    jobid: 4
    reason: Missing output files: output/seed_1_sep/EXTRATREES/seed_1_sep.EXTRATREES.test.txt, output/seed_1_sep/EXTRATREES/seed_1_sep.EXTRATREES.train.txt, output/seed_1_sep/EXTRATREES/seed_1_sep.EXTRATREES.val.txt, output/seed_1_sep/EXTRATREES/seed_1_sep.EXTRATREES.rds; Input files updated by another job: output/seed_1_sep/1_feature_selection/seed_1_sep.counts.val.VST.tsv, output/seed_1_sep/1_feature_selection/seed_1_sep.deseqResults.tsv, output/seed_1_sep/1_feature_selection/seed_1_sep.counts.train.VST.tsv, output/seed_1_sep/1_feature_selection/seed_1_sep.counts.test.VST.tsv
    wildcards: sample=seed_1_sep, model=EXTRATREES
    resources: tmpdir=/tmp

[Wed Nov  8 16:06:00 2023]
Finished job 13.
23 of 33 steps (70%) done
[Wed Nov  8 16:06:27 2023]
Finished job 24.
24 of 33 steps (73%) done
[Wed Nov  8 16:06:31 2023]
Finished job 27.
25 of 33 steps (76%) done
[Wed Nov  8 16:06:37 2023]
Finished job 10.
26 of 33 steps (79%) done
[Wed Nov  8 16:06:57 2023]
Finished job 4.
27 of 33 steps (82%) done
[Wed Nov  8 16:07:12 2023]
Finished job 18.
28 of 33 steps (85%) done
[Wed Nov  8 16:07:53 2023]
Finished job 15.
29 of 33 steps (88%) done
[Wed Nov  8 16:08:30 2023]
Finished job 29.
30 of 33 steps (91%) done
[Wed Nov  8 16:13:59 2023]
Finished job 16.
31 of 33 steps (94%) done
[Wed Nov  8 16:15:57 2023]
Finished job 30.
32 of 33 steps (97%) done
Select jobs to execute...

[Wed Nov  8 16:15:57 2023]
localrule all:
    input: output/seed_1_sep/1_feature_selection/seed_1_sep.counts.train.VST.tsv, output/seed_2_sep/1_feature_selection/seed_2_sep.counts.train.VST.tsv, output/seed_1_sep/1_feature_selection/seed_1_sep.counts.test.VST.tsv, output/seed_2_sep/1_feature_selection/seed_2_sep.counts.test.VST.tsv, output/seed_1_sep/1_feature_selection/seed_1_sep.counts.val.VST.tsv, output/seed_2_sep/1_feature_selection/seed_2_sep.counts.val.VST.tsv, output/seed_1_sep/1_feature_selection/seed_1_sep.deseqResults.tsv, output/seed_2_sep/1_feature_selection/seed_2_sep.deseqResults.tsv, output/seed_1_sep/C5/seed_1_sep.C5.rds, output/seed_1_sep/EXTRATREES/seed_1_sep.EXTRATREES.rds, output/seed_1_sep/GLM/seed_1_sep.GLM.rds, output/seed_1_sep/GLMNETLasso/seed_1_sep.GLMNETLasso.rds, output/seed_1_sep/GLMNETRidge/seed_1_sep.GLMNETRidge.rds, output/seed_1_sep/KNN/seed_1_sep.KNN.rds, output/seed_1_sep/LDA/seed_1_sep.LDA.rds, output/seed_1_sep/NB/seed_1_sep.NB.rds, output/seed_1_sep/NNET/seed_1_sep.NNET.rds, output/seed_1_sep/PAM/seed_1_sep.PAM.rds, output/seed_1_sep/RF/seed_1_sep.RF.rds, output/seed_1_sep/RPART/seed_1_sep.RPART.rds, output/seed_1_sep/SVMLIN/seed_1_sep.SVMLIN.rds, output/seed_1_sep/SVMRAD/seed_1_sep.SVMRAD.rds, output/seed_2_sep/C5/seed_2_sep.C5.rds, output/seed_2_sep/EXTRATREES/seed_2_sep.EXTRATREES.rds, output/seed_2_sep/GLM/seed_2_sep.GLM.rds, output/seed_2_sep/GLMNETLasso/seed_2_sep.GLMNETLasso.rds, output/seed_2_sep/GLMNETRidge/seed_2_sep.GLMNETRidge.rds, output/seed_2_sep/KNN/seed_2_sep.KNN.rds, output/seed_2_sep/LDA/seed_2_sep.LDA.rds, output/seed_2_sep/NB/seed_2_sep.NB.rds, output/seed_2_sep/NNET/seed_2_sep.NNET.rds, output/seed_2_sep/PAM/seed_2_sep.PAM.rds, output/seed_2_sep/RF/seed_2_sep.RF.rds, output/seed_2_sep/RPART/seed_2_sep.RPART.rds, output/seed_2_sep/SVMLIN/seed_2_sep.SVMLIN.rds, output/seed_2_sep/SVMRAD/seed_2_sep.SVMRAD.rds, output/seed_1_sep/C5/seed_1_sep.C5.train.txt, output/seed_1_sep/EXTRATREES/seed_1_sep.EXTRATREES.train.txt, output/seed_1_sep/GLM/seed_1_sep.GLM.train.txt, output/seed_1_sep/GLMNETLasso/seed_1_sep.GLMNETLasso.train.txt, output/seed_1_sep/GLMNETRidge/seed_1_sep.GLMNETRidge.train.txt, output/seed_1_sep/KNN/seed_1_sep.KNN.train.txt, output/seed_1_sep/LDA/seed_1_sep.LDA.train.txt, output/seed_1_sep/NB/seed_1_sep.NB.train.txt, output/seed_1_sep/NNET/seed_1_sep.NNET.train.txt, output/seed_1_sep/PAM/seed_1_sep.PAM.train.txt, output/seed_1_sep/RF/seed_1_sep.RF.train.txt, output/seed_1_sep/RPART/seed_1_sep.RPART.train.txt, output/seed_1_sep/SVMLIN/seed_1_sep.SVMLIN.train.txt, output/seed_1_sep/SVMRAD/seed_1_sep.SVMRAD.train.txt, output/seed_2_sep/C5/seed_2_sep.C5.train.txt, output/seed_2_sep/EXTRATREES/seed_2_sep.EXTRATREES.train.txt, output/seed_2_sep/GLM/seed_2_sep.GLM.train.txt, output/seed_2_sep/GLMNETLasso/seed_2_sep.GLMNETLasso.train.txt, output/seed_2_sep/GLMNETRidge/seed_2_sep.GLMNETRidge.train.txt, output/seed_2_sep/KNN/seed_2_sep.KNN.train.txt, output/seed_2_sep/LDA/seed_2_sep.LDA.train.txt, output/seed_2_sep/NB/seed_2_sep.NB.train.txt, output/seed_2_sep/NNET/seed_2_sep.NNET.train.txt, output/seed_2_sep/PAM/seed_2_sep.PAM.train.txt, output/seed_2_sep/RF/seed_2_sep.RF.train.txt, output/seed_2_sep/RPART/seed_2_sep.RPART.train.txt, output/seed_2_sep/SVMLIN/seed_2_sep.SVMLIN.train.txt, output/seed_2_sep/SVMRAD/seed_2_sep.SVMRAD.train.txt, output/seed_1_sep/C5/seed_1_sep.C5.test.txt, output/seed_1_sep/EXTRATREES/seed_1_sep.EXTRATREES.test.txt, output/seed_1_sep/GLM/seed_1_sep.GLM.test.txt, output/seed_1_sep/GLMNETLasso/seed_1_sep.GLMNETLasso.test.txt, output/seed_1_sep/GLMNETRidge/seed_1_sep.GLMNETRidge.test.txt, output/seed_1_sep/KNN/seed_1_sep.KNN.test.txt, output/seed_1_sep/LDA/seed_1_sep.LDA.test.txt, output/seed_1_sep/NB/seed_1_sep.NB.test.txt, output/seed_1_sep/NNET/seed_1_sep.NNET.test.txt, output/seed_1_sep/PAM/seed_1_sep.PAM.test.txt, output/seed_1_sep/RF/seed_1_sep.RF.test.txt, output/seed_1_sep/RPART/seed_1_sep.RPART.test.txt, output/seed_1_sep/SVMLIN/seed_1_sep.SVMLIN.test.txt, output/seed_1_sep/SVMRAD/seed_1_sep.SVMRAD.test.txt, output/seed_2_sep/C5/seed_2_sep.C5.test.txt, output/seed_2_sep/EXTRATREES/seed_2_sep.EXTRATREES.test.txt, output/seed_2_sep/GLM/seed_2_sep.GLM.test.txt, output/seed_2_sep/GLMNETLasso/seed_2_sep.GLMNETLasso.test.txt, output/seed_2_sep/GLMNETRidge/seed_2_sep.GLMNETRidge.test.txt, output/seed_2_sep/KNN/seed_2_sep.KNN.test.txt, output/seed_2_sep/LDA/seed_2_sep.LDA.test.txt, output/seed_2_sep/NB/seed_2_sep.NB.test.txt, output/seed_2_sep/NNET/seed_2_sep.NNET.test.txt, output/seed_2_sep/PAM/seed_2_sep.PAM.test.txt, output/seed_2_sep/RF/seed_2_sep.RF.test.txt, output/seed_2_sep/RPART/seed_2_sep.RPART.test.txt, output/seed_2_sep/SVMLIN/seed_2_sep.SVMLIN.test.txt, output/seed_2_sep/SVMRAD/seed_2_sep.SVMRAD.test.txt, output/seed_1_sep/C5/seed_1_sep.C5.val.txt, output/seed_1_sep/EXTRATREES/seed_1_sep.EXTRATREES.val.txt, output/seed_1_sep/GLM/seed_1_sep.GLM.val.txt, output/seed_1_sep/GLMNETLasso/seed_1_sep.GLMNETLasso.val.txt, output/seed_1_sep/GLMNETRidge/seed_1_sep.GLMNETRidge.val.txt, output/seed_1_sep/KNN/seed_1_sep.KNN.val.txt, output/seed_1_sep/LDA/seed_1_sep.LDA.val.txt, output/seed_1_sep/NB/seed_1_sep.NB.val.txt, output/seed_1_sep/NNET/seed_1_sep.NNET.val.txt, output/seed_1_sep/PAM/seed_1_sep.PAM.val.txt, output/seed_1_sep/RF/seed_1_sep.RF.val.txt, output/seed_1_sep/RPART/seed_1_sep.RPART.val.txt, output/seed_1_sep/SVMLIN/seed_1_sep.SVMLIN.val.txt, output/seed_1_sep/SVMRAD/seed_1_sep.SVMRAD.val.txt, output/seed_2_sep/C5/seed_2_sep.C5.val.txt, output/seed_2_sep/EXTRATREES/seed_2_sep.EXTRATREES.val.txt, output/seed_2_sep/GLM/seed_2_sep.GLM.val.txt, output/seed_2_sep/GLMNETLasso/seed_2_sep.GLMNETLasso.val.txt, output/seed_2_sep/GLMNETRidge/seed_2_sep.GLMNETRidge.val.txt, output/seed_2_sep/KNN/seed_2_sep.KNN.val.txt, output/seed_2_sep/LDA/seed_2_sep.LDA.val.txt, output/seed_2_sep/NB/seed_2_sep.NB.val.txt, output/seed_2_sep/NNET/seed_2_sep.NNET.val.txt, output/seed_2_sep/PAM/seed_2_sep.PAM.val.txt, output/seed_2_sep/RF/seed_2_sep.RF.val.txt, output/seed_2_sep/RPART/seed_2_sep.RPART.val.txt, output/seed_2_sep/SVMLIN/seed_2_sep.SVMLIN.val.txt, output/seed_2_sep/SVMRAD/seed_2_sep.SVMRAD.val.txt, output/seed_1_sep/GFSu/GFSu_seed_1_sep.GFSu.rds, output/seed_2_sep/GFSu/GFSu_seed_2_sep.GFSu.rds, output/seed_1_sep/GFSu/GFSu_seed_1_sep.GFSu.train.txt, output/seed_2_sep/GFSu/GFSu_seed_2_sep.GFSu.train.txt, output/seed_1_sep/GFSu/GFSu_seed_1_sep.GFSu.test.txt, output/seed_2_sep/GFSu/GFSu_seed_2_sep.GFSu.test.txt, output/seed_1_sep/GFSu/GFSu_seed_1_sep.GFSu.val.txt, output/seed_2_sep/GFSu/GFSu_seed_2_sep.GFSu.val.txt
    jobid: 0
    reason: Input files updated by another job: output/seed_2_sep/RF/seed_2_sep.RF.test.txt, output/seed_1_sep/C5/seed_1_sep.C5.rds, output/seed_2_sep/NB/seed_2_sep.NB.train.txt, output/seed_2_sep/RPART/seed_2_sep.RPART.val.txt, output/seed_1_sep/KNN/seed_1_sep.KNN.rds, output/seed_2_sep/GLM/seed_2_sep.GLM.train.txt, output/seed_1_sep/SVMLIN/seed_1_sep.SVMLIN.test.txt, output/seed_2_sep/SVMRAD/seed_2_sep.SVMRAD.rds, output/seed_2_sep/KNN/seed_2_sep.KNN.rds, output/seed_1_sep/NNET/seed_1_sep.NNET.test.txt, output/seed_1_sep/NNET/seed_1_sep.NNET.rds, output/seed_1_sep/C5/seed_1_sep.C5.train.txt, output/seed_2_sep/SVMRAD/seed_2_sep.SVMRAD.val.txt, output/seed_1_sep/LDA/seed_1_sep.LDA.test.txt, output/seed_2_sep/NB/seed_2_sep.NB.rds, output/seed_2_sep/C5/seed_2_sep.C5.train.txt, output/seed_1_sep/GFSu/GFSu_seed_1_sep.GFSu.train.txt, output/seed_1_sep/KNN/seed_1_sep.KNN.train.txt, output/seed_2_sep/NNET/seed_2_sep.NNET.rds, output/seed_1_sep/NNET/seed_1_sep.NNET.train.txt, output/seed_1_sep/GFSu/GFSu_seed_1_sep.GFSu.test.txt, output/seed_2_sep/1_feature_selection/seed_2_sep.counts.val.VST.tsv, output/seed_1_sep/1_feature_selection/seed_1_sep.deseqResults.tsv, output/seed_2_sep/PAM/seed_2_sep.PAM.rds, output/seed_1_sep/GLM/seed_1_sep.GLM.train.txt, output/seed_1_sep/RPART/seed_1_sep.RPART.train.txt, output/seed_2_sep/RF/seed_2_sep.RF.train.txt, output/seed_1_sep/C5/seed_1_sep.C5.test.txt, output/seed_2_sep/GFSu/GFSu_seed_2_sep.GFSu.test.txt, output/seed_2_sep/RPART/seed_2_sep.RPART.rds, output/seed_1_sep/GLMNETLasso/seed_1_sep.GLMNETLasso.test.txt, output/seed_2_sep/GLMNETLasso/seed_2_sep.GLMNETLasso.rds, output/seed_1_sep/RF/seed_1_sep.RF.rds, output/seed_1_sep/SVMRAD/seed_1_sep.SVMRAD.val.txt, output/seed_1_sep/PAM/seed_1_sep.PAM.test.txt, output/seed_1_sep/RF/seed_1_sep.RF.test.txt, output/seed_2_sep/C5/seed_2_sep.C5.rds, output/seed_2_sep/KNN/seed_2_sep.KNN.test.txt, output/seed_2_sep/1_feature_selection/seed_2_sep.counts.train.VST.tsv, output/seed_1_sep/GLMNETRidge/seed_1_sep.GLMNETRidge.train.txt, output/seed_1_sep/RF/seed_1_sep.RF.train.txt, output/seed_2_sep/GLMNETLasso/seed_2_sep.GLMNETLasso.val.txt, output/seed_1_sep/SVMRAD/seed_1_sep.SVMRAD.test.txt, output/seed_2_sep/SVMLIN/seed_2_sep.SVMLIN.rds, output/seed_1_sep/NNET/seed_1_sep.NNET.val.txt, output/seed_2_sep/RF/seed_2_sep.RF.val.txt, output/seed_1_sep/NB/seed_1_sep.NB.val.txt, output/seed_2_sep/NNET/seed_2_sep.NNET.val.txt, output/seed_1_sep/KNN/seed_1_sep.KNN.test.txt, output/seed_1_sep/EXTRATREES/seed_1_sep.EXTRATREES.train.txt, output/seed_1_sep/RPART/seed_1_sep.RPART.val.txt, output/seed_1_sep/KNN/seed_1_sep.KNN.val.txt, output/seed_2_sep/LDA/seed_2_sep.LDA.rds, output/seed_2_sep/RF/seed_2_sep.RF.rds, output/seed_2_sep/KNN/seed_2_sep.KNN.train.txt, output/seed_1_sep/GLMNETLasso/seed_1_sep.GLMNETLasso.rds, output/seed_2_sep/PAM/seed_2_sep.PAM.test.txt, output/seed_1_sep/GLM/seed_1_sep.GLM.test.txt, output/seed_2_sep/EXTRATREES/seed_2_sep.EXTRATREES.test.txt, output/seed_1_sep/NB/seed_1_sep.NB.train.txt, output/seed_2_sep/RPART/seed_2_sep.RPART.test.txt, output/seed_2_sep/GLM/seed_2_sep.GLM.val.txt, output/seed_2_sep/GLMNETRidge/seed_2_sep.GLMNETRidge.val.txt, output/seed_2_sep/GLMNETLasso/seed_2_sep.GLMNETLasso.train.txt, output/seed_1_sep/EXTRATREES/seed_1_sep.EXTRATREES.val.txt, output/seed_2_sep/1_feature_selection/seed_2_sep.counts.test.VST.tsv, output/seed_1_sep/GLM/seed_1_sep.GLM.rds, output/seed_2_sep/SVMRAD/seed_2_sep.SVMRAD.test.txt, output/seed_2_sep/EXTRATREES/seed_2_sep.EXTRATREES.rds, output/seed_2_sep/GFSu/GFSu_seed_2_sep.GFSu.train.txt, output/seed_2_sep/LDA/seed_2_sep.LDA.test.txt, output/seed_1_sep/EXTRATREES/seed_1_sep.EXTRATREES.rds, output/seed_1_sep/GLM/seed_1_sep.GLM.val.txt, output/seed_2_sep/GLMNETLasso/seed_2_sep.GLMNETLasso.test.txt, output/seed_2_sep/GLMNETRidge/seed_2_sep.GLMNETRidge.train.txt, output/seed_1_sep/1_feature_selection/seed_1_sep.counts.val.VST.tsv, output/seed_1_sep/RF/seed_1_sep.RF.val.txt, output/seed_1_sep/LDA/seed_1_sep.LDA.val.txt, output/seed_1_sep/SVMRAD/seed_1_sep.SVMRAD.train.txt, output/seed_1_sep/GLMNETLasso/seed_1_sep.GLMNETLasso.val.txt, output/seed_1_sep/GLMNETRidge/seed_1_sep.GLMNETRidge.rds, output/seed_2_sep/GLM/seed_2_sep.GLM.test.txt, output/seed_2_sep/SVMLIN/seed_2_sep.SVMLIN.train.txt, output/seed_2_sep/GLMNETRidge/seed_2_sep.GLMNETRidge.test.txt, output/seed_2_sep/PAM/seed_2_sep.PAM.val.txt, output/seed_1_sep/NB/seed_1_sep.NB.test.txt, output/seed_2_sep/C5/seed_2_sep.C5.val.txt, output/seed_2_sep/EXTRATREES/seed_2_sep.EXTRATREES.val.txt, output/seed_2_sep/SVMLIN/seed_2_sep.SVMLIN.test.txt, output/seed_1_sep/NB/seed_1_sep.NB.rds, output/seed_1_sep/SVMLIN/seed_1_sep.SVMLIN.train.txt, output/seed_2_sep/SVMRAD/seed_2_sep.SVMRAD.train.txt, output/seed_1_sep/PAM/seed_1_sep.PAM.rds, output/seed_2_sep/NB/seed_2_sep.NB.test.txt, output/seed_1_sep/1_feature_selection/seed_1_sep.counts.test.VST.tsv, output/seed_1_sep/GLMNETRidge/seed_1_sep.GLMNETRidge.test.txt, output/seed_1_sep/C5/seed_1_sep.C5.val.txt, output/seed_1_sep/SVMRAD/seed_1_sep.SVMRAD.rds, output/seed_2_sep/RPART/seed_2_sep.RPART.train.txt, output/seed_1_sep/GFSu/GFSu_seed_1_sep.GFSu.rds, output/seed_1_sep/SVMLIN/seed_1_sep.SVMLIN.val.txt, output/seed_1_sep/PAM/seed_1_sep.PAM.train.txt, output/seed_1_sep/RPART/seed_1_sep.RPART.test.txt, output/seed_1_sep/PAM/seed_1_sep.PAM.val.txt, output/seed_2_sep/SVMLIN/seed_2_sep.SVMLIN.val.txt, output/seed_1_sep/1_feature_selection/seed_1_sep.counts.train.VST.tsv, output/seed_2_sep/GFSu/GFSu_seed_2_sep.GFSu.val.txt, output/seed_2_sep/GLMNETRidge/seed_2_sep.GLMNETRidge.rds, output/seed_2_sep/KNN/seed_2_sep.KNN.val.txt, output/seed_2_sep/LDA/seed_2_sep.LDA.val.txt, output/seed_2_sep/C5/seed_2_sep.C5.test.txt, output/seed_1_sep/GLMNETLasso/seed_1_sep.GLMNETLasso.train.txt, output/seed_2_sep/1_feature_selection/seed_2_sep.deseqResults.tsv, output/seed_1_sep/GLMNETRidge/seed_1_sep.GLMNETRidge.val.txt, output/seed_1_sep/RPART/seed_1_sep.RPART.rds, output/seed_2_sep/NNET/seed_2_sep.NNET.train.txt, output/seed_2_sep/LDA/seed_2_sep.LDA.train.txt, output/seed_2_sep/PAM/seed_2_sep.PAM.train.txt, output/seed_1_sep/LDA/seed_1_sep.LDA.train.txt, output/seed_2_sep/NNET/seed_2_sep.NNET.test.txt, output/seed_2_sep/NB/seed_2_sep.NB.val.txt, output/seed_2_sep/GLM/seed_2_sep.GLM.rds, output/seed_1_sep/LDA/seed_1_sep.LDA.rds, output/seed_1_sep/GFSu/GFSu_seed_1_sep.GFSu.val.txt, output/seed_2_sep/GFSu/GFSu_seed_2_sep.GFSu.rds, output/seed_1_sep/SVMLIN/seed_1_sep.SVMLIN.rds, output/seed_1_sep/EXTRATREES/seed_1_sep.EXTRATREES.test.txt, output/seed_2_sep/EXTRATREES/seed_2_sep.EXTRATREES.train.txt
    resources: tmpdir=/tmp

[Wed Nov  8 16:15:57 2023]
Finished job 0.
33 of 33 steps (100%) done
Complete log: .snakemake/log/2023-11-08T160135.195855.snakemake.log
