Building DAG of jobs...
Using shell: /usr/bin/bash
Provided cores: 5
Rules claiming more threads will be scaled down.
Job stats:
job                                    count    min threads    max threads
-----------------------------------  -------  -------------  -------------
all                                        1              1              1
feature_selection_and_normalization        1              1              1
models                                     1              1              1
total                                      3              1              1

Select jobs to execute...

[Mon Jan  8 10:51:33 2024]
rule feature_selection_and_normalization:
    input: /workdir/cjl332/prevail/PAPER2/0_DATA/counts_train.7030.csv, /workdir/cjl332/prevail/PAPER2/0_DATA/counts_test.7030.csv, /workdir/cjl332/prevail/PAPER2/0_DATA/counts_test.7030.csv, /workdir/cjl332/prevail/PAPER2/0_DATA/counts_train_vst.7030.csv, /workdir/cjl332/prevail/PAPER2/0_DATA/counts_test_vst.7030.csv, /workdir/cjl332/prevail/PAPER2/0_DATA/counts_test_vst.7030.csv, /workdir/cjl332/prevail/PAPER2/0_DATA/meta_data_train.7030.csv, /workdir/cjl332/prevail/PAPER2/0_DATA/meta_data_test.7030.csv, /workdir/cjl332/prevail/PAPER2/0_DATA/meta_data_test.7030.csv
    output: output/viral_infection<>bacterial_infection/1_feature_selection/viral_infection<>bacterial_infection.counts.train.VST.SIG.tsv, output/viral_infection<>bacterial_infection/1_feature_selection/viral_infection<>bacterial_infection.counts.test.VST.SIG.tsv, output/viral_infection<>bacterial_infection/1_feature_selection/viral_infection<>bacterial_infection.counts.val.VST.SIG.tsv, output/viral_infection<>bacterial_infection/1_feature_selection/viral_infection<>bacterial_infection.deseqResults.tsv
    jobid: 1
    reason: Missing output files: output/viral_infection<>bacterial_infection/1_feature_selection/viral_infection<>bacterial_infection.counts.val.VST.SIG.tsv, output/viral_infection<>bacterial_infection/1_feature_selection/viral_infection<>bacterial_infection.counts.train.VST.SIG.tsv, output/viral_infection<>bacterial_infection/1_feature_selection/viral_infection<>bacterial_infection.deseqResults.tsv, output/viral_infection<>bacterial_infection/1_feature_selection/viral_infection<>bacterial_infection.counts.test.VST.SIG.tsv; Params have changed since last execution
    wildcards: condition_pair=viral_infection<>bacterial_infection
    resources: tmpdir=/tmp

[Mon Jan  8 10:51:57 2024]
Finished job 1.
1 of 3 steps (33%) done
Select jobs to execute...

[Mon Jan  8 10:51:57 2024]
rule models:
    input: output/viral_infection<>bacterial_infection/1_feature_selection/viral_infection<>bacterial_infection.counts.train.VST.SIG.tsv, output/viral_infection<>bacterial_infection/1_feature_selection/viral_infection<>bacterial_infection.counts.test.VST.SIG.tsv, output/viral_infection<>bacterial_infection/1_feature_selection/viral_infection<>bacterial_infection.counts.val.VST.SIG.tsv, /workdir/cjl332/prevail/PAPER2/0_DATA/meta_data_train.7030.csv, /workdir/cjl332/prevail/PAPER2/0_DATA/meta_data_test.7030.csv, /workdir/cjl332/prevail/PAPER2/0_DATA/meta_data_test.7030.csv
    output: output/viral_infection<>bacterial_infection/GLMNETLasso/viral_infection<>bacterial_infection.GLMNETLasso.rds, output/viral_infection<>bacterial_infection/GLMNETLasso/viral_infection<>bacterial_infection.GLMNETLasso.train.txt, output/viral_infection<>bacterial_infection/GLMNETLasso/viral_infection<>bacterial_infection.GLMNETLasso.test.txt, output/viral_infection<>bacterial_infection/GLMNETLasso/viral_infection<>bacterial_infection.GLMNETLasso.val.txt
    jobid: 2
    reason: Missing output files: output/viral_infection<>bacterial_infection/GLMNETLasso/viral_infection<>bacterial_infection.GLMNETLasso.test.txt, output/viral_infection<>bacterial_infection/GLMNETLasso/viral_infection<>bacterial_infection.GLMNETLasso.train.txt, output/viral_infection<>bacterial_infection/GLMNETLasso/viral_infection<>bacterial_infection.GLMNETLasso.rds, output/viral_infection<>bacterial_infection/GLMNETLasso/viral_infection<>bacterial_infection.GLMNETLasso.val.txt; Input files updated by another job: output/viral_infection<>bacterial_infection/1_feature_selection/viral_infection<>bacterial_infection.counts.val.VST.SIG.tsv, output/viral_infection<>bacterial_infection/1_feature_selection/viral_infection<>bacterial_infection.counts.train.VST.SIG.tsv, output/viral_infection<>bacterial_infection/1_feature_selection/viral_infection<>bacterial_infection.counts.test.VST.SIG.tsv
    wildcards: condition_pair=viral_infection<>bacterial_infection, model=GLMNETLasso
    resources: tmpdir=/tmp

[Mon Jan  8 10:52:40 2024]
Finished job 2.
2 of 3 steps (67%) done
Select jobs to execute...

[Mon Jan  8 10:52:40 2024]
localrule all:
    input: output/viral_infection<>bacterial_infection/1_feature_selection/viral_infection<>bacterial_infection.counts.train.VST.SIG.tsv, output/viral_infection<>bacterial_infection/1_feature_selection/viral_infection<>bacterial_infection.counts.test.VST.SIG.tsv, output/viral_infection<>bacterial_infection/1_feature_selection/viral_infection<>bacterial_infection.counts.val.VST.SIG.tsv, output/viral_infection<>bacterial_infection/1_feature_selection/viral_infection<>bacterial_infection.deseqResults.tsv, output/viral_infection<>bacterial_infection/GLMNETLasso/viral_infection<>bacterial_infection.GLMNETLasso.rds, output/viral_infection<>bacterial_infection/GLMNETLasso/viral_infection<>bacterial_infection.GLMNETLasso.train.txt, output/viral_infection<>bacterial_infection/GLMNETLasso/viral_infection<>bacterial_infection.GLMNETLasso.test.txt, output/viral_infection<>bacterial_infection/GLMNETLasso/viral_infection<>bacterial_infection.GLMNETLasso.val.txt
    jobid: 0
    reason: Input files updated by another job: output/viral_infection<>bacterial_infection/1_feature_selection/viral_infection<>bacterial_infection.counts.val.VST.SIG.tsv, output/viral_infection<>bacterial_infection/1_feature_selection/viral_infection<>bacterial_infection.deseqResults.tsv, output/viral_infection<>bacterial_infection/GLMNETLasso/viral_infection<>bacterial_infection.GLMNETLasso.val.txt, output/viral_infection<>bacterial_infection/GLMNETLasso/viral_infection<>bacterial_infection.GLMNETLasso.train.txt, output/viral_infection<>bacterial_infection/1_feature_selection/viral_infection<>bacterial_infection.counts.test.VST.SIG.tsv, output/viral_infection<>bacterial_infection/GLMNETLasso/viral_infection<>bacterial_infection.GLMNETLasso.test.txt, output/viral_infection<>bacterial_infection/1_feature_selection/viral_infection<>bacterial_infection.counts.train.VST.SIG.tsv, output/viral_infection<>bacterial_infection/GLMNETLasso/viral_infection<>bacterial_infection.GLMNETLasso.rds
    resources: tmpdir=/tmp

[Mon Jan  8 10:52:40 2024]
Finished job 0.
3 of 3 steps (100%) done
Complete log: .snakemake/log/2024-01-08T105133.060157.snakemake.log
