Building DAG of jobs...
Using shell: /usr/bin/bash
Provided cores: 15
Rules claiming more threads will be scaled down.
Job stats:
job                                    count    min threads    max threads
-----------------------------------  -------  -------------  -------------
all                                        1              1              1
feature_selection_and_normalization        1              1              1
models                                     1              1              1
total                                      3              1              1

Select jobs to execute...

[Thu Jan 11 00:03:03 2024]
rule feature_selection_and_normalization:
    input: /workdir/cjl332/prevail/PAPER2/0_DATA/counts_train.7030.csv, /workdir/cjl332/prevail/PAPER2/0_DATA/counts_test.7030.csv, /workdir/cjl332/prevail/PAPER2/0_DATA/counts_test.7030.csv, /workdir/cjl332/prevail/PAPER2/0_DATA/counts_train_vst.7030.csv, /workdir/cjl332/prevail/PAPER2/0_DATA/counts_test_vst.7030.csv, /workdir/cjl332/prevail/PAPER2/0_DATA/counts_test_vst.7030.csv, /workdir/cjl332/prevail/PAPER2/0_DATA/meta_data_train.7030.csv, /workdir/cjl332/prevail/PAPER2/0_DATA/meta_data_test.7030.csv, /workdir/cjl332/prevail/PAPER2/0_DATA/meta_data_test.7030.csv
    output: output/viral_infection<>COVID19/1_feature_selection/viral_infection<>COVID19.counts.train.VST.SIG.tsv, output/viral_infection<>COVID19/1_feature_selection/viral_infection<>COVID19.counts.test.VST.SIG.tsv, output/viral_infection<>COVID19/1_feature_selection/viral_infection<>COVID19.counts.val.VST.SIG.tsv, output/viral_infection<>COVID19/1_feature_selection/viral_infection<>COVID19.deseqResults.tsv
    jobid: 1
    reason: Missing output files: output/viral_infection<>COVID19/1_feature_selection/viral_infection<>COVID19.counts.val.VST.SIG.tsv, output/viral_infection<>COVID19/1_feature_selection/viral_infection<>COVID19.counts.test.VST.SIG.tsv, output/viral_infection<>COVID19/1_feature_selection/viral_infection<>COVID19.counts.train.VST.SIG.tsv, output/viral_infection<>COVID19/1_feature_selection/viral_infection<>COVID19.deseqResults.tsv
    wildcards: condition_pair=viral_infection<>COVID19
    resources: tmpdir=/tmp

[Thu Jan 11 00:03:55 2024]
Error in rule feature_selection_and_normalization:
    jobid: 1
    input: /workdir/cjl332/prevail/PAPER2/0_DATA/counts_train.7030.csv, /workdir/cjl332/prevail/PAPER2/0_DATA/counts_test.7030.csv, /workdir/cjl332/prevail/PAPER2/0_DATA/counts_test.7030.csv, /workdir/cjl332/prevail/PAPER2/0_DATA/counts_train_vst.7030.csv, /workdir/cjl332/prevail/PAPER2/0_DATA/counts_test_vst.7030.csv, /workdir/cjl332/prevail/PAPER2/0_DATA/counts_test_vst.7030.csv, /workdir/cjl332/prevail/PAPER2/0_DATA/meta_data_train.7030.csv, /workdir/cjl332/prevail/PAPER2/0_DATA/meta_data_test.7030.csv, /workdir/cjl332/prevail/PAPER2/0_DATA/meta_data_test.7030.csv
    output: output/viral_infection<>COVID19/1_feature_selection/viral_infection<>COVID19.counts.train.VST.SIG.tsv, output/viral_infection<>COVID19/1_feature_selection/viral_infection<>COVID19.counts.test.VST.SIG.tsv, output/viral_infection<>COVID19/1_feature_selection/viral_infection<>COVID19.counts.val.VST.SIG.tsv, output/viral_infection<>COVID19/1_feature_selection/viral_infection<>COVID19.deseqResults.tsv

RuleException:
CalledProcessError in line 25 of /local/workdir/cjl332/prevail/PAPER2/4_Characterize/covid-vs-viral/workflow/rules/main.smk:
Command 'set -euo pipefail;  Rscript --vanilla /local/workdir/cjl332/prevail/PAPER2/4_Characterize/covid-vs-viral/.snakemake/scripts/tmprs2nq876.1_feature-selection.R' returned non-zero exit status 1.
  File "/local/workdir/cjl332/prevail/PAPER2/4_Characterize/covid-vs-viral/workflow/rules/main.smk", line 25, in __rule_feature_selection_and_normalization
  File "/usr/lib64/python3.9/concurrent/futures/thread.py", line 58, in run
Exiting because a job execution failed. Look above for error message
Complete log: .snakemake/log/2024-01-11T000303.369771.snakemake.log
