Building DAG of jobs...
Using shell: /usr/bin/bash
Provided cores: 15
Rules claiming more threads will be scaled down.
Job stats:
job                                    count    min threads    max threads
-----------------------------------  -------  -------------  -------------
all                                        1              1              1
feature_selection_and_normalization        1              1              1
models                                     1              1              1
total                                      3              1              1

Select jobs to execute...

[Mon Jan  8 15:50:09 2024]
rule feature_selection_and_normalization:
    input: /workdir/cjl332/prevail/PAPER2/0_DATA/counts_train.7030.csv, /workdir/cjl332/prevail/PAPER2/0_DATA/counts_test.7030.csv, /workdir/cjl332/prevail/PAPER2/0_DATA/counts_test.7030.csv, /workdir/cjl332/prevail/PAPER2/0_DATA/counts_train_vst.7030.csv, /workdir/cjl332/prevail/PAPER2/0_DATA/counts_test_vst.7030.csv, /workdir/cjl332/prevail/PAPER2/0_DATA/counts_test_vst.7030.csv, /workdir/cjl332/prevail/PAPER2/0_DATA/meta_data_train.7030.csv, /workdir/cjl332/prevail/PAPER2/0_DATA/meta_data_test.7030.csv, /workdir/cjl332/prevail/PAPER2/0_DATA/meta_data_test.7030.csv
    output: output/viral_infection<>COVID19/1_feature_selection/viral_infection<>COVID19.counts.train.VST.SIG.tsv, output/viral_infection<>COVID19/1_feature_selection/viral_infection<>COVID19.counts.test.VST.SIG.tsv, output/viral_infection<>COVID19/1_feature_selection/viral_infection<>COVID19.counts.val.VST.SIG.tsv, output/viral_infection<>COVID19/1_feature_selection/viral_infection<>COVID19.deseqResults.tsv
    jobid: 1
    reason: Params have changed since last execution
    wildcards: condition_pair=viral_infection<>COVID19
    resources: tmpdir=/tmp

[Mon Jan  8 15:51:13 2024]
Finished job 1.
1 of 3 steps (33%) done
Select jobs to execute...

[Mon Jan  8 15:51:13 2024]
rule models:
    input: output/viral_infection<>COVID19/1_feature_selection/viral_infection<>COVID19.counts.train.VST.SIG.tsv, output/viral_infection<>COVID19/1_feature_selection/viral_infection<>COVID19.counts.test.VST.SIG.tsv, output/viral_infection<>COVID19/1_feature_selection/viral_infection<>COVID19.counts.val.VST.SIG.tsv, /workdir/cjl332/prevail/PAPER2/0_DATA/meta_data_train.7030.csv, /workdir/cjl332/prevail/PAPER2/0_DATA/meta_data_test.7030.csv, /workdir/cjl332/prevail/PAPER2/0_DATA/meta_data_test.7030.csv
    output: output/viral_infection<>COVID19/GLMNETLasso/viral_infection<>COVID19.GLMNETLasso.rds, output/viral_infection<>COVID19/GLMNETLasso/viral_infection<>COVID19.GLMNETLasso.train.txt, output/viral_infection<>COVID19/GLMNETLasso/viral_infection<>COVID19.GLMNETLasso.test.txt, output/viral_infection<>COVID19/GLMNETLasso/viral_infection<>COVID19.GLMNETLasso.val.txt
    jobid: 2
    reason: Input files updated by another job: output/viral_infection<>COVID19/1_feature_selection/viral_infection<>COVID19.counts.train.VST.SIG.tsv, output/viral_infection<>COVID19/1_feature_selection/viral_infection<>COVID19.counts.test.VST.SIG.tsv, output/viral_infection<>COVID19/1_feature_selection/viral_infection<>COVID19.counts.val.VST.SIG.tsv
    wildcards: condition_pair=viral_infection<>COVID19, model=GLMNETLasso
    resources: tmpdir=/tmp

[Mon Jan  8 15:51:57 2024]
Finished job 2.
2 of 3 steps (67%) done
Select jobs to execute...

[Mon Jan  8 15:51:57 2024]
localrule all:
    input: output/viral_infection<>COVID19/1_feature_selection/viral_infection<>COVID19.counts.train.VST.SIG.tsv, output/viral_infection<>COVID19/1_feature_selection/viral_infection<>COVID19.counts.test.VST.SIG.tsv, output/viral_infection<>COVID19/1_feature_selection/viral_infection<>COVID19.counts.val.VST.SIG.tsv, output/viral_infection<>COVID19/1_feature_selection/viral_infection<>COVID19.deseqResults.tsv, output/viral_infection<>COVID19/GLMNETLasso/viral_infection<>COVID19.GLMNETLasso.rds, output/viral_infection<>COVID19/GLMNETLasso/viral_infection<>COVID19.GLMNETLasso.train.txt, output/viral_infection<>COVID19/GLMNETLasso/viral_infection<>COVID19.GLMNETLasso.test.txt, output/viral_infection<>COVID19/GLMNETLasso/viral_infection<>COVID19.GLMNETLasso.val.txt
    jobid: 0
    reason: Input files updated by another job: output/viral_infection<>COVID19/GLMNETLasso/viral_infection<>COVID19.GLMNETLasso.val.txt, output/viral_infection<>COVID19/1_feature_selection/viral_infection<>COVID19.deseqResults.tsv, output/viral_infection<>COVID19/1_feature_selection/viral_infection<>COVID19.counts.val.VST.SIG.tsv, output/viral_infection<>COVID19/GLMNETLasso/viral_infection<>COVID19.GLMNETLasso.train.txt, output/viral_infection<>COVID19/1_feature_selection/viral_infection<>COVID19.counts.train.VST.SIG.tsv, output/viral_infection<>COVID19/1_feature_selection/viral_infection<>COVID19.counts.test.VST.SIG.tsv, output/viral_infection<>COVID19/GLMNETLasso/viral_infection<>COVID19.GLMNETLasso.test.txt, output/viral_infection<>COVID19/GLMNETLasso/viral_infection<>COVID19.GLMNETLasso.rds
    resources: tmpdir=/tmp

[Mon Jan  8 15:51:57 2024]
Finished job 0.
3 of 3 steps (100%) done
Complete log: .snakemake/log/2024-01-08T155009.491346.snakemake.log
